-- Found ament_cmake: 1.3.10 (/home/anlh/ros2_humble/install/ament_cmake/share/ament_cmake/cmake)
-- Found builtin_interfaces: 1.2.1 (/home/anlh/ros2_humble/install/builtin_interfaces/share/builtin_interfaces/cmake)
-- Found rosidl_generator_c: 3.1.5 (/home/anlh/ros2_humble/install/rosidl_generator_c/share/rosidl_generator_c/cmake)
-- Found rosidl_adapter: 3.1.5 (/home/anlh/ros2_humble/install/rosidl_adapter/share/rosidl_adapter/cmake)
-- Found rosidl_generator_cpp: 3.1.5 (/home/anlh/ros2_humble/install/rosidl_generator_cpp/share/rosidl_generator_cpp/cmake)
-- Using all available rosidl_typesupport_c: rosidl_typesupport_fastrtps_c;rosidl_typesupport_introspection_c
-- Using all available rosidl_typesupport_cpp: rosidl_typesupport_fastrtps_cpp;rosidl_typesupport_introspection_cpp
-- Found gazebo_ros: 3.7.0 (/opt/ros/humble/share/gazebo_ros/cmake)
-- Found rmw_implementation_cmake: 6.1.2 (/home/anlh/ros2_humble/install/rmw_implementation_cmake/share/rmw_implementation_cmake/cmake)
-- Found rmw_fastrtps_cpp: 6.2.7 (/home/anlh/ros2_humble/install/rmw_fastrtps_cpp/share/rmw_fastrtps_cpp/cmake)
-- Using RMW implementation 'rmw_fastrtps_cpp' as default
-- Found DART: /usr/include (Required is at least version "6.6") found components: dart
-- Found Protobuf: /usr/lib/x86_64-linux-gnu/libprotobuf.so (found version "3.12.4")
-- Looking for ignition-math6 -- found version 6.15.1
-- Searching for dependencies of ignition-math6
-- Looking for OGRE...
-- Found Ogre Ghadamon (1.9.0)
-- Found OGRE: optimized;/usr/lib/x86_64-linux-gnu/libOgreMain.so;debug;/usr/lib/x86_64-linux-gnu/libOgreMain.so
-- Looking for OGRE_Paging...
-- Found OGRE_Paging: optimized;/usr/lib/x86_64-linux-gnu/libOgrePaging.so;debug;/usr/lib/x86_64-linux-gnu/libOgrePaging.so
-- Looking for OGRE_Terrain...
-- Found OGRE_Terrain: optimized;/usr/lib/x86_64-linux-gnu/libOgreTerrain.so;debug;/usr/lib/x86_64-linux-gnu/libOgreTerrain.so
-- Looking for OGRE_Property...
-- Found OGRE_Property: optimized;/usr/lib/x86_64-linux-gnu/libOgreProperty.so;debug;/usr/lib/x86_64-linux-gnu/libOgreProperty.so
-- Looking for OGRE_RTShaderSystem...
-- Found OGRE_RTShaderSystem: optimized;/usr/lib/x86_64-linux-gnu/libOgreRTShaderSystem.so;debug;/usr/lib/x86_64-linux-gnu/libOgreRTShaderSystem.so
-- Looking for OGRE_Volume...
-- Found OGRE_Volume: optimized;/usr/lib/x86_64-linux-gnu/libOgreVolume.so;debug;/usr/lib/x86_64-linux-gnu/libOgreVolume.so
-- Looking for OGRE_Overlay...
-- Found OGRE_Overlay: optimized;/usr/lib/x86_64-linux-gnu/libOgreOverlay.so;debug;/usr/lib/x86_64-linux-gnu/libOgreOverlay.so
-- Looking for ignition-math6 -- found version 6.15.1
-- Looking for ignition-transport8 -- found version 8.2.1
-- Searching for dependencies of ignition-transport8
-- Found Protobuf: /usr/lib/x86_64-linux-gnu/libprotobuf.so (found suitable version "3.12.4", minimum required is "3")
-- Config-file not installed for ZeroMQ -- checking for pkg-config
-- Checking for module 'libzmq >= 4'
--   Found libzmq, version 4.3.4
-- Checking for module 'uuid'
--   Found uuid, version 2.37.2
-- Looking for ignition-msgs5 -- found version 5.8.1
-- Searching for dependencies of ignition-msgs5
-- Looking for ignition-math6 -- found version 6.15.1
-- Checking for module 'tinyxml2'
--   Found tinyxml2, version 9.0.0
-- Looking for ignition-msgs5 -- found version 5.8.1
-- Looking for ignition-common3 -- found version 3.14.0
-- Searching for dependencies of ignition-common3
-- Looking for dlfcn.h - found
-- Looking for libdl - found
-- Searching for <ignition-common3> component [graphics]
-- Looking for ignition-common3-graphics -- found version 3.14.0
-- Searching for dependencies of ignition-common3-graphics
-- Looking for ignition-math6 -- found version 6.15.1
-- Looking for ignition-fuel_tools4 -- found version 4.4.0
-- Searching for dependencies of ignition-fuel_tools4
-- Checking for module 'jsoncpp'
--   Found jsoncpp, version 1.9.5
-- Checking for module 'libzip'
--   Found libzip, version 1.7.3
-- Looking for ignition-common3 -- found version 3.14.0
-- Looking for ignition-math6 -- found version 6.15.1
-- Looking for ignition-msgs5 -- found version 5.8.1
-- Gazebo version: 11.10
-- Found gazebo_msgs: 3.7.0 (/opt/ros/humble/share/gazebo_msgs/cmake)
-- Found pedsim_msgs: 0.0.1 (/home/anlh/pedsim_ros2/install/pedsim_msgs/share/pedsim_msgs/cmake)
-- Found tf2: 0.25.7 (/home/anlh/ros2_humble/install/tf2/share/tf2/cmake)
-- Found tf2_geometry_msgs: 0.25.7 (/home/anlh/ros2_humble/install/tf2_geometry_msgs/share/tf2_geometry_msgs/cmake)
-- Found eigen3_cmake_module: 0.1.1 (/home/anlh/ros2_humble/install/eigen3_cmake_module/share/eigen3_cmake_module/cmake)
-- Ensuring Eigen3 include directory is part of orocos-kdl CMake target
-- Found ament_lint_auto: 0.12.11 (/home/anlh/ros2_humble/install/ament_lint_auto/share/ament_lint_auto/cmake)
-- Configuring done (3.0s)
-- Generating done (0.1s)
-- Build files have been written to: /home/anlh/pedsim_ros2/build/pedsim_gazebo_plugin
[ 25%] [32mBuilding CXX object CMakeFiles/spawn_pedsim_agents.dir/src/spawn_pedsim_agents.cpp.o[0m
[ 50%] [32mBuilding CXX object CMakeFiles/gazebo_ros_actor_poses.dir/src/actor_poses_plugin.cpp.o[0m
[ 75%] [32m[1mLinking CXX executable spawn_pedsim_agents[0m
[ 75%] Built target spawn_pedsim_agents
[100%] [32m[1mLinking CXX shared library libgazebo_ros_actor_poses.so[0m
[100%] Built target gazebo_ros_actor_poses
-- Install configuration: ""
-- Installing: /home/anlh/pedsim_ros2/install/pedsim_gazebo_plugin/lib/pedsim_gazebo_plugin/spawn_pedsim_agents
-- Set non-toolchain portion of runtime path of "/home/anlh/pedsim_ros2/install/pedsim_gazebo_plugin/lib/pedsim_gazebo_plugin/spawn_pedsim_agents" to ""
-- Installing: /home/anlh/pedsim_ros2/install/pedsim_gazebo_plugin/share/pedsim_gazebo_plugin/environment/library_path.sh
-- Installing: /home/anlh/pedsim_ros2/install/pedsim_gazebo_plugin/share/pedsim_gazebo_plugin/environment/library_path.dsv
-- Up-to-date: /home/anlh/pedsim_ros2/install/pedsim_gazebo_plugin/lib/pedsim_gazebo_plugin/pedsim_to_gazebo_world.py
-- Up-to-date: /home/anlh/pedsim_ros2/install/pedsim_gazebo_plugin/lib/pedsim_gazebo_plugin/spawn_pedsim_agents.py
-- Up-to-date: /home/anlh/pedsim_ros2/install/pedsim_gazebo_plugin/lib/pedsim_gazebo_plugin/spawn_single_agent.py
-- Installing: /home/anlh/pedsim_ros2/install/pedsim_gazebo_plugin/lib/pedsim_gazebo_plugin/libgazebo_ros_actor_poses.so
-- Set non-toolchain portion of runtime path of "/home/anlh/pedsim_ros2/install/pedsim_gazebo_plugin/lib/pedsim_gazebo_plugin/libgazebo_ros_actor_poses.so" to ""
-- Up-to-date: /home/anlh/pedsim_ros2/install/pedsim_gazebo_plugin/share/pedsim_gazebo_plugin/launch
-- Up-to-date: /home/anlh/pedsim_ros2/install/pedsim_gazebo_plugin/share/pedsim_gazebo_plugin/launch/gazebo_tb3_house_demo_launch.py
-- Up-to-date: /home/anlh/pedsim_ros2/install/pedsim_gazebo_plugin/share/pedsim_gazebo_plugin/worlds
-- Up-to-date: /home/anlh/pedsim_ros2/install/pedsim_gazebo_plugin/share/pedsim_gazebo_plugin/worlds/office-cubicles.world
-- Up-to-date: /home/anlh/pedsim_ros2/install/pedsim_gazebo_plugin/share/pedsim_gazebo_plugin/worlds/house.world
-- Up-to-date: /home/anlh/pedsim_ros2/install/pedsim_gazebo_plugin/share/pedsim_gazebo_plugin/worlds/tb3_house_demo_crowd.world
-- Up-to-date: /home/anlh/pedsim_ros2/install/pedsim_gazebo_plugin/share/pedsim_gazebo_plugin/worlds/scene3.world
-- Up-to-date: /home/anlh/pedsim_ros2/install/pedsim_gazebo_plugin/share/pedsim_gazebo_plugin/worlds/scene4.world
-- Up-to-date: /home/anlh/pedsim_ros2/install/pedsim_gazebo_plugin/share/pedsim_gazebo_plugin/worlds/small_airport.world
-- Up-to-date: /home/anlh/pedsim_ros2/install/pedsim_gazebo_plugin/share/pedsim_gazebo_plugin/worlds/warehouse.world
-- Up-to-date: /home/anlh/pedsim_ros2/install/pedsim_gazebo_plugin/share/pedsim_gazebo_plugin/worlds/scene2.world
-- Up-to-date: /home/anlh/pedsim_ros2/install/pedsim_gazebo_plugin/share/pedsim_gazebo_plugin/worlds/scene1.world
-- Up-to-date: /home/anlh/pedsim_ros2/install/pedsim_gazebo_plugin/share/pedsim_gazebo_plugin/models
-- Up-to-date: /home/anlh/pedsim_ros2/install/pedsim_gazebo_plugin/share/pedsim_gazebo_plugin/models/tb3_house
-- Up-to-date: /home/anlh/pedsim_ros2/install/pedsim_gazebo_plugin/share/pedsim_gazebo_plugin/models/tb3_house/model.sdf
-- Up-to-date: /home/anlh/pedsim_ros2/install/pedsim_gazebo_plugin/share/pedsim_gazebo_plugin/models/tb3_house/model.config
-- Up-to-date: /home/anlh/pedsim_ros2/install/pedsim_gazebo_plugin/share/pedsim_gazebo_plugin/models/person_standing
-- Up-to-date: /home/anlh/pedsim_ros2/install/pedsim_gazebo_plugin/share/pedsim_gazebo_plugin/models/person_standing/materials
-- Up-to-date: /home/anlh/pedsim_ros2/install/pedsim_gazebo_plugin/share/pedsim_gazebo_plugin/models/person_standing/materials/textures
-- Up-to-date: /home/anlh/pedsim_ros2/install/pedsim_gazebo_plugin/share/pedsim_gazebo_plugin/models/person_standing/materials/textures/jeans01_normals.png
-- Up-to-date: /home/anlh/pedsim_ros2/install/pedsim_gazebo_plugin/share/pedsim_gazebo_plugin/models/person_standing/materials/textures/jeans_basic_diffuse.png
-- Up-to-date: /home/anlh/pedsim_ros2/install/pedsim_gazebo_plugin/share/pedsim_gazebo_plugin/models/person_standing/materials/textures/young_lightskinned_male_diffuse.png
-- Up-to-date: /home/anlh/pedsim_ros2/install/pedsim_gazebo_plugin/share/pedsim_gazebo_plugin/models/person_standing/materials/textures/green_eye.png
-- Up-to-date: /home/anlh/pedsim_ros2/install/pedsim_gazebo_plugin/share/pedsim_gazebo_plugin/models/person_standing/materials/textures/male02_diffuse_black-unmodified.png
-- Up-to-date: /home/anlh/pedsim_ros2/install/pedsim_gazebo_plugin/share/pedsim_gazebo_plugin/models/person_standing/materials/textures/tshirt02_normals.png
-- Up-to-date: /home/anlh/pedsim_ros2/install/pedsim_gazebo_plugin/share/pedsim_gazebo_plugin/models/person_standing/materials/textures/eyebrow001-unmodified.png
-- Up-to-date: /home/anlh/pedsim_ros2/install/pedsim_gazebo_plugin/share/pedsim_gazebo_plugin/models/person_standing/materials/textures/teeth.png
-- Up-to-date: /home/anlh/pedsim_ros2/install/pedsim_gazebo_plugin/share/pedsim_gazebo_plugin/models/person_standing/materials/textures/tshirt02_texture.png
-- Up-to-date: /home/anlh/pedsim_ros2/install/pedsim_gazebo_plugin/share/pedsim_gazebo_plugin/models/person_standing/materials/textures/eyebrow001.png
-- Up-to-date: /home/anlh/pedsim_ros2/install/pedsim_gazebo_plugin/share/pedsim_gazebo_plugin/models/person_standing/materials/textures/male02_diffuse_black.png
-- Up-to-date: /home/anlh/pedsim_ros2/install/pedsim_gazebo_plugin/share/pedsim_gazebo_plugin/models/person_standing/meshes
-- Up-to-date: /home/anlh/pedsim_ros2/install/pedsim_gazebo_plugin/share/pedsim_gazebo_plugin/models/person_standing/meshes/standing.dae
-- Up-to-date: /home/anlh/pedsim_ros2/install/pedsim_gazebo_plugin/share/pedsim_gazebo_plugin/models/person_standing/model.sdf
-- Up-to-date: /home/anlh/pedsim_ros2/install/pedsim_gazebo_plugin/share/pedsim_gazebo_plugin/models/person_standing/model.config
-- Up-to-date: /home/anlh/pedsim_ros2/install/pedsim_gazebo_plugin/share/pedsim_gazebo_plugin/models/actor_model.config
-- Up-to-date: /home/anlh/pedsim_ros2/install/pedsim_gazebo_plugin/share/pedsim_gazebo_plugin/models/actor_model.sdf
-- Up-to-date: /home/anlh/pedsim_ros2/install/pedsim_gazebo_plugin/share/ament_index/resource_index/package_run_dependencies/pedsim_gazebo_plugin
-- Installing: /home/anlh/pedsim_ros2/install/pedsim_gazebo_plugin/share/ament_index/resource_index/parent_prefix_path/pedsim_gazebo_plugin
-- Installing: /home/anlh/pedsim_ros2/install/pedsim_gazebo_plugin/share/pedsim_gazebo_plugin/environment/ament_prefix_path.dsv
-- Installing: /home/anlh/pedsim_ros2/install/pedsim_gazebo_plugin/share/pedsim_gazebo_plugin/environment/path.dsv
-- Up-to-date: /home/anlh/pedsim_ros2/install/pedsim_gazebo_plugin/share/pedsim_gazebo_plugin/local_setup.bash
-- Up-to-date: /home/anlh/pedsim_ros2/install/pedsim_gazebo_plugin/share/pedsim_gazebo_plugin/local_setup.sh
-- Up-to-date: /home/anlh/pedsim_ros2/install/pedsim_gazebo_plugin/share/pedsim_gazebo_plugin/local_setup.zsh
-- Installing: /home/anlh/pedsim_ros2/install/pedsim_gazebo_plugin/share/pedsim_gazebo_plugin/local_setup.dsv
-- Installing: /home/anlh/pedsim_ros2/install/pedsim_gazebo_plugin/share/pedsim_gazebo_plugin/package.dsv
-- Up-to-date: /home/anlh/pedsim_ros2/install/pedsim_gazebo_plugin/share/ament_index/resource_index/packages/pedsim_gazebo_plugin
-- Up-to-date: /home/anlh/pedsim_ros2/install/pedsim_gazebo_plugin/share/pedsim_gazebo_plugin/cmake/ament_cmake_export_libraries-extras.cmake
-- Up-to-date: /home/anlh/pedsim_ros2/install/pedsim_gazebo_plugin/share/pedsim_gazebo_plugin/cmake/ament_cmake_export_dependencies-extras.cmake
-- Up-to-date: /home/anlh/pedsim_ros2/install/pedsim_gazebo_plugin/share/pedsim_gazebo_plugin/cmake/pedsim_gazebo_pluginConfig.cmake
-- Up-to-date: /home/anlh/pedsim_ros2/install/pedsim_gazebo_plugin/share/pedsim_gazebo_plugin/cmake/pedsim_gazebo_pluginConfig-version.cmake
-- Up-to-date: /home/anlh/pedsim_ros2/install/pedsim_gazebo_plugin/share/pedsim_gazebo_plugin/package.xml
