[0.046s] Invoking command in '/home/anlh/pedsim_ros2/build/pedsim_msgs': CMAKE_PREFIX_PATH=${CMAKE_PREFIX_PATH}:/home/anlh/turtlebot3_ws/install/turtlebot3_teleop:/home/anlh/turtlebot3_ws/install/turtlebot3_example:/opt/ros/humble:/home/anlh/ros2_humble/install/rqt_bag_plugins:/home/anlh/ros2_humble/install/rqt_bag:/home/anlh/ros2_humble/install/ros2bag:/home/anlh/ros2_humble/install/tracetools_test:/home/anlh/ros2_humble/install/tracetools_launch:/home/anlh/ros2_humble/install/topic_monitor:/home/anlh/ros2_humble/install/tf2_tools:/home/anlh/ros2_humble/install/examples_tf2_py:/home/anlh/ros2_humble/install/tf2_ros_py:/home/anlh/ros2_humble/install/sros2:/home/anlh/ros2_humble/install/rqt_topic:/home/anlh/ros2_humble/install/rqt_srv:/home/anlh/ros2_humble/install/rqt_shell:/home/anlh/ros2_humble/install/rqt_service_caller:/home/anlh/ros2_humble/install/rqt_reconfigure:/home/anlh/ros2_humble/install/rqt_py_console:/home/anlh/ros2_humble/install/rqt_publisher:/home/anlh/ros2_humble/install/rqt_plot:/home/anlh/ros2_humble/install/rqt_action:/home/anlh/ros2_humble/install/rqt_msg:/home/anlh/ros2_humble/install/rqt_console:/home/anlh/ros2_humble/install/rqt:/home/anlh/ros2_humble/install/rqt_graph:/home/anlh/ros2_humble/install/rqt_gui_py:/home/anlh/ros2_humble/install/rqt_gui:/home/anlh/ros2_humble/install/ros2trace:/home/anlh/ros2_humble/install/ros2topic:/home/anlh/ros2_humble/install/ros2test:/home/anlh/ros2_humble/install/ros2component:/home/anlh/ros2_humble/install/ros2param:/home/anlh/ros2_humble/install/ros2lifecycle:/home/anlh/ros2_humble/install/ros2service:/home/anlh/ros2_humble/install/ros2run:/home/anlh/ros2_humble/install/ros2launch:/home/anlh/ros2_humble/install/ros2pkg:/home/anlh/ros2_humble/install/ros2node:/home/anlh/ros2_humble/install/ros2multicast:/home/anlh/ros2_humble/install/ros2interface:/home/anlh/ros2_humble/install/ros2doctor:/home/anlh/ros2_humble/install/ros2action:/home/anlh/ros2_humble/install/ros2cli:/home/anlh/ros2_humble/install/quality_of_service_demo_py:/home/anlh/ros2_humble/install/lifecycle_py:/home/anlh/ros2_humble/install/launch_testing_ros:/home/anlh/ros2_humble/install/launch_ros:/home/anlh/ros2_humble/install/examples_rclpy_pointcloud_publisher:/home/anlh/ros2_humble/install/examples_rclpy_minimal_subscriber:/home/anlh/ros2_humble/install/examples_rclpy_minimal_service:/home/anlh/ros2_humble/install/examples_rclpy_minimal_publisher:/home/anlh/ros2_humble/install/examples_rclpy_minimal_client:/home/anlh/ros2_humble/install/examples_rclpy_minimal_action_server:/home/anlh/ros2_humble/install/examples_rclpy_minimal_action_client:/home/anlh/ros2_humble/install/examples_rclpy_guard_conditions:/home/anlh/ros2_humble/install/examples_rclpy_executors:/home/anlh/ros2_humble/install/demo_nodes_py:/home/anlh/ros2_humble/install/action_tutorials_py:/home/anlh/ros2_humble/install/ament_uncrustify:/home/anlh/ros2_humble/install/tracetools_trace:/home/anlh/ros2_humble/install/tracetools_read:/home/anlh/ros2_humble/install/test_tracetools_launch:/home/anlh/ros2_humble/install/test_launch_ros:/home/anlh/ros2_humble/install/sensor_msgs_py:/home/anlh/ros2_humble/install/rpyutils:/home/anlh/ros2_humble/install/rosidl_runtime_py:/home/anlh/ros2_humble/install/rosidl_cli:/home/anlh/ros2_humble/install/launch_pytest:/home/anlh/ros2_humble/install/launch_testing:/home/anlh/ros2_humble/install/launch_yaml:/home/anlh/ros2_humble/install/launch_xml:/home/anlh/ros2_humble/install/launch:/home/anlh/ros2_humble/install/osrf_pycommon:/home/anlh/ros2_humble/install/launch_testing_examples:/home/anlh/ros2_humble/install/domain_coordinator:/home/anlh/ros2_humble/install/ament_xmllint:/home/anlh/ros2_humble/install/ament_pyflakes:/home/anlh/ros2_humble/install/ament_pycodestyle:/home/anlh/ros2_humble/install/ament_pep257:/home/anlh/ros2_humble/install/ament_pclint:/home/anlh/ros2_humble/install/ament_package:/home/anlh/ros2_humble/install/ament_mypy:/home/anlh/ros2_humble/install/ament_lint_cmake:/home/anlh/ros2_humble/install/ament_flake8:/home/anlh/ros2_humble/install/ament_copyright:/home/anlh/ros2_humble/install/ament_lint:/home/anlh/ros2_humble/install/ament_index_python:/home/anlh/ros2_humble/install/ament_cpplint:/home/anlh/ros2_humble/install/ament_cppcheck:/home/anlh/ros2_humble/install/ament_clang_tidy:/home/anlh/ros2_humble/install/ament_clang_format /usr/local/bin/cmake /home/anlh/pedsim_ros2/src/pedsim_ros2/pedsim_msgs -DCMAKE_INSTALL_PREFIX=/home/anlh/pedsim_ros2/install/pedsim_msgs
[0.141s] -- The C compiler identification is GNU 11.4.0
[0.213s] -- The CXX compiler identification is GNU 11.4.0
[0.228s] -- Detecting C compiler ABI info
[0.314s] -- Detecting C compiler ABI info - done
[0.328s] -- Check for working C compiler: /usr/bin/cc - skipped
[0.328s] -- Detecting C compile features
[0.329s] -- Detecting C compile features - done
[0.332s] -- Detecting CXX compiler ABI info
[0.424s] -- Detecting CXX compiler ABI info - done
[0.439s] -- Check for working CXX compiler: /usr/bin/c++ - skipped
[0.439s] -- Detecting CXX compile features
[0.440s] -- Detecting CXX compile features - done
[0.451s] -- Found ament_cmake: 1.3.10 (/home/anlh/ros2_humble/install/ament_cmake/share/ament_cmake/cmake)
[0.721s] -- Found Python3: /usr/bin/python3 (found version "3.10.12") found components: Interpreter
[1.010s] -- Found builtin_interfaces: 1.2.1 (/home/anlh/ros2_humble/install/builtin_interfaces/share/builtin_interfaces/cmake)
[1.100s] -- Found rosidl_generator_c: 3.1.5 (/home/anlh/ros2_humble/install/rosidl_generator_c/share/rosidl_generator_c/cmake)
[1.117s] -- Found rosidl_adapter: 3.1.5 (/home/anlh/ros2_humble/install/rosidl_adapter/share/rosidl_adapter/cmake)
[1.138s] -- Found rosidl_generator_cpp: 3.1.5 (/home/anlh/ros2_humble/install/rosidl_generator_cpp/share/rosidl_generator_cpp/cmake)
[1.181s] -- Using all available rosidl_typesupport_c: rosidl_typesupport_fastrtps_c;rosidl_typesupport_introspection_c
[1.234s] -- Using all available rosidl_typesupport_cpp: rosidl_typesupport_fastrtps_cpp;rosidl_typesupport_introspection_cpp
[1.284s] -- Found geometry_msgs: 4.2.4 (/home/anlh/ros2_humble/install/geometry_msgs/share/geometry_msgs/cmake)
[1.325s] -- Found rosidl_default_generators: 1.2.0 (/home/anlh/ros2_humble/install/rosidl_default_generators/share/rosidl_default_generators/cmake)
[2.325s] -- Found ament_cmake_ros: 0.10.0 (/home/anlh/ros2_humble/install/ament_cmake_ros/share/ament_cmake_ros/cmake)
[3.742s] -- Using all available rosidl_typesupport_c: rosidl_typesupport_fastrtps_c;rosidl_typesupport_introspection_c
[4.278s] -- Using all available rosidl_typesupport_cpp: rosidl_typesupport_fastrtps_cpp;rosidl_typesupport_introspection_cpp
[4.280s] [33mCMake Warning (dev) at /home/anlh/ros2_humble/install/rosidl_generator_py/share/rosidl_generator_py/cmake/rosidl_generator_py_generate_interfaces.cmake:20 (find_package):
[4.280s]   Policy CMP0148 is not set: The FindPythonInterp and FindPythonLibs modules
[4.280s]   are removed.  Run "cmake --help-policy CMP0148" for policy details.  Use
[4.280s]   the cmake_policy command to set the policy and suppress this warning.
[4.280s] 
[4.280s] Call Stack (most recent call first):
[4.280s]   /home/anlh/ros2_humble/install/ament_cmake_core/share/ament_cmake_core/cmake/core/ament_execute_extensions.cmake:48 (include)
[4.280s]   /home/anlh/ros2_humble/install/rosidl_cmake/share/rosidl_cmake/cmake/rosidl_generate_interfaces.cmake:286 (ament_execute_extensions)
[4.280s]   CMakeLists.txt:19 (rosidl_generate_interfaces)
[4.280s] This warning is for project developers.  Use -Wno-dev to suppress it.
[4.280s] [0m
[4.320s] -- Found PythonInterp: /usr/bin/python3 (found suitable version "3.10.12", minimum required is "3.6")
[4.330s] -- Found python_cmake_module: 0.10.0 (/home/anlh/ros2_humble/install/python_cmake_module/share/python_cmake_module/cmake)
[4.330s] [33mCMake Warning (dev) at /home/anlh/ros2_humble/install/python_cmake_module/share/python_cmake_module/cmake/Modules/FindPythonExtra.cmake:52 (find_package):
[4.330s]   Policy CMP0148 is not set: The FindPythonInterp and FindPythonLibs modules
[4.330s]   are removed.  Run "cmake --help-policy CMP0148" for policy details.  Use
[4.330s]   the cmake_policy command to set the policy and suppress this warning.
[4.330s] 
[4.330s] Call Stack (most recent call first):
[4.330s]   /home/anlh/ros2_humble/install/rosidl_generator_py/share/rosidl_generator_py/cmake/rosidl_generator_py_generate_interfaces.cmake:23 (find_package)
[4.330s]   /home/anlh/ros2_humble/install/ament_cmake_core/share/ament_cmake_core/cmake/core/ament_execute_extensions.cmake:48 (include)
[4.330s]   /home/anlh/ros2_humble/install/rosidl_cmake/share/rosidl_cmake/cmake/rosidl_generate_interfaces.cmake:286 (ament_execute_extensions)
[4.331s]   CMakeLists.txt:19 (rosidl_generate_interfaces)
[4.331s] This warning is for project developers.  Use -Wno-dev to suppress it.
[4.331s] [0m
[4.364s] [33mCMake Warning (dev) at /home/anlh/ros2_humble/install/python_cmake_module/share/python_cmake_module/cmake/Modules/FindPythonExtra.cmake:140 (find_package):
[4.364s]   Policy CMP0148 is not set: The FindPythonInterp and FindPythonLibs modules
[4.364s]   are removed.  Run "cmake --help-policy CMP0148" for policy details.  Use
[4.364s]   the cmake_policy command to set the policy and suppress this warning.
[4.364s] 
[4.364s] Call Stack (most recent call first):
[4.364s]   /home/anlh/ros2_humble/install/rosidl_generator_py/share/rosidl_generator_py/cmake/rosidl_generator_py_generate_interfaces.cmake:23 (find_package)
[4.364s]   /home/anlh/ros2_humble/install/ament_cmake_core/share/ament_cmake_core/cmake/core/ament_execute_extensions.cmake:48 (include)
[4.364s]   /home/anlh/ros2_humble/install/rosidl_cmake/share/rosidl_cmake/cmake/rosidl_generate_interfaces.cmake:286 (ament_execute_extensions)
[4.364s]   CMakeLists.txt:19 (rosidl_generate_interfaces)
[4.364s] This warning is for project developers.  Use -Wno-dev to suppress it.
[4.365s] [0m
[4.380s] -- Found PythonLibs: /usr/lib/x86_64-linux-gnu/libpython3.10.so (found suitable version "3.10.12", minimum required is "3.5")
[4.380s] -- Using PYTHON_EXECUTABLE: /usr/bin/python3
[4.381s] -- Using PYTHON_INCLUDE_DIRS: /usr/include/python3.10
[4.381s] -- Using PYTHON_LIBRARIES: /usr/lib/x86_64-linux-gnu/libpython3.10.so
[4.419s] -- Found PythonExtra: .so
[4.792s] -- Configuring done (4.7s)
[4.834s] -- Generating done (0.0s)
[4.836s] -- Build files have been written to: /home/anlh/pedsim_ros2/build/pedsim_msgs
[4.844s] Invoked command in '/home/anlh/pedsim_ros2/build/pedsim_msgs' returned '0': CMAKE_PREFIX_PATH=${CMAKE_PREFIX_PATH}:/home/anlh/turtlebot3_ws/install/turtlebot3_teleop:/home/anlh/turtlebot3_ws/install/turtlebot3_example:/opt/ros/humble:/home/anlh/ros2_humble/install/rqt_bag_plugins:/home/anlh/ros2_humble/install/rqt_bag:/home/anlh/ros2_humble/install/ros2bag:/home/anlh/ros2_humble/install/tracetools_test:/home/anlh/ros2_humble/install/tracetools_launch:/home/anlh/ros2_humble/install/topic_monitor:/home/anlh/ros2_humble/install/tf2_tools:/home/anlh/ros2_humble/install/examples_tf2_py:/home/anlh/ros2_humble/install/tf2_ros_py:/home/anlh/ros2_humble/install/sros2:/home/anlh/ros2_humble/install/rqt_topic:/home/anlh/ros2_humble/install/rqt_srv:/home/anlh/ros2_humble/install/rqt_shell:/home/anlh/ros2_humble/install/rqt_service_caller:/home/anlh/ros2_humble/install/rqt_reconfigure:/home/anlh/ros2_humble/install/rqt_py_console:/home/anlh/ros2_humble/install/rqt_publisher:/home/anlh/ros2_humble/install/rqt_plot:/home/anlh/ros2_humble/install/rqt_action:/home/anlh/ros2_humble/install/rqt_msg:/home/anlh/ros2_humble/install/rqt_console:/home/anlh/ros2_humble/install/rqt:/home/anlh/ros2_humble/install/rqt_graph:/home/anlh/ros2_humble/install/rqt_gui_py:/home/anlh/ros2_humble/install/rqt_gui:/home/anlh/ros2_humble/install/ros2trace:/home/anlh/ros2_humble/install/ros2topic:/home/anlh/ros2_humble/install/ros2test:/home/anlh/ros2_humble/install/ros2component:/home/anlh/ros2_humble/install/ros2param:/home/anlh/ros2_humble/install/ros2lifecycle:/home/anlh/ros2_humble/install/ros2service:/home/anlh/ros2_humble/install/ros2run:/home/anlh/ros2_humble/install/ros2launch:/home/anlh/ros2_humble/install/ros2pkg:/home/anlh/ros2_humble/install/ros2node:/home/anlh/ros2_humble/install/ros2multicast:/home/anlh/ros2_humble/install/ros2interface:/home/anlh/ros2_humble/install/ros2doctor:/home/anlh/ros2_humble/install/ros2action:/home/anlh/ros2_humble/install/ros2cli:/home/anlh/ros2_humble/install/quality_of_service_demo_py:/home/anlh/ros2_humble/install/lifecycle_py:/home/anlh/ros2_humble/install/launch_testing_ros:/home/anlh/ros2_humble/install/launch_ros:/home/anlh/ros2_humble/install/examples_rclpy_pointcloud_publisher:/home/anlh/ros2_humble/install/examples_rclpy_minimal_subscriber:/home/anlh/ros2_humble/install/examples_rclpy_minimal_service:/home/anlh/ros2_humble/install/examples_rclpy_minimal_publisher:/home/anlh/ros2_humble/install/examples_rclpy_minimal_client:/home/anlh/ros2_humble/install/examples_rclpy_minimal_action_server:/home/anlh/ros2_humble/install/examples_rclpy_minimal_action_client:/home/anlh/ros2_humble/install/examples_rclpy_guard_conditions:/home/anlh/ros2_humble/install/examples_rclpy_executors:/home/anlh/ros2_humble/install/demo_nodes_py:/home/anlh/ros2_humble/install/action_tutorials_py:/home/anlh/ros2_humble/install/ament_uncrustify:/home/anlh/ros2_humble/install/tracetools_trace:/home/anlh/ros2_humble/install/tracetools_read:/home/anlh/ros2_humble/install/test_tracetools_launch:/home/anlh/ros2_humble/install/test_launch_ros:/home/anlh/ros2_humble/install/sensor_msgs_py:/home/anlh/ros2_humble/install/rpyutils:/home/anlh/ros2_humble/install/rosidl_runtime_py:/home/anlh/ros2_humble/install/rosidl_cli:/home/anlh/ros2_humble/install/launch_pytest:/home/anlh/ros2_humble/install/launch_testing:/home/anlh/ros2_humble/install/launch_yaml:/home/anlh/ros2_humble/install/launch_xml:/home/anlh/ros2_humble/install/launch:/home/anlh/ros2_humble/install/osrf_pycommon:/home/anlh/ros2_humble/install/launch_testing_examples:/home/anlh/ros2_humble/install/domain_coordinator:/home/anlh/ros2_humble/install/ament_xmllint:/home/anlh/ros2_humble/install/ament_pyflakes:/home/anlh/ros2_humble/install/ament_pycodestyle:/home/anlh/ros2_humble/install/ament_pep257:/home/anlh/ros2_humble/install/ament_pclint:/home/anlh/ros2_humble/install/ament_package:/home/anlh/ros2_humble/install/ament_mypy:/home/anlh/ros2_humble/install/ament_lint_cmake:/home/anlh/ros2_humble/install/ament_flake8:/home/anlh/ros2_humble/install/ament_copyright:/home/anlh/ros2_humble/install/ament_lint:/home/anlh/ros2_humble/install/ament_index_python:/home/anlh/ros2_humble/install/ament_cpplint:/home/anlh/ros2_humble/install/ament_cppcheck:/home/anlh/ros2_humble/install/ament_clang_tidy:/home/anlh/ros2_humble/install/ament_clang_format /usr/local/bin/cmake /home/anlh/pedsim_ros2/src/pedsim_ros2/pedsim_msgs -DCMAKE_INSTALL_PREFIX=/home/anlh/pedsim_ros2/install/pedsim_msgs
[4.845s] Invoking command in '/home/anlh/pedsim_ros2/build/pedsim_msgs': CMAKE_PREFIX_PATH=${CMAKE_PREFIX_PATH}:/home/anlh/turtlebot3_ws/install/turtlebot3_teleop:/home/anlh/turtlebot3_ws/install/turtlebot3_example:/opt/ros/humble:/home/anlh/ros2_humble/install/rqt_bag_plugins:/home/anlh/ros2_humble/install/rqt_bag:/home/anlh/ros2_humble/install/ros2bag:/home/anlh/ros2_humble/install/tracetools_test:/home/anlh/ros2_humble/install/tracetools_launch:/home/anlh/ros2_humble/install/topic_monitor:/home/anlh/ros2_humble/install/tf2_tools:/home/anlh/ros2_humble/install/examples_tf2_py:/home/anlh/ros2_humble/install/tf2_ros_py:/home/anlh/ros2_humble/install/sros2:/home/anlh/ros2_humble/install/rqt_topic:/home/anlh/ros2_humble/install/rqt_srv:/home/anlh/ros2_humble/install/rqt_shell:/home/anlh/ros2_humble/install/rqt_service_caller:/home/anlh/ros2_humble/install/rqt_reconfigure:/home/anlh/ros2_humble/install/rqt_py_console:/home/anlh/ros2_humble/install/rqt_publisher:/home/anlh/ros2_humble/install/rqt_plot:/home/anlh/ros2_humble/install/rqt_action:/home/anlh/ros2_humble/install/rqt_msg:/home/anlh/ros2_humble/install/rqt_console:/home/anlh/ros2_humble/install/rqt:/home/anlh/ros2_humble/install/rqt_graph:/home/anlh/ros2_humble/install/rqt_gui_py:/home/anlh/ros2_humble/install/rqt_gui:/home/anlh/ros2_humble/install/ros2trace:/home/anlh/ros2_humble/install/ros2topic:/home/anlh/ros2_humble/install/ros2test:/home/anlh/ros2_humble/install/ros2component:/home/anlh/ros2_humble/install/ros2param:/home/anlh/ros2_humble/install/ros2lifecycle:/home/anlh/ros2_humble/install/ros2service:/home/anlh/ros2_humble/install/ros2run:/home/anlh/ros2_humble/install/ros2launch:/home/anlh/ros2_humble/install/ros2pkg:/home/anlh/ros2_humble/install/ros2node:/home/anlh/ros2_humble/install/ros2multicast:/home/anlh/ros2_humble/install/ros2interface:/home/anlh/ros2_humble/install/ros2doctor:/home/anlh/ros2_humble/install/ros2action:/home/anlh/ros2_humble/install/ros2cli:/home/anlh/ros2_humble/install/quality_of_service_demo_py:/home/anlh/ros2_humble/install/lifecycle_py:/home/anlh/ros2_humble/install/launch_testing_ros:/home/anlh/ros2_humble/install/launch_ros:/home/anlh/ros2_humble/install/examples_rclpy_pointcloud_publisher:/home/anlh/ros2_humble/install/examples_rclpy_minimal_subscriber:/home/anlh/ros2_humble/install/examples_rclpy_minimal_service:/home/anlh/ros2_humble/install/examples_rclpy_minimal_publisher:/home/anlh/ros2_humble/install/examples_rclpy_minimal_client:/home/anlh/ros2_humble/install/examples_rclpy_minimal_action_server:/home/anlh/ros2_humble/install/examples_rclpy_minimal_action_client:/home/anlh/ros2_humble/install/examples_rclpy_guard_conditions:/home/anlh/ros2_humble/install/examples_rclpy_executors:/home/anlh/ros2_humble/install/demo_nodes_py:/home/anlh/ros2_humble/install/action_tutorials_py:/home/anlh/ros2_humble/install/ament_uncrustify:/home/anlh/ros2_humble/install/tracetools_trace:/home/anlh/ros2_humble/install/tracetools_read:/home/anlh/ros2_humble/install/test_tracetools_launch:/home/anlh/ros2_humble/install/test_launch_ros:/home/anlh/ros2_humble/install/sensor_msgs_py:/home/anlh/ros2_humble/install/rpyutils:/home/anlh/ros2_humble/install/rosidl_runtime_py:/home/anlh/ros2_humble/install/rosidl_cli:/home/anlh/ros2_humble/install/launch_pytest:/home/anlh/ros2_humble/install/launch_testing:/home/anlh/ros2_humble/install/launch_yaml:/home/anlh/ros2_humble/install/launch_xml:/home/anlh/ros2_humble/install/launch:/home/anlh/ros2_humble/install/osrf_pycommon:/home/anlh/ros2_humble/install/launch_testing_examples:/home/anlh/ros2_humble/install/domain_coordinator:/home/anlh/ros2_humble/install/ament_xmllint:/home/anlh/ros2_humble/install/ament_pyflakes:/home/anlh/ros2_humble/install/ament_pycodestyle:/home/anlh/ros2_humble/install/ament_pep257:/home/anlh/ros2_humble/install/ament_pclint:/home/anlh/ros2_humble/install/ament_package:/home/anlh/ros2_humble/install/ament_mypy:/home/anlh/ros2_humble/install/ament_lint_cmake:/home/anlh/ros2_humble/install/ament_flake8:/home/anlh/ros2_humble/install/ament_copyright:/home/anlh/ros2_humble/install/ament_lint:/home/anlh/ros2_humble/install/ament_index_python:/home/anlh/ros2_humble/install/ament_cpplint:/home/anlh/ros2_humble/install/ament_cppcheck:/home/anlh/ros2_humble/install/ament_clang_tidy:/home/anlh/ros2_humble/install/ament_clang_format /usr/local/bin/cmake --build /home/anlh/pedsim_ros2/build/pedsim_msgs -- -j16 -l16
[4.896s] [  0%] Built target pedsim_msgs__cpp
[4.901s] [ 12%] Built target pedsim_msgs__rosidl_generator_c
[4.902s] [ 12%] Built target ament_cmake_python_copy_pedsim_msgs
[4.930s] [ 24%] Built target pedsim_msgs__rosidl_typesupport_c
[4.930s] [ 36%] Built target pedsim_msgs__rosidl_typesupport_cpp
[4.931s] [ 50%] Built target pedsim_msgs__rosidl_typesupport_introspection_c
[4.931s] [ 60%] Built target pedsim_msgs__rosidl_typesupport_introspection_cpp
[4.932s] [ 72%] Built target pedsim_msgs__rosidl_typesupport_fastrtps_cpp
[4.936s] [ 84%] Built target pedsim_msgs__rosidl_typesupport_fastrtps_c
[4.961s] [ 84%] Built target pedsim_msgs
[4.984s] [ 85%] Built target pedsim_msgs__py
[5.016s] [ 96%] Built target pedsim_msgs__rosidl_generator_py
[5.044s] [ 99%] Built target pedsim_msgs__rosidl_typesupport_c__pyext
[5.044s] [ 99%] Built target pedsim_msgs__rosidl_typesupport_fastrtps_c__pyext
[5.044s] [100%] Built target pedsim_msgs__rosidl_typesupport_introspection_c__pyext
[5.223s] running egg_info
[5.223s] writing pedsim_msgs.egg-info/PKG-INFO
[5.224s] writing dependency_links to pedsim_msgs.egg-info/dependency_links.txt
[5.224s] writing top-level names to pedsim_msgs.egg-info/top_level.txt
[5.225s] reading manifest file 'pedsim_msgs.egg-info/SOURCES.txt'
[5.225s] writing manifest file 'pedsim_msgs.egg-info/SOURCES.txt'
[5.245s] [100%] Built target ament_cmake_python_build_pedsim_msgs_egg
[5.252s] Invoked command in '/home/anlh/pedsim_ros2/build/pedsim_msgs' returned '0': CMAKE_PREFIX_PATH=${CMAKE_PREFIX_PATH}:/home/anlh/turtlebot3_ws/install/turtlebot3_teleop:/home/anlh/turtlebot3_ws/install/turtlebot3_example:/opt/ros/humble:/home/anlh/ros2_humble/install/rqt_bag_plugins:/home/anlh/ros2_humble/install/rqt_bag:/home/anlh/ros2_humble/install/ros2bag:/home/anlh/ros2_humble/install/tracetools_test:/home/anlh/ros2_humble/install/tracetools_launch:/home/anlh/ros2_humble/install/topic_monitor:/home/anlh/ros2_humble/install/tf2_tools:/home/anlh/ros2_humble/install/examples_tf2_py:/home/anlh/ros2_humble/install/tf2_ros_py:/home/anlh/ros2_humble/install/sros2:/home/anlh/ros2_humble/install/rqt_topic:/home/anlh/ros2_humble/install/rqt_srv:/home/anlh/ros2_humble/install/rqt_shell:/home/anlh/ros2_humble/install/rqt_service_caller:/home/anlh/ros2_humble/install/rqt_reconfigure:/home/anlh/ros2_humble/install/rqt_py_console:/home/anlh/ros2_humble/install/rqt_publisher:/home/anlh/ros2_humble/install/rqt_plot:/home/anlh/ros2_humble/install/rqt_action:/home/anlh/ros2_humble/install/rqt_msg:/home/anlh/ros2_humble/install/rqt_console:/home/anlh/ros2_humble/install/rqt:/home/anlh/ros2_humble/install/rqt_graph:/home/anlh/ros2_humble/install/rqt_gui_py:/home/anlh/ros2_humble/install/rqt_gui:/home/anlh/ros2_humble/install/ros2trace:/home/anlh/ros2_humble/install/ros2topic:/home/anlh/ros2_humble/install/ros2test:/home/anlh/ros2_humble/install/ros2component:/home/anlh/ros2_humble/install/ros2param:/home/anlh/ros2_humble/install/ros2lifecycle:/home/anlh/ros2_humble/install/ros2service:/home/anlh/ros2_humble/install/ros2run:/home/anlh/ros2_humble/install/ros2launch:/home/anlh/ros2_humble/install/ros2pkg:/home/anlh/ros2_humble/install/ros2node:/home/anlh/ros2_humble/install/ros2multicast:/home/anlh/ros2_humble/install/ros2interface:/home/anlh/ros2_humble/install/ros2doctor:/home/anlh/ros2_humble/install/ros2action:/home/anlh/ros2_humble/install/ros2cli:/home/anlh/ros2_humble/install/quality_of_service_demo_py:/home/anlh/ros2_humble/install/lifecycle_py:/home/anlh/ros2_humble/install/launch_testing_ros:/home/anlh/ros2_humble/install/launch_ros:/home/anlh/ros2_humble/install/examples_rclpy_pointcloud_publisher:/home/anlh/ros2_humble/install/examples_rclpy_minimal_subscriber:/home/anlh/ros2_humble/install/examples_rclpy_minimal_service:/home/anlh/ros2_humble/install/examples_rclpy_minimal_publisher:/home/anlh/ros2_humble/install/examples_rclpy_minimal_client:/home/anlh/ros2_humble/install/examples_rclpy_minimal_action_server:/home/anlh/ros2_humble/install/examples_rclpy_minimal_action_client:/home/anlh/ros2_humble/install/examples_rclpy_guard_conditions:/home/anlh/ros2_humble/install/examples_rclpy_executors:/home/anlh/ros2_humble/install/demo_nodes_py:/home/anlh/ros2_humble/install/action_tutorials_py:/home/anlh/ros2_humble/install/ament_uncrustify:/home/anlh/ros2_humble/install/tracetools_trace:/home/anlh/ros2_humble/install/tracetools_read:/home/anlh/ros2_humble/install/test_tracetools_launch:/home/anlh/ros2_humble/install/test_launch_ros:/home/anlh/ros2_humble/install/sensor_msgs_py:/home/anlh/ros2_humble/install/rpyutils:/home/anlh/ros2_humble/install/rosidl_runtime_py:/home/anlh/ros2_humble/install/rosidl_cli:/home/anlh/ros2_humble/install/launch_pytest:/home/anlh/ros2_humble/install/launch_testing:/home/anlh/ros2_humble/install/launch_yaml:/home/anlh/ros2_humble/install/launch_xml:/home/anlh/ros2_humble/install/launch:/home/anlh/ros2_humble/install/osrf_pycommon:/home/anlh/ros2_humble/install/launch_testing_examples:/home/anlh/ros2_humble/install/domain_coordinator:/home/anlh/ros2_humble/install/ament_xmllint:/home/anlh/ros2_humble/install/ament_pyflakes:/home/anlh/ros2_humble/install/ament_pycodestyle:/home/anlh/ros2_humble/install/ament_pep257:/home/anlh/ros2_humble/install/ament_pclint:/home/anlh/ros2_humble/install/ament_package:/home/anlh/ros2_humble/install/ament_mypy:/home/anlh/ros2_humble/install/ament_lint_cmake:/home/anlh/ros2_humble/install/ament_flake8:/home/anlh/ros2_humble/install/ament_copyright:/home/anlh/ros2_humble/install/ament_lint:/home/anlh/ros2_humble/install/ament_index_python:/home/anlh/ros2_humble/install/ament_cpplint:/home/anlh/ros2_humble/install/ament_cppcheck:/home/anlh/ros2_humble/install/ament_clang_tidy:/home/anlh/ros2_humble/install/ament_clang_format /usr/local/bin/cmake --build /home/anlh/pedsim_ros2/build/pedsim_msgs -- -j16 -l16
[6.461s] Invoking command in '/home/anlh/pedsim_ros2/build/pedsim_msgs': CMAKE_PREFIX_PATH=${CMAKE_PREFIX_PATH}:/home/anlh/turtlebot3_ws/install/turtlebot3_teleop:/home/anlh/turtlebot3_ws/install/turtlebot3_example:/opt/ros/humble:/home/anlh/ros2_humble/install/rqt_bag_plugins:/home/anlh/ros2_humble/install/rqt_bag:/home/anlh/ros2_humble/install/ros2bag:/home/anlh/ros2_humble/install/tracetools_test:/home/anlh/ros2_humble/install/tracetools_launch:/home/anlh/ros2_humble/install/topic_monitor:/home/anlh/ros2_humble/install/tf2_tools:/home/anlh/ros2_humble/install/examples_tf2_py:/home/anlh/ros2_humble/install/tf2_ros_py:/home/anlh/ros2_humble/install/sros2:/home/anlh/ros2_humble/install/rqt_topic:/home/anlh/ros2_humble/install/rqt_srv:/home/anlh/ros2_humble/install/rqt_shell:/home/anlh/ros2_humble/install/rqt_service_caller:/home/anlh/ros2_humble/install/rqt_reconfigure:/home/anlh/ros2_humble/install/rqt_py_console:/home/anlh/ros2_humble/install/rqt_publisher:/home/anlh/ros2_humble/install/rqt_plot:/home/anlh/ros2_humble/install/rqt_action:/home/anlh/ros2_humble/install/rqt_msg:/home/anlh/ros2_humble/install/rqt_console:/home/anlh/ros2_humble/install/rqt:/home/anlh/ros2_humble/install/rqt_graph:/home/anlh/ros2_humble/install/rqt_gui_py:/home/anlh/ros2_humble/install/rqt_gui:/home/anlh/ros2_humble/install/ros2trace:/home/anlh/ros2_humble/install/ros2topic:/home/anlh/ros2_humble/install/ros2test:/home/anlh/ros2_humble/install/ros2component:/home/anlh/ros2_humble/install/ros2param:/home/anlh/ros2_humble/install/ros2lifecycle:/home/anlh/ros2_humble/install/ros2service:/home/anlh/ros2_humble/install/ros2run:/home/anlh/ros2_humble/install/ros2launch:/home/anlh/ros2_humble/install/ros2pkg:/home/anlh/ros2_humble/install/ros2node:/home/anlh/ros2_humble/install/ros2multicast:/home/anlh/ros2_humble/install/ros2interface:/home/anlh/ros2_humble/install/ros2doctor:/home/anlh/ros2_humble/install/ros2action:/home/anlh/ros2_humble/install/ros2cli:/home/anlh/ros2_humble/install/quality_of_service_demo_py:/home/anlh/ros2_humble/install/lifecycle_py:/home/anlh/ros2_humble/install/launch_testing_ros:/home/anlh/ros2_humble/install/launch_ros:/home/anlh/ros2_humble/install/examples_rclpy_pointcloud_publisher:/home/anlh/ros2_humble/install/examples_rclpy_minimal_subscriber:/home/anlh/ros2_humble/install/examples_rclpy_minimal_service:/home/anlh/ros2_humble/install/examples_rclpy_minimal_publisher:/home/anlh/ros2_humble/install/examples_rclpy_minimal_client:/home/anlh/ros2_humble/install/examples_rclpy_minimal_action_server:/home/anlh/ros2_humble/install/examples_rclpy_minimal_action_client:/home/anlh/ros2_humble/install/examples_rclpy_guard_conditions:/home/anlh/ros2_humble/install/examples_rclpy_executors:/home/anlh/ros2_humble/install/demo_nodes_py:/home/anlh/ros2_humble/install/action_tutorials_py:/home/anlh/ros2_humble/install/ament_uncrustify:/home/anlh/ros2_humble/install/tracetools_trace:/home/anlh/ros2_humble/install/tracetools_read:/home/anlh/ros2_humble/install/test_tracetools_launch:/home/anlh/ros2_humble/install/test_launch_ros:/home/anlh/ros2_humble/install/sensor_msgs_py:/home/anlh/ros2_humble/install/rpyutils:/home/anlh/ros2_humble/install/rosidl_runtime_py:/home/anlh/ros2_humble/install/rosidl_cli:/home/anlh/ros2_humble/install/launch_pytest:/home/anlh/ros2_humble/install/launch_testing:/home/anlh/ros2_humble/install/launch_yaml:/home/anlh/ros2_humble/install/launch_xml:/home/anlh/ros2_humble/install/launch:/home/anlh/ros2_humble/install/osrf_pycommon:/home/anlh/ros2_humble/install/launch_testing_examples:/home/anlh/ros2_humble/install/domain_coordinator:/home/anlh/ros2_humble/install/ament_xmllint:/home/anlh/ros2_humble/install/ament_pyflakes:/home/anlh/ros2_humble/install/ament_pycodestyle:/home/anlh/ros2_humble/install/ament_pep257:/home/anlh/ros2_humble/install/ament_pclint:/home/anlh/ros2_humble/install/ament_package:/home/anlh/ros2_humble/install/ament_mypy:/home/anlh/ros2_humble/install/ament_lint_cmake:/home/anlh/ros2_humble/install/ament_flake8:/home/anlh/ros2_humble/install/ament_copyright:/home/anlh/ros2_humble/install/ament_lint:/home/anlh/ros2_humble/install/ament_index_python:/home/anlh/ros2_humble/install/ament_cpplint:/home/anlh/ros2_humble/install/ament_cppcheck:/home/anlh/ros2_humble/install/ament_clang_tidy:/home/anlh/ros2_humble/install/ament_clang_format /usr/local/bin/cmake --install /home/anlh/pedsim_ros2/build/pedsim_msgs
[6.466s] -- Install configuration: ""
[6.466s] -- Up-to-date: /home/anlh/pedsim_ros2/install/pedsim_msgs/share/ament_index/resource_index/rosidl_interfaces/pedsim_msgs
[6.466s] -- Up-to-date: /home/anlh/pedsim_ros2/install/pedsim_msgs/include/pedsim_msgs/pedsim_msgs
[6.466s] -- Up-to-date: /home/anlh/pedsim_ros2/install/pedsim_msgs/include/pedsim_msgs/pedsim_msgs/msg
[6.466s] -- Up-to-date: /home/anlh/pedsim_ros2/install/pedsim_msgs/include/pedsim_msgs/pedsim_msgs/msg/social_activity.h
[6.466s] -- Up-to-date: /home/anlh/pedsim_ros2/install/pedsim_msgs/include/pedsim_msgs/pedsim_msgs/msg/tracked_groups.h
[6.467s] -- Up-to-date: /home/anlh/pedsim_ros2/install/pedsim_msgs/include/pedsim_msgs/pedsim_msgs/msg/social_relation.h
[6.467s] -- Up-to-date: /home/anlh/pedsim_ros2/install/pedsim_msgs/include/pedsim_msgs/pedsim_msgs/msg/rosidl_generator_c__visibility_control.h
[6.467s] -- Up-to-date: /home/anlh/pedsim_ros2/install/pedsim_msgs/include/pedsim_msgs/pedsim_msgs/msg/tracked_persons.h
[6.467s] -- Up-to-date: /home/anlh/pedsim_ros2/install/pedsim_msgs/include/pedsim_msgs/pedsim_msgs/msg/tracked_person.h
[6.467s] -- Up-to-date: /home/anlh/pedsim_ros2/install/pedsim_msgs/include/pedsim_msgs/pedsim_msgs/msg/tracked_group.h
[6.467s] -- Up-to-date: /home/anlh/pedsim_ros2/install/pedsim_msgs/include/pedsim_msgs/pedsim_msgs/msg/line_obstacle.h
[6.467s] -- Up-to-date: /home/anlh/pedsim_ros2/install/pedsim_msgs/include/pedsim_msgs/pedsim_msgs/msg/social_relations.h
[6.467s] -- Up-to-date: /home/anlh/pedsim_ros2/install/pedsim_msgs/include/pedsim_msgs/pedsim_msgs/msg/agent_groups.h
[6.467s] -- Up-to-date: /home/anlh/pedsim_ros2/install/pedsim_msgs/include/pedsim_msgs/pedsim_msgs/msg/social_activities.h
[6.467s] -- Up-to-date: /home/anlh/pedsim_ros2/install/pedsim_msgs/include/pedsim_msgs/pedsim_msgs/msg/detail
[6.467s] -- Up-to-date: /home/anlh/pedsim_ros2/install/pedsim_msgs/include/pedsim_msgs/pedsim_msgs/msg/detail/social_relations__type_support.h
[6.467s] -- Up-to-date: /home/anlh/pedsim_ros2/install/pedsim_msgs/include/pedsim_msgs/pedsim_msgs/msg/detail/tracked_groups__type_support.h
[6.467s] -- Up-to-date: /home/anlh/pedsim_ros2/install/pedsim_msgs/include/pedsim_msgs/pedsim_msgs/msg/detail/agent_state__functions.h
[6.467s] -- Up-to-date: /home/anlh/pedsim_ros2/install/pedsim_msgs/include/pedsim_msgs/pedsim_msgs/msg/detail/social_activity__struct.h
[6.467s] -- Up-to-date: /home/anlh/pedsim_ros2/install/pedsim_msgs/include/pedsim_msgs/pedsim_msgs/msg/detail/agent_groups__functions.c
[6.467s] -- Up-to-date: /home/anlh/pedsim_ros2/install/pedsim_msgs/include/pedsim_msgs/pedsim_msgs/msg/detail/social_relation__struct.h
[6.467s] -- Up-to-date: /home/anlh/pedsim_ros2/install/pedsim_msgs/include/pedsim_msgs/pedsim_msgs/msg/detail/agent_group__struct.h
[6.467s] -- Up-to-date: /home/anlh/pedsim_ros2/install/pedsim_msgs/include/pedsim_msgs/pedsim_msgs/msg/detail/agent_groups__type_support.h
[6.467s] -- Up-to-date: /home/anlh/pedsim_ros2/install/pedsim_msgs/include/pedsim_msgs/pedsim_msgs/msg/detail/line_obstacles__type_support.h
[6.467s] -- Up-to-date: /home/anlh/pedsim_ros2/install/pedsim_msgs/include/pedsim_msgs/pedsim_msgs/msg/detail/agent_states__functions.h
[6.467s] -- Up-to-date: /home/anlh/pedsim_ros2/install/pedsim_msgs/include/pedsim_msgs/pedsim_msgs/msg/detail/agent_state__struct.h
[6.467s] -- Up-to-date: /home/anlh/pedsim_ros2/install/pedsim_msgs/include/pedsim_msgs/pedsim_msgs/msg/detail/line_obstacle__functions.c
[6.467s] -- Up-to-date: /home/anlh/pedsim_ros2/install/pedsim_msgs/include/pedsim_msgs/pedsim_msgs/msg/detail/tracked_group__functions.h
[6.467s] -- Up-to-date: /home/anlh/pedsim_ros2/install/pedsim_msgs/include/pedsim_msgs/pedsim_msgs/msg/detail/social_activities__functions.h
[6.468s] -- Up-to-date: /home/anlh/pedsim_ros2/install/pedsim_msgs/include/pedsim_msgs/pedsim_msgs/msg/detail/social_activities__struct.h
[6.468s] -- Up-to-date: /home/anlh/pedsim_ros2/install/pedsim_msgs/include/pedsim_msgs/pedsim_msgs/msg/detail/agent_group__functions.c
[6.468s] -- Up-to-date: /home/anlh/pedsim_ros2/install/pedsim_msgs/include/pedsim_msgs/pedsim_msgs/msg/detail/social_activity__functions.h
[6.468s] -- Up-to-date: /home/anlh/pedsim_ros2/install/pedsim_msgs/include/pedsim_msgs/pedsim_msgs/msg/detail/tracked_persons__functions.c
[6.468s] -- Up-to-date: /home/anlh/pedsim_ros2/install/pedsim_msgs/include/pedsim_msgs/pedsim_msgs/msg/detail/tracked_groups__functions.c
[6.468s] -- Up-to-date: /home/anlh/pedsim_ros2/install/pedsim_msgs/include/pedsim_msgs/pedsim_msgs/msg/detail/tracked_group__struct.h
[6.468s] -- Up-to-date: /home/anlh/pedsim_ros2/install/pedsim_msgs/include/pedsim_msgs/pedsim_msgs/msg/detail/tracked_person__struct.h
[6.468s] -- Up-to-date: /home/anlh/pedsim_ros2/install/pedsim_msgs/include/pedsim_msgs/pedsim_msgs/msg/detail/tracked_groups__functions.h
[6.468s] -- Up-to-date: /home/anlh/pedsim_ros2/install/pedsim_msgs/include/pedsim_msgs/pedsim_msgs/msg/detail/agent_state__type_support.h
[6.468s] -- Up-to-date: /home/anlh/pedsim_ros2/install/pedsim_msgs/include/pedsim_msgs/pedsim_msgs/msg/detail/tracked_persons__struct.h
[6.468s] -- Up-to-date: /home/anlh/pedsim_ros2/install/pedsim_msgs/include/pedsim_msgs/pedsim_msgs/msg/detail/line_obstacles__struct.h
[6.468s] -- Up-to-date: /home/anlh/pedsim_ros2/install/pedsim_msgs/include/pedsim_msgs/pedsim_msgs/msg/detail/tracked_person__functions.h
[6.468s] -- Up-to-date: /home/anlh/pedsim_ros2/install/pedsim_msgs/include/pedsim_msgs/pedsim_msgs/msg/detail/agent_force__functions.c
[6.468s] -- Up-to-date: /home/anlh/pedsim_ros2/install/pedsim_msgs/include/pedsim_msgs/pedsim_msgs/msg/detail/tracked_group__type_support.h
[6.468s] -- Up-to-date: /home/anlh/pedsim_ros2/install/pedsim_msgs/include/pedsim_msgs/pedsim_msgs/msg/detail/social_relation__type_support.h
[6.468s] -- Up-to-date: /home/anlh/pedsim_ros2/install/pedsim_msgs/include/pedsim_msgs/pedsim_msgs/msg/detail/social_activity__functions.c
[6.468s] -- Up-to-date: /home/anlh/pedsim_ros2/install/pedsim_msgs/include/pedsim_msgs/pedsim_msgs/msg/detail/tracked_person__type_support.h
[6.468s] -- Up-to-date: /home/anlh/pedsim_ros2/install/pedsim_msgs/include/pedsim_msgs/pedsim_msgs/msg/detail/agent_states__functions.c
[6.468s] -- Up-to-date: /home/anlh/pedsim_ros2/install/pedsim_msgs/include/pedsim_msgs/pedsim_msgs/msg/detail/agent_group__type_support.h
[6.468s] -- Up-to-date: /home/anlh/pedsim_ros2/install/pedsim_msgs/include/pedsim_msgs/pedsim_msgs/msg/detail/tracked_groups__struct.h
[6.468s] -- Up-to-date: /home/anlh/pedsim_ros2/install/pedsim_msgs/include/pedsim_msgs/pedsim_msgs/msg/detail/social_relation__functions.h
[6.468s] -- Up-to-date: /home/anlh/pedsim_ros2/install/pedsim_msgs/include/pedsim_msgs/pedsim_msgs/msg/detail/line_obstacle__struct.h
[6.468s] -- Up-to-date: /home/anlh/pedsim_ros2/install/pedsim_msgs/include/pedsim_msgs/pedsim_msgs/msg/detail/agent_group__functions.h
[6.468s] -- Up-to-date: /home/anlh/pedsim_ros2/install/pedsim_msgs/include/pedsim_msgs/pedsim_msgs/msg/detail/agent_state__functions.c
[6.468s] -- Up-to-date: /home/anlh/pedsim_ros2/install/pedsim_msgs/include/pedsim_msgs/pedsim_msgs/msg/detail/tracked_person__functions.c
[6.469s] -- Up-to-date: /home/anlh/pedsim_ros2/install/pedsim_msgs/include/pedsim_msgs/pedsim_msgs/msg/detail/agent_states__type_support.h
[6.469s] -- Up-to-date: /home/anlh/pedsim_ros2/install/pedsim_msgs/include/pedsim_msgs/pedsim_msgs/msg/detail/agent_groups__functions.h
[6.469s] -- Up-to-date: /home/anlh/pedsim_ros2/install/pedsim_msgs/include/pedsim_msgs/pedsim_msgs/msg/detail/tracked_group__functions.c
[6.469s] -- Up-to-date: /home/anlh/pedsim_ros2/install/pedsim_msgs/include/pedsim_msgs/pedsim_msgs/msg/detail/agent_groups__struct.h
[6.469s] -- Up-to-date: /home/anlh/pedsim_ros2/install/pedsim_msgs/include/pedsim_msgs/pedsim_msgs/msg/detail/agent_force__struct.h
[6.469s] -- Up-to-date: /home/anlh/pedsim_ros2/install/pedsim_msgs/include/pedsim_msgs/pedsim_msgs/msg/detail/social_relations__functions.c
[6.469s] -- Up-to-date: /home/anlh/pedsim_ros2/install/pedsim_msgs/include/pedsim_msgs/pedsim_msgs/msg/detail/social_activities__functions.c
[6.469s] -- Up-to-date: /home/anlh/pedsim_ros2/install/pedsim_msgs/include/pedsim_msgs/pedsim_msgs/msg/detail/social_relations__struct.h
[6.469s] -- Up-to-date: /home/anlh/pedsim_ros2/install/pedsim_msgs/include/pedsim_msgs/pedsim_msgs/msg/detail/agent_states__struct.h
[6.469s] -- Up-to-date: /home/anlh/pedsim_ros2/install/pedsim_msgs/include/pedsim_msgs/pedsim_msgs/msg/detail/social_activities__type_support.h
[6.469s] -- Up-to-date: /home/anlh/pedsim_ros2/install/pedsim_msgs/include/pedsim_msgs/pedsim_msgs/msg/detail/social_relation__functions.c
[6.469s] -- Up-to-date: /home/anlh/pedsim_ros2/install/pedsim_msgs/include/pedsim_msgs/pedsim_msgs/msg/detail/social_relations__functions.h
[6.469s] -- Up-to-date: /home/anlh/pedsim_ros2/install/pedsim_msgs/include/pedsim_msgs/pedsim_msgs/msg/detail/tracked_persons__functions.h
[6.469s] -- Up-to-date: /home/anlh/pedsim_ros2/install/pedsim_msgs/include/pedsim_msgs/pedsim_msgs/msg/detail/line_obstacles__functions.c
[6.469s] -- Up-to-date: /home/anlh/pedsim_ros2/install/pedsim_msgs/include/pedsim_msgs/pedsim_msgs/msg/detail/agent_force__type_support.h
[6.469s] -- Up-to-date: /home/anlh/pedsim_ros2/install/pedsim_msgs/include/pedsim_msgs/pedsim_msgs/msg/detail/line_obstacles__functions.h
[6.469s] -- Up-to-date: /home/anlh/pedsim_ros2/install/pedsim_msgs/include/pedsim_msgs/pedsim_msgs/msg/detail/line_obstacle__functions.h
[6.469s] -- Up-to-date: /home/anlh/pedsim_ros2/install/pedsim_msgs/include/pedsim_msgs/pedsim_msgs/msg/detail/social_activity__type_support.h
[6.469s] -- Up-to-date: /home/anlh/pedsim_ros2/install/pedsim_msgs/include/pedsim_msgs/pedsim_msgs/msg/detail/line_obstacle__type_support.h
[6.469s] -- Up-to-date: /home/anlh/pedsim_ros2/install/pedsim_msgs/include/pedsim_msgs/pedsim_msgs/msg/detail/tracked_persons__type_support.h
[6.469s] -- Up-to-date: /home/anlh/pedsim_ros2/install/pedsim_msgs/include/pedsim_msgs/pedsim_msgs/msg/detail/agent_force__functions.h
[6.469s] -- Up-to-date: /home/anlh/pedsim_ros2/install/pedsim_msgs/include/pedsim_msgs/pedsim_msgs/msg/line_obstacles.h
[6.469s] -- Up-to-date: /home/anlh/pedsim_ros2/install/pedsim_msgs/include/pedsim_msgs/pedsim_msgs/msg/agent_force.h
[6.469s] -- Up-to-date: /home/anlh/pedsim_ros2/install/pedsim_msgs/include/pedsim_msgs/pedsim_msgs/msg/agent_states.h
[6.469s] -- Up-to-date: /home/anlh/pedsim_ros2/install/pedsim_msgs/include/pedsim_msgs/pedsim_msgs/msg/agent_group.h
[6.470s] -- Up-to-date: /home/anlh/pedsim_ros2/install/pedsim_msgs/include/pedsim_msgs/pedsim_msgs/msg/agent_state.h
[6.470s] -- Up-to-date: /home/anlh/pedsim_ros2/install/pedsim_msgs/share/pedsim_msgs/environment/library_path.sh
[6.470s] -- Installing: /home/anlh/pedsim_ros2/install/pedsim_msgs/share/pedsim_msgs/environment/library_path.dsv
[6.470s] -- Up-to-date: /home/anlh/pedsim_ros2/install/pedsim_msgs/lib/libpedsim_msgs__rosidl_generator_c.so
[6.470s] -- Up-to-date: /home/anlh/pedsim_ros2/install/pedsim_msgs/include/pedsim_msgs/pedsim_msgs
[6.470s] -- Up-to-date: /home/anlh/pedsim_ros2/install/pedsim_msgs/include/pedsim_msgs/pedsim_msgs/msg
[6.470s] -- Up-to-date: /home/anlh/pedsim_ros2/install/pedsim_msgs/include/pedsim_msgs/pedsim_msgs/msg/rosidl_typesupport_fastrtps_c__visibility_control.h
[6.470s] -- Up-to-date: /home/anlh/pedsim_ros2/install/pedsim_msgs/include/pedsim_msgs/pedsim_msgs/msg/detail
[6.470s] -- Up-to-date: /home/anlh/pedsim_ros2/install/pedsim_msgs/include/pedsim_msgs/pedsim_msgs/msg/detail/line_obstacle__rosidl_typesupport_fastrtps_c.h
[6.470s] -- Up-to-date: /home/anlh/pedsim_ros2/install/pedsim_msgs/include/pedsim_msgs/pedsim_msgs/msg/detail/social_relations__rosidl_typesupport_fastrtps_c.h
[6.470s] -- Up-to-date: /home/anlh/pedsim_ros2/install/pedsim_msgs/include/pedsim_msgs/pedsim_msgs/msg/detail/tracked_persons__rosidl_typesupport_fastrtps_c.h
[6.470s] -- Up-to-date: /home/anlh/pedsim_ros2/install/pedsim_msgs/include/pedsim_msgs/pedsim_msgs/msg/detail/agent_state__rosidl_typesupport_fastrtps_c.h
[6.470s] -- Up-to-date: /home/anlh/pedsim_ros2/install/pedsim_msgs/include/pedsim_msgs/pedsim_msgs/msg/detail/social_relation__rosidl_typesupport_fastrtps_c.h
[6.470s] -- Up-to-date: /home/anlh/pedsim_ros2/install/pedsim_msgs/include/pedsim_msgs/pedsim_msgs/msg/detail/agent_groups__rosidl_typesupport_fastrtps_c.h
[6.470s] -- Up-to-date: /home/anlh/pedsim_ros2/install/pedsim_msgs/include/pedsim_msgs/pedsim_msgs/msg/detail/tracked_group__rosidl_typesupport_fastrtps_c.h
[6.470s] -- Up-to-date: /home/anlh/pedsim_ros2/install/pedsim_msgs/include/pedsim_msgs/pedsim_msgs/msg/detail/social_activity__rosidl_typesupport_fastrtps_c.h
[6.470s] -- Up-to-date: /home/anlh/pedsim_ros2/install/pedsim_msgs/include/pedsim_msgs/pedsim_msgs/msg/detail/agent_force__rosidl_typesupport_fastrtps_c.h
[6.470s] -- Up-to-date: /home/anlh/pedsim_ros2/install/pedsim_msgs/include/pedsim_msgs/pedsim_msgs/msg/detail/agent_states__rosidl_typesupport_fastrtps_c.h
[6.470s] -- Up-to-date: /home/anlh/pedsim_ros2/install/pedsim_msgs/include/pedsim_msgs/pedsim_msgs/msg/detail/tracked_groups__rosidl_typesupport_fastrtps_c.h
[6.470s] -- Up-to-date: /home/anlh/pedsim_ros2/install/pedsim_msgs/include/pedsim_msgs/pedsim_msgs/msg/detail/agent_group__rosidl_typesupport_fastrtps_c.h
[6.470s] -- Up-to-date: /home/anlh/pedsim_ros2/install/pedsim_msgs/include/pedsim_msgs/pedsim_msgs/msg/detail/social_activities__rosidl_typesupport_fastrtps_c.h
[6.470s] -- Up-to-date: /home/anlh/pedsim_ros2/install/pedsim_msgs/include/pedsim_msgs/pedsim_msgs/msg/detail/tracked_person__rosidl_typesupport_fastrtps_c.h
[6.471s] -- Up-to-date: /home/anlh/pedsim_ros2/install/pedsim_msgs/include/pedsim_msgs/pedsim_msgs/msg/detail/line_obstacles__rosidl_typesupport_fastrtps_c.h
[6.471s] -- Up-to-date: /home/anlh/pedsim_ros2/install/pedsim_msgs/lib/libpedsim_msgs__rosidl_typesupport_fastrtps_c.so
[6.471s] -- Up-to-date: /home/anlh/pedsim_ros2/install/pedsim_msgs/include/pedsim_msgs/pedsim_msgs
[6.471s] -- Up-to-date: /home/anlh/pedsim_ros2/install/pedsim_msgs/include/pedsim_msgs/pedsim_msgs/msg
[6.471s] -- Up-to-date: /home/anlh/pedsim_ros2/install/pedsim_msgs/include/pedsim_msgs/pedsim_msgs/msg/tracked_person.hpp
[6.471s] -- Up-to-date: /home/anlh/pedsim_ros2/install/pedsim_msgs/include/pedsim_msgs/pedsim_msgs/msg/agent_group.hpp
[6.471s] -- Up-to-date: /home/anlh/pedsim_ros2/install/pedsim_msgs/include/pedsim_msgs/pedsim_msgs/msg/agent_state.hpp
[6.471s] -- Up-to-date: /home/anlh/pedsim_ros2/install/pedsim_msgs/include/pedsim_msgs/pedsim_msgs/msg/line_obstacles.hpp
[6.471s] -- Up-to-date: /home/anlh/pedsim_ros2/install/pedsim_msgs/include/pedsim_msgs/pedsim_msgs/msg/agent_states.hpp
[6.471s] -- Up-to-date: /home/anlh/pedsim_ros2/install/pedsim_msgs/include/pedsim_msgs/pedsim_msgs/msg/tracked_persons.hpp
[6.471s] -- Up-to-date: /home/anlh/pedsim_ros2/install/pedsim_msgs/include/pedsim_msgs/pedsim_msgs/msg/detail
[6.471s] -- Up-to-date: /home/anlh/pedsim_ros2/install/pedsim_msgs/include/pedsim_msgs/pedsim_msgs/msg/detail/line_obstacles__traits.hpp
[6.471s] -- Up-to-date: /home/anlh/pedsim_ros2/install/pedsim_msgs/include/pedsim_msgs/pedsim_msgs/msg/detail/social_activities__traits.hpp
[6.471s] -- Up-to-date: /home/anlh/pedsim_ros2/install/pedsim_msgs/include/pedsim_msgs/pedsim_msgs/msg/detail/agent_force__traits.hpp
[6.471s] -- Up-to-date: /home/anlh/pedsim_ros2/install/pedsim_msgs/include/pedsim_msgs/pedsim_msgs/msg/detail/tracked_group__struct.hpp
[6.471s] -- Up-to-date: /home/anlh/pedsim_ros2/install/pedsim_msgs/include/pedsim_msgs/pedsim_msgs/msg/detail/agent_states__struct.hpp
[6.471s] -- Up-to-date: /home/anlh/pedsim_ros2/install/pedsim_msgs/include/pedsim_msgs/pedsim_msgs/msg/detail/tracked_persons__traits.hpp
[6.471s] -- Up-to-date: /home/anlh/pedsim_ros2/install/pedsim_msgs/include/pedsim_msgs/pedsim_msgs/msg/detail/agent_states__traits.hpp
[6.471s] -- Up-to-date: /home/anlh/pedsim_ros2/install/pedsim_msgs/include/pedsim_msgs/pedsim_msgs/msg/detail/tracked_group__traits.hpp
[6.471s] -- Up-to-date: /home/anlh/pedsim_ros2/install/pedsim_msgs/include/pedsim_msgs/pedsim_msgs/msg/detail/agent_groups__builder.hpp
[6.471s] -- Up-to-date: /home/anlh/pedsim_ros2/install/pedsim_msgs/include/pedsim_msgs/pedsim_msgs/msg/detail/social_activities__struct.hpp
[6.471s] -- Up-to-date: /home/anlh/pedsim_ros2/install/pedsim_msgs/include/pedsim_msgs/pedsim_msgs/msg/detail/line_obstacles__struct.hpp
[6.472s] -- Up-to-date: /home/anlh/pedsim_ros2/install/pedsim_msgs/include/pedsim_msgs/pedsim_msgs/msg/detail/tracked_person__struct.hpp
[6.472s] -- Up-to-date: /home/anlh/pedsim_ros2/install/pedsim_msgs/include/pedsim_msgs/pedsim_msgs/msg/detail/tracked_persons__builder.hpp
[6.472s] -- Up-to-date: /home/anlh/pedsim_ros2/install/pedsim_msgs/include/pedsim_msgs/pedsim_msgs/msg/detail/line_obstacles__builder.hpp
[6.472s] -- Up-to-date: /home/anlh/pedsim_ros2/install/pedsim_msgs/include/pedsim_msgs/pedsim_msgs/msg/detail/agent_state__traits.hpp
[6.472s] -- Up-to-date: /home/anlh/pedsim_ros2/install/pedsim_msgs/include/pedsim_msgs/pedsim_msgs/msg/detail/agent_state__builder.hpp
[6.472s] -- Up-to-date: /home/anlh/pedsim_ros2/install/pedsim_msgs/include/pedsim_msgs/pedsim_msgs/msg/detail/agent_states__builder.hpp
[6.472s] -- Up-to-date: /home/anlh/pedsim_ros2/install/pedsim_msgs/include/pedsim_msgs/pedsim_msgs/msg/detail/agent_group__struct.hpp
[6.472s] -- Up-to-date: /home/anlh/pedsim_ros2/install/pedsim_msgs/include/pedsim_msgs/pedsim_msgs/msg/detail/tracked_groups__traits.hpp
[6.472s] -- Up-to-date: /home/anlh/pedsim_ros2/install/pedsim_msgs/include/pedsim_msgs/pedsim_msgs/msg/detail/social_relations__builder.hpp
[6.472s] -- Up-to-date: /home/anlh/pedsim_ros2/install/pedsim_msgs/include/pedsim_msgs/pedsim_msgs/msg/detail/social_activity__struct.hpp
[6.472s] -- Up-to-date: /home/anlh/pedsim_ros2/install/pedsim_msgs/include/pedsim_msgs/pedsim_msgs/msg/detail/line_obstacle__builder.hpp
[6.472s] -- Up-to-date: /home/anlh/pedsim_ros2/install/pedsim_msgs/include/pedsim_msgs/pedsim_msgs/msg/detail/agent_force__builder.hpp
[6.472s] -- Up-to-date: /home/anlh/pedsim_ros2/install/pedsim_msgs/include/pedsim_msgs/pedsim_msgs/msg/detail/social_activity__traits.hpp
[6.472s] -- Up-to-date: /home/anlh/pedsim_ros2/install/pedsim_msgs/include/pedsim_msgs/pedsim_msgs/msg/detail/agent_groups__traits.hpp
[6.472s] -- Up-to-date: /home/anlh/pedsim_ros2/install/pedsim_msgs/include/pedsim_msgs/pedsim_msgs/msg/detail/tracked_persons__struct.hpp
[6.472s] -- Up-to-date: /home/anlh/pedsim_ros2/install/pedsim_msgs/include/pedsim_msgs/pedsim_msgs/msg/detail/agent_groups__struct.hpp
[6.472s] -- Up-to-date: /home/anlh/pedsim_ros2/install/pedsim_msgs/include/pedsim_msgs/pedsim_msgs/msg/detail/agent_group__traits.hpp
[6.472s] -- Up-to-date: /home/anlh/pedsim_ros2/install/pedsim_msgs/include/pedsim_msgs/pedsim_msgs/msg/detail/social_relations__struct.hpp
[6.472s] -- Up-to-date: /home/anlh/pedsim_ros2/install/pedsim_msgs/include/pedsim_msgs/pedsim_msgs/msg/detail/agent_force__struct.hpp
[6.472s] -- Up-to-date: /home/anlh/pedsim_ros2/install/pedsim_msgs/include/pedsim_msgs/pedsim_msgs/msg/detail/tracked_groups__builder.hpp
[6.472s] -- Up-to-date: /home/anlh/pedsim_ros2/install/pedsim_msgs/include/pedsim_msgs/pedsim_msgs/msg/detail/agent_group__builder.hpp
[6.472s] -- Up-to-date: /home/anlh/pedsim_ros2/install/pedsim_msgs/include/pedsim_msgs/pedsim_msgs/msg/detail/social_activities__builder.hpp
[6.472s] -- Up-to-date: /home/anlh/pedsim_ros2/install/pedsim_msgs/include/pedsim_msgs/pedsim_msgs/msg/detail/social_relations__traits.hpp
[6.472s] -- Up-to-date: /home/anlh/pedsim_ros2/install/pedsim_msgs/include/pedsim_msgs/pedsim_msgs/msg/detail/line_obstacle__traits.hpp
[6.472s] -- Up-to-date: /home/anlh/pedsim_ros2/install/pedsim_msgs/include/pedsim_msgs/pedsim_msgs/msg/detail/social_relation__traits.hpp
[6.472s] -- Up-to-date: /home/anlh/pedsim_ros2/install/pedsim_msgs/include/pedsim_msgs/pedsim_msgs/msg/detail/tracked_person__traits.hpp
[6.472s] -- Up-to-date: /home/anlh/pedsim_ros2/install/pedsim_msgs/include/pedsim_msgs/pedsim_msgs/msg/detail/social_relation__struct.hpp
[6.472s] -- Up-to-date: /home/anlh/pedsim_ros2/install/pedsim_msgs/include/pedsim_msgs/pedsim_msgs/msg/detail/social_relation__builder.hpp
[6.472s] -- Up-to-date: /home/anlh/pedsim_ros2/install/pedsim_msgs/include/pedsim_msgs/pedsim_msgs/msg/detail/line_obstacle__struct.hpp
[6.472s] -- Up-to-date: /home/anlh/pedsim_ros2/install/pedsim_msgs/include/pedsim_msgs/pedsim_msgs/msg/detail/tracked_group__builder.hpp
[6.472s] -- Up-to-date: /home/anlh/pedsim_ros2/install/pedsim_msgs/include/pedsim_msgs/pedsim_msgs/msg/detail/social_activity__builder.hpp
[6.473s] -- Up-to-date: /home/anlh/pedsim_ros2/install/pedsim_msgs/include/pedsim_msgs/pedsim_msgs/msg/detail/agent_state__struct.hpp
[6.473s] -- Up-to-date: /home/anlh/pedsim_ros2/install/pedsim_msgs/include/pedsim_msgs/pedsim_msgs/msg/detail/tracked_groups__struct.hpp
[6.473s] -- Up-to-date: /home/anlh/pedsim_ros2/install/pedsim_msgs/include/pedsim_msgs/pedsim_msgs/msg/detail/tracked_person__builder.hpp
[6.473s] -- Up-to-date: /home/anlh/pedsim_ros2/install/pedsim_msgs/include/pedsim_msgs/pedsim_msgs/msg/agent_groups.hpp
[6.473s] -- Up-to-date: /home/anlh/pedsim_ros2/install/pedsim_msgs/include/pedsim_msgs/pedsim_msgs/msg/social_relations.hpp
[6.473s] -- Up-to-date: /home/anlh/pedsim_ros2/install/pedsim_msgs/include/pedsim_msgs/pedsim_msgs/msg/social_relation.hpp
[6.473s] -- Up-to-date: /home/anlh/pedsim_ros2/install/pedsim_msgs/include/pedsim_msgs/pedsim_msgs/msg/line_obstacle.hpp
[6.473s] -- Up-to-date: /home/anlh/pedsim_ros2/install/pedsim_msgs/include/pedsim_msgs/pedsim_msgs/msg/tracked_groups.hpp
[6.473s] -- Up-to-date: /home/anlh/pedsim_ros2/install/pedsim_msgs/include/pedsim_msgs/pedsim_msgs/msg/social_activities.hpp
[6.473s] -- Up-to-date: /home/anlh/pedsim_ros2/install/pedsim_msgs/include/pedsim_msgs/pedsim_msgs/msg/social_activity.hpp
[6.473s] -- Up-to-date: /home/anlh/pedsim_ros2/install/pedsim_msgs/include/pedsim_msgs/pedsim_msgs/msg/agent_force.hpp
[6.473s] -- Up-to-date: /home/anlh/pedsim_ros2/install/pedsim_msgs/include/pedsim_msgs/pedsim_msgs/msg/tracked_group.hpp
[6.473s] -- Up-to-date: /home/anlh/pedsim_ros2/install/pedsim_msgs/include/pedsim_msgs/pedsim_msgs
[6.473s] -- Up-to-date: /home/anlh/pedsim_ros2/install/pedsim_msgs/include/pedsim_msgs/pedsim_msgs/msg
[6.473s] -- Up-to-date: /home/anlh/pedsim_ros2/install/pedsim_msgs/include/pedsim_msgs/pedsim_msgs/msg/rosidl_typesupport_fastrtps_cpp__visibility_control.h
[6.473s] -- Up-to-date: /home/anlh/pedsim_ros2/install/pedsim_msgs/include/pedsim_msgs/pedsim_msgs/msg/detail
[6.473s] -- Up-to-date: /home/anlh/pedsim_ros2/install/pedsim_msgs/include/pedsim_msgs/pedsim_msgs/msg/detail/tracked_person__rosidl_typesupport_fastrtps_cpp.hpp
[6.473s] -- Up-to-date: /home/anlh/pedsim_ros2/install/pedsim_msgs/include/pedsim_msgs/pedsim_msgs/msg/detail/dds_fastrtps
[6.473s] -- Up-to-date: /home/anlh/pedsim_ros2/install/pedsim_msgs/include/pedsim_msgs/pedsim_msgs/msg/detail/tracked_groups__rosidl_typesupport_fastrtps_cpp.hpp
[6.473s] -- Up-to-date: /home/anlh/pedsim_ros2/install/pedsim_msgs/include/pedsim_msgs/pedsim_msgs/msg/detail/social_activities__rosidl_typesupport_fastrtps_cpp.hpp
[6.473s] -- Up-to-date: /home/anlh/pedsim_ros2/install/pedsim_msgs/include/pedsim_msgs/pedsim_msgs/msg/detail/agent_groups__rosidl_typesupport_fastrtps_cpp.hpp
[6.473s] -- Up-to-date: /home/anlh/pedsim_ros2/install/pedsim_msgs/include/pedsim_msgs/pedsim_msgs/msg/detail/line_obstacle__rosidl_typesupport_fastrtps_cpp.hpp
[6.473s] -- Up-to-date: /home/anlh/pedsim_ros2/install/pedsim_msgs/include/pedsim_msgs/pedsim_msgs/msg/detail/agent_states__rosidl_typesupport_fastrtps_cpp.hpp
[6.473s] -- Up-to-date: /home/anlh/pedsim_ros2/install/pedsim_msgs/include/pedsim_msgs/pedsim_msgs/msg/detail/agent_state__rosidl_typesupport_fastrtps_cpp.hpp
[6.473s] -- Up-to-date: /home/anlh/pedsim_ros2/install/pedsim_msgs/include/pedsim_msgs/pedsim_msgs/msg/detail/line_obstacles__rosidl_typesupport_fastrtps_cpp.hpp
[6.473s] -- Up-to-date: /home/anlh/pedsim_ros2/install/pedsim_msgs/include/pedsim_msgs/pedsim_msgs/msg/detail/social_relation__rosidl_typesupport_fastrtps_cpp.hpp
[6.473s] -- Up-to-date: /home/anlh/pedsim_ros2/install/pedsim_msgs/include/pedsim_msgs/pedsim_msgs/msg/detail/social_activity__rosidl_typesupport_fastrtps_cpp.hpp
[6.473s] -- Up-to-date: /home/anlh/pedsim_ros2/install/pedsim_msgs/include/pedsim_msgs/pedsim_msgs/msg/detail/agent_group__rosidl_typesupport_fastrtps_cpp.hpp
[6.473s] -- Up-to-date: /home/anlh/pedsim_ros2/install/pedsim_msgs/include/pedsim_msgs/pedsim_msgs/msg/detail/tracked_persons__rosidl_typesupport_fastrtps_cpp.hpp
[6.473s] -- Up-to-date: /home/anlh/pedsim_ros2/install/pedsim_msgs/include/pedsim_msgs/pedsim_msgs/msg/detail/agent_force__rosidl_typesupport_fastrtps_cpp.hpp
[6.473s] -- Up-to-date: /home/anlh/pedsim_ros2/install/pedsim_msgs/include/pedsim_msgs/pedsim_msgs/msg/detail/social_relations__rosidl_typesupport_fastrtps_cpp.hpp
[6.474s] -- Up-to-date: /home/anlh/pedsim_ros2/install/pedsim_msgs/include/pedsim_msgs/pedsim_msgs/msg/detail/tracked_group__rosidl_typesupport_fastrtps_cpp.hpp
[6.474s] -- Up-to-date: /home/anlh/pedsim_ros2/install/pedsim_msgs/lib/libpedsim_msgs__rosidl_typesupport_fastrtps_cpp.so
[6.474s] -- Up-to-date: /home/anlh/pedsim_ros2/install/pedsim_msgs/include/pedsim_msgs/pedsim_msgs
[6.474s] -- Up-to-date: /home/anlh/pedsim_ros2/install/pedsim_msgs/include/pedsim_msgs/pedsim_msgs/msg
[6.474s] -- Up-to-date: /home/anlh/pedsim_ros2/install/pedsim_msgs/include/pedsim_msgs/pedsim_msgs/msg/detail
[6.474s] -- Up-to-date: /home/anlh/pedsim_ros2/install/pedsim_msgs/include/pedsim_msgs/pedsim_msgs/msg/detail/social_activity__type_support.c
[6.474s] -- Up-to-date: /home/anlh/pedsim_ros2/install/pedsim_msgs/include/pedsim_msgs/pedsim_msgs/msg/detail/tracked_group__type_support.c
[6.474s] -- Up-to-date: /home/anlh/pedsim_ros2/install/pedsim_msgs/include/pedsim_msgs/pedsim_msgs/msg/detail/social_relations__type_support.c
[6.474s] -- Up-to-date: /home/anlh/pedsim_ros2/install/pedsim_msgs/include/pedsim_msgs/pedsim_msgs/msg/detail/agent_group__rosidl_typesupport_introspection_c.h
[6.474s] -- Up-to-date: /home/anlh/pedsim_ros2/install/pedsim_msgs/include/pedsim_msgs/pedsim_msgs/msg/detail/social_relations__rosidl_typesupport_introspection_c.h
[6.474s] -- Up-to-date: /home/anlh/pedsim_ros2/install/pedsim_msgs/include/pedsim_msgs/pedsim_msgs/msg/detail/agent_state__type_support.c
[6.474s] -- Up-to-date: /home/anlh/pedsim_ros2/install/pedsim_msgs/include/pedsim_msgs/pedsim_msgs/msg/detail/agent_force__type_support.c
[6.474s] -- Up-to-date: /home/anlh/pedsim_ros2/install/pedsim_msgs/include/pedsim_msgs/pedsim_msgs/msg/detail/social_activities__rosidl_typesupport_introspection_c.h
[6.474s] -- Up-to-date: /home/anlh/pedsim_ros2/install/pedsim_msgs/include/pedsim_msgs/pedsim_msgs/msg/detail/tracked_person__rosidl_typesupport_introspection_c.h
[6.474s] -- Up-to-date: /home/anlh/pedsim_ros2/install/pedsim_msgs/include/pedsim_msgs/pedsim_msgs/msg/detail/agent_groups__type_support.c
[6.474s] -- Up-to-date: /home/anlh/pedsim_ros2/install/pedsim_msgs/include/pedsim_msgs/pedsim_msgs/msg/detail/social_relation__rosidl_typesupport_introspection_c.h
[6.474s] -- Up-to-date: /home/anlh/pedsim_ros2/install/pedsim_msgs/include/pedsim_msgs/pedsim_msgs/msg/detail/agent_states__type_support.c
[6.474s] -- Up-to-date: /home/anlh/pedsim_ros2/install/pedsim_msgs/include/pedsim_msgs/pedsim_msgs/msg/detail/social_activities__type_support.c
[6.474s] -- Up-to-date: /home/anlh/pedsim_ros2/install/pedsim_msgs/include/pedsim_msgs/pedsim_msgs/msg/detail/tracked_persons__rosidl_typesupport_introspection_c.h
[6.474s] -- Up-to-date: /home/anlh/pedsim_ros2/install/pedsim_msgs/include/pedsim_msgs/pedsim_msgs/msg/detail/tracked_groups__rosidl_typesupport_introspection_c.h
[6.474s] -- Up-to-date: /home/anlh/pedsim_ros2/install/pedsim_msgs/include/pedsim_msgs/pedsim_msgs/msg/detail/line_obstacles__type_support.c
[6.474s] -- Up-to-date: /home/anlh/pedsim_ros2/install/pedsim_msgs/include/pedsim_msgs/pedsim_msgs/msg/detail/agent_state__rosidl_typesupport_introspection_c.h
[6.474s] -- Up-to-date: /home/anlh/pedsim_ros2/install/pedsim_msgs/include/pedsim_msgs/pedsim_msgs/msg/detail/line_obstacle__type_support.c
[6.474s] -- Up-to-date: /home/anlh/pedsim_ros2/install/pedsim_msgs/include/pedsim_msgs/pedsim_msgs/msg/detail/tracked_group__rosidl_typesupport_introspection_c.h
[6.474s] -- Up-to-date: /home/anlh/pedsim_ros2/install/pedsim_msgs/include/pedsim_msgs/pedsim_msgs/msg/detail/social_activity__rosidl_typesupport_introspection_c.h
[6.474s] -- Up-to-date: /home/anlh/pedsim_ros2/install/pedsim_msgs/include/pedsim_msgs/pedsim_msgs/msg/detail/agent_states__rosidl_typesupport_introspection_c.h
[6.474s] -- Up-to-date: /home/anlh/pedsim_ros2/install/pedsim_msgs/include/pedsim_msgs/pedsim_msgs/msg/detail/agent_groups__rosidl_typesupport_introspection_c.h
[6.474s] -- Up-to-date: /home/anlh/pedsim_ros2/install/pedsim_msgs/include/pedsim_msgs/pedsim_msgs/msg/detail/social_relation__type_support.c
[6.474s] -- Up-to-date: /home/anlh/pedsim_ros2/install/pedsim_msgs/include/pedsim_msgs/pedsim_msgs/msg/detail/line_obstacle__rosidl_typesupport_introspection_c.h
[6.474s] -- Up-to-date: /home/anlh/pedsim_ros2/install/pedsim_msgs/include/pedsim_msgs/pedsim_msgs/msg/detail/agent_force__rosidl_typesupport_introspection_c.h
[6.474s] -- Up-to-date: /home/anlh/pedsim_ros2/install/pedsim_msgs/include/pedsim_msgs/pedsim_msgs/msg/detail/agent_group__type_support.c
[6.474s] -- Up-to-date: /home/anlh/pedsim_ros2/install/pedsim_msgs/include/pedsim_msgs/pedsim_msgs/msg/detail/line_obstacles__rosidl_typesupport_introspection_c.h
[6.475s] -- Up-to-date: /home/anlh/pedsim_ros2/install/pedsim_msgs/include/pedsim_msgs/pedsim_msgs/msg/detail/tracked_person__type_support.c
[6.475s] -- Up-to-date: /home/anlh/pedsim_ros2/install/pedsim_msgs/include/pedsim_msgs/pedsim_msgs/msg/detail/tracked_persons__type_support.c
[6.475s] -- Up-to-date: /home/anlh/pedsim_ros2/install/pedsim_msgs/include/pedsim_msgs/pedsim_msgs/msg/detail/tracked_groups__type_support.c
[6.475s] -- Up-to-date: /home/anlh/pedsim_ros2/install/pedsim_msgs/include/pedsim_msgs/pedsim_msgs/msg/rosidl_typesupport_introspection_c__visibility_control.h
[6.475s] -- Up-to-date: /home/anlh/pedsim_ros2/install/pedsim_msgs/lib/libpedsim_msgs__rosidl_typesupport_introspection_c.so
[6.475s] -- Up-to-date: /home/anlh/pedsim_ros2/install/pedsim_msgs/lib/libpedsim_msgs__rosidl_typesupport_c.so
[6.475s] -- Up-to-date: /home/anlh/pedsim_ros2/install/pedsim_msgs/include/pedsim_msgs/pedsim_msgs
[6.475s] -- Up-to-date: /home/anlh/pedsim_ros2/install/pedsim_msgs/include/pedsim_msgs/pedsim_msgs/msg
[6.475s] -- Up-to-date: /home/anlh/pedsim_ros2/install/pedsim_msgs/include/pedsim_msgs/pedsim_msgs/msg/detail
[6.475s] -- Up-to-date: /home/anlh/pedsim_ros2/install/pedsim_msgs/include/pedsim_msgs/pedsim_msgs/msg/detail/social_relation__type_support.cpp
[6.475s] -- Up-to-date: /home/anlh/pedsim_ros2/install/pedsim_msgs/include/pedsim_msgs/pedsim_msgs/msg/detail/agent_groups__rosidl_typesupport_introspection_cpp.hpp
[6.475s] -- Up-to-date: /home/anlh/pedsim_ros2/install/pedsim_msgs/include/pedsim_msgs/pedsim_msgs/msg/detail/social_relation__rosidl_typesupport_introspection_cpp.hpp
[6.475s] -- Up-to-date: /home/anlh/pedsim_ros2/install/pedsim_msgs/include/pedsim_msgs/pedsim_msgs/msg/detail/line_obstacles__rosidl_typesupport_introspection_cpp.hpp
[6.475s] -- Up-to-date: /home/anlh/pedsim_ros2/install/pedsim_msgs/include/pedsim_msgs/pedsim_msgs/msg/detail/line_obstacle__type_support.cpp
[6.475s] -- Up-to-date: /home/anlh/pedsim_ros2/install/pedsim_msgs/include/pedsim_msgs/pedsim_msgs/msg/detail/agent_group__type_support.cpp
[6.475s] -- Up-to-date: /home/anlh/pedsim_ros2/install/pedsim_msgs/include/pedsim_msgs/pedsim_msgs/msg/detail/agent_groups__type_support.cpp
[6.475s] -- Up-to-date: /home/anlh/pedsim_ros2/install/pedsim_msgs/include/pedsim_msgs/pedsim_msgs/msg/detail/tracked_person__type_support.cpp
[6.475s] -- Up-to-date: /home/anlh/pedsim_ros2/install/pedsim_msgs/include/pedsim_msgs/pedsim_msgs/msg/detail/agent_force__type_support.cpp
[6.475s] -- Up-to-date: /home/anlh/pedsim_ros2/install/pedsim_msgs/include/pedsim_msgs/pedsim_msgs/msg/detail/agent_state__type_support.cpp
[6.475s] -- Up-to-date: /home/anlh/pedsim_ros2/install/pedsim_msgs/include/pedsim_msgs/pedsim_msgs/msg/detail/social_activities__rosidl_typesupport_introspection_cpp.hpp
[6.475s] -- Up-to-date: /home/anlh/pedsim_ros2/install/pedsim_msgs/include/pedsim_msgs/pedsim_msgs/msg/detail/tracked_persons__type_support.cpp
[6.475s] -- Up-to-date: /home/anlh/pedsim_ros2/install/pedsim_msgs/include/pedsim_msgs/pedsim_msgs/msg/detail/tracked_person__rosidl_typesupport_introspection_cpp.hpp
[6.475s] -- Up-to-date: /home/anlh/pedsim_ros2/install/pedsim_msgs/include/pedsim_msgs/pedsim_msgs/msg/detail/tracked_groups__rosidl_typesupport_introspection_cpp.hpp
[6.475s] -- Up-to-date: /home/anlh/pedsim_ros2/install/pedsim_msgs/include/pedsim_msgs/pedsim_msgs/msg/detail/agent_states__type_support.cpp
[6.475s] -- Up-to-date: /home/anlh/pedsim_ros2/install/pedsim_msgs/include/pedsim_msgs/pedsim_msgs/msg/detail/tracked_persons__rosidl_typesupport_introspection_cpp.hpp
[6.475s] -- Up-to-date: /home/anlh/pedsim_ros2/install/pedsim_msgs/include/pedsim_msgs/pedsim_msgs/msg/detail/social_activity__rosidl_typesupport_introspection_cpp.hpp
[6.475s] -- Up-to-date: /home/anlh/pedsim_ros2/install/pedsim_msgs/include/pedsim_msgs/pedsim_msgs/msg/detail/tracked_groups__type_support.cpp
[6.475s] -- Up-to-date: /home/anlh/pedsim_ros2/install/pedsim_msgs/include/pedsim_msgs/pedsim_msgs/msg/detail/social_relations__type_support.cpp
[6.475s] -- Up-to-date: /home/anlh/pedsim_ros2/install/pedsim_msgs/include/pedsim_msgs/pedsim_msgs/msg/detail/tracked_group__rosidl_typesupport_introspection_cpp.hpp
[6.475s] -- Up-to-date: /home/anlh/pedsim_ros2/install/pedsim_msgs/include/pedsim_msgs/pedsim_msgs/msg/detail/agent_state__rosidl_typesupport_introspection_cpp.hpp
[6.475s] -- Up-to-date: /home/anlh/pedsim_ros2/install/pedsim_msgs/include/pedsim_msgs/pedsim_msgs/msg/detail/agent_states__rosidl_typesupport_introspection_cpp.hpp
[6.475s] -- Up-to-date: /home/anlh/pedsim_ros2/install/pedsim_msgs/include/pedsim_msgs/pedsim_msgs/msg/detail/social_relations__rosidl_typesupport_introspection_cpp.hpp
[6.476s] -- Up-to-date: /home/anlh/pedsim_ros2/install/pedsim_msgs/include/pedsim_msgs/pedsim_msgs/msg/detail/social_activity__type_support.cpp
[6.476s] -- Up-to-date: /home/anlh/pedsim_ros2/install/pedsim_msgs/include/pedsim_msgs/pedsim_msgs/msg/detail/line_obstacles__type_support.cpp
[6.476s] -- Up-to-date: /home/anlh/pedsim_ros2/install/pedsim_msgs/include/pedsim_msgs/pedsim_msgs/msg/detail/tracked_group__type_support.cpp
[6.476s] -- Up-to-date: /home/anlh/pedsim_ros2/install/pedsim_msgs/include/pedsim_msgs/pedsim_msgs/msg/detail/social_activities__type_support.cpp
[6.476s] -- Up-to-date: /home/anlh/pedsim_ros2/install/pedsim_msgs/include/pedsim_msgs/pedsim_msgs/msg/detail/agent_force__rosidl_typesupport_introspection_cpp.hpp
[6.476s] -- Up-to-date: /home/anlh/pedsim_ros2/install/pedsim_msgs/include/pedsim_msgs/pedsim_msgs/msg/detail/agent_group__rosidl_typesupport_introspection_cpp.hpp
[6.476s] -- Up-to-date: /home/anlh/pedsim_ros2/install/pedsim_msgs/include/pedsim_msgs/pedsim_msgs/msg/detail/line_obstacle__rosidl_typesupport_introspection_cpp.hpp
[6.476s] -- Up-to-date: /home/anlh/pedsim_ros2/install/pedsim_msgs/lib/libpedsim_msgs__rosidl_typesupport_introspection_cpp.so
[6.476s] -- Up-to-date: /home/anlh/pedsim_ros2/install/pedsim_msgs/lib/libpedsim_msgs__rosidl_typesupport_cpp.so
[6.476s] -- Up-to-date: /home/anlh/pedsim_ros2/install/pedsim_msgs/share/pedsim_msgs/environment/pythonpath.sh
[6.476s] -- Installing: /home/anlh/pedsim_ros2/install/pedsim_msgs/share/pedsim_msgs/environment/pythonpath.dsv
[6.476s] -- Up-to-date: /home/anlh/pedsim_ros2/install/pedsim_msgs/local/lib/python3.10/dist-packages/pedsim_msgs-0.0.1-py3.10.egg-info
[6.476s] -- Installing: /home/anlh/pedsim_ros2/install/pedsim_msgs/local/lib/python3.10/dist-packages/pedsim_msgs-0.0.1-py3.10.egg-info/dependency_links.txt
[6.476s] -- Installing: /home/anlh/pedsim_ros2/install/pedsim_msgs/local/lib/python3.10/dist-packages/pedsim_msgs-0.0.1-py3.10.egg-info/PKG-INFO
[6.476s] -- Installing: /home/anlh/pedsim_ros2/install/pedsim_msgs/local/lib/python3.10/dist-packages/pedsim_msgs-0.0.1-py3.10.egg-info/SOURCES.txt
[6.476s] -- Installing: /home/anlh/pedsim_ros2/install/pedsim_msgs/local/lib/python3.10/dist-packages/pedsim_msgs-0.0.1-py3.10.egg-info/top_level.txt
[6.476s] -- Up-to-date: /home/anlh/pedsim_ros2/install/pedsim_msgs/local/lib/python3.10/dist-packages/pedsim_msgs
[6.476s] -- Up-to-date: /home/anlh/pedsim_ros2/install/pedsim_msgs/local/lib/python3.10/dist-packages/pedsim_msgs/_pedsim_msgs_s.ep.rosidl_typesupport_fastrtps_c.c
[6.476s] -- Up-to-date: /home/anlh/pedsim_ros2/install/pedsim_msgs/local/lib/python3.10/dist-packages/pedsim_msgs/pedsim_msgs_s__rosidl_typesupport_fastrtps_c.cpython-310-x86_64-linux-gnu.so
[6.476s] -- Up-to-date: /home/anlh/pedsim_ros2/install/pedsim_msgs/local/lib/python3.10/dist-packages/pedsim_msgs/libpedsim_msgs__rosidl_generator_py.so
[6.476s] -- Up-to-date: /home/anlh/pedsim_ros2/install/pedsim_msgs/local/lib/python3.10/dist-packages/pedsim_msgs/_pedsim_msgs_s.ep.rosidl_typesupport_introspection_c.c
[6.476s] -- Installing: /home/anlh/pedsim_ros2/install/pedsim_msgs/local/lib/python3.10/dist-packages/pedsim_msgs/__init__.py
[6.476s] -- Up-to-date: /home/anlh/pedsim_ros2/install/pedsim_msgs/local/lib/python3.10/dist-packages/pedsim_msgs/pedsim_msgs_s__rosidl_typesupport_introspection_c.cpython-310-x86_64-linux-gnu.so
[6.476s] -- Up-to-date: /home/anlh/pedsim_ros2/install/pedsim_msgs/local/lib/python3.10/dist-packages/pedsim_msgs/pedsim_msgs_s__rosidl_typesupport_c.cpython-310-x86_64-linux-gnu.so
[6.476s] -- Up-to-date: /home/anlh/pedsim_ros2/install/pedsim_msgs/local/lib/python3.10/dist-packages/pedsim_msgs/msg
[6.476s] -- Up-to-date: /home/anlh/pedsim_ros2/install/pedsim_msgs/local/lib/python3.10/dist-packages/pedsim_msgs/msg/_agent_groups.py
[6.476s] -- Up-to-date: /home/anlh/pedsim_ros2/install/pedsim_msgs/local/lib/python3.10/dist-packages/pedsim_msgs/msg/_tracked_group_s.c
[6.476s] -- Up-to-date: /home/anlh/pedsim_ros2/install/pedsim_msgs/local/lib/python3.10/dist-packages/pedsim_msgs/msg/_social_relation_s.c
[6.476s] -- Up-to-date: /home/anlh/pedsim_ros2/install/pedsim_msgs/local/lib/python3.10/dist-packages/pedsim_msgs/msg/_tracked_group.py
[6.476s] -- Up-to-date: /home/anlh/pedsim_ros2/install/pedsim_msgs/local/lib/python3.10/dist-packages/pedsim_msgs/msg/__init__.py
[6.476s] -- Up-to-date: /home/anlh/pedsim_ros2/install/pedsim_msgs/local/lib/python3.10/dist-packages/pedsim_msgs/msg/_agent_state.py
[6.476s] -- Up-to-date: /home/anlh/pedsim_ros2/install/pedsim_msgs/local/lib/python3.10/dist-packages/pedsim_msgs/msg/_social_relation.py
[6.477s] -- Up-to-date: /home/anlh/pedsim_ros2/install/pedsim_msgs/local/lib/python3.10/dist-packages/pedsim_msgs/msg/_social_relations_s.c
[6.477s] -- Up-to-date: /home/anlh/pedsim_ros2/install/pedsim_msgs/local/lib/python3.10/dist-packages/pedsim_msgs/msg/_agent_groups_s.c
[6.477s] -- Up-to-date: /home/anlh/pedsim_ros2/install/pedsim_msgs/local/lib/python3.10/dist-packages/pedsim_msgs/msg/_line_obstacles.py
[6.477s] -- Up-to-date: /home/anlh/pedsim_ros2/install/pedsim_msgs/local/lib/python3.10/dist-packages/pedsim_msgs/msg/_agent_states.py
[6.477s] -- Up-to-date: /home/anlh/pedsim_ros2/install/pedsim_msgs/local/lib/python3.10/dist-packages/pedsim_msgs/msg/_agent_group.py
[6.477s] -- Up-to-date: /home/anlh/pedsim_ros2/install/pedsim_msgs/local/lib/python3.10/dist-packages/pedsim_msgs/msg/_tracked_person_s.c
[6.477s] -- Up-to-date: /home/anlh/pedsim_ros2/install/pedsim_msgs/local/lib/python3.10/dist-packages/pedsim_msgs/msg/_tracked_persons_s.c
[6.477s] -- Up-to-date: /home/anlh/pedsim_ros2/install/pedsim_msgs/local/lib/python3.10/dist-packages/pedsim_msgs/msg/_tracked_persons.py
[6.477s] -- Up-to-date: /home/anlh/pedsim_ros2/install/pedsim_msgs/local/lib/python3.10/dist-packages/pedsim_msgs/msg/_agent_force.py
[6.477s] -- Up-to-date: /home/anlh/pedsim_ros2/install/pedsim_msgs/local/lib/python3.10/dist-packages/pedsim_msgs/msg/_tracked_person.py
[6.477s] -- Up-to-date: /home/anlh/pedsim_ros2/install/pedsim_msgs/local/lib/python3.10/dist-packages/pedsim_msgs/msg/_agent_state_s.c
[6.477s] -- Up-to-date: /home/anlh/pedsim_ros2/install/pedsim_msgs/local/lib/python3.10/dist-packages/pedsim_msgs/msg/_agent_states_s.c
[6.477s] -- Up-to-date: /home/anlh/pedsim_ros2/install/pedsim_msgs/local/lib/python3.10/dist-packages/pedsim_msgs/msg/_agent_force_s.c
[6.477s] -- Up-to-date: /home/anlh/pedsim_ros2/install/pedsim_msgs/local/lib/python3.10/dist-packages/pedsim_msgs/msg/_social_activities_s.c
[6.477s] -- Up-to-date: /home/anlh/pedsim_ros2/install/pedsim_msgs/local/lib/python3.10/dist-packages/pedsim_msgs/msg/_agent_group_s.c
[6.477s] -- Up-to-date: /home/anlh/pedsim_ros2/install/pedsim_msgs/local/lib/python3.10/dist-packages/pedsim_msgs/msg/_social_activity.py
[6.477s] -- Up-to-date: /home/anlh/pedsim_ros2/install/pedsim_msgs/local/lib/python3.10/dist-packages/pedsim_msgs/msg/_line_obstacle_s.c
[6.477s] -- Up-to-date: /home/anlh/pedsim_ros2/install/pedsim_msgs/local/lib/python3.10/dist-packages/pedsim_msgs/msg/_line_obstacle.py
[6.477s] -- Up-to-date: /home/anlh/pedsim_ros2/install/pedsim_msgs/local/lib/python3.10/dist-packages/pedsim_msgs/msg/_social_activity_s.c
[6.477s] -- Up-to-date: /home/anlh/pedsim_ros2/install/pedsim_msgs/local/lib/python3.10/dist-packages/pedsim_msgs/msg/_tracked_groups.py
[6.477s] -- Up-to-date: /home/anlh/pedsim_ros2/install/pedsim_msgs/local/lib/python3.10/dist-packages/pedsim_msgs/msg/_tracked_groups_s.c
[6.477s] -- Up-to-date: /home/anlh/pedsim_ros2/install/pedsim_msgs/local/lib/python3.10/dist-packages/pedsim_msgs/msg/_social_relations.py
[6.477s] -- Up-to-date: /home/anlh/pedsim_ros2/install/pedsim_msgs/local/lib/python3.10/dist-packages/pedsim_msgs/msg/_social_activities.py
[6.477s] -- Up-to-date: /home/anlh/pedsim_ros2/install/pedsim_msgs/local/lib/python3.10/dist-packages/pedsim_msgs/msg/_line_obstacles_s.c
[6.477s] -- Up-to-date: /home/anlh/pedsim_ros2/install/pedsim_msgs/local/lib/python3.10/dist-packages/pedsim_msgs/_pedsim_msgs_s.ep.rosidl_typesupport_c.c
[6.564s] Listing '/home/anlh/pedsim_ros2/install/pedsim_msgs/local/lib/python3.10/dist-packages/pedsim_msgs'...
[6.564s] Compiling '/home/anlh/pedsim_ros2/install/pedsim_msgs/local/lib/python3.10/dist-packages/pedsim_msgs/__init__.py'...
[6.564s] Listing '/home/anlh/pedsim_ros2/install/pedsim_msgs/local/lib/python3.10/dist-packages/pedsim_msgs/msg'...
[6.567s] -- Up-to-date: /home/anlh/pedsim_ros2/install/pedsim_msgs/local/lib/python3.10/dist-packages/pedsim_msgs/pedsim_msgs_s__rosidl_typesupport_fastrtps_c.cpython-310-x86_64-linux-gnu.so
[6.567s] -- Up-to-date: /home/anlh/pedsim_ros2/install/pedsim_msgs/local/lib/python3.10/dist-packages/pedsim_msgs/pedsim_msgs_s__rosidl_typesupport_introspection_c.cpython-310-x86_64-linux-gnu.so
[6.568s] -- Up-to-date: /home/anlh/pedsim_ros2/install/pedsim_msgs/local/lib/python3.10/dist-packages/pedsim_msgs/pedsim_msgs_s__rosidl_typesupport_c.cpython-310-x86_64-linux-gnu.so
[6.568s] -- Up-to-date: /home/anlh/pedsim_ros2/install/pedsim_msgs/lib/libpedsim_msgs__rosidl_generator_py.so
[6.568s] -- Up-to-date: /home/anlh/pedsim_ros2/install/pedsim_msgs/share/pedsim_msgs/msg/AgentState.idl
[6.568s] -- Up-to-date: /home/anlh/pedsim_ros2/install/pedsim_msgs/share/pedsim_msgs/msg/AgentStates.idl
[6.568s] -- Up-to-date: /home/anlh/pedsim_ros2/install/pedsim_msgs/share/pedsim_msgs/msg/AgentGroup.idl
[6.568s] -- Up-to-date: /home/anlh/pedsim_ros2/install/pedsim_msgs/share/pedsim_msgs/msg/AgentGroups.idl
[6.568s] -- Up-to-date: /home/anlh/pedsim_ros2/install/pedsim_msgs/share/pedsim_msgs/msg/AgentForce.idl
[6.568s] -- Up-to-date: /home/anlh/pedsim_ros2/install/pedsim_msgs/share/pedsim_msgs/msg/LineObstacle.idl
[6.568s] -- Up-to-date: /home/anlh/pedsim_ros2/install/pedsim_msgs/share/pedsim_msgs/msg/LineObstacles.idl
[6.569s] -- Up-to-date: /home/anlh/pedsim_ros2/install/pedsim_msgs/share/pedsim_msgs/msg/TrackedPerson.idl
[6.569s] -- Up-to-date: /home/anlh/pedsim_ros2/install/pedsim_msgs/share/pedsim_msgs/msg/TrackedPersons.idl
[6.569s] -- Up-to-date: /home/anlh/pedsim_ros2/install/pedsim_msgs/share/pedsim_msgs/msg/TrackedGroup.idl
[6.569s] -- Up-to-date: /home/anlh/pedsim_ros2/install/pedsim_msgs/share/pedsim_msgs/msg/TrackedGroups.idl
[6.569s] -- Up-to-date: /home/anlh/pedsim_ros2/install/pedsim_msgs/share/pedsim_msgs/msg/SocialRelation.idl
[6.569s] -- Up-to-date: /home/anlh/pedsim_ros2/install/pedsim_msgs/share/pedsim_msgs/msg/SocialRelations.idl
[6.569s] -- Up-to-date: /home/anlh/pedsim_ros2/install/pedsim_msgs/share/pedsim_msgs/msg/SocialActivity.idl
[6.569s] -- Up-to-date: /home/anlh/pedsim_ros2/install/pedsim_msgs/share/pedsim_msgs/msg/SocialActivities.idl
[6.569s] -- Up-to-date: /home/anlh/pedsim_ros2/install/pedsim_msgs/share/pedsim_msgs/msg/AgentState.msg
[6.569s] -- Up-to-date: /home/anlh/pedsim_ros2/install/pedsim_msgs/share/pedsim_msgs/msg/AgentStates.msg
[6.569s] -- Up-to-date: /home/anlh/pedsim_ros2/install/pedsim_msgs/share/pedsim_msgs/msg/AgentGroup.msg
[6.569s] -- Up-to-date: /home/anlh/pedsim_ros2/install/pedsim_msgs/share/pedsim_msgs/msg/AgentGroups.msg
[6.569s] -- Up-to-date: /home/anlh/pedsim_ros2/install/pedsim_msgs/share/pedsim_msgs/msg/AgentForce.msg
[6.569s] -- Up-to-date: /home/anlh/pedsim_ros2/install/pedsim_msgs/share/pedsim_msgs/msg/LineObstacle.msg
[6.569s] -- Up-to-date: /home/anlh/pedsim_ros2/install/pedsim_msgs/share/pedsim_msgs/msg/LineObstacles.msg
[6.569s] -- Up-to-date: /home/anlh/pedsim_ros2/install/pedsim_msgs/share/pedsim_msgs/msg/TrackedPerson.msg
[6.569s] -- Up-to-date: /home/anlh/pedsim_ros2/install/pedsim_msgs/share/pedsim_msgs/msg/TrackedPersons.msg
[6.569s] -- Up-to-date: /home/anlh/pedsim_ros2/install/pedsim_msgs/share/pedsim_msgs/msg/TrackedGroup.msg
[6.569s] -- Up-to-date: /home/anlh/pedsim_ros2/install/pedsim_msgs/share/pedsim_msgs/msg/TrackedGroups.msg
[6.569s] -- Up-to-date: /home/anlh/pedsim_ros2/install/pedsim_msgs/share/pedsim_msgs/msg/SocialRelation.msg
[6.569s] -- Up-to-date: /home/anlh/pedsim_ros2/install/pedsim_msgs/share/pedsim_msgs/msg/SocialRelations.msg
[6.569s] -- Up-to-date: /home/anlh/pedsim_ros2/install/pedsim_msgs/share/pedsim_msgs/msg/SocialActivity.msg
[6.569s] -- Up-to-date: /home/anlh/pedsim_ros2/install/pedsim_msgs/share/pedsim_msgs/msg/SocialActivities.msg
[6.569s] -- Up-to-date: /home/anlh/pedsim_ros2/install/pedsim_msgs/share/ament_index/resource_index/package_run_dependencies/pedsim_msgs
[6.570s] -- Installing: /home/anlh/pedsim_ros2/install/pedsim_msgs/share/ament_index/resource_index/parent_prefix_path/pedsim_msgs
[6.570s] -- Installing: /home/anlh/pedsim_ros2/install/pedsim_msgs/share/pedsim_msgs/environment/ament_prefix_path.dsv
[6.570s] -- Installing: /home/anlh/pedsim_ros2/install/pedsim_msgs/share/pedsim_msgs/environment/path.dsv
[6.570s] -- Up-to-date: /home/anlh/pedsim_ros2/install/pedsim_msgs/share/pedsim_msgs/local_setup.bash
[6.570s] -- Up-to-date: /home/anlh/pedsim_ros2/install/pedsim_msgs/share/pedsim_msgs/local_setup.sh
[6.570s] -- Up-to-date: /home/anlh/pedsim_ros2/install/pedsim_msgs/share/pedsim_msgs/local_setup.zsh
[6.570s] -- Installing: /home/anlh/pedsim_ros2/install/pedsim_msgs/share/pedsim_msgs/local_setup.dsv
[6.570s] -- Installing: /home/anlh/pedsim_ros2/install/pedsim_msgs/share/pedsim_msgs/package.dsv
[6.570s] -- Up-to-date: /home/anlh/pedsim_ros2/install/pedsim_msgs/share/ament_index/resource_index/packages/pedsim_msgs
[6.570s] -- Up-to-date: /home/anlh/pedsim_ros2/install/pedsim_msgs/share/pedsim_msgs/cmake/export_pedsim_msgs__rosidl_generator_cExport.cmake
[6.570s] -- Up-to-date: /home/anlh/pedsim_ros2/install/pedsim_msgs/share/pedsim_msgs/cmake/export_pedsim_msgs__rosidl_generator_cExport-noconfig.cmake
[6.570s] -- Up-to-date: /home/anlh/pedsim_ros2/install/pedsim_msgs/share/pedsim_msgs/cmake/export_pedsim_msgs__rosidl_typesupport_fastrtps_cExport.cmake
[6.570s] -- Up-to-date: /home/anlh/pedsim_ros2/install/pedsim_msgs/share/pedsim_msgs/cmake/export_pedsim_msgs__rosidl_typesupport_fastrtps_cExport-noconfig.cmake
[6.570s] -- Up-to-date: /home/anlh/pedsim_ros2/install/pedsim_msgs/share/pedsim_msgs/cmake/export_pedsim_msgs__rosidl_generator_cppExport.cmake
[6.570s] -- Up-to-date: /home/anlh/pedsim_ros2/install/pedsim_msgs/share/pedsim_msgs/cmake/export_pedsim_msgs__rosidl_typesupport_fastrtps_cppExport.cmake
[6.570s] -- Up-to-date: /home/anlh/pedsim_ros2/install/pedsim_msgs/share/pedsim_msgs/cmake/export_pedsim_msgs__rosidl_typesupport_fastrtps_cppExport-noconfig.cmake
[6.570s] -- Up-to-date: /home/anlh/pedsim_ros2/install/pedsim_msgs/share/pedsim_msgs/cmake/pedsim_msgs__rosidl_typesupport_introspection_cExport.cmake
[6.570s] -- Up-to-date: /home/anlh/pedsim_ros2/install/pedsim_msgs/share/pedsim_msgs/cmake/pedsim_msgs__rosidl_typesupport_introspection_cExport-noconfig.cmake
[6.570s] -- Up-to-date: /home/anlh/pedsim_ros2/install/pedsim_msgs/share/pedsim_msgs/cmake/pedsim_msgs__rosidl_typesupport_cExport.cmake
[6.570s] -- Up-to-date: /home/anlh/pedsim_ros2/install/pedsim_msgs/share/pedsim_msgs/cmake/pedsim_msgs__rosidl_typesupport_cExport-noconfig.cmake
[6.570s] -- Up-to-date: /home/anlh/pedsim_ros2/install/pedsim_msgs/share/pedsim_msgs/cmake/pedsim_msgs__rosidl_typesupport_introspection_cppExport.cmake
[6.570s] -- Up-to-date: /home/anlh/pedsim_ros2/install/pedsim_msgs/share/pedsim_msgs/cmake/pedsim_msgs__rosidl_typesupport_introspection_cppExport-noconfig.cmake
[6.570s] -- Up-to-date: /home/anlh/pedsim_ros2/install/pedsim_msgs/share/pedsim_msgs/cmake/pedsim_msgs__rosidl_typesupport_cppExport.cmake
[6.570s] -- Up-to-date: /home/anlh/pedsim_ros2/install/pedsim_msgs/share/pedsim_msgs/cmake/pedsim_msgs__rosidl_typesupport_cppExport-noconfig.cmake
[6.571s] -- Up-to-date: /home/anlh/pedsim_ros2/install/pedsim_msgs/share/pedsim_msgs/cmake/export_pedsim_msgs__rosidl_generator_pyExport.cmake
[6.571s] -- Up-to-date: /home/anlh/pedsim_ros2/install/pedsim_msgs/share/pedsim_msgs/cmake/export_pedsim_msgs__rosidl_generator_pyExport-noconfig.cmake
[6.571s] -- Up-to-date: /home/anlh/pedsim_ros2/install/pedsim_msgs/share/pedsim_msgs/cmake/rosidl_cmake-extras.cmake
[6.571s] -- Up-to-date: /home/anlh/pedsim_ros2/install/pedsim_msgs/share/pedsim_msgs/cmake/ament_cmake_export_dependencies-extras.cmake
[6.571s] -- Up-to-date: /home/anlh/pedsim_ros2/install/pedsim_msgs/share/pedsim_msgs/cmake/ament_cmake_export_include_directories-extras.cmake
[6.571s] -- Up-to-date: /home/anlh/pedsim_ros2/install/pedsim_msgs/share/pedsim_msgs/cmake/ament_cmake_export_libraries-extras.cmake
[6.571s] -- Up-to-date: /home/anlh/pedsim_ros2/install/pedsim_msgs/share/pedsim_msgs/cmake/ament_cmake_export_targets-extras.cmake
[6.571s] -- Up-to-date: /home/anlh/pedsim_ros2/install/pedsim_msgs/share/pedsim_msgs/cmake/rosidl_cmake_export_typesupport_targets-extras.cmake
[6.571s] -- Up-to-date: /home/anlh/pedsim_ros2/install/pedsim_msgs/share/pedsim_msgs/cmake/rosidl_cmake_export_typesupport_libraries-extras.cmake
[6.571s] -- Up-to-date: /home/anlh/pedsim_ros2/install/pedsim_msgs/share/pedsim_msgs/cmake/pedsim_msgsConfig.cmake
[6.571s] -- Up-to-date: /home/anlh/pedsim_ros2/install/pedsim_msgs/share/pedsim_msgs/cmake/pedsim_msgsConfig-version.cmake
[6.571s] -- Up-to-date: /home/anlh/pedsim_ros2/install/pedsim_msgs/share/pedsim_msgs/package.xml
[6.572s] Invoked command in '/home/anlh/pedsim_ros2/build/pedsim_msgs' returned '0': CMAKE_PREFIX_PATH=${CMAKE_PREFIX_PATH}:/home/anlh/turtlebot3_ws/install/turtlebot3_teleop:/home/anlh/turtlebot3_ws/install/turtlebot3_example:/opt/ros/humble:/home/anlh/ros2_humble/install/rqt_bag_plugins:/home/anlh/ros2_humble/install/rqt_bag:/home/anlh/ros2_humble/install/ros2bag:/home/anlh/ros2_humble/install/tracetools_test:/home/anlh/ros2_humble/install/tracetools_launch:/home/anlh/ros2_humble/install/topic_monitor:/home/anlh/ros2_humble/install/tf2_tools:/home/anlh/ros2_humble/install/examples_tf2_py:/home/anlh/ros2_humble/install/tf2_ros_py:/home/anlh/ros2_humble/install/sros2:/home/anlh/ros2_humble/install/rqt_topic:/home/anlh/ros2_humble/install/rqt_srv:/home/anlh/ros2_humble/install/rqt_shell:/home/anlh/ros2_humble/install/rqt_service_caller:/home/anlh/ros2_humble/install/rqt_reconfigure:/home/anlh/ros2_humble/install/rqt_py_console:/home/anlh/ros2_humble/install/rqt_publisher:/home/anlh/ros2_humble/install/rqt_plot:/home/anlh/ros2_humble/install/rqt_action:/home/anlh/ros2_humble/install/rqt_msg:/home/anlh/ros2_humble/install/rqt_console:/home/anlh/ros2_humble/install/rqt:/home/anlh/ros2_humble/install/rqt_graph:/home/anlh/ros2_humble/install/rqt_gui_py:/home/anlh/ros2_humble/install/rqt_gui:/home/anlh/ros2_humble/install/ros2trace:/home/anlh/ros2_humble/install/ros2topic:/home/anlh/ros2_humble/install/ros2test:/home/anlh/ros2_humble/install/ros2component:/home/anlh/ros2_humble/install/ros2param:/home/anlh/ros2_humble/install/ros2lifecycle:/home/anlh/ros2_humble/install/ros2service:/home/anlh/ros2_humble/install/ros2run:/home/anlh/ros2_humble/install/ros2launch:/home/anlh/ros2_humble/install/ros2pkg:/home/anlh/ros2_humble/install/ros2node:/home/anlh/ros2_humble/install/ros2multicast:/home/anlh/ros2_humble/install/ros2interface:/home/anlh/ros2_humble/install/ros2doctor:/home/anlh/ros2_humble/install/ros2action:/home/anlh/ros2_humble/install/ros2cli:/home/anlh/ros2_humble/install/quality_of_service_demo_py:/home/anlh/ros2_humble/install/lifecycle_py:/home/anlh/ros2_humble/install/launch_testing_ros:/home/anlh/ros2_humble/install/launch_ros:/home/anlh/ros2_humble/install/examples_rclpy_pointcloud_publisher:/home/anlh/ros2_humble/install/examples_rclpy_minimal_subscriber:/home/anlh/ros2_humble/install/examples_rclpy_minimal_service:/home/anlh/ros2_humble/install/examples_rclpy_minimal_publisher:/home/anlh/ros2_humble/install/examples_rclpy_minimal_client:/home/anlh/ros2_humble/install/examples_rclpy_minimal_action_server:/home/anlh/ros2_humble/install/examples_rclpy_minimal_action_client:/home/anlh/ros2_humble/install/examples_rclpy_guard_conditions:/home/anlh/ros2_humble/install/examples_rclpy_executors:/home/anlh/ros2_humble/install/demo_nodes_py:/home/anlh/ros2_humble/install/action_tutorials_py:/home/anlh/ros2_humble/install/ament_uncrustify:/home/anlh/ros2_humble/install/tracetools_trace:/home/anlh/ros2_humble/install/tracetools_read:/home/anlh/ros2_humble/install/test_tracetools_launch:/home/anlh/ros2_humble/install/test_launch_ros:/home/anlh/ros2_humble/install/sensor_msgs_py:/home/anlh/ros2_humble/install/rpyutils:/home/anlh/ros2_humble/install/rosidl_runtime_py:/home/anlh/ros2_humble/install/rosidl_cli:/home/anlh/ros2_humble/install/launch_pytest:/home/anlh/ros2_humble/install/launch_testing:/home/anlh/ros2_humble/install/launch_yaml:/home/anlh/ros2_humble/install/launch_xml:/home/anlh/ros2_humble/install/launch:/home/anlh/ros2_humble/install/osrf_pycommon:/home/anlh/ros2_humble/install/launch_testing_examples:/home/anlh/ros2_humble/install/domain_coordinator:/home/anlh/ros2_humble/install/ament_xmllint:/home/anlh/ros2_humble/install/ament_pyflakes:/home/anlh/ros2_humble/install/ament_pycodestyle:/home/anlh/ros2_humble/install/ament_pep257:/home/anlh/ros2_humble/install/ament_pclint:/home/anlh/ros2_humble/install/ament_package:/home/anlh/ros2_humble/install/ament_mypy:/home/anlh/ros2_humble/install/ament_lint_cmake:/home/anlh/ros2_humble/install/ament_flake8:/home/anlh/ros2_humble/install/ament_copyright:/home/anlh/ros2_humble/install/ament_lint:/home/anlh/ros2_humble/install/ament_index_python:/home/anlh/ros2_humble/install/ament_cpplint:/home/anlh/ros2_humble/install/ament_cppcheck:/home/anlh/ros2_humble/install/ament_clang_tidy:/home/anlh/ros2_humble/install/ament_clang_format /usr/local/bin/cmake --install /home/anlh/pedsim_ros2/build/pedsim_msgs
