[  0%] Built target pedsim_msgs__cpp
[ 12%] Built target pedsim_msgs__rosidl_generator_c
[ 12%] Built target ament_cmake_python_copy_pedsim_msgs
[ 24%] Built target pedsim_msgs__rosidl_typesupport_cpp
[ 36%] Built target pedsim_msgs__rosidl_typesupport_c
[ 48%] Built target pedsim_msgs__rosidl_typesupport_fastrtps_cpp
[ 60%] Built target pedsim_msgs__rosidl_typesupport_introspection_cpp
[ 72%] Built target pedsim_msgs__rosidl_typesupport_introspection_c
[ 84%] Built target pedsim_msgs__rosidl_typesupport_fastrtps_c
[ 84%] Built target pedsim_msgs
[ 85%] Built target pedsim_msgs__py
[ 96%] Built target pedsim_msgs__rosidl_generator_py
[ 99%] Built target pedsim_msgs__rosidl_typesupport_c__pyext
[ 99%] Built target pedsim_msgs__rosidl_typesupport_fastrtps_c__pyext
[100%] Built target pedsim_msgs__rosidl_typesupport_introspection_c__pyext
running egg_info
writing pedsim_msgs.egg-info/PKG-INFO
writing dependency_links to pedsim_msgs.egg-info/dependency_links.txt
writing top-level names to pedsim_msgs.egg-info/top_level.txt
reading manifest file 'pedsim_msgs.egg-info/SOURCES.txt'
writing manifest file 'pedsim_msgs.egg-info/SOURCES.txt'
[100%] Built target ament_cmake_python_build_pedsim_msgs_egg
