-- The C compiler identification is GNU 11.4.0
-- The CXX compiler identification is GNU 11.4.0
-- Detecting C compiler ABI info
-- Detecting C compiler ABI info - done
-- Check for working C compiler: /usr/bin/cc - skipped
-- Detecting C compile features
-- Detecting C compile features - done
-- Detecting CXX compiler ABI info
-- Detecting CXX compiler ABI info - done
-- Check for working CXX compiler: /usr/bin/c++ - skipped
-- Detecting CXX compile features
-- Detecting CXX compile features - done
-- Found ament_cmake: 1.3.10 (/home/anlh/ros2_humble/install/ament_cmake/share/ament_cmake/cmake)
-- Found Python3: /usr/bin/python3 (found version "3.10.12") found components: Interpreter
-- Found rclcpp: 16.0.10 (/home/anlh/ros2_humble/install/rclcpp/share/rclcpp/cmake)
-- Found rosidl_generator_c: 3.1.5 (/home/anlh/ros2_humble/install/rosidl_generator_c/share/rosidl_generator_c/cmake)
-- Found rosidl_adapter: 3.1.5 (/home/anlh/ros2_humble/install/rosidl_adapter/share/rosidl_adapter/cmake)
-- Found rosidl_generator_cpp: 3.1.5 (/home/anlh/ros2_humble/install/rosidl_generator_cpp/share/rosidl_generator_cpp/cmake)
-- Using all available rosidl_typesupport_c: rosidl_typesupport_fastrtps_c;rosidl_typesupport_introspection_c
-- Using all available rosidl_typesupport_cpp: rosidl_typesupport_fastrtps_cpp;rosidl_typesupport_introspection_cpp
-- Found rmw_implementation_cmake: 6.1.2 (/home/anlh/ros2_humble/install/rmw_implementation_cmake/share/rmw_implementation_cmake/cmake)
-- Found rmw_fastrtps_cpp: 6.2.7 (/home/anlh/ros2_humble/install/rmw_fastrtps_cpp/share/rmw_fastrtps_cpp/cmake)
-- Found OpenSSL: /usr/lib/x86_64-linux-gnu/libcrypto.so (found version "3.0.2")
-- Found FastRTPS: /home/anlh/ros2_humble/install/fastrtps/include
-- Using RMW implementation 'rmw_fastrtps_cpp' as default
-- Performing Test CMAKE_HAVE_LIBC_PTHREAD
-- Performing Test CMAKE_HAVE_LIBC_PTHREAD - Success
-- Found Threads: TRUE
-- Found pedsim_msgs: 0.0.1 (/home/anlh/pedsim_ros2/install/pedsim_msgs/share/pedsim_msgs/cmake)
-- Found tf2_geometry_msgs: 0.25.7 (/home/anlh/ros2_humble/install/tf2_geometry_msgs/share/tf2_geometry_msgs/cmake)
-- Found eigen3_cmake_module: 0.1.1 (/home/anlh/ros2_humble/install/eigen3_cmake_module/share/eigen3_cmake_module/cmake)
-- Found Eigen3: TRUE (found version "3.4.0")
-- Ensuring Eigen3 include directory is part of orocos-kdl CMake target
-- Configuring done (2.2s)
-- Generating done (0.0s)
-- Build files have been written to: /home/anlh/pedsim_ros2/build/pedsim_tf2
[100%] Built target pedsim_tf2_node
-- Install configuration: "DEBUG"
-- Up-to-date: /home/anlh/pedsim_ros2/install/pedsim_tf2/lib/pedsim_tf2/pedsim_tf2_node
-- Up-to-date: /home/anlh/pedsim_ros2/install/pedsim_tf2/share/ament_index/resource_index/package_run_dependencies/pedsim_tf2
-- Up-to-date: /home/anlh/pedsim_ros2/install/pedsim_tf2/share/ament_index/resource_index/parent_prefix_path/pedsim_tf2
-- Installing: /home/anlh/pedsim_ros2/install/pedsim_tf2/share/pedsim_tf2/environment/ament_prefix_path.dsv
-- Installing: /home/anlh/pedsim_ros2/install/pedsim_tf2/share/pedsim_tf2/environment/path.dsv
-- Up-to-date: /home/anlh/pedsim_ros2/install/pedsim_tf2/share/pedsim_tf2/local_setup.bash
-- Up-to-date: /home/anlh/pedsim_ros2/install/pedsim_tf2/share/pedsim_tf2/local_setup.sh
-- Up-to-date: /home/anlh/pedsim_ros2/install/pedsim_tf2/share/pedsim_tf2/local_setup.zsh
-- Installing: /home/anlh/pedsim_ros2/install/pedsim_tf2/share/pedsim_tf2/local_setup.dsv
-- Installing: /home/anlh/pedsim_ros2/install/pedsim_tf2/share/pedsim_tf2/package.dsv
-- Up-to-date: /home/anlh/pedsim_ros2/install/pedsim_tf2/share/ament_index/resource_index/packages/pedsim_tf2
-- Up-to-date: /home/anlh/pedsim_ros2/install/pedsim_tf2/share/pedsim_tf2/cmake/ament_cmake_export_dependencies-extras.cmake
-- Up-to-date: /home/anlh/pedsim_ros2/install/pedsim_tf2/share/pedsim_tf2/cmake/pedsim_tf2Config.cmake
-- Up-to-date: /home/anlh/pedsim_ros2/install/pedsim_tf2/share/pedsim_tf2/cmake/pedsim_tf2Config-version.cmake
-- Up-to-date: /home/anlh/pedsim_ros2/install/pedsim_tf2/share/pedsim_tf2/package.xml
