-- The C compiler identification is GNU 11.4.0
-- The CXX compiler identification is GNU 11.4.0
-- Detecting C compiler ABI info
-- Detecting C compiler ABI info - done
-- Check for working C compiler: /usr/bin/cc - skipped
-- Detecting C compile features
-- Detecting C compile features - done
-- Detecting CXX compiler ABI info
-- Detecting CXX compiler ABI info - done
-- Check for working CXX compiler: /usr/bin/c++ - skipped
-- Detecting CXX compile features
-- Detecting CXX compile features - done
-- Enabling tests requiring a display
-- Found ament_cmake: 1.3.10 (/home/anlh/ros2_humble/install/ament_cmake/share/ament_cmake/cmake)
-- Found Python3: /usr/bin/python3 (found version "3.10.12") found components: Interpreter
-- Found rviz_common: 11.2.13 (/home/anlh/ros2_humble/install/rviz_common/share/rviz_common/cmake)
-- Setting assimp_DIR to: '/home/anlh/ros2_humble/install/rviz_assimp_vendor/share/rviz_assimp_vendor/cmake/../../../opt/rviz_assimp_vendor/lib/cmake/assimp-4.1'
-- Setting OGRE_DIR to: '/home/anlh/ros2_humble/install/rviz_ogre_vendor/share/rviz_ogre_vendor/cmake/../../../opt/rviz_ogre_vendor/lib/OGRE/cmake'
-- Found OGRE
--   static     : OFF
--   components : HLMS;MeshLodGenerator;Overlay;Paging;Property;RTShaderSystem;Terrain;Volume
--   plugins    : Plugin_BSPSceneManager;Plugin_OctreeSceneManager;Plugin_PCZSceneManager;Plugin_ParticleFX;RenderSystem_GL;RenderSystem_GL3Plus;Codec_STBI;Codec_EXR
--   media      : /home/anlh/ros2_humble/install/rviz_ogre_vendor/opt/rviz_ogre_vendor/share/OGRE/Media
-- OGRE_LIBRARIES: OgreHLMS;OgreMeshLodGenerator;OgreOverlay;OgrePaging;OgreProperty;OgreRTShaderSystem;OgreTerrain;OgreVolume;OgreMain
-- OGRE_LIBRARY_DIRS: /home/anlh/ros2_humble/install/rviz_ogre_vendor/opt/rviz_ogre_vendor/lib
-- OGRE_PLUGINS: Plugin_BSPSceneManager;Plugin_OctreeSceneManager;Plugin_PCZSceneManager;Plugin_ParticleFX;RenderSystem_GL;RenderSystem_GL3Plus;Codec_STBI;Codec_EXR
-- OGRE_PLUGIN_DIR: /home/anlh/ros2_humble/install/rviz_ogre_vendor/opt/rviz_ogre_vendor/lib/OGRE
-- rviz_ogre_vendor::OgreOverlay for IMPORTED_LOCATION_RELEASE: /home/anlh/ros2_humble/install/rviz_ogre_vendor/opt/rviz_ogre_vendor/lib/libOgreOverlay.so
-- rviz_ogre_vendor::OgreOverlay for IMPORTED_LOCATION_DEBUG: /home/anlh/ros2_humble/install/rviz_ogre_vendor/opt/rviz_ogre_vendor/lib/libOgreOverlay.so
-- rviz_ogre_vendor::OgreMain for IMPORTED_LOCATION_RELEASE: /home/anlh/ros2_humble/install/rviz_ogre_vendor/opt/rviz_ogre_vendor/lib/libOgreMain.so
-- rviz_ogre_vendor::OgreMain for IMPORTED_LOCATION_DEBUG: /home/anlh/ros2_humble/install/rviz_ogre_vendor/opt/rviz_ogre_vendor/lib/libOgreMain.so
-- Found ZLIB: /usr/lib/x86_64-linux-gnu/libz.so (found version "1.2.11")
-- Found OpenGL: /usr/lib/x86_64-linux-gnu/libOpenGL.so
-- Found X11: /usr/include
-- Looking for XOpenDisplay in /usr/lib/x86_64-linux-gnu/libX11.so;/usr/lib/x86_64-linux-gnu/libXext.so
-- Looking for XOpenDisplay in /usr/lib/x86_64-linux-gnu/libX11.so;/usr/lib/x86_64-linux-gnu/libXext.so - found
-- Looking for gethostbyname
-- Looking for gethostbyname - found
-- Looking for connect
-- Looking for connect - found
-- Looking for remove
-- Looking for remove - found
-- Looking for shmat
-- Looking for shmat - found
-- Looking for IceConnectionNumber in ICE
-- Looking for IceConnectionNumber in ICE - found
-- library: /usr/lib/x86_64-linux-gnu/libcurl.so
-- Found rosidl_generator_c: 3.1.5 (/home/anlh/ros2_humble/install/rosidl_generator_c/share/rosidl_generator_c/cmake)
-- Found rosidl_adapter: 3.1.5 (/home/anlh/ros2_humble/install/rosidl_adapter/share/rosidl_adapter/cmake)
-- Found rosidl_generator_cpp: 3.1.5 (/home/anlh/ros2_humble/install/rosidl_generator_cpp/share/rosidl_generator_cpp/cmake)
-- Using all available rosidl_typesupport_c: rosidl_typesupport_fastrtps_c;rosidl_typesupport_introspection_c
-- Using all available rosidl_typesupport_cpp: rosidl_typesupport_fastrtps_cpp;rosidl_typesupport_introspection_cpp
-- Found rmw_implementation_cmake: 6.1.2 (/home/anlh/ros2_humble/install/rmw_implementation_cmake/share/rmw_implementation_cmake/cmake)
-- Found rmw_fastrtps_cpp: 6.2.7 (/home/anlh/ros2_humble/install/rmw_fastrtps_cpp/share/rmw_fastrtps_cpp/cmake)
-- Found TinyXML2 via Config file: TinyXML2_DIR-NOTFOUND
-- Found OpenSSL: /usr/lib/x86_64-linux-gnu/libcrypto.so (found version "3.0.2")
-- Found TinyXML2 via Config file: TinyXML2_DIR-NOTFOUND
-- Found FastRTPS: /home/anlh/ros2_humble/install/fastrtps/include
-- Found TinyXML2 via Config file: TinyXML2_DIR-NOTFOUND
-- Found TinyXML2 via Config file: TinyXML2_DIR-NOTFOUND
-- Using RMW implementation 'rmw_fastrtps_cpp' as default
-- Performing Test CMAKE_HAVE_LIBC_PTHREAD
-- Performing Test CMAKE_HAVE_LIBC_PTHREAD - Success
-- Found Threads: TRUE
-- Found Eigen3: TRUE (found version "3.4.0")
-- Ensuring Eigen3 include directory is part of orocos-kdl CMake target
-- Found rviz_default_plugins: 11.2.13 (/home/anlh/ros2_humble/install/rviz_default_plugins/share/rviz_default_plugins/cmake)
-- Found pedsim_msgs: 0.0.1 (/home/anlh/pedsim_ros2/install/pedsim_msgs/share/pedsim_msgs/cmake)
-- Configuring done (4.0s)
-- Generating done (0.0s)
-- Build files have been written to: /home/anlh/pedsim_ros2/build/pedsim_rviz_plugin
[ 25%] [34m[1mGenerating include/pedsim_rviz_plugin/moc_person_display_common.cpp[0m
[ 25%] [34m[1mGenerating include/pedsim_rviz_plugin/moc_tracked_persons_display.cpp[0m
[ 62%] [32mBuilding CXX object CMakeFiles/pedsim_rviz_plugin.dir/include/pedsim_rviz_plugin/moc_tracked_persons_display.cpp.o[0m
[ 62%] [32mBuilding CXX object CMakeFiles/pedsim_rviz_plugin.dir/src/tracked_persons_display.cpp.o[0m
[ 62%] [32mBuilding CXX object CMakeFiles/pedsim_rviz_plugin.dir/src/person_display_common.cpp.o[0m
[ 75%] [32mBuilding CXX object CMakeFiles/pedsim_rviz_plugin.dir/include/pedsim_rviz_plugin/moc_person_display_common.cpp.o[0m
[ 87%] [32mBuilding CXX object CMakeFiles/pedsim_rviz_plugin.dir/src/visuals/person_visual.cpp.o[0m
[100%] [32m[1mLinking CXX shared library libpedsim_rviz_plugin.so[0m
[100%] Built target pedsim_rviz_plugin
-- Install configuration: ""
-- Installing: /home/anlh/pedsim_ros2/install/pedsim_rviz_plugin/share/pedsim_rviz_plugin/plugins_description.xml
-- Installing: /home/anlh/pedsim_ros2/install/pedsim_rviz_plugin/share/pedsim_rviz_plugin/environment/library_path.sh
-- Installing: /home/anlh/pedsim_ros2/install/pedsim_rviz_plugin/share/pedsim_rviz_plugin/environment/library_path.dsv
-- Installing: /home/anlh/pedsim_ros2/install/pedsim_rviz_plugin/lib/libpedsim_rviz_plugin.so
-- Set non-toolchain portion of runtime path of "/home/anlh/pedsim_ros2/install/pedsim_rviz_plugin/lib/libpedsim_rviz_plugin.so" to ""
-- Installing: /home/anlh/pedsim_ros2/install/pedsim_rviz_plugin/include/include
-- Installing: /home/anlh/pedsim_ros2/install/pedsim_rviz_plugin/include/include/pedsim_rviz_plugin
-- Installing: /home/anlh/pedsim_ros2/install/pedsim_rviz_plugin/include/include/pedsim_rviz_plugin/additional_topic_subscriber.hpp
-- Installing: /home/anlh/pedsim_ros2/install/pedsim_rviz_plugin/include/include/pedsim_rviz_plugin/tracked_groups_display.hpp
-- Installing: /home/anlh/pedsim_ros2/install/pedsim_rviz_plugin/include/include/pedsim_rviz_plugin/visuals
-- Installing: /home/anlh/pedsim_ros2/install/pedsim_rviz_plugin/include/include/pedsim_rviz_plugin/visuals/mesh_node.hpp
-- Installing: /home/anlh/pedsim_ros2/install/pedsim_rviz_plugin/include/include/pedsim_rviz_plugin/visuals/person_visual.hpp
-- Installing: /home/anlh/pedsim_ros2/install/pedsim_rviz_plugin/include/include/pedsim_rviz_plugin/visuals/covariance_visual.hpp
-- Installing: /home/anlh/pedsim_ros2/install/pedsim_rviz_plugin/include/include/pedsim_rviz_plugin/visuals/text_node.hpp
-- Installing: /home/anlh/pedsim_ros2/install/pedsim_rviz_plugin/include/include/pedsim_rviz_plugin/person_display_common.hpp
-- Installing: /home/anlh/pedsim_ros2/install/pedsim_rviz_plugin/include/include/pedsim_rviz_plugin/detected_persons_display.hpp
-- Installing: /home/anlh/pedsim_ros2/install/pedsim_rviz_plugin/include/include/pedsim_rviz_plugin/tracked_persons_cache.hpp
-- Installing: /home/anlh/pedsim_ros2/install/pedsim_rviz_plugin/include/include/pedsim_rviz_plugin/tracked_persons_display.hpp
-- Installing: /home/anlh/pedsim_ros2/install/pedsim_rviz_plugin/include/include/pedsim_rviz_plugin/social_relations_display.hpp
-- Installing: /home/anlh/pedsim_ros2/install/pedsim_rviz_plugin/include/include/pedsim_rviz_plugin/human_attributes_display.hpp
-- Installing: /home/anlh/pedsim_ros2/install/pedsim_rviz_plugin/include/include/pedsim_rviz_plugin/social_activities_display.hpp
-- Installing: /home/anlh/pedsim_ros2/install/pedsim_rviz_plugin/share/pedsim_rviz_plugin/media
-- Installing: /home/anlh/pedsim_ros2/install/pedsim_rviz_plugin/share/pedsim_rviz_plugin/media/animated_walking_man.mesh
-- Installing: /home/anlh/pedsim_ros2/install/pedsim_rviz_plugin/share/pedsim_rviz_plugin/media/male_symbol.dae
-- Installing: /home/anlh/pedsim_ros2/install/pedsim_rviz_plugin/share/pedsim_rviz_plugin/media/female_symbol.dae
-- Installing: /home/anlh/pedsim_ros2/install/pedsim_rviz_plugin/share/pedsim_rviz_plugin/media/animated_walking_man.skeleton
-- Installing: /home/anlh/pedsim_ros2/install/pedsim_rviz_plugin/share/pedsim_rviz_plugin/icons
-- Installing: /home/anlh/pedsim_ros2/install/pedsim_rviz_plugin/share/pedsim_rviz_plugin/icons/classes
-- Installing: /home/anlh/pedsim_ros2/install/pedsim_rviz_plugin/share/pedsim_rviz_plugin/icons/classes/HumanAttributes.png
-- Installing: /home/anlh/pedsim_ros2/install/pedsim_rviz_plugin/share/pedsim_rviz_plugin/icons/classes/DetectedPersons.png
-- Installing: /home/anlh/pedsim_ros2/install/pedsim_rviz_plugin/share/pedsim_rviz_plugin/icons/classes/TrackedPersons.png
-- Installing: /home/anlh/pedsim_ros2/install/pedsim_rviz_plugin/share/pedsim_rviz_plugin/icons/classes/SocialRelations.png
-- Installing: /home/anlh/pedsim_ros2/install/pedsim_rviz_plugin/share/pedsim_rviz_plugin/icons/classes/TrackedGroups.png
-- Installing: /home/anlh/pedsim_ros2/install/pedsim_rviz_plugin/share/pedsim_rviz_plugin/icons/classes/SocialActivities.png
-- Installing: /home/anlh/pedsim_ros2/install/pedsim_rviz_plugin/share/ament_index/resource_index/package_run_dependencies/pedsim_rviz_plugin
-- Installing: /home/anlh/pedsim_ros2/install/pedsim_rviz_plugin/share/ament_index/resource_index/parent_prefix_path/pedsim_rviz_plugin
-- Installing: /home/anlh/pedsim_ros2/install/pedsim_rviz_plugin/share/pedsim_rviz_plugin/environment/ament_prefix_path.sh
-- Installing: /home/anlh/pedsim_ros2/install/pedsim_rviz_plugin/share/pedsim_rviz_plugin/environment/ament_prefix_path.dsv
-- Installing: /home/anlh/pedsim_ros2/install/pedsim_rviz_plugin/share/pedsim_rviz_plugin/environment/path.sh
-- Installing: /home/anlh/pedsim_ros2/install/pedsim_rviz_plugin/share/pedsim_rviz_plugin/environment/path.dsv
-- Installing: /home/anlh/pedsim_ros2/install/pedsim_rviz_plugin/share/pedsim_rviz_plugin/local_setup.bash
-- Installing: /home/anlh/pedsim_ros2/install/pedsim_rviz_plugin/share/pedsim_rviz_plugin/local_setup.sh
-- Installing: /home/anlh/pedsim_ros2/install/pedsim_rviz_plugin/share/pedsim_rviz_plugin/local_setup.zsh
-- Installing: /home/anlh/pedsim_ros2/install/pedsim_rviz_plugin/share/pedsim_rviz_plugin/local_setup.dsv
-- Installing: /home/anlh/pedsim_ros2/install/pedsim_rviz_plugin/share/pedsim_rviz_plugin/package.dsv
-- Installing: /home/anlh/pedsim_ros2/install/pedsim_rviz_plugin/share/ament_index/resource_index/packages/pedsim_rviz_plugin
-- Installing: /home/anlh/pedsim_ros2/install/pedsim_rviz_plugin/share/ament_index/resource_index/rviz_common__pluginlib__plugin/pedsim_rviz_plugin
-- Installing: /home/anlh/pedsim_ros2/install/pedsim_rviz_plugin/share/pedsim_rviz_plugin/cmake/pedsim_rviz_pluginExport.cmake
-- Installing: /home/anlh/pedsim_ros2/install/pedsim_rviz_plugin/share/pedsim_rviz_plugin/cmake/pedsim_rviz_pluginExport-noconfig.cmake
-- Installing: /home/anlh/pedsim_ros2/install/pedsim_rviz_plugin/share/pedsim_rviz_plugin/cmake/ament_cmake_export_include_directories-extras.cmake
-- Installing: /home/anlh/pedsim_ros2/install/pedsim_rviz_plugin/share/pedsim_rviz_plugin/cmake/ament_cmake_export_targets-extras.cmake
-- Installing: /home/anlh/pedsim_ros2/install/pedsim_rviz_plugin/share/pedsim_rviz_plugin/cmake/ament_cmake_export_dependencies-extras.cmake
-- Installing: /home/anlh/pedsim_ros2/install/pedsim_rviz_plugin/share/pedsim_rviz_plugin/cmake/pedsim_rviz_pluginConfig.cmake
-- Installing: /home/anlh/pedsim_ros2/install/pedsim_rviz_plugin/share/pedsim_rviz_plugin/cmake/pedsim_rviz_pluginConfig-version.cmake
-- Installing: /home/anlh/pedsim_ros2/install/pedsim_rviz_plugin/share/pedsim_rviz_plugin/package.xml
