[100%] Built target pedsim_rviz_plugin
-- Install configuration: ""
-- Up-to-date: /home/anlh/pedsim_ros2/install/pedsim_rviz_plugin/share/pedsim_rviz_plugin/plugins_description.xml
-- Up-to-date: /home/anlh/pedsim_ros2/install/pedsim_rviz_plugin/share/pedsim_rviz_plugin/environment/library_path.sh
-- Up-to-date: /home/anlh/pedsim_ros2/install/pedsim_rviz_plugin/share/pedsim_rviz_plugin/environment/library_path.dsv
-- Up-to-date: /home/anlh/pedsim_ros2/install/pedsim_rviz_plugin/lib/libpedsim_rviz_plugin.so
-- Up-to-date: /home/anlh/pedsim_ros2/install/pedsim_rviz_plugin/include/include
-- Up-to-date: /home/anlh/pedsim_ros2/install/pedsim_rviz_plugin/include/include/pedsim_rviz_plugin
-- Up-to-date: /home/anlh/pedsim_ros2/install/pedsim_rviz_plugin/include/include/pedsim_rviz_plugin/additional_topic_subscriber.hpp
-- Up-to-date: /home/anlh/pedsim_ros2/install/pedsim_rviz_plugin/include/include/pedsim_rviz_plugin/tracked_groups_display.hpp
-- Up-to-date: /home/anlh/pedsim_ros2/install/pedsim_rviz_plugin/include/include/pedsim_rviz_plugin/visuals
-- Up-to-date: /home/anlh/pedsim_ros2/install/pedsim_rviz_plugin/include/include/pedsim_rviz_plugin/visuals/mesh_node.hpp
-- Up-to-date: /home/anlh/pedsim_ros2/install/pedsim_rviz_plugin/include/include/pedsim_rviz_plugin/visuals/person_visual.hpp
-- Up-to-date: /home/anlh/pedsim_ros2/install/pedsim_rviz_plugin/include/include/pedsim_rviz_plugin/visuals/covariance_visual.hpp
-- Up-to-date: /home/anlh/pedsim_ros2/install/pedsim_rviz_plugin/include/include/pedsim_rviz_plugin/visuals/text_node.hpp
-- Up-to-date: /home/anlh/pedsim_ros2/install/pedsim_rviz_plugin/include/include/pedsim_rviz_plugin/person_display_common.hpp
-- Up-to-date: /home/anlh/pedsim_ros2/install/pedsim_rviz_plugin/include/include/pedsim_rviz_plugin/detected_persons_display.hpp
-- Up-to-date: /home/anlh/pedsim_ros2/install/pedsim_rviz_plugin/include/include/pedsim_rviz_plugin/tracked_persons_cache.hpp
-- Up-to-date: /home/anlh/pedsim_ros2/install/pedsim_rviz_plugin/include/include/pedsim_rviz_plugin/tracked_persons_display.hpp
-- Up-to-date: /home/anlh/pedsim_ros2/install/pedsim_rviz_plugin/include/include/pedsim_rviz_plugin/social_relations_display.hpp
-- Up-to-date: /home/anlh/pedsim_ros2/install/pedsim_rviz_plugin/include/include/pedsim_rviz_plugin/human_attributes_display.hpp
-- Up-to-date: /home/anlh/pedsim_ros2/install/pedsim_rviz_plugin/include/include/pedsim_rviz_plugin/social_activities_display.hpp
-- Up-to-date: /home/anlh/pedsim_ros2/install/pedsim_rviz_plugin/share/pedsim_rviz_plugin/media
-- Up-to-date: /home/anlh/pedsim_ros2/install/pedsim_rviz_plugin/share/pedsim_rviz_plugin/media/animated_walking_man.mesh
-- Up-to-date: /home/anlh/pedsim_ros2/install/pedsim_rviz_plugin/share/pedsim_rviz_plugin/media/male_symbol.dae
-- Up-to-date: /home/anlh/pedsim_ros2/install/pedsim_rviz_plugin/share/pedsim_rviz_plugin/media/female_symbol.dae
-- Up-to-date: /home/anlh/pedsim_ros2/install/pedsim_rviz_plugin/share/pedsim_rviz_plugin/media/animated_walking_man.skeleton
-- Up-to-date: /home/anlh/pedsim_ros2/install/pedsim_rviz_plugin/share/pedsim_rviz_plugin/icons
-- Up-to-date: /home/anlh/pedsim_ros2/install/pedsim_rviz_plugin/share/pedsim_rviz_plugin/icons/classes
-- Up-to-date: /home/anlh/pedsim_ros2/install/pedsim_rviz_plugin/share/pedsim_rviz_plugin/icons/classes/HumanAttributes.png
-- Up-to-date: /home/anlh/pedsim_ros2/install/pedsim_rviz_plugin/share/pedsim_rviz_plugin/icons/classes/DetectedPersons.png
-- Up-to-date: /home/anlh/pedsim_ros2/install/pedsim_rviz_plugin/share/pedsim_rviz_plugin/icons/classes/TrackedPersons.png
-- Up-to-date: /home/anlh/pedsim_ros2/install/pedsim_rviz_plugin/share/pedsim_rviz_plugin/icons/classes/SocialRelations.png
-- Up-to-date: /home/anlh/pedsim_ros2/install/pedsim_rviz_plugin/share/pedsim_rviz_plugin/icons/classes/TrackedGroups.png
-- Up-to-date: /home/anlh/pedsim_ros2/install/pedsim_rviz_plugin/share/pedsim_rviz_plugin/icons/classes/SocialActivities.png
-- Up-to-date: /home/anlh/pedsim_ros2/install/pedsim_rviz_plugin/share/ament_index/resource_index/package_run_dependencies/pedsim_rviz_plugin
-- Up-to-date: /home/anlh/pedsim_ros2/install/pedsim_rviz_plugin/share/ament_index/resource_index/parent_prefix_path/pedsim_rviz_plugin
-- Up-to-date: /home/anlh/pedsim_ros2/install/pedsim_rviz_plugin/share/pedsim_rviz_plugin/environment/ament_prefix_path.dsv
-- Up-to-date: /home/anlh/pedsim_ros2/install/pedsim_rviz_plugin/share/pedsim_rviz_plugin/environment/path.dsv
-- Up-to-date: /home/anlh/pedsim_ros2/install/pedsim_rviz_plugin/share/pedsim_rviz_plugin/local_setup.bash
-- Up-to-date: /home/anlh/pedsim_ros2/install/pedsim_rviz_plugin/share/pedsim_rviz_plugin/local_setup.sh
-- Up-to-date: /home/anlh/pedsim_ros2/install/pedsim_rviz_plugin/share/pedsim_rviz_plugin/local_setup.zsh
-- Up-to-date: /home/anlh/pedsim_ros2/install/pedsim_rviz_plugin/share/pedsim_rviz_plugin/local_setup.dsv
-- Up-to-date: /home/anlh/pedsim_ros2/install/pedsim_rviz_plugin/share/pedsim_rviz_plugin/package.dsv
-- Up-to-date: /home/anlh/pedsim_ros2/install/pedsim_rviz_plugin/share/ament_index/resource_index/packages/pedsim_rviz_plugin
-- Up-to-date: /home/anlh/pedsim_ros2/install/pedsim_rviz_plugin/share/ament_index/resource_index/rviz_common__pluginlib__plugin/pedsim_rviz_plugin
-- Up-to-date: /home/anlh/pedsim_ros2/install/pedsim_rviz_plugin/share/pedsim_rviz_plugin/cmake/pedsim_rviz_pluginExport.cmake
-- Up-to-date: /home/anlh/pedsim_ros2/install/pedsim_rviz_plugin/share/pedsim_rviz_plugin/cmake/pedsim_rviz_pluginExport-noconfig.cmake
-- Up-to-date: /home/anlh/pedsim_ros2/install/pedsim_rviz_plugin/share/pedsim_rviz_plugin/cmake/ament_cmake_export_include_directories-extras.cmake
-- Up-to-date: /home/anlh/pedsim_ros2/install/pedsim_rviz_plugin/share/pedsim_rviz_plugin/cmake/ament_cmake_export_targets-extras.cmake
-- Up-to-date: /home/anlh/pedsim_ros2/install/pedsim_rviz_plugin/share/pedsim_rviz_plugin/cmake/ament_cmake_export_dependencies-extras.cmake
-- Up-to-date: /home/anlh/pedsim_ros2/install/pedsim_rviz_plugin/share/pedsim_rviz_plugin/cmake/pedsim_rviz_pluginConfig.cmake
-- Up-to-date: /home/anlh/pedsim_ros2/install/pedsim_rviz_plugin/share/pedsim_rviz_plugin/cmake/pedsim_rviz_pluginConfig-version.cmake
-- Up-to-date: /home/anlh/pedsim_ros2/install/pedsim_rviz_plugin/share/pedsim_rviz_plugin/package.xml
