[0.049s] Invoking command in '/home/anlh/pedsim_ros2/build/pedsim_msgs': CMAKE_PREFIX_PATH=${CMAKE_PREFIX_PATH}:/home/anlh/turtlebot3_ws/install/turtlebot3_teleop:/home/anlh/turtlebot3_ws/install/turtlebot3_example:/opt/ros/humble:/home/anlh/ros2_humble/install/rqt_bag_plugins:/home/anlh/ros2_humble/install/rqt_bag:/home/anlh/ros2_humble/install/ros2bag:/home/anlh/ros2_humble/install/tracetools_test:/home/anlh/ros2_humble/install/tracetools_launch:/home/anlh/ros2_humble/install/topic_monitor:/home/anlh/ros2_humble/install/tf2_tools:/home/anlh/ros2_humble/install/examples_tf2_py:/home/anlh/ros2_humble/install/tf2_ros_py:/home/anlh/ros2_humble/install/sros2:/home/anlh/ros2_humble/install/rqt_topic:/home/anlh/ros2_humble/install/rqt_srv:/home/anlh/ros2_humble/install/rqt_shell:/home/anlh/ros2_humble/install/rqt_service_caller:/home/anlh/ros2_humble/install/rqt_reconfigure:/home/anlh/ros2_humble/install/rqt_py_console:/home/anlh/ros2_humble/install/rqt_publisher:/home/anlh/ros2_humble/install/rqt_plot:/home/anlh/ros2_humble/install/rqt_action:/home/anlh/ros2_humble/install/rqt_msg:/home/anlh/ros2_humble/install/rqt_console:/home/anlh/ros2_humble/install/rqt:/home/anlh/ros2_humble/install/rqt_graph:/home/anlh/ros2_humble/install/rqt_gui_py:/home/anlh/ros2_humble/install/rqt_gui:/home/anlh/ros2_humble/install/ros2trace:/home/anlh/ros2_humble/install/ros2topic:/home/anlh/ros2_humble/install/ros2test:/home/anlh/ros2_humble/install/ros2component:/home/anlh/ros2_humble/install/ros2param:/home/anlh/ros2_humble/install/ros2lifecycle:/home/anlh/ros2_humble/install/ros2service:/home/anlh/ros2_humble/install/ros2run:/home/anlh/ros2_humble/install/ros2launch:/home/anlh/ros2_humble/install/ros2pkg:/home/anlh/ros2_humble/install/ros2node:/home/anlh/ros2_humble/install/ros2multicast:/home/anlh/ros2_humble/install/ros2interface:/home/anlh/ros2_humble/install/ros2doctor:/home/anlh/ros2_humble/install/ros2action:/home/anlh/ros2_humble/install/ros2cli:/home/anlh/ros2_humble/install/quality_of_service_demo_py:/home/anlh/ros2_humble/install/lifecycle_py:/home/anlh/ros2_humble/install/launch_testing_ros:/home/anlh/ros2_humble/install/launch_ros:/home/anlh/ros2_humble/install/examples_rclpy_pointcloud_publisher:/home/anlh/ros2_humble/install/examples_rclpy_minimal_subscriber:/home/anlh/ros2_humble/install/examples_rclpy_minimal_service:/home/anlh/ros2_humble/install/examples_rclpy_minimal_publisher:/home/anlh/ros2_humble/install/examples_rclpy_minimal_client:/home/anlh/ros2_humble/install/examples_rclpy_minimal_action_server:/home/anlh/ros2_humble/install/examples_rclpy_minimal_action_client:/home/anlh/ros2_humble/install/examples_rclpy_guard_conditions:/home/anlh/ros2_humble/install/examples_rclpy_executors:/home/anlh/ros2_humble/install/demo_nodes_py:/home/anlh/ros2_humble/install/action_tutorials_py:/home/anlh/ros2_humble/install/ament_uncrustify:/home/anlh/ros2_humble/install/tracetools_trace:/home/anlh/ros2_humble/install/tracetools_read:/home/anlh/ros2_humble/install/test_tracetools_launch:/home/anlh/ros2_humble/install/test_launch_ros:/home/anlh/ros2_humble/install/sensor_msgs_py:/home/anlh/ros2_humble/install/rpyutils:/home/anlh/ros2_humble/install/rosidl_runtime_py:/home/anlh/ros2_humble/install/rosidl_cli:/home/anlh/ros2_humble/install/launch_pytest:/home/anlh/ros2_humble/install/launch_testing:/home/anlh/ros2_humble/install/launch_yaml:/home/anlh/ros2_humble/install/launch_xml:/home/anlh/ros2_humble/install/launch:/home/anlh/ros2_humble/install/osrf_pycommon:/home/anlh/ros2_humble/install/launch_testing_examples:/home/anlh/ros2_humble/install/domain_coordinator:/home/anlh/ros2_humble/install/ament_xmllint:/home/anlh/ros2_humble/install/ament_pyflakes:/home/anlh/ros2_humble/install/ament_pycodestyle:/home/anlh/ros2_humble/install/ament_pep257:/home/anlh/ros2_humble/install/ament_pclint:/home/anlh/ros2_humble/install/ament_package:/home/anlh/ros2_humble/install/ament_mypy:/home/anlh/ros2_humble/install/ament_lint_cmake:/home/anlh/ros2_humble/install/ament_flake8:/home/anlh/ros2_humble/install/ament_copyright:/home/anlh/ros2_humble/install/ament_lint:/home/anlh/ros2_humble/install/ament_index_python:/home/anlh/ros2_humble/install/ament_cpplint:/home/anlh/ros2_humble/install/ament_cppcheck:/home/anlh/ros2_humble/install/ament_clang_tidy:/home/anlh/ros2_humble/install/ament_clang_format /usr/local/bin/cmake --build /home/anlh/pedsim_ros2/build/pedsim_msgs -- -j16 -l16
[0.108s] [  0%] Built target pedsim_msgs__cpp
[0.112s] [ 12%] Built target pedsim_msgs__rosidl_generator_c
[0.117s] [ 12%] Built target ament_cmake_python_copy_pedsim_msgs
[0.143s] [ 36%] Built target pedsim_msgs__rosidl_typesupport_introspection_cpp
[0.143s] [ 36%] Built target pedsim_msgs__rosidl_typesupport_fastrtps_cpp
[0.145s] [ 48%] Built target pedsim_msgs__rosidl_typesupport_cpp
[0.147s] [ 60%] Built target pedsim_msgs__rosidl_typesupport_introspection_c
[0.151s] [ 72%] Built target pedsim_msgs__rosidl_typesupport_c
[0.157s] [ 84%] Built target pedsim_msgs__rosidl_typesupport_fastrtps_c
[0.182s] [ 84%] Built target pedsim_msgs
[0.207s] [ 85%] Built target pedsim_msgs__py
[0.239s] [ 96%] Built target pedsim_msgs__rosidl_generator_py
[0.268s] [ 98%] Built target pedsim_msgs__rosidl_typesupport_c__pyext
[0.268s] [ 98%] Built target pedsim_msgs__rosidl_typesupport_fastrtps_c__pyext
[0.270s] [100%] Built target pedsim_msgs__rosidl_typesupport_introspection_c__pyext
[0.472s] running egg_info
[0.473s] writing pedsim_msgs.egg-info/PKG-INFO
[0.473s] writing dependency_links to pedsim_msgs.egg-info/dependency_links.txt
[0.473s] writing top-level names to pedsim_msgs.egg-info/top_level.txt
[0.475s] reading manifest file 'pedsim_msgs.egg-info/SOURCES.txt'
[0.475s] writing manifest file 'pedsim_msgs.egg-info/SOURCES.txt'
[0.494s] [100%] Built target ament_cmake_python_build_pedsim_msgs_egg
[0.501s] Invoked command in '/home/anlh/pedsim_ros2/build/pedsim_msgs' returned '0': CMAKE_PREFIX_PATH=${CMAKE_PREFIX_PATH}:/home/anlh/turtlebot3_ws/install/turtlebot3_teleop:/home/anlh/turtlebot3_ws/install/turtlebot3_example:/opt/ros/humble:/home/anlh/ros2_humble/install/rqt_bag_plugins:/home/anlh/ros2_humble/install/rqt_bag:/home/anlh/ros2_humble/install/ros2bag:/home/anlh/ros2_humble/install/tracetools_test:/home/anlh/ros2_humble/install/tracetools_launch:/home/anlh/ros2_humble/install/topic_monitor:/home/anlh/ros2_humble/install/tf2_tools:/home/anlh/ros2_humble/install/examples_tf2_py:/home/anlh/ros2_humble/install/tf2_ros_py:/home/anlh/ros2_humble/install/sros2:/home/anlh/ros2_humble/install/rqt_topic:/home/anlh/ros2_humble/install/rqt_srv:/home/anlh/ros2_humble/install/rqt_shell:/home/anlh/ros2_humble/install/rqt_service_caller:/home/anlh/ros2_humble/install/rqt_reconfigure:/home/anlh/ros2_humble/install/rqt_py_console:/home/anlh/ros2_humble/install/rqt_publisher:/home/anlh/ros2_humble/install/rqt_plot:/home/anlh/ros2_humble/install/rqt_action:/home/anlh/ros2_humble/install/rqt_msg:/home/anlh/ros2_humble/install/rqt_console:/home/anlh/ros2_humble/install/rqt:/home/anlh/ros2_humble/install/rqt_graph:/home/anlh/ros2_humble/install/rqt_gui_py:/home/anlh/ros2_humble/install/rqt_gui:/home/anlh/ros2_humble/install/ros2trace:/home/anlh/ros2_humble/install/ros2topic:/home/anlh/ros2_humble/install/ros2test:/home/anlh/ros2_humble/install/ros2component:/home/anlh/ros2_humble/install/ros2param:/home/anlh/ros2_humble/install/ros2lifecycle:/home/anlh/ros2_humble/install/ros2service:/home/anlh/ros2_humble/install/ros2run:/home/anlh/ros2_humble/install/ros2launch:/home/anlh/ros2_humble/install/ros2pkg:/home/anlh/ros2_humble/install/ros2node:/home/anlh/ros2_humble/install/ros2multicast:/home/anlh/ros2_humble/install/ros2interface:/home/anlh/ros2_humble/install/ros2doctor:/home/anlh/ros2_humble/install/ros2action:/home/anlh/ros2_humble/install/ros2cli:/home/anlh/ros2_humble/install/quality_of_service_demo_py:/home/anlh/ros2_humble/install/lifecycle_py:/home/anlh/ros2_humble/install/launch_testing_ros:/home/anlh/ros2_humble/install/launch_ros:/home/anlh/ros2_humble/install/examples_rclpy_pointcloud_publisher:/home/anlh/ros2_humble/install/examples_rclpy_minimal_subscriber:/home/anlh/ros2_humble/install/examples_rclpy_minimal_service:/home/anlh/ros2_humble/install/examples_rclpy_minimal_publisher:/home/anlh/ros2_humble/install/examples_rclpy_minimal_client:/home/anlh/ros2_humble/install/examples_rclpy_minimal_action_server:/home/anlh/ros2_humble/install/examples_rclpy_minimal_action_client:/home/anlh/ros2_humble/install/examples_rclpy_guard_conditions:/home/anlh/ros2_humble/install/examples_rclpy_executors:/home/anlh/ros2_humble/install/demo_nodes_py:/home/anlh/ros2_humble/install/action_tutorials_py:/home/anlh/ros2_humble/install/ament_uncrustify:/home/anlh/ros2_humble/install/tracetools_trace:/home/anlh/ros2_humble/install/tracetools_read:/home/anlh/ros2_humble/install/test_tracetools_launch:/home/anlh/ros2_humble/install/test_launch_ros:/home/anlh/ros2_humble/install/sensor_msgs_py:/home/anlh/ros2_humble/install/rpyutils:/home/anlh/ros2_humble/install/rosidl_runtime_py:/home/anlh/ros2_humble/install/rosidl_cli:/home/anlh/ros2_humble/install/launch_pytest:/home/anlh/ros2_humble/install/launch_testing:/home/anlh/ros2_humble/install/launch_yaml:/home/anlh/ros2_humble/install/launch_xml:/home/anlh/ros2_humble/install/launch:/home/anlh/ros2_humble/install/osrf_pycommon:/home/anlh/ros2_humble/install/launch_testing_examples:/home/anlh/ros2_humble/install/domain_coordinator:/home/anlh/ros2_humble/install/ament_xmllint:/home/anlh/ros2_humble/install/ament_pyflakes:/home/anlh/ros2_humble/install/ament_pycodestyle:/home/anlh/ros2_humble/install/ament_pep257:/home/anlh/ros2_humble/install/ament_pclint:/home/anlh/ros2_humble/install/ament_package:/home/anlh/ros2_humble/install/ament_mypy:/home/anlh/ros2_humble/install/ament_lint_cmake:/home/anlh/ros2_humble/install/ament_flake8:/home/anlh/ros2_humble/install/ament_copyright:/home/anlh/ros2_humble/install/ament_lint:/home/anlh/ros2_humble/install/ament_index_python:/home/anlh/ros2_humble/install/ament_cpplint:/home/anlh/ros2_humble/install/ament_cppcheck:/home/anlh/ros2_humble/install/ament_clang_tidy:/home/anlh/ros2_humble/install/ament_clang_format /usr/local/bin/cmake --build /home/anlh/pedsim_ros2/build/pedsim_msgs -- -j16 -l16
[1.702s] Invoking command in '/home/anlh/pedsim_ros2/build/pedsim_msgs': CMAKE_PREFIX_PATH=${CMAKE_PREFIX_PATH}:/home/anlh/turtlebot3_ws/install/turtlebot3_teleop:/home/anlh/turtlebot3_ws/install/turtlebot3_example:/opt/ros/humble:/home/anlh/ros2_humble/install/rqt_bag_plugins:/home/anlh/ros2_humble/install/rqt_bag:/home/anlh/ros2_humble/install/ros2bag:/home/anlh/ros2_humble/install/tracetools_test:/home/anlh/ros2_humble/install/tracetools_launch:/home/anlh/ros2_humble/install/topic_monitor:/home/anlh/ros2_humble/install/tf2_tools:/home/anlh/ros2_humble/install/examples_tf2_py:/home/anlh/ros2_humble/install/tf2_ros_py:/home/anlh/ros2_humble/install/sros2:/home/anlh/ros2_humble/install/rqt_topic:/home/anlh/ros2_humble/install/rqt_srv:/home/anlh/ros2_humble/install/rqt_shell:/home/anlh/ros2_humble/install/rqt_service_caller:/home/anlh/ros2_humble/install/rqt_reconfigure:/home/anlh/ros2_humble/install/rqt_py_console:/home/anlh/ros2_humble/install/rqt_publisher:/home/anlh/ros2_humble/install/rqt_plot:/home/anlh/ros2_humble/install/rqt_action:/home/anlh/ros2_humble/install/rqt_msg:/home/anlh/ros2_humble/install/rqt_console:/home/anlh/ros2_humble/install/rqt:/home/anlh/ros2_humble/install/rqt_graph:/home/anlh/ros2_humble/install/rqt_gui_py:/home/anlh/ros2_humble/install/rqt_gui:/home/anlh/ros2_humble/install/ros2trace:/home/anlh/ros2_humble/install/ros2topic:/home/anlh/ros2_humble/install/ros2test:/home/anlh/ros2_humble/install/ros2component:/home/anlh/ros2_humble/install/ros2param:/home/anlh/ros2_humble/install/ros2lifecycle:/home/anlh/ros2_humble/install/ros2service:/home/anlh/ros2_humble/install/ros2run:/home/anlh/ros2_humble/install/ros2launch:/home/anlh/ros2_humble/install/ros2pkg:/home/anlh/ros2_humble/install/ros2node:/home/anlh/ros2_humble/install/ros2multicast:/home/anlh/ros2_humble/install/ros2interface:/home/anlh/ros2_humble/install/ros2doctor:/home/anlh/ros2_humble/install/ros2action:/home/anlh/ros2_humble/install/ros2cli:/home/anlh/ros2_humble/install/quality_of_service_demo_py:/home/anlh/ros2_humble/install/lifecycle_py:/home/anlh/ros2_humble/install/launch_testing_ros:/home/anlh/ros2_humble/install/launch_ros:/home/anlh/ros2_humble/install/examples_rclpy_pointcloud_publisher:/home/anlh/ros2_humble/install/examples_rclpy_minimal_subscriber:/home/anlh/ros2_humble/install/examples_rclpy_minimal_service:/home/anlh/ros2_humble/install/examples_rclpy_minimal_publisher:/home/anlh/ros2_humble/install/examples_rclpy_minimal_client:/home/anlh/ros2_humble/install/examples_rclpy_minimal_action_server:/home/anlh/ros2_humble/install/examples_rclpy_minimal_action_client:/home/anlh/ros2_humble/install/examples_rclpy_guard_conditions:/home/anlh/ros2_humble/install/examples_rclpy_executors:/home/anlh/ros2_humble/install/demo_nodes_py:/home/anlh/ros2_humble/install/action_tutorials_py:/home/anlh/ros2_humble/install/ament_uncrustify:/home/anlh/ros2_humble/install/tracetools_trace:/home/anlh/ros2_humble/install/tracetools_read:/home/anlh/ros2_humble/install/test_tracetools_launch:/home/anlh/ros2_humble/install/test_launch_ros:/home/anlh/ros2_humble/install/sensor_msgs_py:/home/anlh/ros2_humble/install/rpyutils:/home/anlh/ros2_humble/install/rosidl_runtime_py:/home/anlh/ros2_humble/install/rosidl_cli:/home/anlh/ros2_humble/install/launch_pytest:/home/anlh/ros2_humble/install/launch_testing:/home/anlh/ros2_humble/install/launch_yaml:/home/anlh/ros2_humble/install/launch_xml:/home/anlh/ros2_humble/install/launch:/home/anlh/ros2_humble/install/osrf_pycommon:/home/anlh/ros2_humble/install/launch_testing_examples:/home/anlh/ros2_humble/install/domain_coordinator:/home/anlh/ros2_humble/install/ament_xmllint:/home/anlh/ros2_humble/install/ament_pyflakes:/home/anlh/ros2_humble/install/ament_pycodestyle:/home/anlh/ros2_humble/install/ament_pep257:/home/anlh/ros2_humble/install/ament_pclint:/home/anlh/ros2_humble/install/ament_package:/home/anlh/ros2_humble/install/ament_mypy:/home/anlh/ros2_humble/install/ament_lint_cmake:/home/anlh/ros2_humble/install/ament_flake8:/home/anlh/ros2_humble/install/ament_copyright:/home/anlh/ros2_humble/install/ament_lint:/home/anlh/ros2_humble/install/ament_index_python:/home/anlh/ros2_humble/install/ament_cpplint:/home/anlh/ros2_humble/install/ament_cppcheck:/home/anlh/ros2_humble/install/ament_clang_tidy:/home/anlh/ros2_humble/install/ament_clang_format /usr/local/bin/cmake --install /home/anlh/pedsim_ros2/build/pedsim_msgs
[1.707s] -- Install configuration: ""
[1.707s] -- Up-to-date: /home/anlh/pedsim_ros2/install/pedsim_msgs/share/ament_index/resource_index/rosidl_interfaces/pedsim_msgs
[1.707s] -- Up-to-date: /home/anlh/pedsim_ros2/install/pedsim_msgs/include/pedsim_msgs/pedsim_msgs
[1.707s] -- Up-to-date: /home/anlh/pedsim_ros2/install/pedsim_msgs/include/pedsim_msgs/pedsim_msgs/msg
[1.707s] -- Up-to-date: /home/anlh/pedsim_ros2/install/pedsim_msgs/include/pedsim_msgs/pedsim_msgs/msg/social_activity.h
[1.707s] -- Up-to-date: /home/anlh/pedsim_ros2/install/pedsim_msgs/include/pedsim_msgs/pedsim_msgs/msg/tracked_groups.h
[1.707s] -- Up-to-date: /home/anlh/pedsim_ros2/install/pedsim_msgs/include/pedsim_msgs/pedsim_msgs/msg/social_relation.h
[1.707s] -- Up-to-date: /home/anlh/pedsim_ros2/install/pedsim_msgs/include/pedsim_msgs/pedsim_msgs/msg/rosidl_generator_c__visibility_control.h
[1.707s] -- Up-to-date: /home/anlh/pedsim_ros2/install/pedsim_msgs/include/pedsim_msgs/pedsim_msgs/msg/tracked_persons.h
[1.708s] -- Up-to-date: /home/anlh/pedsim_ros2/install/pedsim_msgs/include/pedsim_msgs/pedsim_msgs/msg/tracked_person.h
[1.708s] -- Up-to-date: /home/anlh/pedsim_ros2/install/pedsim_msgs/include/pedsim_msgs/pedsim_msgs/msg/tracked_group.h
[1.708s] -- Up-to-date: /home/anlh/pedsim_ros2/install/pedsim_msgs/include/pedsim_msgs/pedsim_msgs/msg/line_obstacle.h
[1.708s] -- Up-to-date: /home/anlh/pedsim_ros2/install/pedsim_msgs/include/pedsim_msgs/pedsim_msgs/msg/social_relations.h
[1.708s] -- Up-to-date: /home/anlh/pedsim_ros2/install/pedsim_msgs/include/pedsim_msgs/pedsim_msgs/msg/agent_groups.h
[1.708s] -- Up-to-date: /home/anlh/pedsim_ros2/install/pedsim_msgs/include/pedsim_msgs/pedsim_msgs/msg/social_activities.h
[1.708s] -- Up-to-date: /home/anlh/pedsim_ros2/install/pedsim_msgs/include/pedsim_msgs/pedsim_msgs/msg/detail
[1.708s] -- Up-to-date: /home/anlh/pedsim_ros2/install/pedsim_msgs/include/pedsim_msgs/pedsim_msgs/msg/detail/social_relations__type_support.h
[1.708s] -- Up-to-date: /home/anlh/pedsim_ros2/install/pedsim_msgs/include/pedsim_msgs/pedsim_msgs/msg/detail/tracked_groups__type_support.h
[1.708s] -- Up-to-date: /home/anlh/pedsim_ros2/install/pedsim_msgs/include/pedsim_msgs/pedsim_msgs/msg/detail/agent_state__functions.h
[1.708s] -- Up-to-date: /home/anlh/pedsim_ros2/install/pedsim_msgs/include/pedsim_msgs/pedsim_msgs/msg/detail/social_activity__struct.h
[1.708s] -- Up-to-date: /home/anlh/pedsim_ros2/install/pedsim_msgs/include/pedsim_msgs/pedsim_msgs/msg/detail/agent_groups__functions.c
[1.708s] -- Up-to-date: /home/anlh/pedsim_ros2/install/pedsim_msgs/include/pedsim_msgs/pedsim_msgs/msg/detail/social_relation__struct.h
[1.708s] -- Up-to-date: /home/anlh/pedsim_ros2/install/pedsim_msgs/include/pedsim_msgs/pedsim_msgs/msg/detail/agent_group__struct.h
[1.708s] -- Up-to-date: /home/anlh/pedsim_ros2/install/pedsim_msgs/include/pedsim_msgs/pedsim_msgs/msg/detail/agent_groups__type_support.h
[1.708s] -- Up-to-date: /home/anlh/pedsim_ros2/install/pedsim_msgs/include/pedsim_msgs/pedsim_msgs/msg/detail/line_obstacles__type_support.h
[1.708s] -- Up-to-date: /home/anlh/pedsim_ros2/install/pedsim_msgs/include/pedsim_msgs/pedsim_msgs/msg/detail/agent_states__functions.h
[1.708s] -- Up-to-date: /home/anlh/pedsim_ros2/install/pedsim_msgs/include/pedsim_msgs/pedsim_msgs/msg/detail/agent_state__struct.h
[1.708s] -- Up-to-date: /home/anlh/pedsim_ros2/install/pedsim_msgs/include/pedsim_msgs/pedsim_msgs/msg/detail/line_obstacle__functions.c
[1.708s] -- Up-to-date: /home/anlh/pedsim_ros2/install/pedsim_msgs/include/pedsim_msgs/pedsim_msgs/msg/detail/tracked_group__functions.h
[1.708s] -- Up-to-date: /home/anlh/pedsim_ros2/install/pedsim_msgs/include/pedsim_msgs/pedsim_msgs/msg/detail/social_activities__functions.h
[1.708s] -- Up-to-date: /home/anlh/pedsim_ros2/install/pedsim_msgs/include/pedsim_msgs/pedsim_msgs/msg/detail/social_activities__struct.h
[1.708s] -- Up-to-date: /home/anlh/pedsim_ros2/install/pedsim_msgs/include/pedsim_msgs/pedsim_msgs/msg/detail/agent_group__functions.c
[1.708s] -- Up-to-date: /home/anlh/pedsim_ros2/install/pedsim_msgs/include/pedsim_msgs/pedsim_msgs/msg/detail/social_activity__functions.h
[1.708s] -- Up-to-date: /home/anlh/pedsim_ros2/install/pedsim_msgs/include/pedsim_msgs/pedsim_msgs/msg/detail/tracked_persons__functions.c
[1.709s] -- Up-to-date: /home/anlh/pedsim_ros2/install/pedsim_msgs/include/pedsim_msgs/pedsim_msgs/msg/detail/tracked_groups__functions.c
[1.709s] -- Up-to-date: /home/anlh/pedsim_ros2/install/pedsim_msgs/include/pedsim_msgs/pedsim_msgs/msg/detail/tracked_group__struct.h
[1.709s] -- Up-to-date: /home/anlh/pedsim_ros2/install/pedsim_msgs/include/pedsim_msgs/pedsim_msgs/msg/detail/tracked_person__struct.h
[1.709s] -- Up-to-date: /home/anlh/pedsim_ros2/install/pedsim_msgs/include/pedsim_msgs/pedsim_msgs/msg/detail/tracked_groups__functions.h
[1.709s] -- Up-to-date: /home/anlh/pedsim_ros2/install/pedsim_msgs/include/pedsim_msgs/pedsim_msgs/msg/detail/agent_state__type_support.h
[1.709s] -- Up-to-date: /home/anlh/pedsim_ros2/install/pedsim_msgs/include/pedsim_msgs/pedsim_msgs/msg/detail/tracked_persons__struct.h
[1.709s] -- Up-to-date: /home/anlh/pedsim_ros2/install/pedsim_msgs/include/pedsim_msgs/pedsim_msgs/msg/detail/line_obstacles__struct.h
[1.709s] -- Up-to-date: /home/anlh/pedsim_ros2/install/pedsim_msgs/include/pedsim_msgs/pedsim_msgs/msg/detail/tracked_person__functions.h
[1.709s] -- Up-to-date: /home/anlh/pedsim_ros2/install/pedsim_msgs/include/pedsim_msgs/pedsim_msgs/msg/detail/agent_force__functions.c
[1.709s] -- Up-to-date: /home/anlh/pedsim_ros2/install/pedsim_msgs/include/pedsim_msgs/pedsim_msgs/msg/detail/tracked_group__type_support.h
[1.709s] -- Up-to-date: /home/anlh/pedsim_ros2/install/pedsim_msgs/include/pedsim_msgs/pedsim_msgs/msg/detail/social_relation__type_support.h
[1.709s] -- Up-to-date: /home/anlh/pedsim_ros2/install/pedsim_msgs/include/pedsim_msgs/pedsim_msgs/msg/detail/social_activity__functions.c
[1.709s] -- Up-to-date: /home/anlh/pedsim_ros2/install/pedsim_msgs/include/pedsim_msgs/pedsim_msgs/msg/detail/tracked_person__type_support.h
[1.709s] -- Up-to-date: /home/anlh/pedsim_ros2/install/pedsim_msgs/include/pedsim_msgs/pedsim_msgs/msg/detail/agent_states__functions.c
[1.709s] -- Up-to-date: /home/anlh/pedsim_ros2/install/pedsim_msgs/include/pedsim_msgs/pedsim_msgs/msg/detail/agent_group__type_support.h
[1.709s] -- Up-to-date: /home/anlh/pedsim_ros2/install/pedsim_msgs/include/pedsim_msgs/pedsim_msgs/msg/detail/tracked_groups__struct.h
[1.709s] -- Up-to-date: /home/anlh/pedsim_ros2/install/pedsim_msgs/include/pedsim_msgs/pedsim_msgs/msg/detail/social_relation__functions.h
[1.709s] -- Up-to-date: /home/anlh/pedsim_ros2/install/pedsim_msgs/include/pedsim_msgs/pedsim_msgs/msg/detail/line_obstacle__struct.h
[1.709s] -- Up-to-date: /home/anlh/pedsim_ros2/install/pedsim_msgs/include/pedsim_msgs/pedsim_msgs/msg/detail/agent_group__functions.h
[1.709s] -- Up-to-date: /home/anlh/pedsim_ros2/install/pedsim_msgs/include/pedsim_msgs/pedsim_msgs/msg/detail/agent_state__functions.c
[1.709s] -- Up-to-date: /home/anlh/pedsim_ros2/install/pedsim_msgs/include/pedsim_msgs/pedsim_msgs/msg/detail/tracked_person__functions.c
[1.709s] -- Up-to-date: /home/anlh/pedsim_ros2/install/pedsim_msgs/include/pedsim_msgs/pedsim_msgs/msg/detail/agent_states__type_support.h
[1.709s] -- Up-to-date: /home/anlh/pedsim_ros2/install/pedsim_msgs/include/pedsim_msgs/pedsim_msgs/msg/detail/agent_groups__functions.h
[1.709s] -- Up-to-date: /home/anlh/pedsim_ros2/install/pedsim_msgs/include/pedsim_msgs/pedsim_msgs/msg/detail/tracked_group__functions.c
[1.710s] -- Up-to-date: /home/anlh/pedsim_ros2/install/pedsim_msgs/include/pedsim_msgs/pedsim_msgs/msg/detail/agent_groups__struct.h
[1.710s] -- Up-to-date: /home/anlh/pedsim_ros2/install/pedsim_msgs/include/pedsim_msgs/pedsim_msgs/msg/detail/agent_force__struct.h
[1.710s] -- Up-to-date: /home/anlh/pedsim_ros2/install/pedsim_msgs/include/pedsim_msgs/pedsim_msgs/msg/detail/social_relations__functions.c
[1.710s] -- Up-to-date: /home/anlh/pedsim_ros2/install/pedsim_msgs/include/pedsim_msgs/pedsim_msgs/msg/detail/social_activities__functions.c
[1.710s] -- Up-to-date: /home/anlh/pedsim_ros2/install/pedsim_msgs/include/pedsim_msgs/pedsim_msgs/msg/detail/social_relations__struct.h
[1.710s] -- Up-to-date: /home/anlh/pedsim_ros2/install/pedsim_msgs/include/pedsim_msgs/pedsim_msgs/msg/detail/agent_states__struct.h
[1.710s] -- Up-to-date: /home/anlh/pedsim_ros2/install/pedsim_msgs/include/pedsim_msgs/pedsim_msgs/msg/detail/social_activities__type_support.h
[1.710s] -- Up-to-date: /home/anlh/pedsim_ros2/install/pedsim_msgs/include/pedsim_msgs/pedsim_msgs/msg/detail/social_relation__functions.c
[1.710s] -- Up-to-date: /home/anlh/pedsim_ros2/install/pedsim_msgs/include/pedsim_msgs/pedsim_msgs/msg/detail/social_relations__functions.h
[1.710s] -- Up-to-date: /home/anlh/pedsim_ros2/install/pedsim_msgs/include/pedsim_msgs/pedsim_msgs/msg/detail/tracked_persons__functions.h
[1.710s] -- Up-to-date: /home/anlh/pedsim_ros2/install/pedsim_msgs/include/pedsim_msgs/pedsim_msgs/msg/detail/line_obstacles__functions.c
[1.710s] -- Up-to-date: /home/anlh/pedsim_ros2/install/pedsim_msgs/include/pedsim_msgs/pedsim_msgs/msg/detail/agent_force__type_support.h
[1.710s] -- Up-to-date: /home/anlh/pedsim_ros2/install/pedsim_msgs/include/pedsim_msgs/pedsim_msgs/msg/detail/line_obstacles__functions.h
[1.710s] -- Up-to-date: /home/anlh/pedsim_ros2/install/pedsim_msgs/include/pedsim_msgs/pedsim_msgs/msg/detail/line_obstacle__functions.h
[1.710s] -- Up-to-date: /home/anlh/pedsim_ros2/install/pedsim_msgs/include/pedsim_msgs/pedsim_msgs/msg/detail/social_activity__type_support.h
[1.710s] -- Up-to-date: /home/anlh/pedsim_ros2/install/pedsim_msgs/include/pedsim_msgs/pedsim_msgs/msg/detail/line_obstacle__type_support.h
[1.710s] -- Up-to-date: /home/anlh/pedsim_ros2/install/pedsim_msgs/include/pedsim_msgs/pedsim_msgs/msg/detail/tracked_persons__type_support.h
[1.710s] -- Up-to-date: /home/anlh/pedsim_ros2/install/pedsim_msgs/include/pedsim_msgs/pedsim_msgs/msg/detail/agent_force__functions.h
[1.710s] -- Up-to-date: /home/anlh/pedsim_ros2/install/pedsim_msgs/include/pedsim_msgs/pedsim_msgs/msg/line_obstacles.h
[1.710s] -- Up-to-date: /home/anlh/pedsim_ros2/install/pedsim_msgs/include/pedsim_msgs/pedsim_msgs/msg/agent_force.h
[1.710s] -- Up-to-date: /home/anlh/pedsim_ros2/install/pedsim_msgs/include/pedsim_msgs/pedsim_msgs/msg/agent_states.h
[1.710s] -- Up-to-date: /home/anlh/pedsim_ros2/install/pedsim_msgs/include/pedsim_msgs/pedsim_msgs/msg/agent_group.h
[1.710s] -- Up-to-date: /home/anlh/pedsim_ros2/install/pedsim_msgs/include/pedsim_msgs/pedsim_msgs/msg/agent_state.h
[1.710s] -- Up-to-date: /home/anlh/pedsim_ros2/install/pedsim_msgs/share/pedsim_msgs/environment/library_path.sh
[1.710s] -- Up-to-date: /home/anlh/pedsim_ros2/install/pedsim_msgs/share/pedsim_msgs/environment/library_path.dsv
[1.710s] -- Up-to-date: /home/anlh/pedsim_ros2/install/pedsim_msgs/lib/libpedsim_msgs__rosidl_generator_c.so
[1.710s] -- Up-to-date: /home/anlh/pedsim_ros2/install/pedsim_msgs/include/pedsim_msgs/pedsim_msgs
[1.711s] -- Up-to-date: /home/anlh/pedsim_ros2/install/pedsim_msgs/include/pedsim_msgs/pedsim_msgs/msg
[1.711s] -- Up-to-date: /home/anlh/pedsim_ros2/install/pedsim_msgs/include/pedsim_msgs/pedsim_msgs/msg/rosidl_typesupport_fastrtps_c__visibility_control.h
[1.711s] -- Up-to-date: /home/anlh/pedsim_ros2/install/pedsim_msgs/include/pedsim_msgs/pedsim_msgs/msg/detail
[1.711s] -- Up-to-date: /home/anlh/pedsim_ros2/install/pedsim_msgs/include/pedsim_msgs/pedsim_msgs/msg/detail/line_obstacle__rosidl_typesupport_fastrtps_c.h
[1.711s] -- Up-to-date: /home/anlh/pedsim_ros2/install/pedsim_msgs/include/pedsim_msgs/pedsim_msgs/msg/detail/social_relations__rosidl_typesupport_fastrtps_c.h
[1.711s] -- Up-to-date: /home/anlh/pedsim_ros2/install/pedsim_msgs/include/pedsim_msgs/pedsim_msgs/msg/detail/tracked_persons__rosidl_typesupport_fastrtps_c.h
[1.711s] -- Up-to-date: /home/anlh/pedsim_ros2/install/pedsim_msgs/include/pedsim_msgs/pedsim_msgs/msg/detail/agent_state__rosidl_typesupport_fastrtps_c.h
[1.711s] -- Up-to-date: /home/anlh/pedsim_ros2/install/pedsim_msgs/include/pedsim_msgs/pedsim_msgs/msg/detail/social_relation__rosidl_typesupport_fastrtps_c.h
[1.711s] -- Up-to-date: /home/anlh/pedsim_ros2/install/pedsim_msgs/include/pedsim_msgs/pedsim_msgs/msg/detail/agent_groups__rosidl_typesupport_fastrtps_c.h
[1.711s] -- Up-to-date: /home/anlh/pedsim_ros2/install/pedsim_msgs/include/pedsim_msgs/pedsim_msgs/msg/detail/tracked_group__rosidl_typesupport_fastrtps_c.h
[1.711s] -- Up-to-date: /home/anlh/pedsim_ros2/install/pedsim_msgs/include/pedsim_msgs/pedsim_msgs/msg/detail/social_activity__rosidl_typesupport_fastrtps_c.h
[1.711s] -- Up-to-date: /home/anlh/pedsim_ros2/install/pedsim_msgs/include/pedsim_msgs/pedsim_msgs/msg/detail/agent_force__rosidl_typesupport_fastrtps_c.h
[1.711s] -- Up-to-date: /home/anlh/pedsim_ros2/install/pedsim_msgs/include/pedsim_msgs/pedsim_msgs/msg/detail/agent_states__rosidl_typesupport_fastrtps_c.h
[1.711s] -- Up-to-date: /home/anlh/pedsim_ros2/install/pedsim_msgs/include/pedsim_msgs/pedsim_msgs/msg/detail/tracked_groups__rosidl_typesupport_fastrtps_c.h
[1.711s] -- Up-to-date: /home/anlh/pedsim_ros2/install/pedsim_msgs/include/pedsim_msgs/pedsim_msgs/msg/detail/agent_group__rosidl_typesupport_fastrtps_c.h
[1.711s] -- Up-to-date: /home/anlh/pedsim_ros2/install/pedsim_msgs/include/pedsim_msgs/pedsim_msgs/msg/detail/social_activities__rosidl_typesupport_fastrtps_c.h
[1.711s] -- Up-to-date: /home/anlh/pedsim_ros2/install/pedsim_msgs/include/pedsim_msgs/pedsim_msgs/msg/detail/tracked_person__rosidl_typesupport_fastrtps_c.h
[1.711s] -- Up-to-date: /home/anlh/pedsim_ros2/install/pedsim_msgs/include/pedsim_msgs/pedsim_msgs/msg/detail/line_obstacles__rosidl_typesupport_fastrtps_c.h
[1.711s] -- Up-to-date: /home/anlh/pedsim_ros2/install/pedsim_msgs/lib/libpedsim_msgs__rosidl_typesupport_fastrtps_c.so
[1.711s] -- Up-to-date: /home/anlh/pedsim_ros2/install/pedsim_msgs/include/pedsim_msgs/pedsim_msgs
[1.711s] -- Up-to-date: /home/anlh/pedsim_ros2/install/pedsim_msgs/include/pedsim_msgs/pedsim_msgs/msg
[1.711s] -- Up-to-date: /home/anlh/pedsim_ros2/install/pedsim_msgs/include/pedsim_msgs/pedsim_msgs/msg/tracked_person.hpp
[1.711s] -- Up-to-date: /home/anlh/pedsim_ros2/install/pedsim_msgs/include/pedsim_msgs/pedsim_msgs/msg/agent_group.hpp
[1.711s] -- Up-to-date: /home/anlh/pedsim_ros2/install/pedsim_msgs/include/pedsim_msgs/pedsim_msgs/msg/agent_state.hpp
[1.711s] -- Up-to-date: /home/anlh/pedsim_ros2/install/pedsim_msgs/include/pedsim_msgs/pedsim_msgs/msg/line_obstacles.hpp
[1.711s] -- Up-to-date: /home/anlh/pedsim_ros2/install/pedsim_msgs/include/pedsim_msgs/pedsim_msgs/msg/agent_states.hpp
[1.711s] -- Up-to-date: /home/anlh/pedsim_ros2/install/pedsim_msgs/include/pedsim_msgs/pedsim_msgs/msg/tracked_persons.hpp
[1.712s] -- Up-to-date: /home/anlh/pedsim_ros2/install/pedsim_msgs/include/pedsim_msgs/pedsim_msgs/msg/detail
[1.712s] -- Up-to-date: /home/anlh/pedsim_ros2/install/pedsim_msgs/include/pedsim_msgs/pedsim_msgs/msg/detail/line_obstacles__traits.hpp
[1.712s] -- Up-to-date: /home/anlh/pedsim_ros2/install/pedsim_msgs/include/pedsim_msgs/pedsim_msgs/msg/detail/social_activities__traits.hpp
[1.712s] -- Up-to-date: /home/anlh/pedsim_ros2/install/pedsim_msgs/include/pedsim_msgs/pedsim_msgs/msg/detail/agent_force__traits.hpp
[1.712s] -- Up-to-date: /home/anlh/pedsim_ros2/install/pedsim_msgs/include/pedsim_msgs/pedsim_msgs/msg/detail/tracked_group__struct.hpp
[1.712s] -- Up-to-date: /home/anlh/pedsim_ros2/install/pedsim_msgs/include/pedsim_msgs/pedsim_msgs/msg/detail/agent_states__struct.hpp
[1.712s] -- Up-to-date: /home/anlh/pedsim_ros2/install/pedsim_msgs/include/pedsim_msgs/pedsim_msgs/msg/detail/tracked_persons__traits.hpp
[1.712s] -- Up-to-date: /home/anlh/pedsim_ros2/install/pedsim_msgs/include/pedsim_msgs/pedsim_msgs/msg/detail/agent_states__traits.hpp
[1.712s] -- Up-to-date: /home/anlh/pedsim_ros2/install/pedsim_msgs/include/pedsim_msgs/pedsim_msgs/msg/detail/tracked_group__traits.hpp
[1.712s] -- Up-to-date: /home/anlh/pedsim_ros2/install/pedsim_msgs/include/pedsim_msgs/pedsim_msgs/msg/detail/agent_groups__builder.hpp
[1.712s] -- Up-to-date: /home/anlh/pedsim_ros2/install/pedsim_msgs/include/pedsim_msgs/pedsim_msgs/msg/detail/social_activities__struct.hpp
[1.712s] -- Up-to-date: /home/anlh/pedsim_ros2/install/pedsim_msgs/include/pedsim_msgs/pedsim_msgs/msg/detail/line_obstacles__struct.hpp
[1.712s] -- Up-to-date: /home/anlh/pedsim_ros2/install/pedsim_msgs/include/pedsim_msgs/pedsim_msgs/msg/detail/tracked_person__struct.hpp
[1.712s] -- Up-to-date: /home/anlh/pedsim_ros2/install/pedsim_msgs/include/pedsim_msgs/pedsim_msgs/msg/detail/tracked_persons__builder.hpp
[1.712s] -- Up-to-date: /home/anlh/pedsim_ros2/install/pedsim_msgs/include/pedsim_msgs/pedsim_msgs/msg/detail/line_obstacles__builder.hpp
[1.712s] -- Up-to-date: /home/anlh/pedsim_ros2/install/pedsim_msgs/include/pedsim_msgs/pedsim_msgs/msg/detail/agent_state__traits.hpp
[1.712s] -- Up-to-date: /home/anlh/pedsim_ros2/install/pedsim_msgs/include/pedsim_msgs/pedsim_msgs/msg/detail/agent_state__builder.hpp
[1.712s] -- Up-to-date: /home/anlh/pedsim_ros2/install/pedsim_msgs/include/pedsim_msgs/pedsim_msgs/msg/detail/agent_states__builder.hpp
[1.712s] -- Up-to-date: /home/anlh/pedsim_ros2/install/pedsim_msgs/include/pedsim_msgs/pedsim_msgs/msg/detail/agent_group__struct.hpp
[1.712s] -- Up-to-date: /home/anlh/pedsim_ros2/install/pedsim_msgs/include/pedsim_msgs/pedsim_msgs/msg/detail/tracked_groups__traits.hpp
[1.712s] -- Up-to-date: /home/anlh/pedsim_ros2/install/pedsim_msgs/include/pedsim_msgs/pedsim_msgs/msg/detail/social_relations__builder.hpp
[1.712s] -- Up-to-date: /home/anlh/pedsim_ros2/install/pedsim_msgs/include/pedsim_msgs/pedsim_msgs/msg/detail/social_activity__struct.hpp
[1.712s] -- Up-to-date: /home/anlh/pedsim_ros2/install/pedsim_msgs/include/pedsim_msgs/pedsim_msgs/msg/detail/line_obstacle__builder.hpp
[1.712s] -- Up-to-date: /home/anlh/pedsim_ros2/install/pedsim_msgs/include/pedsim_msgs/pedsim_msgs/msg/detail/agent_force__builder.hpp
[1.713s] -- Up-to-date: /home/anlh/pedsim_ros2/install/pedsim_msgs/include/pedsim_msgs/pedsim_msgs/msg/detail/social_activity__traits.hpp
[1.713s] -- Up-to-date: /home/anlh/pedsim_ros2/install/pedsim_msgs/include/pedsim_msgs/pedsim_msgs/msg/detail/agent_groups__traits.hpp
[1.713s] -- Up-to-date: /home/anlh/pedsim_ros2/install/pedsim_msgs/include/pedsim_msgs/pedsim_msgs/msg/detail/tracked_persons__struct.hpp
[1.713s] -- Up-to-date: /home/anlh/pedsim_ros2/install/pedsim_msgs/include/pedsim_msgs/pedsim_msgs/msg/detail/agent_groups__struct.hpp
[1.713s] -- Up-to-date: /home/anlh/pedsim_ros2/install/pedsim_msgs/include/pedsim_msgs/pedsim_msgs/msg/detail/agent_group__traits.hpp
[1.713s] -- Up-to-date: /home/anlh/pedsim_ros2/install/pedsim_msgs/include/pedsim_msgs/pedsim_msgs/msg/detail/social_relations__struct.hpp
[1.713s] -- Up-to-date: /home/anlh/pedsim_ros2/install/pedsim_msgs/include/pedsim_msgs/pedsim_msgs/msg/detail/agent_force__struct.hpp
[1.713s] -- Up-to-date: /home/anlh/pedsim_ros2/install/pedsim_msgs/include/pedsim_msgs/pedsim_msgs/msg/detail/tracked_groups__builder.hpp
[1.713s] -- Up-to-date: /home/anlh/pedsim_ros2/install/pedsim_msgs/include/pedsim_msgs/pedsim_msgs/msg/detail/agent_group__builder.hpp
[1.713s] -- Up-to-date: /home/anlh/pedsim_ros2/install/pedsim_msgs/include/pedsim_msgs/pedsim_msgs/msg/detail/social_activities__builder.hpp
[1.713s] -- Up-to-date: /home/anlh/pedsim_ros2/install/pedsim_msgs/include/pedsim_msgs/pedsim_msgs/msg/detail/social_relations__traits.hpp
[1.713s] -- Up-to-date: /home/anlh/pedsim_ros2/install/pedsim_msgs/include/pedsim_msgs/pedsim_msgs/msg/detail/line_obstacle__traits.hpp
[1.713s] -- Up-to-date: /home/anlh/pedsim_ros2/install/pedsim_msgs/include/pedsim_msgs/pedsim_msgs/msg/detail/social_relation__traits.hpp
[1.713s] -- Up-to-date: /home/anlh/pedsim_ros2/install/pedsim_msgs/include/pedsim_msgs/pedsim_msgs/msg/detail/tracked_person__traits.hpp
[1.713s] -- Up-to-date: /home/anlh/pedsim_ros2/install/pedsim_msgs/include/pedsim_msgs/pedsim_msgs/msg/detail/social_relation__struct.hpp
[1.713s] -- Up-to-date: /home/anlh/pedsim_ros2/install/pedsim_msgs/include/pedsim_msgs/pedsim_msgs/msg/detail/social_relation__builder.hpp
[1.713s] -- Up-to-date: /home/anlh/pedsim_ros2/install/pedsim_msgs/include/pedsim_msgs/pedsim_msgs/msg/detail/line_obstacle__struct.hpp
[1.713s] -- Up-to-date: /home/anlh/pedsim_ros2/install/pedsim_msgs/include/pedsim_msgs/pedsim_msgs/msg/detail/tracked_group__builder.hpp
[1.713s] -- Up-to-date: /home/anlh/pedsim_ros2/install/pedsim_msgs/include/pedsim_msgs/pedsim_msgs/msg/detail/social_activity__builder.hpp
[1.713s] -- Up-to-date: /home/anlh/pedsim_ros2/install/pedsim_msgs/include/pedsim_msgs/pedsim_msgs/msg/detail/agent_state__struct.hpp
[1.713s] -- Up-to-date: /home/anlh/pedsim_ros2/install/pedsim_msgs/include/pedsim_msgs/pedsim_msgs/msg/detail/tracked_groups__struct.hpp
[1.713s] -- Up-to-date: /home/anlh/pedsim_ros2/install/pedsim_msgs/include/pedsim_msgs/pedsim_msgs/msg/detail/tracked_person__builder.hpp
[1.713s] -- Up-to-date: /home/anlh/pedsim_ros2/install/pedsim_msgs/include/pedsim_msgs/pedsim_msgs/msg/agent_groups.hpp
[1.713s] -- Up-to-date: /home/anlh/pedsim_ros2/install/pedsim_msgs/include/pedsim_msgs/pedsim_msgs/msg/social_relations.hpp
[1.713s] -- Up-to-date: /home/anlh/pedsim_ros2/install/pedsim_msgs/include/pedsim_msgs/pedsim_msgs/msg/social_relation.hpp
[1.713s] -- Up-to-date: /home/anlh/pedsim_ros2/install/pedsim_msgs/include/pedsim_msgs/pedsim_msgs/msg/line_obstacle.hpp
[1.713s] -- Up-to-date: /home/anlh/pedsim_ros2/install/pedsim_msgs/include/pedsim_msgs/pedsim_msgs/msg/tracked_groups.hpp
[1.713s] -- Up-to-date: /home/anlh/pedsim_ros2/install/pedsim_msgs/include/pedsim_msgs/pedsim_msgs/msg/social_activities.hpp
[1.713s] -- Up-to-date: /home/anlh/pedsim_ros2/install/pedsim_msgs/include/pedsim_msgs/pedsim_msgs/msg/social_activity.hpp
[1.713s] -- Up-to-date: /home/anlh/pedsim_ros2/install/pedsim_msgs/include/pedsim_msgs/pedsim_msgs/msg/agent_force.hpp
[1.713s] -- Up-to-date: /home/anlh/pedsim_ros2/install/pedsim_msgs/include/pedsim_msgs/pedsim_msgs/msg/tracked_group.hpp
[1.713s] -- Up-to-date: /home/anlh/pedsim_ros2/install/pedsim_msgs/include/pedsim_msgs/pedsim_msgs
[1.714s] -- Up-to-date: /home/anlh/pedsim_ros2/install/pedsim_msgs/include/pedsim_msgs/pedsim_msgs/msg
[1.714s] -- Up-to-date: /home/anlh/pedsim_ros2/install/pedsim_msgs/include/pedsim_msgs/pedsim_msgs/msg/rosidl_typesupport_fastrtps_cpp__visibility_control.h
[1.714s] -- Up-to-date: /home/anlh/pedsim_ros2/install/pedsim_msgs/include/pedsim_msgs/pedsim_msgs/msg/detail
[1.714s] -- Up-to-date: /home/anlh/pedsim_ros2/install/pedsim_msgs/include/pedsim_msgs/pedsim_msgs/msg/detail/tracked_person__rosidl_typesupport_fastrtps_cpp.hpp
[1.714s] -- Up-to-date: /home/anlh/pedsim_ros2/install/pedsim_msgs/include/pedsim_msgs/pedsim_msgs/msg/detail/dds_fastrtps
[1.714s] -- Up-to-date: /home/anlh/pedsim_ros2/install/pedsim_msgs/include/pedsim_msgs/pedsim_msgs/msg/detail/tracked_groups__rosidl_typesupport_fastrtps_cpp.hpp
[1.714s] -- Up-to-date: /home/anlh/pedsim_ros2/install/pedsim_msgs/include/pedsim_msgs/pedsim_msgs/msg/detail/social_activities__rosidl_typesupport_fastrtps_cpp.hpp
[1.714s] -- Up-to-date: /home/anlh/pedsim_ros2/install/pedsim_msgs/include/pedsim_msgs/pedsim_msgs/msg/detail/agent_groups__rosidl_typesupport_fastrtps_cpp.hpp
[1.714s] -- Up-to-date: /home/anlh/pedsim_ros2/install/pedsim_msgs/include/pedsim_msgs/pedsim_msgs/msg/detail/line_obstacle__rosidl_typesupport_fastrtps_cpp.hpp
[1.714s] -- Up-to-date: /home/anlh/pedsim_ros2/install/pedsim_msgs/include/pedsim_msgs/pedsim_msgs/msg/detail/agent_states__rosidl_typesupport_fastrtps_cpp.hpp
[1.714s] -- Up-to-date: /home/anlh/pedsim_ros2/install/pedsim_msgs/include/pedsim_msgs/pedsim_msgs/msg/detail/agent_state__rosidl_typesupport_fastrtps_cpp.hpp
[1.714s] -- Up-to-date: /home/anlh/pedsim_ros2/install/pedsim_msgs/include/pedsim_msgs/pedsim_msgs/msg/detail/line_obstacles__rosidl_typesupport_fastrtps_cpp.hpp
[1.714s] -- Up-to-date: /home/anlh/pedsim_ros2/install/pedsim_msgs/include/pedsim_msgs/pedsim_msgs/msg/detail/social_relation__rosidl_typesupport_fastrtps_cpp.hpp
[1.714s] -- Up-to-date: /home/anlh/pedsim_ros2/install/pedsim_msgs/include/pedsim_msgs/pedsim_msgs/msg/detail/social_activity__rosidl_typesupport_fastrtps_cpp.hpp
[1.714s] -- Up-to-date: /home/anlh/pedsim_ros2/install/pedsim_msgs/include/pedsim_msgs/pedsim_msgs/msg/detail/agent_group__rosidl_typesupport_fastrtps_cpp.hpp
[1.714s] -- Up-to-date: /home/anlh/pedsim_ros2/install/pedsim_msgs/include/pedsim_msgs/pedsim_msgs/msg/detail/tracked_persons__rosidl_typesupport_fastrtps_cpp.hpp
[1.714s] -- Up-to-date: /home/anlh/pedsim_ros2/install/pedsim_msgs/include/pedsim_msgs/pedsim_msgs/msg/detail/agent_force__rosidl_typesupport_fastrtps_cpp.hpp
[1.714s] -- Up-to-date: /home/anlh/pedsim_ros2/install/pedsim_msgs/include/pedsim_msgs/pedsim_msgs/msg/detail/social_relations__rosidl_typesupport_fastrtps_cpp.hpp
[1.714s] -- Up-to-date: /home/anlh/pedsim_ros2/install/pedsim_msgs/include/pedsim_msgs/pedsim_msgs/msg/detail/tracked_group__rosidl_typesupport_fastrtps_cpp.hpp
[1.714s] -- Up-to-date: /home/anlh/pedsim_ros2/install/pedsim_msgs/lib/libpedsim_msgs__rosidl_typesupport_fastrtps_cpp.so
[1.714s] -- Up-to-date: /home/anlh/pedsim_ros2/install/pedsim_msgs/include/pedsim_msgs/pedsim_msgs
[1.714s] -- Up-to-date: /home/anlh/pedsim_ros2/install/pedsim_msgs/include/pedsim_msgs/pedsim_msgs/msg
[1.714s] -- Up-to-date: /home/anlh/pedsim_ros2/install/pedsim_msgs/include/pedsim_msgs/pedsim_msgs/msg/detail
[1.714s] -- Up-to-date: /home/anlh/pedsim_ros2/install/pedsim_msgs/include/pedsim_msgs/pedsim_msgs/msg/detail/social_activity__type_support.c
[1.714s] -- Up-to-date: /home/anlh/pedsim_ros2/install/pedsim_msgs/include/pedsim_msgs/pedsim_msgs/msg/detail/tracked_group__type_support.c
[1.714s] -- Up-to-date: /home/anlh/pedsim_ros2/install/pedsim_msgs/include/pedsim_msgs/pedsim_msgs/msg/detail/social_relations__type_support.c
[1.714s] -- Up-to-date: /home/anlh/pedsim_ros2/install/pedsim_msgs/include/pedsim_msgs/pedsim_msgs/msg/detail/agent_group__rosidl_typesupport_introspection_c.h
[1.714s] -- Up-to-date: /home/anlh/pedsim_ros2/install/pedsim_msgs/include/pedsim_msgs/pedsim_msgs/msg/detail/social_relations__rosidl_typesupport_introspection_c.h
[1.714s] -- Up-to-date: /home/anlh/pedsim_ros2/install/pedsim_msgs/include/pedsim_msgs/pedsim_msgs/msg/detail/agent_state__type_support.c
[1.714s] -- Up-to-date: /home/anlh/pedsim_ros2/install/pedsim_msgs/include/pedsim_msgs/pedsim_msgs/msg/detail/agent_force__type_support.c
[1.714s] -- Up-to-date: /home/anlh/pedsim_ros2/install/pedsim_msgs/include/pedsim_msgs/pedsim_msgs/msg/detail/social_activities__rosidl_typesupport_introspection_c.h
[1.715s] -- Up-to-date: /home/anlh/pedsim_ros2/install/pedsim_msgs/include/pedsim_msgs/pedsim_msgs/msg/detail/tracked_person__rosidl_typesupport_introspection_c.h
[1.715s] -- Up-to-date: /home/anlh/pedsim_ros2/install/pedsim_msgs/include/pedsim_msgs/pedsim_msgs/msg/detail/agent_groups__type_support.c
[1.715s] -- Up-to-date: /home/anlh/pedsim_ros2/install/pedsim_msgs/include/pedsim_msgs/pedsim_msgs/msg/detail/social_relation__rosidl_typesupport_introspection_c.h
[1.715s] -- Up-to-date: /home/anlh/pedsim_ros2/install/pedsim_msgs/include/pedsim_msgs/pedsim_msgs/msg/detail/agent_states__type_support.c
[1.715s] -- Up-to-date: /home/anlh/pedsim_ros2/install/pedsim_msgs/include/pedsim_msgs/pedsim_msgs/msg/detail/social_activities__type_support.c
[1.715s] -- Up-to-date: /home/anlh/pedsim_ros2/install/pedsim_msgs/include/pedsim_msgs/pedsim_msgs/msg/detail/tracked_persons__rosidl_typesupport_introspection_c.h
[1.715s] -- Up-to-date: /home/anlh/pedsim_ros2/install/pedsim_msgs/include/pedsim_msgs/pedsim_msgs/msg/detail/tracked_groups__rosidl_typesupport_introspection_c.h
[1.715s] -- Up-to-date: /home/anlh/pedsim_ros2/install/pedsim_msgs/include/pedsim_msgs/pedsim_msgs/msg/detail/line_obstacles__type_support.c
[1.715s] -- Up-to-date: /home/anlh/pedsim_ros2/install/pedsim_msgs/include/pedsim_msgs/pedsim_msgs/msg/detail/agent_state__rosidl_typesupport_introspection_c.h
[1.715s] -- Up-to-date: /home/anlh/pedsim_ros2/install/pedsim_msgs/include/pedsim_msgs/pedsim_msgs/msg/detail/line_obstacle__type_support.c
[1.715s] -- Up-to-date: /home/anlh/pedsim_ros2/install/pedsim_msgs/include/pedsim_msgs/pedsim_msgs/msg/detail/tracked_group__rosidl_typesupport_introspection_c.h
[1.715s] -- Up-to-date: /home/anlh/pedsim_ros2/install/pedsim_msgs/include/pedsim_msgs/pedsim_msgs/msg/detail/social_activity__rosidl_typesupport_introspection_c.h
[1.715s] -- Up-to-date: /home/anlh/pedsim_ros2/install/pedsim_msgs/include/pedsim_msgs/pedsim_msgs/msg/detail/agent_states__rosidl_typesupport_introspection_c.h
[1.715s] -- Up-to-date: /home/anlh/pedsim_ros2/install/pedsim_msgs/include/pedsim_msgs/pedsim_msgs/msg/detail/agent_groups__rosidl_typesupport_introspection_c.h
[1.715s] -- Up-to-date: /home/anlh/pedsim_ros2/install/pedsim_msgs/include/pedsim_msgs/pedsim_msgs/msg/detail/social_relation__type_support.c
[1.715s] -- Up-to-date: /home/anlh/pedsim_ros2/install/pedsim_msgs/include/pedsim_msgs/pedsim_msgs/msg/detail/line_obstacle__rosidl_typesupport_introspection_c.h
[1.715s] -- Up-to-date: /home/anlh/pedsim_ros2/install/pedsim_msgs/include/pedsim_msgs/pedsim_msgs/msg/detail/agent_force__rosidl_typesupport_introspection_c.h
[1.715s] -- Up-to-date: /home/anlh/pedsim_ros2/install/pedsim_msgs/include/pedsim_msgs/pedsim_msgs/msg/detail/agent_group__type_support.c
[1.715s] -- Up-to-date: /home/anlh/pedsim_ros2/install/pedsim_msgs/include/pedsim_msgs/pedsim_msgs/msg/detail/line_obstacles__rosidl_typesupport_introspection_c.h
[1.715s] -- Up-to-date: /home/anlh/pedsim_ros2/install/pedsim_msgs/include/pedsim_msgs/pedsim_msgs/msg/detail/tracked_person__type_support.c
[1.715s] -- Up-to-date: /home/anlh/pedsim_ros2/install/pedsim_msgs/include/pedsim_msgs/pedsim_msgs/msg/detail/tracked_persons__type_support.c
[1.715s] -- Up-to-date: /home/anlh/pedsim_ros2/install/pedsim_msgs/include/pedsim_msgs/pedsim_msgs/msg/detail/tracked_groups__type_support.c
[1.715s] -- Up-to-date: /home/anlh/pedsim_ros2/install/pedsim_msgs/include/pedsim_msgs/pedsim_msgs/msg/rosidl_typesupport_introspection_c__visibility_control.h
[1.715s] -- Up-to-date: /home/anlh/pedsim_ros2/install/pedsim_msgs/lib/libpedsim_msgs__rosidl_typesupport_introspection_c.so
[1.715s] -- Up-to-date: /home/anlh/pedsim_ros2/install/pedsim_msgs/lib/libpedsim_msgs__rosidl_typesupport_c.so
[1.715s] -- Up-to-date: /home/anlh/pedsim_ros2/install/pedsim_msgs/include/pedsim_msgs/pedsim_msgs
[1.715s] -- Up-to-date: /home/anlh/pedsim_ros2/install/pedsim_msgs/include/pedsim_msgs/pedsim_msgs/msg
[1.715s] -- Up-to-date: /home/anlh/pedsim_ros2/install/pedsim_msgs/include/pedsim_msgs/pedsim_msgs/msg/detail
[1.715s] -- Up-to-date: /home/anlh/pedsim_ros2/install/pedsim_msgs/include/pedsim_msgs/pedsim_msgs/msg/detail/social_relation__type_support.cpp
[1.715s] -- Up-to-date: /home/anlh/pedsim_ros2/install/pedsim_msgs/include/pedsim_msgs/pedsim_msgs/msg/detail/agent_groups__rosidl_typesupport_introspection_cpp.hpp
[1.715s] -- Up-to-date: /home/anlh/pedsim_ros2/install/pedsim_msgs/include/pedsim_msgs/pedsim_msgs/msg/detail/social_relation__rosidl_typesupport_introspection_cpp.hpp
[1.715s] -- Up-to-date: /home/anlh/pedsim_ros2/install/pedsim_msgs/include/pedsim_msgs/pedsim_msgs/msg/detail/line_obstacles__rosidl_typesupport_introspection_cpp.hpp
[1.716s] -- Up-to-date: /home/anlh/pedsim_ros2/install/pedsim_msgs/include/pedsim_msgs/pedsim_msgs/msg/detail/line_obstacle__type_support.cpp
[1.716s] -- Up-to-date: /home/anlh/pedsim_ros2/install/pedsim_msgs/include/pedsim_msgs/pedsim_msgs/msg/detail/agent_group__type_support.cpp
[1.716s] -- Up-to-date: /home/anlh/pedsim_ros2/install/pedsim_msgs/include/pedsim_msgs/pedsim_msgs/msg/detail/agent_groups__type_support.cpp
[1.716s] -- Up-to-date: /home/anlh/pedsim_ros2/install/pedsim_msgs/include/pedsim_msgs/pedsim_msgs/msg/detail/tracked_person__type_support.cpp
[1.716s] -- Up-to-date: /home/anlh/pedsim_ros2/install/pedsim_msgs/include/pedsim_msgs/pedsim_msgs/msg/detail/agent_force__type_support.cpp
[1.716s] -- Up-to-date: /home/anlh/pedsim_ros2/install/pedsim_msgs/include/pedsim_msgs/pedsim_msgs/msg/detail/agent_state__type_support.cpp
[1.716s] -- Up-to-date: /home/anlh/pedsim_ros2/install/pedsim_msgs/include/pedsim_msgs/pedsim_msgs/msg/detail/social_activities__rosidl_typesupport_introspection_cpp.hpp
[1.716s] -- Up-to-date: /home/anlh/pedsim_ros2/install/pedsim_msgs/include/pedsim_msgs/pedsim_msgs/msg/detail/tracked_persons__type_support.cpp
[1.716s] -- Up-to-date: /home/anlh/pedsim_ros2/install/pedsim_msgs/include/pedsim_msgs/pedsim_msgs/msg/detail/tracked_person__rosidl_typesupport_introspection_cpp.hpp
[1.716s] -- Up-to-date: /home/anlh/pedsim_ros2/install/pedsim_msgs/include/pedsim_msgs/pedsim_msgs/msg/detail/tracked_groups__rosidl_typesupport_introspection_cpp.hpp
[1.716s] -- Up-to-date: /home/anlh/pedsim_ros2/install/pedsim_msgs/include/pedsim_msgs/pedsim_msgs/msg/detail/agent_states__type_support.cpp
[1.716s] -- Up-to-date: /home/anlh/pedsim_ros2/install/pedsim_msgs/include/pedsim_msgs/pedsim_msgs/msg/detail/tracked_persons__rosidl_typesupport_introspection_cpp.hpp
[1.716s] -- Up-to-date: /home/anlh/pedsim_ros2/install/pedsim_msgs/include/pedsim_msgs/pedsim_msgs/msg/detail/social_activity__rosidl_typesupport_introspection_cpp.hpp
[1.716s] -- Up-to-date: /home/anlh/pedsim_ros2/install/pedsim_msgs/include/pedsim_msgs/pedsim_msgs/msg/detail/tracked_groups__type_support.cpp
[1.716s] -- Up-to-date: /home/anlh/pedsim_ros2/install/pedsim_msgs/include/pedsim_msgs/pedsim_msgs/msg/detail/social_relations__type_support.cpp
[1.716s] -- Up-to-date: /home/anlh/pedsim_ros2/install/pedsim_msgs/include/pedsim_msgs/pedsim_msgs/msg/detail/tracked_group__rosidl_typesupport_introspection_cpp.hpp
[1.716s] -- Up-to-date: /home/anlh/pedsim_ros2/install/pedsim_msgs/include/pedsim_msgs/pedsim_msgs/msg/detail/agent_state__rosidl_typesupport_introspection_cpp.hpp
[1.716s] -- Up-to-date: /home/anlh/pedsim_ros2/install/pedsim_msgs/include/pedsim_msgs/pedsim_msgs/msg/detail/agent_states__rosidl_typesupport_introspection_cpp.hpp
[1.716s] -- Up-to-date: /home/anlh/pedsim_ros2/install/pedsim_msgs/include/pedsim_msgs/pedsim_msgs/msg/detail/social_relations__rosidl_typesupport_introspection_cpp.hpp
[1.716s] -- Up-to-date: /home/anlh/pedsim_ros2/install/pedsim_msgs/include/pedsim_msgs/pedsim_msgs/msg/detail/social_activity__type_support.cpp
[1.716s] -- Up-to-date: /home/anlh/pedsim_ros2/install/pedsim_msgs/include/pedsim_msgs/pedsim_msgs/msg/detail/line_obstacles__type_support.cpp
[1.716s] -- Up-to-date: /home/anlh/pedsim_ros2/install/pedsim_msgs/include/pedsim_msgs/pedsim_msgs/msg/detail/tracked_group__type_support.cpp
[1.716s] -- Up-to-date: /home/anlh/pedsim_ros2/install/pedsim_msgs/include/pedsim_msgs/pedsim_msgs/msg/detail/social_activities__type_support.cpp
[1.716s] -- Up-to-date: /home/anlh/pedsim_ros2/install/pedsim_msgs/include/pedsim_msgs/pedsim_msgs/msg/detail/agent_force__rosidl_typesupport_introspection_cpp.hpp
[1.716s] -- Up-to-date: /home/anlh/pedsim_ros2/install/pedsim_msgs/include/pedsim_msgs/pedsim_msgs/msg/detail/agent_group__rosidl_typesupport_introspection_cpp.hpp
[1.716s] -- Up-to-date: /home/anlh/pedsim_ros2/install/pedsim_msgs/include/pedsim_msgs/pedsim_msgs/msg/detail/line_obstacle__rosidl_typesupport_introspection_cpp.hpp
[1.716s] -- Up-to-date: /home/anlh/pedsim_ros2/install/pedsim_msgs/lib/libpedsim_msgs__rosidl_typesupport_introspection_cpp.so
[1.716s] -- Up-to-date: /home/anlh/pedsim_ros2/install/pedsim_msgs/lib/libpedsim_msgs__rosidl_typesupport_cpp.so
[1.716s] -- Up-to-date: /home/anlh/pedsim_ros2/install/pedsim_msgs/share/pedsim_msgs/environment/pythonpath.sh
[1.716s] -- Up-to-date: /home/anlh/pedsim_ros2/install/pedsim_msgs/share/pedsim_msgs/environment/pythonpath.dsv
[1.716s] -- Up-to-date: /home/anlh/pedsim_ros2/install/pedsim_msgs/local/lib/python3.10/dist-packages/pedsim_msgs-0.0.1-py3.10.egg-info
[1.717s] -- Installing: /home/anlh/pedsim_ros2/install/pedsim_msgs/local/lib/python3.10/dist-packages/pedsim_msgs-0.0.1-py3.10.egg-info/dependency_links.txt
[1.717s] -- Installing: /home/anlh/pedsim_ros2/install/pedsim_msgs/local/lib/python3.10/dist-packages/pedsim_msgs-0.0.1-py3.10.egg-info/PKG-INFO
[1.717s] -- Installing: /home/anlh/pedsim_ros2/install/pedsim_msgs/local/lib/python3.10/dist-packages/pedsim_msgs-0.0.1-py3.10.egg-info/SOURCES.txt
[1.717s] -- Installing: /home/anlh/pedsim_ros2/install/pedsim_msgs/local/lib/python3.10/dist-packages/pedsim_msgs-0.0.1-py3.10.egg-info/top_level.txt
[1.717s] -- Up-to-date: /home/anlh/pedsim_ros2/install/pedsim_msgs/local/lib/python3.10/dist-packages/pedsim_msgs
[1.717s] -- Up-to-date: /home/anlh/pedsim_ros2/install/pedsim_msgs/local/lib/python3.10/dist-packages/pedsim_msgs/_pedsim_msgs_s.ep.rosidl_typesupport_fastrtps_c.c
[1.717s] -- Up-to-date: /home/anlh/pedsim_ros2/install/pedsim_msgs/local/lib/python3.10/dist-packages/pedsim_msgs/pedsim_msgs_s__rosidl_typesupport_fastrtps_c.cpython-310-x86_64-linux-gnu.so
[1.717s] -- Up-to-date: /home/anlh/pedsim_ros2/install/pedsim_msgs/local/lib/python3.10/dist-packages/pedsim_msgs/libpedsim_msgs__rosidl_generator_py.so
[1.717s] -- Up-to-date: /home/anlh/pedsim_ros2/install/pedsim_msgs/local/lib/python3.10/dist-packages/pedsim_msgs/_pedsim_msgs_s.ep.rosidl_typesupport_introspection_c.c
[1.717s] -- Up-to-date: /home/anlh/pedsim_ros2/install/pedsim_msgs/local/lib/python3.10/dist-packages/pedsim_msgs/__init__.py
[1.717s] -- Up-to-date: /home/anlh/pedsim_ros2/install/pedsim_msgs/local/lib/python3.10/dist-packages/pedsim_msgs/pedsim_msgs_s__rosidl_typesupport_introspection_c.cpython-310-x86_64-linux-gnu.so
[1.717s] -- Up-to-date: /home/anlh/pedsim_ros2/install/pedsim_msgs/local/lib/python3.10/dist-packages/pedsim_msgs/pedsim_msgs_s__rosidl_typesupport_c.cpython-310-x86_64-linux-gnu.so
[1.717s] -- Up-to-date: /home/anlh/pedsim_ros2/install/pedsim_msgs/local/lib/python3.10/dist-packages/pedsim_msgs/msg
[1.717s] -- Up-to-date: /home/anlh/pedsim_ros2/install/pedsim_msgs/local/lib/python3.10/dist-packages/pedsim_msgs/msg/_agent_groups.py
[1.717s] -- Up-to-date: /home/anlh/pedsim_ros2/install/pedsim_msgs/local/lib/python3.10/dist-packages/pedsim_msgs/msg/_tracked_group_s.c
[1.717s] -- Up-to-date: /home/anlh/pedsim_ros2/install/pedsim_msgs/local/lib/python3.10/dist-packages/pedsim_msgs/msg/_social_relation_s.c
[1.717s] -- Up-to-date: /home/anlh/pedsim_ros2/install/pedsim_msgs/local/lib/python3.10/dist-packages/pedsim_msgs/msg/_tracked_group.py
[1.717s] -- Up-to-date: /home/anlh/pedsim_ros2/install/pedsim_msgs/local/lib/python3.10/dist-packages/pedsim_msgs/msg/__init__.py
[1.717s] -- Up-to-date: /home/anlh/pedsim_ros2/install/pedsim_msgs/local/lib/python3.10/dist-packages/pedsim_msgs/msg/_agent_state.py
[1.717s] -- Up-to-date: /home/anlh/pedsim_ros2/install/pedsim_msgs/local/lib/python3.10/dist-packages/pedsim_msgs/msg/_social_relation.py
[1.717s] -- Up-to-date: /home/anlh/pedsim_ros2/install/pedsim_msgs/local/lib/python3.10/dist-packages/pedsim_msgs/msg/_social_relations_s.c
[1.717s] -- Up-to-date: /home/anlh/pedsim_ros2/install/pedsim_msgs/local/lib/python3.10/dist-packages/pedsim_msgs/msg/_agent_groups_s.c
[1.717s] -- Up-to-date: /home/anlh/pedsim_ros2/install/pedsim_msgs/local/lib/python3.10/dist-packages/pedsim_msgs/msg/_line_obstacles.py
[1.717s] -- Up-to-date: /home/anlh/pedsim_ros2/install/pedsim_msgs/local/lib/python3.10/dist-packages/pedsim_msgs/msg/_agent_states.py
[1.717s] -- Up-to-date: /home/anlh/pedsim_ros2/install/pedsim_msgs/local/lib/python3.10/dist-packages/pedsim_msgs/msg/_agent_group.py
[1.717s] -- Up-to-date: /home/anlh/pedsim_ros2/install/pedsim_msgs/local/lib/python3.10/dist-packages/pedsim_msgs/msg/_tracked_person_s.c
[1.717s] -- Up-to-date: /home/anlh/pedsim_ros2/install/pedsim_msgs/local/lib/python3.10/dist-packages/pedsim_msgs/msg/_tracked_persons_s.c
[1.717s] -- Up-to-date: /home/anlh/pedsim_ros2/install/pedsim_msgs/local/lib/python3.10/dist-packages/pedsim_msgs/msg/_tracked_persons.py
[1.717s] -- Up-to-date: /home/anlh/pedsim_ros2/install/pedsim_msgs/local/lib/python3.10/dist-packages/pedsim_msgs/msg/_agent_force.py
[1.717s] -- Up-to-date: /home/anlh/pedsim_ros2/install/pedsim_msgs/local/lib/python3.10/dist-packages/pedsim_msgs/msg/_tracked_person.py
[1.717s] -- Up-to-date: /home/anlh/pedsim_ros2/install/pedsim_msgs/local/lib/python3.10/dist-packages/pedsim_msgs/msg/_agent_state_s.c
[1.717s] -- Up-to-date: /home/anlh/pedsim_ros2/install/pedsim_msgs/local/lib/python3.10/dist-packages/pedsim_msgs/msg/_agent_states_s.c
[1.718s] -- Up-to-date: /home/anlh/pedsim_ros2/install/pedsim_msgs/local/lib/python3.10/dist-packages/pedsim_msgs/msg/_agent_force_s.c
[1.718s] -- Up-to-date: /home/anlh/pedsim_ros2/install/pedsim_msgs/local/lib/python3.10/dist-packages/pedsim_msgs/msg/_social_activities_s.c
[1.718s] -- Up-to-date: /home/anlh/pedsim_ros2/install/pedsim_msgs/local/lib/python3.10/dist-packages/pedsim_msgs/msg/_agent_group_s.c
[1.718s] -- Up-to-date: /home/anlh/pedsim_ros2/install/pedsim_msgs/local/lib/python3.10/dist-packages/pedsim_msgs/msg/_social_activity.py
[1.718s] -- Up-to-date: /home/anlh/pedsim_ros2/install/pedsim_msgs/local/lib/python3.10/dist-packages/pedsim_msgs/msg/_line_obstacle_s.c
[1.718s] -- Up-to-date: /home/anlh/pedsim_ros2/install/pedsim_msgs/local/lib/python3.10/dist-packages/pedsim_msgs/msg/_line_obstacle.py
[1.718s] -- Up-to-date: /home/anlh/pedsim_ros2/install/pedsim_msgs/local/lib/python3.10/dist-packages/pedsim_msgs/msg/_social_activity_s.c
[1.718s] -- Up-to-date: /home/anlh/pedsim_ros2/install/pedsim_msgs/local/lib/python3.10/dist-packages/pedsim_msgs/msg/_tracked_groups.py
[1.718s] -- Up-to-date: /home/anlh/pedsim_ros2/install/pedsim_msgs/local/lib/python3.10/dist-packages/pedsim_msgs/msg/_tracked_groups_s.c
[1.718s] -- Up-to-date: /home/anlh/pedsim_ros2/install/pedsim_msgs/local/lib/python3.10/dist-packages/pedsim_msgs/msg/_social_relations.py
[1.718s] -- Up-to-date: /home/anlh/pedsim_ros2/install/pedsim_msgs/local/lib/python3.10/dist-packages/pedsim_msgs/msg/_social_activities.py
[1.718s] -- Up-to-date: /home/anlh/pedsim_ros2/install/pedsim_msgs/local/lib/python3.10/dist-packages/pedsim_msgs/msg/_line_obstacles_s.c
[1.718s] -- Up-to-date: /home/anlh/pedsim_ros2/install/pedsim_msgs/local/lib/python3.10/dist-packages/pedsim_msgs/_pedsim_msgs_s.ep.rosidl_typesupport_c.c
[1.803s] Listing '/home/anlh/pedsim_ros2/install/pedsim_msgs/local/lib/python3.10/dist-packages/pedsim_msgs'...
[1.803s] Listing '/home/anlh/pedsim_ros2/install/pedsim_msgs/local/lib/python3.10/dist-packages/pedsim_msgs/msg'...
[1.806s] -- Up-to-date: /home/anlh/pedsim_ros2/install/pedsim_msgs/local/lib/python3.10/dist-packages/pedsim_msgs/pedsim_msgs_s__rosidl_typesupport_fastrtps_c.cpython-310-x86_64-linux-gnu.so
[1.807s] -- Up-to-date: /home/anlh/pedsim_ros2/install/pedsim_msgs/local/lib/python3.10/dist-packages/pedsim_msgs/pedsim_msgs_s__rosidl_typesupport_introspection_c.cpython-310-x86_64-linux-gnu.so
[1.807s] -- Up-to-date: /home/anlh/pedsim_ros2/install/pedsim_msgs/local/lib/python3.10/dist-packages/pedsim_msgs/pedsim_msgs_s__rosidl_typesupport_c.cpython-310-x86_64-linux-gnu.so
[1.807s] -- Up-to-date: /home/anlh/pedsim_ros2/install/pedsim_msgs/lib/libpedsim_msgs__rosidl_generator_py.so
[1.807s] -- Up-to-date: /home/anlh/pedsim_ros2/install/pedsim_msgs/share/pedsim_msgs/msg/AgentState.idl
[1.808s] -- Up-to-date: /home/anlh/pedsim_ros2/install/pedsim_msgs/share/pedsim_msgs/msg/AgentStates.idl
[1.808s] -- Up-to-date: /home/anlh/pedsim_ros2/install/pedsim_msgs/share/pedsim_msgs/msg/AgentGroup.idl
[1.808s] -- Up-to-date: /home/anlh/pedsim_ros2/install/pedsim_msgs/share/pedsim_msgs/msg/AgentGroups.idl
[1.808s] -- Up-to-date: /home/anlh/pedsim_ros2/install/pedsim_msgs/share/pedsim_msgs/msg/AgentForce.idl
[1.808s] -- Up-to-date: /home/anlh/pedsim_ros2/install/pedsim_msgs/share/pedsim_msgs/msg/LineObstacle.idl
[1.808s] -- Up-to-date: /home/anlh/pedsim_ros2/install/pedsim_msgs/share/pedsim_msgs/msg/LineObstacles.idl
[1.808s] -- Up-to-date: /home/anlh/pedsim_ros2/install/pedsim_msgs/share/pedsim_msgs/msg/TrackedPerson.idl
[1.808s] -- Up-to-date: /home/anlh/pedsim_ros2/install/pedsim_msgs/share/pedsim_msgs/msg/TrackedPersons.idl
[1.808s] -- Up-to-date: /home/anlh/pedsim_ros2/install/pedsim_msgs/share/pedsim_msgs/msg/TrackedGroup.idl
[1.808s] -- Up-to-date: /home/anlh/pedsim_ros2/install/pedsim_msgs/share/pedsim_msgs/msg/TrackedGroups.idl
[1.808s] -- Up-to-date: /home/anlh/pedsim_ros2/install/pedsim_msgs/share/pedsim_msgs/msg/SocialRelation.idl
[1.808s] -- Up-to-date: /home/anlh/pedsim_ros2/install/pedsim_msgs/share/pedsim_msgs/msg/SocialRelations.idl
[1.808s] -- Up-to-date: /home/anlh/pedsim_ros2/install/pedsim_msgs/share/pedsim_msgs/msg/SocialActivity.idl
[1.809s] -- Up-to-date: /home/anlh/pedsim_ros2/install/pedsim_msgs/share/pedsim_msgs/msg/SocialActivities.idl
[1.809s] -- Up-to-date: /home/anlh/pedsim_ros2/install/pedsim_msgs/share/pedsim_msgs/msg/AgentState.msg
[1.809s] -- Up-to-date: /home/anlh/pedsim_ros2/install/pedsim_msgs/share/pedsim_msgs/msg/AgentStates.msg
[1.809s] -- Up-to-date: /home/anlh/pedsim_ros2/install/pedsim_msgs/share/pedsim_msgs/msg/AgentGroup.msg
[1.809s] -- Up-to-date: /home/anlh/pedsim_ros2/install/pedsim_msgs/share/pedsim_msgs/msg/AgentGroups.msg
[1.809s] -- Up-to-date: /home/anlh/pedsim_ros2/install/pedsim_msgs/share/pedsim_msgs/msg/AgentForce.msg
[1.809s] -- Up-to-date: /home/anlh/pedsim_ros2/install/pedsim_msgs/share/pedsim_msgs/msg/LineObstacle.msg
[1.809s] -- Up-to-date: /home/anlh/pedsim_ros2/install/pedsim_msgs/share/pedsim_msgs/msg/LineObstacles.msg
[1.809s] -- Up-to-date: /home/anlh/pedsim_ros2/install/pedsim_msgs/share/pedsim_msgs/msg/TrackedPerson.msg
[1.809s] -- Up-to-date: /home/anlh/pedsim_ros2/install/pedsim_msgs/share/pedsim_msgs/msg/TrackedPersons.msg
[1.809s] -- Up-to-date: /home/anlh/pedsim_ros2/install/pedsim_msgs/share/pedsim_msgs/msg/TrackedGroup.msg
[1.809s] -- Up-to-date: /home/anlh/pedsim_ros2/install/pedsim_msgs/share/pedsim_msgs/msg/TrackedGroups.msg
[1.809s] -- Up-to-date: /home/anlh/pedsim_ros2/install/pedsim_msgs/share/pedsim_msgs/msg/SocialRelation.msg
[1.810s] -- Up-to-date: /home/anlh/pedsim_ros2/install/pedsim_msgs/share/pedsim_msgs/msg/SocialRelations.msg
[1.810s] -- Up-to-date: /home/anlh/pedsim_ros2/install/pedsim_msgs/share/pedsim_msgs/msg/SocialActivity.msg
[1.810s] -- Up-to-date: /home/anlh/pedsim_ros2/install/pedsim_msgs/share/pedsim_msgs/msg/SocialActivities.msg
[1.810s] -- Up-to-date: /home/anlh/pedsim_ros2/install/pedsim_msgs/share/ament_index/resource_index/package_run_dependencies/pedsim_msgs
[1.810s] -- Up-to-date: /home/anlh/pedsim_ros2/install/pedsim_msgs/share/ament_index/resource_index/parent_prefix_path/pedsim_msgs
[1.810s] -- Up-to-date: /home/anlh/pedsim_ros2/install/pedsim_msgs/share/pedsim_msgs/environment/ament_prefix_path.dsv
[1.810s] -- Up-to-date: /home/anlh/pedsim_ros2/install/pedsim_msgs/share/pedsim_msgs/environment/path.dsv
[1.810s] -- Up-to-date: /home/anlh/pedsim_ros2/install/pedsim_msgs/share/pedsim_msgs/local_setup.bash
[1.810s] -- Up-to-date: /home/anlh/pedsim_ros2/install/pedsim_msgs/share/pedsim_msgs/local_setup.sh
[1.810s] -- Up-to-date: /home/anlh/pedsim_ros2/install/pedsim_msgs/share/pedsim_msgs/local_setup.zsh
[1.810s] -- Up-to-date: /home/anlh/pedsim_ros2/install/pedsim_msgs/share/pedsim_msgs/local_setup.dsv
[1.810s] -- Installing: /home/anlh/pedsim_ros2/install/pedsim_msgs/share/pedsim_msgs/package.dsv
[1.810s] -- Up-to-date: /home/anlh/pedsim_ros2/install/pedsim_msgs/share/ament_index/resource_index/packages/pedsim_msgs
[1.810s] -- Up-to-date: /home/anlh/pedsim_ros2/install/pedsim_msgs/share/pedsim_msgs/cmake/export_pedsim_msgs__rosidl_generator_cExport.cmake
[1.811s] -- Up-to-date: /home/anlh/pedsim_ros2/install/pedsim_msgs/share/pedsim_msgs/cmake/export_pedsim_msgs__rosidl_generator_cExport-noconfig.cmake
[1.811s] -- Up-to-date: /home/anlh/pedsim_ros2/install/pedsim_msgs/share/pedsim_msgs/cmake/export_pedsim_msgs__rosidl_typesupport_fastrtps_cExport.cmake
[1.811s] -- Up-to-date: /home/anlh/pedsim_ros2/install/pedsim_msgs/share/pedsim_msgs/cmake/export_pedsim_msgs__rosidl_typesupport_fastrtps_cExport-noconfig.cmake
[1.811s] -- Up-to-date: /home/anlh/pedsim_ros2/install/pedsim_msgs/share/pedsim_msgs/cmake/export_pedsim_msgs__rosidl_generator_cppExport.cmake
[1.811s] -- Up-to-date: /home/anlh/pedsim_ros2/install/pedsim_msgs/share/pedsim_msgs/cmake/export_pedsim_msgs__rosidl_typesupport_fastrtps_cppExport.cmake
[1.811s] -- Up-to-date: /home/anlh/pedsim_ros2/install/pedsim_msgs/share/pedsim_msgs/cmake/export_pedsim_msgs__rosidl_typesupport_fastrtps_cppExport-noconfig.cmake
[1.811s] -- Up-to-date: /home/anlh/pedsim_ros2/install/pedsim_msgs/share/pedsim_msgs/cmake/pedsim_msgs__rosidl_typesupport_introspection_cExport.cmake
[1.811s] -- Up-to-date: /home/anlh/pedsim_ros2/install/pedsim_msgs/share/pedsim_msgs/cmake/pedsim_msgs__rosidl_typesupport_introspection_cExport-noconfig.cmake
[1.811s] -- Up-to-date: /home/anlh/pedsim_ros2/install/pedsim_msgs/share/pedsim_msgs/cmake/pedsim_msgs__rosidl_typesupport_cExport.cmake
[1.811s] -- Up-to-date: /home/anlh/pedsim_ros2/install/pedsim_msgs/share/pedsim_msgs/cmake/pedsim_msgs__rosidl_typesupport_cExport-noconfig.cmake
[1.811s] -- Up-to-date: /home/anlh/pedsim_ros2/install/pedsim_msgs/share/pedsim_msgs/cmake/pedsim_msgs__rosidl_typesupport_introspection_cppExport.cmake
[1.811s] -- Up-to-date: /home/anlh/pedsim_ros2/install/pedsim_msgs/share/pedsim_msgs/cmake/pedsim_msgs__rosidl_typesupport_introspection_cppExport-noconfig.cmake
[1.811s] -- Up-to-date: /home/anlh/pedsim_ros2/install/pedsim_msgs/share/pedsim_msgs/cmake/pedsim_msgs__rosidl_typesupport_cppExport.cmake
[1.811s] -- Up-to-date: /home/anlh/pedsim_ros2/install/pedsim_msgs/share/pedsim_msgs/cmake/pedsim_msgs__rosidl_typesupport_cppExport-noconfig.cmake
[1.812s] -- Up-to-date: /home/anlh/pedsim_ros2/install/pedsim_msgs/share/pedsim_msgs/cmake/export_pedsim_msgs__rosidl_generator_pyExport.cmake
[1.812s] -- Up-to-date: /home/anlh/pedsim_ros2/install/pedsim_msgs/share/pedsim_msgs/cmake/export_pedsim_msgs__rosidl_generator_pyExport-noconfig.cmake
[1.812s] -- Up-to-date: /home/anlh/pedsim_ros2/install/pedsim_msgs/share/pedsim_msgs/cmake/rosidl_cmake-extras.cmake
[1.812s] -- Up-to-date: /home/anlh/pedsim_ros2/install/pedsim_msgs/share/pedsim_msgs/cmake/ament_cmake_export_dependencies-extras.cmake
[1.812s] -- Up-to-date: /home/anlh/pedsim_ros2/install/pedsim_msgs/share/pedsim_msgs/cmake/ament_cmake_export_include_directories-extras.cmake
[1.812s] -- Up-to-date: /home/anlh/pedsim_ros2/install/pedsim_msgs/share/pedsim_msgs/cmake/ament_cmake_export_libraries-extras.cmake
[1.812s] -- Up-to-date: /home/anlh/pedsim_ros2/install/pedsim_msgs/share/pedsim_msgs/cmake/ament_cmake_export_targets-extras.cmake
[1.812s] -- Up-to-date: /home/anlh/pedsim_ros2/install/pedsim_msgs/share/pedsim_msgs/cmake/rosidl_cmake_export_typesupport_targets-extras.cmake
[1.812s] -- Up-to-date: /home/anlh/pedsim_ros2/install/pedsim_msgs/share/pedsim_msgs/cmake/rosidl_cmake_export_typesupport_libraries-extras.cmake
[1.812s] -- Up-to-date: /home/anlh/pedsim_ros2/install/pedsim_msgs/share/pedsim_msgs/cmake/pedsim_msgsConfig.cmake
[1.812s] -- Up-to-date: /home/anlh/pedsim_ros2/install/pedsim_msgs/share/pedsim_msgs/cmake/pedsim_msgsConfig-version.cmake
[1.812s] -- Up-to-date: /home/anlh/pedsim_ros2/install/pedsim_msgs/share/pedsim_msgs/package.xml
[1.813s] Invoked command in '/home/anlh/pedsim_ros2/build/pedsim_msgs' returned '0': CMAKE_PREFIX_PATH=${CMAKE_PREFIX_PATH}:/home/anlh/turtlebot3_ws/install/turtlebot3_teleop:/home/anlh/turtlebot3_ws/install/turtlebot3_example:/opt/ros/humble:/home/anlh/ros2_humble/install/rqt_bag_plugins:/home/anlh/ros2_humble/install/rqt_bag:/home/anlh/ros2_humble/install/ros2bag:/home/anlh/ros2_humble/install/tracetools_test:/home/anlh/ros2_humble/install/tracetools_launch:/home/anlh/ros2_humble/install/topic_monitor:/home/anlh/ros2_humble/install/tf2_tools:/home/anlh/ros2_humble/install/examples_tf2_py:/home/anlh/ros2_humble/install/tf2_ros_py:/home/anlh/ros2_humble/install/sros2:/home/anlh/ros2_humble/install/rqt_topic:/home/anlh/ros2_humble/install/rqt_srv:/home/anlh/ros2_humble/install/rqt_shell:/home/anlh/ros2_humble/install/rqt_service_caller:/home/anlh/ros2_humble/install/rqt_reconfigure:/home/anlh/ros2_humble/install/rqt_py_console:/home/anlh/ros2_humble/install/rqt_publisher:/home/anlh/ros2_humble/install/rqt_plot:/home/anlh/ros2_humble/install/rqt_action:/home/anlh/ros2_humble/install/rqt_msg:/home/anlh/ros2_humble/install/rqt_console:/home/anlh/ros2_humble/install/rqt:/home/anlh/ros2_humble/install/rqt_graph:/home/anlh/ros2_humble/install/rqt_gui_py:/home/anlh/ros2_humble/install/rqt_gui:/home/anlh/ros2_humble/install/ros2trace:/home/anlh/ros2_humble/install/ros2topic:/home/anlh/ros2_humble/install/ros2test:/home/anlh/ros2_humble/install/ros2component:/home/anlh/ros2_humble/install/ros2param:/home/anlh/ros2_humble/install/ros2lifecycle:/home/anlh/ros2_humble/install/ros2service:/home/anlh/ros2_humble/install/ros2run:/home/anlh/ros2_humble/install/ros2launch:/home/anlh/ros2_humble/install/ros2pkg:/home/anlh/ros2_humble/install/ros2node:/home/anlh/ros2_humble/install/ros2multicast:/home/anlh/ros2_humble/install/ros2interface:/home/anlh/ros2_humble/install/ros2doctor:/home/anlh/ros2_humble/install/ros2action:/home/anlh/ros2_humble/install/ros2cli:/home/anlh/ros2_humble/install/quality_of_service_demo_py:/home/anlh/ros2_humble/install/lifecycle_py:/home/anlh/ros2_humble/install/launch_testing_ros:/home/anlh/ros2_humble/install/launch_ros:/home/anlh/ros2_humble/install/examples_rclpy_pointcloud_publisher:/home/anlh/ros2_humble/install/examples_rclpy_minimal_subscriber:/home/anlh/ros2_humble/install/examples_rclpy_minimal_service:/home/anlh/ros2_humble/install/examples_rclpy_minimal_publisher:/home/anlh/ros2_humble/install/examples_rclpy_minimal_client:/home/anlh/ros2_humble/install/examples_rclpy_minimal_action_server:/home/anlh/ros2_humble/install/examples_rclpy_minimal_action_client:/home/anlh/ros2_humble/install/examples_rclpy_guard_conditions:/home/anlh/ros2_humble/install/examples_rclpy_executors:/home/anlh/ros2_humble/install/demo_nodes_py:/home/anlh/ros2_humble/install/action_tutorials_py:/home/anlh/ros2_humble/install/ament_uncrustify:/home/anlh/ros2_humble/install/tracetools_trace:/home/anlh/ros2_humble/install/tracetools_read:/home/anlh/ros2_humble/install/test_tracetools_launch:/home/anlh/ros2_humble/install/test_launch_ros:/home/anlh/ros2_humble/install/sensor_msgs_py:/home/anlh/ros2_humble/install/rpyutils:/home/anlh/ros2_humble/install/rosidl_runtime_py:/home/anlh/ros2_humble/install/rosidl_cli:/home/anlh/ros2_humble/install/launch_pytest:/home/anlh/ros2_humble/install/launch_testing:/home/anlh/ros2_humble/install/launch_yaml:/home/anlh/ros2_humble/install/launch_xml:/home/anlh/ros2_humble/install/launch:/home/anlh/ros2_humble/install/osrf_pycommon:/home/anlh/ros2_humble/install/launch_testing_examples:/home/anlh/ros2_humble/install/domain_coordinator:/home/anlh/ros2_humble/install/ament_xmllint:/home/anlh/ros2_humble/install/ament_pyflakes:/home/anlh/ros2_humble/install/ament_pycodestyle:/home/anlh/ros2_humble/install/ament_pep257:/home/anlh/ros2_humble/install/ament_pclint:/home/anlh/ros2_humble/install/ament_package:/home/anlh/ros2_humble/install/ament_mypy:/home/anlh/ros2_humble/install/ament_lint_cmake:/home/anlh/ros2_humble/install/ament_flake8:/home/anlh/ros2_humble/install/ament_copyright:/home/anlh/ros2_humble/install/ament_lint:/home/anlh/ros2_humble/install/ament_index_python:/home/anlh/ros2_humble/install/ament_cpplint:/home/anlh/ros2_humble/install/ament_cppcheck:/home/anlh/ros2_humble/install/ament_clang_tidy:/home/anlh/ros2_humble/install/ament_clang_format /usr/local/bin/cmake --install /home/anlh/pedsim_ros2/build/pedsim_msgs
