-- The C compiler identification is GNU 11.4.0
-- The CXX compiler identification is GNU 11.4.0
-- Detecting C compiler ABI info
-- Detecting C compiler ABI info - done
-- Check for working C compiler: /usr/bin/cc - skipped
-- Detecting C compile features
-- Detecting C compile features - done
-- Detecting CXX compiler ABI info
-- Detecting CXX compiler ABI info - done
-- Check for working CXX compiler: /usr/bin/c++ - skipped
-- Detecting CXX compile features
-- Detecting CXX compile features - done
-- Found ament_cmake: 1.3.10 (/home/anlh/ros2_humble/install/ament_cmake/share/ament_cmake/cmake)
-- Found Python3: /usr/bin/python3 (found version "3.10.12") found components: Interpreter
-- Found rclcpp: 16.0.10 (/home/anlh/ros2_humble/install/rclcpp/share/rclcpp/cmake)
-- Found rosidl_generator_c: 3.1.5 (/home/anlh/ros2_humble/install/rosidl_generator_c/share/rosidl_generator_c/cmake)
-- Found rosidl_adapter: 3.1.5 (/home/anlh/ros2_humble/install/rosidl_adapter/share/rosidl_adapter/cmake)
-- Found rosidl_generator_cpp: 3.1.5 (/home/anlh/ros2_humble/install/rosidl_generator_cpp/share/rosidl_generator_cpp/cmake)
-- Using all available rosidl_typesupport_c: rosidl_typesupport_fastrtps_c;rosidl_typesupport_introspection_c
-- Using all available rosidl_typesupport_cpp: rosidl_typesupport_fastrtps_cpp;rosidl_typesupport_introspection_cpp
-- Found rmw_implementation_cmake: 6.1.2 (/home/anlh/ros2_humble/install/rmw_implementation_cmake/share/rmw_implementation_cmake/cmake)
-- Found rmw_fastrtps_cpp: 6.2.7 (/home/anlh/ros2_humble/install/rmw_fastrtps_cpp/share/rmw_fastrtps_cpp/cmake)
-- Found OpenSSL: /usr/lib/x86_64-linux-gnu/libcrypto.so (found version "3.0.2")
-- Found FastRTPS: /home/anlh/ros2_humble/install/fastrtps/include
-- Using RMW implementation 'rmw_fastrtps_cpp' as default
-- Performing Test CMAKE_HAVE_LIBC_PTHREAD
-- Performing Test CMAKE_HAVE_LIBC_PTHREAD - Success
-- Found Threads: TRUE
-- Found rclpy: 3.3.14 (/home/anlh/ros2_humble/install/rclpy/share/rclpy/cmake)
-- Found pedsim: 0.2.0 (/home/anlh/pedsim_ros2/install/pedsim/share/pedsim/cmake)
-- Found pedsim_msgs: 0.0.1 (/home/anlh/pedsim_ros2/install/pedsim_msgs/share/pedsim_msgs/cmake)
-- Found pedsim_srvs: 0.0.1 (/home/anlh/pedsim_ros2/install/pedsim_srvs/share/pedsim_srvs/cmake)
-- Found pedsim_utils: 0.1.0 (/home/anlh/pedsim_ros2/install/pedsim_utils/share/pedsim_utils/cmake)
-- Found std_srvs: 4.2.4 (/home/anlh/ros2_humble/install/std_srvs/share/std_srvs/cmake)
-- Found nav_msgs: 4.2.4 (/home/anlh/ros2_humble/install/nav_msgs/share/nav_msgs/cmake)
-- Found tf2: 0.25.7 (/home/anlh/ros2_humble/install/tf2/share/tf2/cmake)
-- Found tf2_ros: 0.25.7 (/home/anlh/ros2_humble/install/tf2_ros/share/tf2_ros/cmake)
-- Found tf2_geometry_msgs: 0.25.7 (/home/anlh/ros2_humble/install/tf2_geometry_msgs/share/tf2_geometry_msgs/cmake)
-- Found eigen3_cmake_module: 0.1.1 (/home/anlh/ros2_humble/install/eigen3_cmake_module/share/eigen3_cmake_module/cmake)
-- Found Eigen3: TRUE (found version "3.4.0")
-- Ensuring Eigen3 include directory is part of orocos-kdl CMake target
-- Found Boost: /usr/lib/x86_64-linux-gnu/cmake/Boost-1.74.0/BoostConfig.cmake (found version "1.74.0") found components: program_options
-- Configuring done (4.1s)
-- Generating done (0.0s)
-- Build files have been written to: /home/anlh/pedsim_ros2/build/pedsim_simulator
[  0%] Built target pedsim_xml_to_occ_map_autogen_timestamp_deps
[  0%] Built target pedsim_simulator_autogen_timestamp_deps
[  2%] [34m[1mAutomatic MOC and UIC for target pedsim_simulator[0m
[  2%] [34m[1mAutomatic MOC and UIC for target pedsim_xml_to_occ_map[0m
[  2%] Built target pedsim_simulator_autogen
[  2%] Built target pedsim_xml_to_occ_map_autogen
[  4%] [32mBuilding CXX object CMakeFiles/pedsim_xml_to_occ_map.dir/src/pedsim_xml_to_occ_map.cpp.o[0m
[  4%] [32mBuilding CXX object CMakeFiles/pedsim_xml_to_occ_map.dir/pedsim_xml_to_occ_map_autogen/mocs_compilation.cpp.o[0m
[  5%] [32m[1mLinking CXX executable pedsim_xml_to_occ_map[0m
[  7%] Built target pedsim_xml_to_occ_map
[ 10%] [34m[1mGenerating include/pedsim_simulator/element/moc_agent.cpp[0m
[ 10%] [34m[1mGenerating include/pedsim_simulator/element/moc_areawaypoint.cpp[0m
[ 10%] [34m[1mGenerating include/pedsim_simulator/element/moc_attractionarea.cpp[0m
[ 11%] [34m[1mGenerating include/pedsim_simulator/element/moc_agentcluster.cpp[0m
[ 12%] [34m[1mGenerating include/pedsim_simulator/element/moc_agentgroup.cpp[0m
[ 15%] [34m[1mGenerating include/pedsim_simulator/element/moc_scenarioelement.cpp[0m
[ 15%] [34m[1mGenerating include/pedsim_simulator/element/moc_queueingwaypoint.cpp[0m
[ 16%] [34m[1mGenerating include/pedsim_simulator/element/moc_waitingqueue.cpp[0m
[ 17%] [34m[1mGenerating include/pedsim_simulator/element/moc_waypoint.cpp[0m
[ 18%] [34m[1mGenerating include/pedsim_simulator/force/moc_alongwallforce.cpp[0m
[ 20%] [34m[1mGenerating include/pedsim_simulator/force/moc_force.cpp[0m
[ 21%] [34m[1mGenerating include/pedsim_simulator/force/moc_groupgazeforce.cpp[0m
[ 22%] [34m[1mGenerating include/pedsim_simulator/element/moc_obstacle.cpp[0m
[ 23%] [34m[1mGenerating include/pedsim_simulator/force/moc_groupcoherenceforce.cpp[0m
[ 24%] [34m[1mGenerating include/pedsim_simulator/force/moc_grouprepulsionforce.cpp[0m
[ 25%] [34m[1mGenerating include/pedsim_simulator/force/moc_randomforce.cpp[0m
[ 27%] [34m[1mGenerating include/pedsim_simulator/moc_scene.cpp[0m
[ 29%] [34m[1mGenerating include/pedsim_simulator/moc_config.cpp[0m
[ 29%] [34m[1mGenerating include/pedsim_simulator/waypointplanner/moc_queueingplanner.cpp[0m
[ 30%] [34m[1mGenerating include/pedsim_simulator/waypointplanner/moc_shoppingplanner.cpp[0m
[ 31%] [34m[1mGenerating include/pedsim_simulator/moc_agentstatemachine.cpp[0m
[ 32%] [34m[1mGenerating include/pedsim_simulator/waypointplanner/moc_waypointplanner.cpp[0m
[ 34%] [34m[1mGenerating include/pedsim_simulator/waypointplanner/moc_groupwaypointplanner.cpp[0m
[ 35%] [34m[1mGenerating include/pedsim_simulator/waypointplanner/moc_individualwaypointplanner.cpp[0m
[ 38%] [32mBuilding CXX object CMakeFiles/pedsim_simulator.dir/pedsim_simulator_autogen/mocs_compilation.cpp.o[0m
[ 38%] [32mBuilding CXX object CMakeFiles/pedsim_simulator.dir/src/simulator.cpp.o[0m
[ 40%] [32mBuilding CXX object CMakeFiles/pedsim_simulator.dir/src/scene.cpp.o[0m
[ 40%] [32mBuilding CXX object CMakeFiles/pedsim_simulator.dir/src/simulator_node.cpp.o[0m
[ 41%] [32mBuilding CXX object CMakeFiles/pedsim_simulator.dir/src/config.cpp.o[0m
[ 42%] [32mBuilding CXX object CMakeFiles/pedsim_simulator.dir/src/scenarioreader.cpp.o[0m
[ 43%] [32mBuilding CXX object CMakeFiles/pedsim_simulator.dir/src/agentstatemachine.cpp.o[0m
[ 44%] [32mBuilding CXX object CMakeFiles/pedsim_simulator.dir/src/rng.cpp.o[0m
[ 45%] [32mBuilding CXX object CMakeFiles/pedsim_simulator.dir/src/element/agentgroup.cpp.o[0m
[ 47%] [32mBuilding CXX object CMakeFiles/pedsim_simulator.dir/src/element/agent.cpp.o[0m
[ 48%] [32mBuilding CXX object CMakeFiles/pedsim_simulator.dir/src/element/agentcluster.cpp.o[0m
[ 49%] [32mBuilding CXX object CMakeFiles/pedsim_simulator.dir/src/element/areawaypoint.cpp.o[0m
[ 50%] [32mBuilding CXX object CMakeFiles/pedsim_simulator.dir/src/element/queueingwaypoint.cpp.o[0m
[ 51%] [32mBuilding CXX object CMakeFiles/pedsim_simulator.dir/src/element/attractionarea.cpp.o[0m
[ 52%] [32mBuilding CXX object CMakeFiles/pedsim_simulator.dir/src/element/waitingqueue.cpp.o[0m
[ 54%] [32mBuilding CXX object CMakeFiles/pedsim_simulator.dir/src/element/waypoint.cpp.o[0m
[ 55%] [32mBuilding CXX object CMakeFiles/pedsim_simulator.dir/src/element/obstacle.cpp.o[0m
[ 56%] [32mBuilding CXX object CMakeFiles/pedsim_simulator.dir/src/element/scenarioelement.cpp.o[0m
[ 57%] [32mBuilding CXX object CMakeFiles/pedsim_simulator.dir/src/force/alongwallforce.cpp.o[0m
[ 58%] [32mBuilding CXX object CMakeFiles/pedsim_simulator.dir/src/force/force.cpp.o[0m
[ 60%] [32mBuilding CXX object CMakeFiles/pedsim_simulator.dir/src/force/groupcoherenceforce.cpp.o[0m
[ 61%] [32mBuilding CXX object CMakeFiles/pedsim_simulator.dir/src/force/groupgazeforce.cpp.o[0m
[ 62%] [32mBuilding CXX object CMakeFiles/pedsim_simulator.dir/src/force/grouprepulsionforce.cpp.o[0m
[ 63%] [32mBuilding CXX object CMakeFiles/pedsim_simulator.dir/src/force/randomforce.cpp.o[0m
[ 64%] [32mBuilding CXX object CMakeFiles/pedsim_simulator.dir/src/waypointplanner/waypointplanner.cpp.o[0m
[ 65%] [32mBuilding CXX object CMakeFiles/pedsim_simulator.dir/src/waypointplanner/individualwaypointplanner.cpp.o[0m
[ 67%] [32mBuilding CXX object CMakeFiles/pedsim_simulator.dir/src/waypointplanner/queueingplanner.cpp.o[0m
[ 68%] [32mBuilding CXX object CMakeFiles/pedsim_simulator.dir/src/waypointplanner/shoppingplanner.cpp.o[0m
[ 69%] [32mBuilding CXX object CMakeFiles/pedsim_simulator.dir/src/waypointplanner/groupwaypointplanner.cpp.o[0m
[ 70%] [32mBuilding CXX object CMakeFiles/pedsim_simulator.dir/include/pedsim_simulator/moc_config.cpp.o[0m
[ 71%] [32mBuilding CXX object CMakeFiles/pedsim_simulator.dir/include/pedsim_simulator/moc_scene.cpp.o[0m
[ 72%] [32mBuilding CXX object CMakeFiles/pedsim_simulator.dir/include/pedsim_simulator/moc_agentstatemachine.cpp.o[0m
[ 74%] [32mBuilding CXX object CMakeFiles/pedsim_simulator.dir/include/pedsim_simulator/element/moc_scenarioelement.cpp.o[0m
[ 75%] [32mBuilding CXX object CMakeFiles/pedsim_simulator.dir/include/pedsim_simulator/element/moc_agent.cpp.o[0m
[ 76%] [32mBuilding CXX object CMakeFiles/pedsim_simulator.dir/include/pedsim_simulator/element/moc_agentcluster.cpp.o[0m
[ 77%] [32mBuilding CXX object CMakeFiles/pedsim_simulator.dir/include/pedsim_simulator/element/moc_agentgroup.cpp.o[0m
[ 78%] [32mBuilding CXX object CMakeFiles/pedsim_simulator.dir/include/pedsim_simulator/element/moc_attractionarea.cpp.o[0m
[ 80%] [32mBuilding CXX object CMakeFiles/pedsim_simulator.dir/include/pedsim_simulator/element/moc_obstacle.cpp.o[0m
[ 81%] [32mBuilding CXX object CMakeFiles/pedsim_simulator.dir/include/pedsim_simulator/element/moc_waypoint.cpp.o[0m
[ 82%] [32mBuilding CXX object CMakeFiles/pedsim_simulator.dir/include/pedsim_simulator/element/moc_areawaypoint.cpp.o[0m
[ 83%] [32mBuilding CXX object CMakeFiles/pedsim_simulator.dir/include/pedsim_simulator/element/moc_waitingqueue.cpp.o[0m
[ 84%] [32mBuilding CXX object CMakeFiles/pedsim_simulator.dir/include/pedsim_simulator/element/moc_queueingwaypoint.cpp.o[0m
[ 85%] [32mBuilding CXX object CMakeFiles/pedsim_simulator.dir/include/pedsim_simulator/force/moc_force.cpp.o[0m
[ 87%] [32mBuilding CXX object CMakeFiles/pedsim_simulator.dir/include/pedsim_simulator/force/moc_randomforce.cpp.o[0m
[ 88%] [32mBuilding CXX object CMakeFiles/pedsim_simulator.dir/include/pedsim_simulator/force/moc_groupgazeforce.cpp.o[0m
[ 89%] [32mBuilding CXX object CMakeFiles/pedsim_simulator.dir/include/pedsim_simulator/force/moc_groupcoherenceforce.cpp.o[0m
[ 90%] [32mBuilding CXX object CMakeFiles/pedsim_simulator.dir/include/pedsim_simulator/force/moc_grouprepulsionforce.cpp.o[0m
[ 91%] [32mBuilding CXX object CMakeFiles/pedsim_simulator.dir/include/pedsim_simulator/force/moc_alongwallforce.cpp.o[0m
[ 92%] [32mBuilding CXX object CMakeFiles/pedsim_simulator.dir/include/pedsim_simulator/waypointplanner/moc_waypointplanner.cpp.o[0m
[ 94%] [32mBuilding CXX object CMakeFiles/pedsim_simulator.dir/include/pedsim_simulator/waypointplanner/moc_individualwaypointplanner.cpp.o[0m
[ 95%] [32mBuilding CXX object CMakeFiles/pedsim_simulator.dir/include/pedsim_simulator/waypointplanner/moc_groupwaypointplanner.cpp.o[0m
[ 96%] [32mBuilding CXX object CMakeFiles/pedsim_simulator.dir/include/pedsim_simulator/waypointplanner/moc_shoppingplanner.cpp.o[0m
[ 97%] [32mBuilding CXX object CMakeFiles/pedsim_simulator.dir/include/pedsim_simulator/waypointplanner/moc_queueingplanner.cpp.o[0m
[ 98%] [32m[1mLinking CXX executable pedsim_simulator[0m
[100%] Built target pedsim_simulator
-- Install configuration: "DEBUG"
-- Installing: /home/anlh/pedsim_ros2/install/pedsim_simulator/share/pedsim_simulator/launch
-- Installing: /home/anlh/pedsim_ros2/install/pedsim_simulator/share/pedsim_simulator/launch/house_demo_launch.py
-- Installing: /home/anlh/pedsim_ros2/install/pedsim_simulator/share/pedsim_simulator/launch/simulator_launch.py
-- Installing: /home/anlh/pedsim_ros2/install/pedsim_simulator/share/pedsim_simulator/maps
-- Installing: /home/anlh/pedsim_ros2/install/pedsim_simulator/share/pedsim_simulator/maps/social_contexts.yaml
-- Installing: /home/anlh/pedsim_ros2/install/pedsim_simulator/share/pedsim_simulator/maps/airport.yaml
-- Installing: /home/anlh/pedsim_ros2/install/pedsim_simulator/share/pedsim_simulator/maps/airport_activities2.yaml
-- Installing: /home/anlh/pedsim_ros2/install/pedsim_simulator/share/pedsim_simulator/maps/blank_world.yaml
-- Installing: /home/anlh/pedsim_ros2/install/pedsim_simulator/share/pedsim_simulator/maps/small_airport.yaml
-- Installing: /home/anlh/pedsim_ros2/install/pedsim_simulator/share/pedsim_simulator/maps/airport_activities.yaml
-- Installing: /home/anlh/pedsim_ros2/install/pedsim_simulator/share/pedsim_simulator/maps/scene1.yaml
-- Installing: /home/anlh/pedsim_ros2/install/pedsim_simulator/share/pedsim_simulator/maps/warehouse.yaml
-- Installing: /home/anlh/pedsim_ros2/install/pedsim_simulator/share/pedsim_simulator/maps/airport2.yaml
-- Installing: /home/anlh/pedsim_ros2/install/pedsim_simulator/share/pedsim_simulator/maps/scene3.yaml
-- Installing: /home/anlh/pedsim_ros2/install/pedsim_simulator/share/pedsim_simulator/maps/office-cubicles.yaml
-- Installing: /home/anlh/pedsim_ros2/install/pedsim_simulator/share/pedsim_simulator/maps/scene4.yaml
-- Installing: /home/anlh/pedsim_ros2/install/pedsim_simulator/share/pedsim_simulator/maps/singleagent.yaml
-- Installing: /home/anlh/pedsim_ros2/install/pedsim_simulator/share/pedsim_simulator/maps/maps
-- Installing: /home/anlh/pedsim_ros2/install/pedsim_simulator/share/pedsim_simulator/maps/maps/scene3.pgm
-- Installing: /home/anlh/pedsim_ros2/install/pedsim_simulator/share/pedsim_simulator/maps/maps/social_contexts.pgm
-- Installing: /home/anlh/pedsim_ros2/install/pedsim_simulator/share/pedsim_simulator/maps/maps/airport_activities.pgm
-- Installing: /home/anlh/pedsim_ros2/install/pedsim_simulator/share/pedsim_simulator/maps/maps/tb3_house_demo_crowd.pgm
-- Installing: /home/anlh/pedsim_ros2/install/pedsim_simulator/share/pedsim_simulator/maps/maps/corridor.pgm
-- Installing: /home/anlh/pedsim_ros2/install/pedsim_simulator/share/pedsim_simulator/maps/maps/scene2.pgm
-- Installing: /home/anlh/pedsim_ros2/install/pedsim_simulator/share/pedsim_simulator/maps/maps/office.pgm
-- Installing: /home/anlh/pedsim_ros2/install/pedsim_simulator/share/pedsim_simulator/maps/maps/blank_world.pgm
-- Installing: /home/anlh/pedsim_ros2/install/pedsim_simulator/share/pedsim_simulator/maps/maps/singleagent.pgm
-- Installing: /home/anlh/pedsim_ros2/install/pedsim_simulator/share/pedsim_simulator/maps/maps/scene4.pgm
-- Installing: /home/anlh/pedsim_ros2/install/pedsim_simulator/share/pedsim_simulator/maps/maps/small_airport.pgm
-- Installing: /home/anlh/pedsim_ros2/install/pedsim_simulator/share/pedsim_simulator/maps/maps/scene1.pgm
-- Installing: /home/anlh/pedsim_ros2/install/pedsim_simulator/share/pedsim_simulator/maps/maps/airport2.pgm
-- Installing: /home/anlh/pedsim_ros2/install/pedsim_simulator/share/pedsim_simulator/maps/maps/airport_activities2.pgm
-- Installing: /home/anlh/pedsim_ros2/install/pedsim_simulator/share/pedsim_simulator/maps/maps/warehouse.pgm
-- Installing: /home/anlh/pedsim_ros2/install/pedsim_simulator/share/pedsim_simulator/maps/maps/airport.pgm
-- Installing: /home/anlh/pedsim_ros2/install/pedsim_simulator/share/pedsim_simulator/maps/maps/office-cubicles.pgm
-- Installing: /home/anlh/pedsim_ros2/install/pedsim_simulator/share/pedsim_simulator/maps/scene2.yaml
-- Installing: /home/anlh/pedsim_ros2/install/pedsim_simulator/share/pedsim_simulator/maps/corridor.yaml
-- Installing: /home/anlh/pedsim_ros2/install/pedsim_simulator/share/pedsim_simulator/maps/office.yaml
-- Installing: /home/anlh/pedsim_ros2/install/pedsim_simulator/share/pedsim_simulator/maps/tb3_house_demo_crowd.yaml
-- Installing: /home/anlh/pedsim_ros2/install/pedsim_simulator/share/pedsim_simulator/maps/contexts
-- Installing: /home/anlh/pedsim_ros2/install/pedsim_simulator/share/pedsim_simulator/maps/contexts/queueing.yaml
-- Installing: /home/anlh/pedsim_ros2/install/pedsim_simulator/share/pedsim_simulator/maps/contexts/flow.yaml
-- Installing: /home/anlh/pedsim_ros2/install/pedsim_simulator/share/pedsim_simulator/maps/contexts/queueing.pgm
-- Installing: /home/anlh/pedsim_ros2/install/pedsim_simulator/share/pedsim_simulator/maps/contexts/shopping.pgm
-- Installing: /home/anlh/pedsim_ros2/install/pedsim_simulator/share/pedsim_simulator/maps/contexts/flow.pgm
-- Installing: /home/anlh/pedsim_ros2/install/pedsim_simulator/share/pedsim_simulator/maps/contexts/anti_flow.yaml
-- Installing: /home/anlh/pedsim_ros2/install/pedsim_simulator/share/pedsim_simulator/maps/contexts/anti_flow.pgm
-- Installing: /home/anlh/pedsim_ros2/install/pedsim_simulator/share/pedsim_simulator/maps/contexts/standing.yaml
-- Installing: /home/anlh/pedsim_ros2/install/pedsim_simulator/share/pedsim_simulator/maps/contexts/shopping.yaml
-- Installing: /home/anlh/pedsim_ros2/install/pedsim_simulator/share/pedsim_simulator/maps/contexts/standing.pgm
-- Installing: /home/anlh/pedsim_ros2/install/pedsim_simulator/share/pedsim_simulator/rviz
-- Installing: /home/anlh/pedsim_ros2/install/pedsim_simulator/share/pedsim_simulator/rviz/social_contexts_activities.rviz
-- Installing: /home/anlh/pedsim_ros2/install/pedsim_simulator/share/pedsim_simulator/rviz/sources_and_sinks.rviz
-- Installing: /home/anlh/pedsim_ros2/install/pedsim_simulator/share/pedsim_simulator/rviz/airport_activities.rviz
-- Installing: /home/anlh/pedsim_ros2/install/pedsim_simulator/share/pedsim_simulator/rviz/pedsim.rviz
-- Installing: /home/anlh/pedsim_ros2/install/pedsim_simulator/share/pedsim_simulator/rviz/demo.rviz
-- Installing: /home/anlh/pedsim_ros2/install/pedsim_simulator/share/pedsim_simulator/rviz/airport.rviz
-- Installing: /home/anlh/pedsim_ros2/install/pedsim_simulator/share/pedsim_simulator/scenarios
-- Installing: /home/anlh/pedsim_ros2/install/pedsim_simulator/share/pedsim_simulator/scenarios/singleagent.xml
-- Installing: /home/anlh/pedsim_ros2/install/pedsim_simulator/share/pedsim_simulator/scenarios/scene2.xml
-- Installing: /home/anlh/pedsim_ros2/install/pedsim_simulator/share/pedsim_simulator/scenarios/office-cubicles.xml
-- Installing: /home/anlh/pedsim_ros2/install/pedsim_simulator/share/pedsim_simulator/scenarios/blank_world.xml
-- Installing: /home/anlh/pedsim_ros2/install/pedsim_simulator/share/pedsim_simulator/scenarios/tb3_house_demo_crowd.xml
-- Installing: /home/anlh/pedsim_ros2/install/pedsim_simulator/share/pedsim_simulator/scenarios/airport.xml
-- Installing: /home/anlh/pedsim_ros2/install/pedsim_simulator/share/pedsim_simulator/scenarios/scene3.xml
-- Installing: /home/anlh/pedsim_ros2/install/pedsim_simulator/share/pedsim_simulator/scenarios/small_airport.xml
-- Installing: /home/anlh/pedsim_ros2/install/pedsim_simulator/share/pedsim_simulator/scenarios/scene4.xml
-- Installing: /home/anlh/pedsim_ros2/install/pedsim_simulator/share/pedsim_simulator/scenarios/airport_activities2.xml
-- Installing: /home/anlh/pedsim_ros2/install/pedsim_simulator/share/pedsim_simulator/scenarios/scene1.xml
-- Installing: /home/anlh/pedsim_ros2/install/pedsim_simulator/share/pedsim_simulator/scenarios/corridor.xml
-- Installing: /home/anlh/pedsim_ros2/install/pedsim_simulator/share/pedsim_simulator/scenarios/social_contexts.xml
-- Installing: /home/anlh/pedsim_ros2/install/pedsim_simulator/share/pedsim_simulator/scenarios/airport_activities.xml
-- Installing: /home/anlh/pedsim_ros2/install/pedsim_simulator/share/pedsim_simulator/scenarios/office.xml
-- Installing: /home/anlh/pedsim_ros2/install/pedsim_simulator/share/pedsim_simulator/scenarios/srl_experiments
-- Installing: /home/anlh/pedsim_ros2/install/pedsim_simulator/share/pedsim_simulator/scenarios/srl_experiments/nav_test1.xml
-- Installing: /home/anlh/pedsim_ros2/install/pedsim_simulator/share/pedsim_simulator/scenarios/airport2.xml
-- Installing: /home/anlh/pedsim_ros2/install/pedsim_simulator/share/pedsim_simulator/scenarios/warehouse.xml
-- Installing: /home/anlh/pedsim_ros2/install/pedsim_simulator/share/pedsim_simulator/scenarios/contexts
-- Installing: /home/anlh/pedsim_ros2/install/pedsim_simulator/share/pedsim_simulator/scenarios/contexts/queueing.xml
-- Installing: /home/anlh/pedsim_ros2/install/pedsim_simulator/share/pedsim_simulator/scenarios/contexts/flow.xml
-- Installing: /home/anlh/pedsim_ros2/install/pedsim_simulator/share/pedsim_simulator/scenarios/contexts/shopping.xml
-- Installing: /home/anlh/pedsim_ros2/install/pedsim_simulator/share/pedsim_simulator/scenarios/contexts/anti_flow.xml
-- Installing: /home/anlh/pedsim_ros2/install/pedsim_simulator/share/pedsim_simulator/scenarios/contexts/standing.xml
-- Installing: /home/anlh/pedsim_ros2/install/pedsim_simulator/share/pedsim_simulator/config
-- Installing: /home/anlh/pedsim_ros2/install/pedsim_simulator/share/pedsim_simulator/config/params.yaml
-- Installing: /home/anlh/pedsim_ros2/install/pedsim_simulator/lib/pedsim_simulator/pedsim_simulator
-- Set non-toolchain portion of runtime path of "/home/anlh/pedsim_ros2/install/pedsim_simulator/lib/pedsim_simulator/pedsim_simulator" to ""
-- Installing: /home/anlh/pedsim_ros2/install/pedsim_simulator/lib/pedsim_simulator/pedsim_xml_to_occ_map
-- Set non-toolchain portion of runtime path of "/home/anlh/pedsim_ros2/install/pedsim_simulator/lib/pedsim_simulator/pedsim_xml_to_occ_map" to ""
-- Installing: /home/anlh/pedsim_ros2/install/pedsim_simulator/share/ament_index/resource_index/package_run_dependencies/pedsim_simulator
-- Installing: /home/anlh/pedsim_ros2/install/pedsim_simulator/share/ament_index/resource_index/parent_prefix_path/pedsim_simulator
-- Installing: /home/anlh/pedsim_ros2/install/pedsim_simulator/share/pedsim_simulator/environment/ament_prefix_path.sh
-- Installing: /home/anlh/pedsim_ros2/install/pedsim_simulator/share/pedsim_simulator/environment/ament_prefix_path.dsv
-- Installing: /home/anlh/pedsim_ros2/install/pedsim_simulator/share/pedsim_simulator/environment/path.sh
-- Installing: /home/anlh/pedsim_ros2/install/pedsim_simulator/share/pedsim_simulator/environment/path.dsv
-- Installing: /home/anlh/pedsim_ros2/install/pedsim_simulator/share/pedsim_simulator/local_setup.bash
-- Installing: /home/anlh/pedsim_ros2/install/pedsim_simulator/share/pedsim_simulator/local_setup.sh
-- Installing: /home/anlh/pedsim_ros2/install/pedsim_simulator/share/pedsim_simulator/local_setup.zsh
-- Installing: /home/anlh/pedsim_ros2/install/pedsim_simulator/share/pedsim_simulator/local_setup.dsv
-- Installing: /home/anlh/pedsim_ros2/install/pedsim_simulator/share/pedsim_simulator/package.dsv
-- Installing: /home/anlh/pedsim_ros2/install/pedsim_simulator/share/ament_index/resource_index/packages/pedsim_simulator
-- Installing: /home/anlh/pedsim_ros2/install/pedsim_simulator/share/pedsim_simulator/cmake/ament_cmake_export_include_directories-extras.cmake
-- Installing: /home/anlh/pedsim_ros2/install/pedsim_simulator/share/pedsim_simulator/cmake/pedsim_simulatorConfig.cmake
-- Installing: /home/anlh/pedsim_ros2/install/pedsim_simulator/share/pedsim_simulator/cmake/pedsim_simulatorConfig-version.cmake
-- Installing: /home/anlh/pedsim_ros2/install/pedsim_simulator/share/pedsim_simulator/package.xml
