-- The C compiler identification is GNU 11.4.0
-- The CXX compiler identification is GNU 11.4.0
-- Detecting C compiler ABI info
-- Detecting C compiler ABI info - done
-- Check for working C compiler: /usr/bin/cc - skipped
-- Detecting C compile features
-- Detecting C compile features - done
-- Detecting CXX compiler ABI info
-- Detecting CXX compiler ABI info - done
-- Check for working CXX compiler: /usr/bin/c++ - skipped
-- Detecting CXX compile features
-- Detecting CXX compile features - done
-- Found ament_cmake: 1.3.10 (/home/anlh/ros2_humble/install/ament_cmake/share/ament_cmake/cmake)
-- Found Python3: /usr/bin/python3 (found version "3.10.12") found components: Interpreter
-- Found builtin_interfaces: 1.2.1 (/home/anlh/ros2_humble/install/builtin_interfaces/share/builtin_interfaces/cmake)
-- Found rosidl_generator_c: 3.1.5 (/home/anlh/ros2_humble/install/rosidl_generator_c/share/rosidl_generator_c/cmake)
-- Found rosidl_adapter: 3.1.5 (/home/anlh/ros2_humble/install/rosidl_adapter/share/rosidl_adapter/cmake)
-- Found rosidl_generator_cpp: 3.1.5 (/home/anlh/ros2_humble/install/rosidl_generator_cpp/share/rosidl_generator_cpp/cmake)
-- Using all available rosidl_typesupport_c: rosidl_typesupport_fastrtps_c;rosidl_typesupport_introspection_c
-- Using all available rosidl_typesupport_cpp: rosidl_typesupport_fastrtps_cpp;rosidl_typesupport_introspection_cpp
-- Found gazebo_ros: 3.7.0 (/opt/ros/humble/share/gazebo_ros/cmake)
-- Found rmw_implementation_cmake: 6.1.2 (/home/anlh/ros2_humble/install/rmw_implementation_cmake/share/rmw_implementation_cmake/cmake)
-- Found rmw_fastrtps_cpp: 6.2.7 (/home/anlh/ros2_humble/install/rmw_fastrtps_cpp/share/rmw_fastrtps_cpp/cmake)
-- Found OpenSSL: /usr/lib/x86_64-linux-gnu/libcrypto.so (found version "3.0.2")
-- Found FastRTPS: /home/anlh/ros2_humble/install/fastrtps/include
-- Using RMW implementation 'rmw_fastrtps_cpp' as default
-- Performing Test CMAKE_HAVE_LIBC_PTHREAD
-- Performing Test CMAKE_HAVE_LIBC_PTHREAD - Success
-- Found Threads: TRUE
-- Found PkgConfig: /usr/bin/pkg-config (found version "0.29.2")
-- Checking for module 'bullet>=2.82'
--   Found bullet, version 3.05
-- Found fcl: /usr/include (found suitable version "0.7.0", minimum required is "0.5.0")
-- Found assimp: /usr/include (found version "5.2.0")
-- Found DART: /usr/include (Required is at least version "6.6") found components: dart
-- Found Boost: /usr/lib/x86_64-linux-gnu/cmake/Boost-1.74.0/BoostConfig.cmake (found suitable version "1.74.0", minimum required is "1.40.0") found components: thread system filesystem program_options regex iostreams date_time
-- Found Protobuf: /usr/lib/x86_64-linux-gnu/libprotobuf.so (found version "3.12.4")
-- Looking for ignition-math6 -- found version 6.15.1
-- Searching for dependencies of ignition-math6
-- Looking for OGRE...
-- OGRE_PREFIX_WATCH changed.
-- Checking for module 'OGRE'
--   Found OGRE, version 1.9.0
-- Found Ogre Ghadamon (1.9.0)
-- Found OGRE: optimized;/usr/lib/x86_64-linux-gnu/libOgreMain.so;debug;/usr/lib/x86_64-linux-gnu/libOgreMain.so
-- Looking for OGRE_Paging...
-- Found OGRE_Paging: optimized;/usr/lib/x86_64-linux-gnu/libOgrePaging.so;debug;/usr/lib/x86_64-linux-gnu/libOgrePaging.so
-- Looking for OGRE_Terrain...
-- Found OGRE_Terrain: optimized;/usr/lib/x86_64-linux-gnu/libOgreTerrain.so;debug;/usr/lib/x86_64-linux-gnu/libOgreTerrain.so
-- Looking for OGRE_Property...
-- Found OGRE_Property: optimized;/usr/lib/x86_64-linux-gnu/libOgreProperty.so;debug;/usr/lib/x86_64-linux-gnu/libOgreProperty.so
-- Looking for OGRE_RTShaderSystem...
-- Found OGRE_RTShaderSystem: optimized;/usr/lib/x86_64-linux-gnu/libOgreRTShaderSystem.so;debug;/usr/lib/x86_64-linux-gnu/libOgreRTShaderSystem.so
-- Looking for OGRE_Volume...
-- Found OGRE_Volume: optimized;/usr/lib/x86_64-linux-gnu/libOgreVolume.so;debug;/usr/lib/x86_64-linux-gnu/libOgreVolume.so
-- Looking for OGRE_Overlay...
-- Found OGRE_Overlay: optimized;/usr/lib/x86_64-linux-gnu/libOgreOverlay.so;debug;/usr/lib/x86_64-linux-gnu/libOgreOverlay.so
-- Looking for ignition-math6 -- found version 6.15.1
-- Looking for ignition-transport8 -- found version 8.2.1
-- Searching for dependencies of ignition-transport8
-- Found Protobuf: /usr/lib/x86_64-linux-gnu/libprotobuf.so (found suitable version "3.12.4", minimum required is "3")
-- Config-file not installed for ZeroMQ -- checking for pkg-config
-- Checking for module 'libzmq >= 4'
--   Found libzmq, version 4.3.4
-- Found ZeroMQ: TRUE (Required is at least version "4")
-- Checking for module 'uuid'
--   Found uuid, version 2.37.2
-- Found UUID: TRUE
-- Looking for ignition-msgs5 -- found version 5.8.1
-- Searching for dependencies of ignition-msgs5
-- Looking for ignition-math6 -- found version 6.15.1
-- Checking for module 'tinyxml2'
--   Found tinyxml2, version 9.0.0
-- Looking for ignition-msgs5 -- found version 5.8.1
-- Looking for ignition-common3 -- found version 3.14.0
-- Searching for dependencies of ignition-common3
-- Looking for dlfcn.h - found
-- Looking for libdl - found
-- Found DL: TRUE
-- Found tinyobjloader: /usr/lib/x86_64-linux-gnu/cmake/tinyobjloader/tinyobjloader-config.cmake (found version "2.0.0")
-- Searching for <ignition-common3> component [graphics]
-- Looking for ignition-common3-graphics -- found version 3.14.0
-- Searching for dependencies of ignition-common3-graphics
-- Looking for ignition-math6 -- found version 6.15.1
-- Looking for ignition-fuel_tools4 -- found version 4.4.0
-- Searching for dependencies of ignition-fuel_tools4
-- Found CURL: /usr/lib/x86_64-linux-gnu/libcurl.so (found version "7.81.0")
[0mCMake Deprecation Warning at /usr/lib/x86_64-linux-gnu/cmake/jsoncpp/jsoncppConfig.cmake:2 (cmake_policy):
  Compatibility with CMake < 3.5 will be removed from a future version of
  CMake.

  Update the VERSION argument <min> value or use a ...<max> suffix to tell
  CMake that the project does not need compatibility with older versions.
Call Stack (most recent call first):
  /usr/share/cmake/ignition-cmake2/cmake2/FindJSONCPP.cmake:34 (find_package)
  /usr/lib/x86_64-linux-gnu/cmake/ignition-fuel_tools4/ignition-fuel_tools4-config.cmake:94 (find_package)
  /usr/lib/x86_64-linux-gnu/cmake/gazebo/gazebo-config.cmake:251 (find_package)
  /opt/ros/humble/share/gazebo_dev/cmake/gazebo_dev-extras.cmake:3 (find_package)
  /opt/ros/humble/share/gazebo_dev/cmake/gazebo_devConfig.cmake:41 (include)
  /opt/ros/humble/share/gazebo_ros/cmake/ament_cmake_export_dependencies-extras.cmake:21 (find_package)
  /opt/ros/humble/share/gazebo_ros/cmake/gazebo_rosConfig.cmake:41 (include)
  CMakeLists.txt:16 (find_package)

[0m
-- Checking for module 'jsoncpp'
--   Found jsoncpp, version 1.9.5
-- Found JSONCPP: TRUE
-- Checking for module 'libzip'
--   Found libzip, version 1.7.3
-- Found ZIP: TRUE
-- Looking for ignition-common3 -- found version 3.14.0
-- Looking for ignition-math6 -- found version 6.15.1
-- Looking for ignition-msgs5 -- found version 5.8.1
-- Gazebo version: 11.10
-- Checking for module 'tbb'
--   Found tbb, version 2021.5.0
-- Found gazebo_msgs: 3.7.0 (/opt/ros/humble/share/gazebo_msgs/cmake)
-- Found pedsim_msgs: 0.0.1 (/home/anlh/pedsim_ros2/install/pedsim_msgs/share/pedsim_msgs/cmake)
-- Found tf2: 0.25.7 (/home/anlh/ros2_humble/install/tf2/share/tf2/cmake)
-- Found tf2_geometry_msgs: 0.25.7 (/home/anlh/ros2_humble/install/tf2_geometry_msgs/share/tf2_geometry_msgs/cmake)
-- Found eigen3_cmake_module: 0.1.1 (/home/anlh/ros2_humble/install/eigen3_cmake_module/share/eigen3_cmake_module/cmake)
-- Found Eigen3: TRUE (found version "3.4.0")
-- Ensuring Eigen3 include directory is part of orocos-kdl CMake target
-- Found ament_lint_auto: 0.12.11 (/home/anlh/ros2_humble/install/ament_lint_auto/share/ament_lint_auto/cmake)
-- Configuring done (6.7s)
-- Generating done (0.1s)
-- Build files have been written to: /home/anlh/pedsim_ros2/build/pedsim_gazebo_plugin
[ 50%] [32mBuilding CXX object CMakeFiles/spawn_pedsim_agents.dir/src/spawn_pedsim_agents.cpp.o[0m
[ 50%] [32mBuilding CXX object CMakeFiles/gazebo_ros_actor_poses.dir/src/actor_poses_plugin.cpp.o[0m
[ 75%] [32m[1mLinking CXX executable spawn_pedsim_agents[0m
[01m[K/home/anlh/pedsim_ros2/src/pedsim_ros2/pedsim_gazebo_plugin/src/actor_poses_plugin.cpp:[m[K In member function ‘[01m[Kvoid gazebo_plugins::ActorPosesPlugin::OnAgentStates(pedsim_msgs::msg::AgentStates_<std::allocator<void> >::SharedPtr)[m[K’:
[01m[K/home/anlh/pedsim_ros2/src/pedsim_ros2/pedsim_gazebo_plugin/src/actor_poses_plugin.cpp:90:46:[m[K [01;35m[Kwarning: [m[Kcatching polymorphic type ‘[01m[Kclass gazebo::common::Exception[m[K’ by value [[01;35m[K]8;;https://gcc.gnu.org/onlinedocs/gcc/Warning-Options.html#index-Wcatch-value=-Wcatch-value=]8;;[m[K]
   90 |           } catch (gazebo::common::Exception [01;35m[Kgz_ex[m[K) {
      |                                              [01;35m[K^~~~~[m[K
[ 75%] Built target spawn_pedsim_agents
[100%] [32m[1mLinking CXX shared library libgazebo_ros_actor_poses.so[0m
[100%] Built target gazebo_ros_actor_poses
-- Install configuration: ""
-- Installing: /home/anlh/pedsim_ros2/install/pedsim_gazebo_plugin/lib/pedsim_gazebo_plugin/spawn_pedsim_agents
-- Set non-toolchain portion of runtime path of "/home/anlh/pedsim_ros2/install/pedsim_gazebo_plugin/lib/pedsim_gazebo_plugin/spawn_pedsim_agents" to ""
-- Installing: /home/anlh/pedsim_ros2/install/pedsim_gazebo_plugin/share/pedsim_gazebo_plugin/environment/library_path.sh
-- Installing: /home/anlh/pedsim_ros2/install/pedsim_gazebo_plugin/share/pedsim_gazebo_plugin/environment/library_path.dsv
-- Installing: /home/anlh/pedsim_ros2/install/pedsim_gazebo_plugin/lib/pedsim_gazebo_plugin/pedsim_to_gazebo_world.py
-- Installing: /home/anlh/pedsim_ros2/install/pedsim_gazebo_plugin/lib/pedsim_gazebo_plugin/spawn_pedsim_agents.py
-- Installing: /home/anlh/pedsim_ros2/install/pedsim_gazebo_plugin/lib/pedsim_gazebo_plugin/spawn_single_agent.py
-- Installing: /home/anlh/pedsim_ros2/install/pedsim_gazebo_plugin/lib/pedsim_gazebo_plugin/libgazebo_ros_actor_poses.so
-- Set non-toolchain portion of runtime path of "/home/anlh/pedsim_ros2/install/pedsim_gazebo_plugin/lib/pedsim_gazebo_plugin/libgazebo_ros_actor_poses.so" to ""
-- Installing: /home/anlh/pedsim_ros2/install/pedsim_gazebo_plugin/share/pedsim_gazebo_plugin/launch
-- Installing: /home/anlh/pedsim_ros2/install/pedsim_gazebo_plugin/share/pedsim_gazebo_plugin/launch/gazebo_tb3_house_demo_launch.py
-- Installing: /home/anlh/pedsim_ros2/install/pedsim_gazebo_plugin/share/pedsim_gazebo_plugin/worlds
-- Installing: /home/anlh/pedsim_ros2/install/pedsim_gazebo_plugin/share/pedsim_gazebo_plugin/worlds/office-cubicles.world
-- Installing: /home/anlh/pedsim_ros2/install/pedsim_gazebo_plugin/share/pedsim_gazebo_plugin/worlds/house.world
-- Installing: /home/anlh/pedsim_ros2/install/pedsim_gazebo_plugin/share/pedsim_gazebo_plugin/worlds/tb3_house_demo_crowd.world
-- Installing: /home/anlh/pedsim_ros2/install/pedsim_gazebo_plugin/share/pedsim_gazebo_plugin/worlds/scene3.world
-- Installing: /home/anlh/pedsim_ros2/install/pedsim_gazebo_plugin/share/pedsim_gazebo_plugin/worlds/scene4.world
-- Installing: /home/anlh/pedsim_ros2/install/pedsim_gazebo_plugin/share/pedsim_gazebo_plugin/worlds/small_airport.world
-- Installing: /home/anlh/pedsim_ros2/install/pedsim_gazebo_plugin/share/pedsim_gazebo_plugin/worlds/warehouse.world
-- Installing: /home/anlh/pedsim_ros2/install/pedsim_gazebo_plugin/share/pedsim_gazebo_plugin/worlds/scene2.world
-- Installing: /home/anlh/pedsim_ros2/install/pedsim_gazebo_plugin/share/pedsim_gazebo_plugin/worlds/scene1.world
-- Installing: /home/anlh/pedsim_ros2/install/pedsim_gazebo_plugin/share/pedsim_gazebo_plugin/models
-- Installing: /home/anlh/pedsim_ros2/install/pedsim_gazebo_plugin/share/pedsim_gazebo_plugin/models/tb3_house
-- Installing: /home/anlh/pedsim_ros2/install/pedsim_gazebo_plugin/share/pedsim_gazebo_plugin/models/tb3_house/model.sdf
-- Installing: /home/anlh/pedsim_ros2/install/pedsim_gazebo_plugin/share/pedsim_gazebo_plugin/models/tb3_house/model.config
-- Installing: /home/anlh/pedsim_ros2/install/pedsim_gazebo_plugin/share/pedsim_gazebo_plugin/models/person_standing
-- Installing: /home/anlh/pedsim_ros2/install/pedsim_gazebo_plugin/share/pedsim_gazebo_plugin/models/person_standing/materials
-- Installing: /home/anlh/pedsim_ros2/install/pedsim_gazebo_plugin/share/pedsim_gazebo_plugin/models/person_standing/materials/textures
-- Installing: /home/anlh/pedsim_ros2/install/pedsim_gazebo_plugin/share/pedsim_gazebo_plugin/models/person_standing/materials/textures/jeans01_normals.png
-- Installing: /home/anlh/pedsim_ros2/install/pedsim_gazebo_plugin/share/pedsim_gazebo_plugin/models/person_standing/materials/textures/jeans_basic_diffuse.png
-- Installing: /home/anlh/pedsim_ros2/install/pedsim_gazebo_plugin/share/pedsim_gazebo_plugin/models/person_standing/materials/textures/young_lightskinned_male_diffuse.png
-- Installing: /home/anlh/pedsim_ros2/install/pedsim_gazebo_plugin/share/pedsim_gazebo_plugin/models/person_standing/materials/textures/green_eye.png
-- Installing: /home/anlh/pedsim_ros2/install/pedsim_gazebo_plugin/share/pedsim_gazebo_plugin/models/person_standing/materials/textures/male02_diffuse_black-unmodified.png
-- Installing: /home/anlh/pedsim_ros2/install/pedsim_gazebo_plugin/share/pedsim_gazebo_plugin/models/person_standing/materials/textures/tshirt02_normals.png
-- Installing: /home/anlh/pedsim_ros2/install/pedsim_gazebo_plugin/share/pedsim_gazebo_plugin/models/person_standing/materials/textures/eyebrow001-unmodified.png
-- Installing: /home/anlh/pedsim_ros2/install/pedsim_gazebo_plugin/share/pedsim_gazebo_plugin/models/person_standing/materials/textures/teeth.png
-- Installing: /home/anlh/pedsim_ros2/install/pedsim_gazebo_plugin/share/pedsim_gazebo_plugin/models/person_standing/materials/textures/tshirt02_texture.png
-- Installing: /home/anlh/pedsim_ros2/install/pedsim_gazebo_plugin/share/pedsim_gazebo_plugin/models/person_standing/materials/textures/eyebrow001.png
-- Installing: /home/anlh/pedsim_ros2/install/pedsim_gazebo_plugin/share/pedsim_gazebo_plugin/models/person_standing/materials/textures/male02_diffuse_black.png
-- Installing: /home/anlh/pedsim_ros2/install/pedsim_gazebo_plugin/share/pedsim_gazebo_plugin/models/person_standing/meshes
-- Installing: /home/anlh/pedsim_ros2/install/pedsim_gazebo_plugin/share/pedsim_gazebo_plugin/models/person_standing/meshes/standing.dae
-- Installing: /home/anlh/pedsim_ros2/install/pedsim_gazebo_plugin/share/pedsim_gazebo_plugin/models/person_standing/model.sdf
-- Installing: /home/anlh/pedsim_ros2/install/pedsim_gazebo_plugin/share/pedsim_gazebo_plugin/models/person_standing/model.config
-- Installing: /home/anlh/pedsim_ros2/install/pedsim_gazebo_plugin/share/pedsim_gazebo_plugin/models/actor_model.config
-- Installing: /home/anlh/pedsim_ros2/install/pedsim_gazebo_plugin/share/pedsim_gazebo_plugin/models/actor_model.sdf
-- Installing: /home/anlh/pedsim_ros2/install/pedsim_gazebo_plugin/share/ament_index/resource_index/package_run_dependencies/pedsim_gazebo_plugin
-- Installing: /home/anlh/pedsim_ros2/install/pedsim_gazebo_plugin/share/ament_index/resource_index/parent_prefix_path/pedsim_gazebo_plugin
-- Installing: /home/anlh/pedsim_ros2/install/pedsim_gazebo_plugin/share/pedsim_gazebo_plugin/environment/ament_prefix_path.sh
-- Installing: /home/anlh/pedsim_ros2/install/pedsim_gazebo_plugin/share/pedsim_gazebo_plugin/environment/ament_prefix_path.dsv
-- Installing: /home/anlh/pedsim_ros2/install/pedsim_gazebo_plugin/share/pedsim_gazebo_plugin/environment/path.sh
-- Installing: /home/anlh/pedsim_ros2/install/pedsim_gazebo_plugin/share/pedsim_gazebo_plugin/environment/path.dsv
-- Installing: /home/anlh/pedsim_ros2/install/pedsim_gazebo_plugin/share/pedsim_gazebo_plugin/local_setup.bash
-- Installing: /home/anlh/pedsim_ros2/install/pedsim_gazebo_plugin/share/pedsim_gazebo_plugin/local_setup.sh
-- Installing: /home/anlh/pedsim_ros2/install/pedsim_gazebo_plugin/share/pedsim_gazebo_plugin/local_setup.zsh
-- Installing: /home/anlh/pedsim_ros2/install/pedsim_gazebo_plugin/share/pedsim_gazebo_plugin/local_setup.dsv
-- Installing: /home/anlh/pedsim_ros2/install/pedsim_gazebo_plugin/share/pedsim_gazebo_plugin/package.dsv
-- Installing: /home/anlh/pedsim_ros2/install/pedsim_gazebo_plugin/share/ament_index/resource_index/packages/pedsim_gazebo_plugin
-- Installing: /home/anlh/pedsim_ros2/install/pedsim_gazebo_plugin/share/pedsim_gazebo_plugin/cmake/ament_cmake_export_libraries-extras.cmake
-- Installing: /home/anlh/pedsim_ros2/install/pedsim_gazebo_plugin/share/pedsim_gazebo_plugin/cmake/ament_cmake_export_dependencies-extras.cmake
-- Installing: /home/anlh/pedsim_ros2/install/pedsim_gazebo_plugin/share/pedsim_gazebo_plugin/cmake/pedsim_gazebo_pluginConfig.cmake
-- Installing: /home/anlh/pedsim_ros2/install/pedsim_gazebo_plugin/share/pedsim_gazebo_plugin/cmake/pedsim_gazebo_pluginConfig-version.cmake
-- Installing: /home/anlh/pedsim_ros2/install/pedsim_gazebo_plugin/share/pedsim_gazebo_plugin/package.xml
