[ 50%] Built target spawn_pedsim_agents
[100%] Built target gazebo_ros_actor_poses
-- Install configuration: ""
-- Up-to-date: /home/anlh/pedsim_ros2/install/pedsim_gazebo_plugin/lib/pedsim_gazebo_plugin/spawn_pedsim_agents
-- Up-to-date: /home/anlh/pedsim_ros2/install/pedsim_gazebo_plugin/share/pedsim_gazebo_plugin/environment/library_path.sh
-- Up-to-date: /home/anlh/pedsim_ros2/install/pedsim_gazebo_plugin/share/pedsim_gazebo_plugin/environment/library_path.dsv
-- Up-to-date: /home/anlh/pedsim_ros2/install/pedsim_gazebo_plugin/lib/pedsim_gazebo_plugin/pedsim_to_gazebo_world.py
-- Up-to-date: /home/anlh/pedsim_ros2/install/pedsim_gazebo_plugin/lib/pedsim_gazebo_plugin/spawn_pedsim_agents.py
-- Up-to-date: /home/anlh/pedsim_ros2/install/pedsim_gazebo_plugin/lib/pedsim_gazebo_plugin/spawn_single_agent.py
-- Up-to-date: /home/anlh/pedsim_ros2/install/pedsim_gazebo_plugin/lib/pedsim_gazebo_plugin/libgazebo_ros_actor_poses.so
-- Up-to-date: /home/anlh/pedsim_ros2/install/pedsim_gazebo_plugin/share/pedsim_gazebo_plugin/launch
-- Up-to-date: /home/anlh/pedsim_ros2/install/pedsim_gazebo_plugin/share/pedsim_gazebo_plugin/launch/gazebo_tb3_house_demo_launch.py
-- Up-to-date: /home/anlh/pedsim_ros2/install/pedsim_gazebo_plugin/share/pedsim_gazebo_plugin/worlds
-- Up-to-date: /home/anlh/pedsim_ros2/install/pedsim_gazebo_plugin/share/pedsim_gazebo_plugin/worlds/office-cubicles.world
-- Up-to-date: /home/anlh/pedsim_ros2/install/pedsim_gazebo_plugin/share/pedsim_gazebo_plugin/worlds/house.world
-- Up-to-date: /home/anlh/pedsim_ros2/install/pedsim_gazebo_plugin/share/pedsim_gazebo_plugin/worlds/tb3_house_demo_crowd.world
-- Up-to-date: /home/anlh/pedsim_ros2/install/pedsim_gazebo_plugin/share/pedsim_gazebo_plugin/worlds/scene3.world
-- Up-to-date: /home/anlh/pedsim_ros2/install/pedsim_gazebo_plugin/share/pedsim_gazebo_plugin/worlds/scene4.world
-- Up-to-date: /home/anlh/pedsim_ros2/install/pedsim_gazebo_plugin/share/pedsim_gazebo_plugin/worlds/small_airport.world
-- Up-to-date: /home/anlh/pedsim_ros2/install/pedsim_gazebo_plugin/share/pedsim_gazebo_plugin/worlds/warehouse.world
-- Up-to-date: /home/anlh/pedsim_ros2/install/pedsim_gazebo_plugin/share/pedsim_gazebo_plugin/worlds/scene2.world
-- Up-to-date: /home/anlh/pedsim_ros2/install/pedsim_gazebo_plugin/share/pedsim_gazebo_plugin/worlds/scene1.world
-- Up-to-date: /home/anlh/pedsim_ros2/install/pedsim_gazebo_plugin/share/pedsim_gazebo_plugin/models
-- Up-to-date: /home/anlh/pedsim_ros2/install/pedsim_gazebo_plugin/share/pedsim_gazebo_plugin/models/tb3_house
-- Up-to-date: /home/anlh/pedsim_ros2/install/pedsim_gazebo_plugin/share/pedsim_gazebo_plugin/models/tb3_house/model.sdf
-- Up-to-date: /home/anlh/pedsim_ros2/install/pedsim_gazebo_plugin/share/pedsim_gazebo_plugin/models/tb3_house/model.config
-- Up-to-date: /home/anlh/pedsim_ros2/install/pedsim_gazebo_plugin/share/pedsim_gazebo_plugin/models/person_standing
-- Up-to-date: /home/anlh/pedsim_ros2/install/pedsim_gazebo_plugin/share/pedsim_gazebo_plugin/models/person_standing/materials
-- Up-to-date: /home/anlh/pedsim_ros2/install/pedsim_gazebo_plugin/share/pedsim_gazebo_plugin/models/person_standing/materials/textures
-- Up-to-date: /home/anlh/pedsim_ros2/install/pedsim_gazebo_plugin/share/pedsim_gazebo_plugin/models/person_standing/materials/textures/jeans01_normals.png
-- Up-to-date: /home/anlh/pedsim_ros2/install/pedsim_gazebo_plugin/share/pedsim_gazebo_plugin/models/person_standing/materials/textures/jeans_basic_diffuse.png
-- Up-to-date: /home/anlh/pedsim_ros2/install/pedsim_gazebo_plugin/share/pedsim_gazebo_plugin/models/person_standing/materials/textures/young_lightskinned_male_diffuse.png
-- Up-to-date: /home/anlh/pedsim_ros2/install/pedsim_gazebo_plugin/share/pedsim_gazebo_plugin/models/person_standing/materials/textures/green_eye.png
-- Up-to-date: /home/anlh/pedsim_ros2/install/pedsim_gazebo_plugin/share/pedsim_gazebo_plugin/models/person_standing/materials/textures/male02_diffuse_black-unmodified.png
-- Up-to-date: /home/anlh/pedsim_ros2/install/pedsim_gazebo_plugin/share/pedsim_gazebo_plugin/models/person_standing/materials/textures/tshirt02_normals.png
-- Up-to-date: /home/anlh/pedsim_ros2/install/pedsim_gazebo_plugin/share/pedsim_gazebo_plugin/models/person_standing/materials/textures/eyebrow001-unmodified.png
-- Up-to-date: /home/anlh/pedsim_ros2/install/pedsim_gazebo_plugin/share/pedsim_gazebo_plugin/models/person_standing/materials/textures/teeth.png
-- Up-to-date: /home/anlh/pedsim_ros2/install/pedsim_gazebo_plugin/share/pedsim_gazebo_plugin/models/person_standing/materials/textures/tshirt02_texture.png
-- Up-to-date: /home/anlh/pedsim_ros2/install/pedsim_gazebo_plugin/share/pedsim_gazebo_plugin/models/person_standing/materials/textures/eyebrow001.png
-- Up-to-date: /home/anlh/pedsim_ros2/install/pedsim_gazebo_plugin/share/pedsim_gazebo_plugin/models/person_standing/materials/textures/male02_diffuse_black.png
-- Up-to-date: /home/anlh/pedsim_ros2/install/pedsim_gazebo_plugin/share/pedsim_gazebo_plugin/models/person_standing/meshes
-- Up-to-date: /home/anlh/pedsim_ros2/install/pedsim_gazebo_plugin/share/pedsim_gazebo_plugin/models/person_standing/meshes/standing.dae
-- Up-to-date: /home/anlh/pedsim_ros2/install/pedsim_gazebo_plugin/share/pedsim_gazebo_plugin/models/person_standing/model.sdf
-- Up-to-date: /home/anlh/pedsim_ros2/install/pedsim_gazebo_plugin/share/pedsim_gazebo_plugin/models/person_standing/model.config
-- Up-to-date: /home/anlh/pedsim_ros2/install/pedsim_gazebo_plugin/share/pedsim_gazebo_plugin/models/actor_model.config
-- Up-to-date: /home/anlh/pedsim_ros2/install/pedsim_gazebo_plugin/share/pedsim_gazebo_plugin/models/actor_model.sdf
-- Up-to-date: /home/anlh/pedsim_ros2/install/pedsim_gazebo_plugin/share/ament_index/resource_index/package_run_dependencies/pedsim_gazebo_plugin
-- Up-to-date: /home/anlh/pedsim_ros2/install/pedsim_gazebo_plugin/share/ament_index/resource_index/parent_prefix_path/pedsim_gazebo_plugin
-- Up-to-date: /home/anlh/pedsim_ros2/install/pedsim_gazebo_plugin/share/pedsim_gazebo_plugin/environment/ament_prefix_path.dsv
-- Up-to-date: /home/anlh/pedsim_ros2/install/pedsim_gazebo_plugin/share/pedsim_gazebo_plugin/environment/path.dsv
-- Up-to-date: /home/anlh/pedsim_ros2/install/pedsim_gazebo_plugin/share/pedsim_gazebo_plugin/local_setup.bash
-- Up-to-date: /home/anlh/pedsim_ros2/install/pedsim_gazebo_plugin/share/pedsim_gazebo_plugin/local_setup.sh
-- Up-to-date: /home/anlh/pedsim_ros2/install/pedsim_gazebo_plugin/share/pedsim_gazebo_plugin/local_setup.zsh
-- Up-to-date: /home/anlh/pedsim_ros2/install/pedsim_gazebo_plugin/share/pedsim_gazebo_plugin/local_setup.dsv
-- Installing: /home/anlh/pedsim_ros2/install/pedsim_gazebo_plugin/share/pedsim_gazebo_plugin/package.dsv
-- Up-to-date: /home/anlh/pedsim_ros2/install/pedsim_gazebo_plugin/share/ament_index/resource_index/packages/pedsim_gazebo_plugin
-- Up-to-date: /home/anlh/pedsim_ros2/install/pedsim_gazebo_plugin/share/pedsim_gazebo_plugin/cmake/ament_cmake_export_libraries-extras.cmake
-- Up-to-date: /home/anlh/pedsim_ros2/install/pedsim_gazebo_plugin/share/pedsim_gazebo_plugin/cmake/ament_cmake_export_dependencies-extras.cmake
-- Up-to-date: /home/anlh/pedsim_ros2/install/pedsim_gazebo_plugin/share/pedsim_gazebo_plugin/cmake/pedsim_gazebo_pluginConfig.cmake
-- Up-to-date: /home/anlh/pedsim_ros2/install/pedsim_gazebo_plugin/share/pedsim_gazebo_plugin/cmake/pedsim_gazebo_pluginConfig-version.cmake
-- Up-to-date: /home/anlh/pedsim_ros2/install/pedsim_gazebo_plugin/share/pedsim_gazebo_plugin/package.xml
