[100%] Built target pedsim
-- Install configuration: ""
-- Up-to-date: /home/anlh/pedsim_ros2/install/pedsim/include/
-- Up-to-date: /home/anlh/pedsim_ros2/install/pedsim/include//pedsim
-- Up-to-date: /home/anlh/pedsim_ros2/install/pedsim/include//pedsim/ped_scene.h
-- Up-to-date: /home/anlh/pedsim_ros2/install/pedsim/include//pedsim/ped_angle.h
-- Up-to-date: /home/anlh/pedsim_ros2/install/pedsim/include//pedsim/ped_waypoint.h
-- Up-to-date: /home/anlh/pedsim_ros2/install/pedsim/include//pedsim/ped_includes.h
-- Up-to-date: /home/anlh/pedsim_ros2/install/pedsim/include//pedsim/ped_vector.h
-- Up-to-date: /home/anlh/pedsim_ros2/install/pedsim/include//pedsim/ped_obstacle.h
-- Up-to-date: /home/anlh/pedsim_ros2/install/pedsim/include//pedsim/ped_agent.h
-- Up-to-date: /home/anlh/pedsim_ros2/install/pedsim/include//pedsim/ped_tree.h
-- Up-to-date: /home/anlh/pedsim_ros2/install/pedsim/lib/libpedsim.a
-- Up-to-date: /home/anlh/pedsim_ros2/install/pedsim/share/pedsim/environment/library_path.sh
-- Up-to-date: /home/anlh/pedsim_ros2/install/pedsim/share/pedsim/environment/library_path.dsv
-- Up-to-date: /home/anlh/pedsim_ros2/install/pedsim/share/ament_index/resource_index/package_run_dependencies/pedsim
-- Up-to-date: /home/anlh/pedsim_ros2/install/pedsim/share/ament_index/resource_index/parent_prefix_path/pedsim
-- Up-to-date: /home/anlh/pedsim_ros2/install/pedsim/share/pedsim/environment/ament_prefix_path.dsv
-- Up-to-date: /home/anlh/pedsim_ros2/install/pedsim/share/pedsim/environment/path.dsv
-- Up-to-date: /home/anlh/pedsim_ros2/install/pedsim/share/pedsim/local_setup.bash
-- Up-to-date: /home/anlh/pedsim_ros2/install/pedsim/share/pedsim/local_setup.sh
-- Up-to-date: /home/anlh/pedsim_ros2/install/pedsim/share/pedsim/local_setup.zsh
-- Up-to-date: /home/anlh/pedsim_ros2/install/pedsim/share/pedsim/local_setup.dsv
-- Installing: /home/anlh/pedsim_ros2/install/pedsim/share/pedsim/package.dsv
-- Up-to-date: /home/anlh/pedsim_ros2/install/pedsim/share/ament_index/resource_index/packages/pedsim
-- Up-to-date: /home/anlh/pedsim_ros2/install/pedsim/share/pedsim/cmake/ament_cmake_export_include_directories-extras.cmake
-- Up-to-date: /home/anlh/pedsim_ros2/install/pedsim/share/pedsim/cmake/ament_cmake_export_libraries-extras.cmake
-- Up-to-date: /home/anlh/pedsim_ros2/install/pedsim/share/pedsim/cmake/ament_cmake_export_dependencies-extras.cmake
-- Up-to-date: /home/anlh/pedsim_ros2/install/pedsim/share/pedsim/cmake/pedsimConfig.cmake
-- Up-to-date: /home/anlh/pedsim_ros2/install/pedsim/share/pedsim/cmake/pedsimConfig-version.cmake
-- Up-to-date: /home/anlh/pedsim_ros2/install/pedsim/share/pedsim/package.xml
