-- The C compiler identification is GNU 11.4.0
-- The CXX compiler identification is GNU 11.4.0
-- Detecting C compiler ABI info
-- Detecting C compiler ABI info - done
-- Check for working C compiler: /usr/bin/cc - skipped
-- Detecting C compile features
-- Detecting C compile features - done
-- Detecting CXX compiler ABI info
-- Detecting CXX compiler ABI info - done
-- Check for working CXX compiler: /usr/bin/c++ - skipped
-- Detecting CXX compile features
-- Detecting CXX compile features - done
-- Found ament_cmake: 1.3.10 (/home/anlh/ros2_humble/install/ament_cmake/share/ament_cmake/cmake)
-- Found Python3: /usr/bin/python3 (found version "3.10.12") found components: Interpreter
-- Found builtin_interfaces: 1.2.1 (/home/anlh/ros2_humble/install/builtin_interfaces/share/builtin_interfaces/cmake)
-- Found rosidl_generator_c: 3.1.5 (/home/anlh/ros2_humble/install/rosidl_generator_c/share/rosidl_generator_c/cmake)
-- Found rosidl_adapter: 3.1.5 (/home/anlh/ros2_humble/install/rosidl_adapter/share/rosidl_adapter/cmake)
-- Found rosidl_generator_cpp: 3.1.5 (/home/anlh/ros2_humble/install/rosidl_generator_cpp/share/rosidl_generator_cpp/cmake)
-- Using all available rosidl_typesupport_c: rosidl_typesupport_fastrtps_c;rosidl_typesupport_introspection_c
-- Using all available rosidl_typesupport_cpp: rosidl_typesupport_fastrtps_cpp;rosidl_typesupport_introspection_cpp
-- Found geometry_msgs: 4.2.4 (/home/anlh/ros2_humble/install/geometry_msgs/share/geometry_msgs/cmake)
-- Found rosidl_default_generators: 1.2.0 (/home/anlh/ros2_humble/install/rosidl_default_generators/share/rosidl_default_generators/cmake)
-- Found ament_cmake_ros: 0.10.0 (/home/anlh/ros2_humble/install/ament_cmake_ros/share/ament_cmake_ros/cmake)
-- Using all available rosidl_typesupport_c: rosidl_typesupport_fastrtps_c;rosidl_typesupport_introspection_c
-- Using all available rosidl_typesupport_cpp: rosidl_typesupport_fastrtps_cpp;rosidl_typesupport_introspection_cpp
-- Found PythonInterp: /usr/bin/python3 (found suitable version "3.10.12", minimum required is "3.6")
-- Found python_cmake_module: 0.10.0 (/home/anlh/ros2_humble/install/python_cmake_module/share/python_cmake_module/cmake)
-- Found PythonLibs: /usr/lib/x86_64-linux-gnu/libpython3.10.so (found suitable version "3.10.12", minimum required is "3.5")
-- Using PYTHON_EXECUTABLE: /usr/bin/python3
-- Using PYTHON_INCLUDE_DIRS: /usr/include/python3.10
-- Using PYTHON_LIBRARIES: /usr/lib/x86_64-linux-gnu/libpython3.10.so
-- Found PythonExtra: .so
-- Configuring done (4.6s)
-- Generating done (0.0s)
-- Build files have been written to: /home/anlh/pedsim_ros2/build/pedsim_msgs
[  1%] [34m[1mGenerating C code for ROS interfaces[0m
[  1%] [34m[1mGenerating C++ code for ROS interfaces[0m
[  1%] Built target ament_cmake_python_copy_pedsim_msgs
running egg_info
creating pedsim_msgs.egg-info
writing pedsim_msgs.egg-info/PKG-INFO
writing dependency_links to pedsim_msgs.egg-info/dependency_links.txt
writing top-level names to pedsim_msgs.egg-info/top_level.txt
writing manifest file 'pedsim_msgs.egg-info/SOURCES.txt'
reading manifest file 'pedsim_msgs.egg-info/SOURCES.txt'
writing manifest file 'pedsim_msgs.egg-info/SOURCES.txt'
[  1%] Built target ament_cmake_python_build_pedsim_msgs_egg
[  1%] Built target pedsim_msgs__cpp
[  3%] [34m[1mGenerating C++ introspection for ROS interfaces[0m
[  3%] [34m[1mGenerating C++ type support dispatch for ROS interfaces[0m
[  3%] [34m[1mGenerating C++ type support for eProsima Fast-RTPS[0m
[  3%] [32mBuilding C object CMakeFiles/pedsim_msgs__rosidl_generator_c.dir/rosidl_generator_c/pedsim_msgs/msg/detail/agent_state__functions.c.o[0m
[  4%] [32mBuilding C object CMakeFiles/pedsim_msgs__rosidl_generator_c.dir/rosidl_generator_c/pedsim_msgs/msg/detail/agent_states__functions.c.o[0m
[  4%] [32mBuilding C object CMakeFiles/pedsim_msgs__rosidl_generator_c.dir/rosidl_generator_c/pedsim_msgs/msg/detail/agent_groups__functions.c.o[0m
[  5%] [32mBuilding C object CMakeFiles/pedsim_msgs__rosidl_generator_c.dir/rosidl_generator_c/pedsim_msgs/msg/detail/agent_group__functions.c.o[0m
[  6%] [32mBuilding C object CMakeFiles/pedsim_msgs__rosidl_generator_c.dir/rosidl_generator_c/pedsim_msgs/msg/detail/agent_force__functions.c.o[0m
[  7%] [32mBuilding C object CMakeFiles/pedsim_msgs__rosidl_generator_c.dir/rosidl_generator_c/pedsim_msgs/msg/detail/line_obstacles__functions.c.o[0m
[  7%] [32mBuilding C object CMakeFiles/pedsim_msgs__rosidl_generator_c.dir/rosidl_generator_c/pedsim_msgs/msg/detail/tracked_person__functions.c.o[0m
[  9%] [32mBuilding C object CMakeFiles/pedsim_msgs__rosidl_generator_c.dir/rosidl_generator_c/pedsim_msgs/msg/detail/line_obstacle__functions.c.o[0m
[  9%] [32mBuilding C object CMakeFiles/pedsim_msgs__rosidl_generator_c.dir/rosidl_generator_c/pedsim_msgs/msg/detail/tracked_persons__functions.c.o[0m
[  9%] [32mBuilding C object CMakeFiles/pedsim_msgs__rosidl_generator_c.dir/rosidl_generator_c/pedsim_msgs/msg/detail/tracked_groups__functions.c.o[0m
[ 10%] [32mBuilding C object CMakeFiles/pedsim_msgs__rosidl_generator_c.dir/rosidl_generator_c/pedsim_msgs/msg/detail/tracked_group__functions.c.o[0m
[ 11%] [32mBuilding C object CMakeFiles/pedsim_msgs__rosidl_generator_c.dir/rosidl_generator_c/pedsim_msgs/msg/detail/social_relation__functions.c.o[0m
[ 12%] [32mBuilding C object CMakeFiles/pedsim_msgs__rosidl_generator_c.dir/rosidl_generator_c/pedsim_msgs/msg/detail/social_relations__functions.c.o[0m
[ 13%] [32mBuilding C object CMakeFiles/pedsim_msgs__rosidl_generator_c.dir/rosidl_generator_c/pedsim_msgs/msg/detail/social_activities__functions.c.o[0m
[ 13%] [32mBuilding C object CMakeFiles/pedsim_msgs__rosidl_generator_c.dir/rosidl_generator_c/pedsim_msgs/msg/detail/social_activity__functions.c.o[0m
[ 14%] [32m[1mLinking C shared library libpedsim_msgs__rosidl_generator_c.so[0m
[ 14%] Built target pedsim_msgs__rosidl_generator_c
[ 17%] [34m[1mGenerating C type support dispatch for ROS interfaces[0m
[ 17%] [34m[1mGenerating C introspection for ROS interfaces[0m
[ 17%] [34m[1mGenerating C type support for eProsima Fast-RTPS[0m
[ 20%] [32mBuilding CXX object CMakeFiles/pedsim_msgs__rosidl_typesupport_cpp.dir/rosidl_typesupport_cpp/pedsim_msgs/msg/agent_group__type_support.cpp.o[0m
[ 20%] [32mBuilding CXX object CMakeFiles/pedsim_msgs__rosidl_typesupport_cpp.dir/rosidl_typesupport_cpp/pedsim_msgs/msg/agent_groups__type_support.cpp.o[0m
[ 20%] [32mBuilding CXX object CMakeFiles/pedsim_msgs__rosidl_typesupport_cpp.dir/rosidl_typesupport_cpp/pedsim_msgs/msg/agent_states__type_support.cpp.o[0m
[ 20%] [32mBuilding CXX object CMakeFiles/pedsim_msgs__rosidl_typesupport_cpp.dir/rosidl_typesupport_cpp/pedsim_msgs/msg/agent_state__type_support.cpp.o[0m
[ 20%] [32mBuilding CXX object CMakeFiles/pedsim_msgs__rosidl_typesupport_cpp.dir/rosidl_typesupport_cpp/pedsim_msgs/msg/agent_force__type_support.cpp.o[0m
[ 21%] [32mBuilding CXX object CMakeFiles/pedsim_msgs__rosidl_typesupport_cpp.dir/rosidl_typesupport_cpp/pedsim_msgs/msg/line_obstacle__type_support.cpp.o[0m
[ 23%] [32mBuilding CXX object CMakeFiles/pedsim_msgs__rosidl_typesupport_cpp.dir/rosidl_typesupport_cpp/pedsim_msgs/msg/line_obstacles__type_support.cpp.o[0m
[ 23%] [32mBuilding CXX object CMakeFiles/pedsim_msgs__rosidl_typesupport_cpp.dir/rosidl_typesupport_cpp/pedsim_msgs/msg/tracked_groups__type_support.cpp.o[0m
[ 24%] [32mBuilding CXX object CMakeFiles/pedsim_msgs__rosidl_typesupport_cpp.dir/rosidl_typesupport_cpp/pedsim_msgs/msg/tracked_persons__type_support.cpp.o[0m
[ 25%] [32mBuilding CXX object CMakeFiles/pedsim_msgs__rosidl_typesupport_cpp.dir/rosidl_typesupport_cpp/pedsim_msgs/msg/tracked_group__type_support.cpp.o[0m
[ 25%] [32mBuilding CXX object CMakeFiles/pedsim_msgs__rosidl_typesupport_cpp.dir/rosidl_typesupport_cpp/pedsim_msgs/msg/tracked_person__type_support.cpp.o[0m
[ 25%] [32mBuilding CXX object CMakeFiles/pedsim_msgs__rosidl_typesupport_cpp.dir/rosidl_typesupport_cpp/pedsim_msgs/msg/social_relation__type_support.cpp.o[0m
[ 26%] [32mBuilding CXX object CMakeFiles/pedsim_msgs__rosidl_typesupport_cpp.dir/rosidl_typesupport_cpp/pedsim_msgs/msg/social_relations__type_support.cpp.o[0m
[ 27%] [32mBuilding CXX object CMakeFiles/pedsim_msgs__rosidl_typesupport_cpp.dir/rosidl_typesupport_cpp/pedsim_msgs/msg/social_activity__type_support.cpp.o[0m
[ 27%] [32mBuilding CXX object CMakeFiles/pedsim_msgs__rosidl_typesupport_cpp.dir/rosidl_typesupport_cpp/pedsim_msgs/msg/social_activities__type_support.cpp.o[0m
[ 28%] [32mBuilding CXX object CMakeFiles/pedsim_msgs__rosidl_typesupport_introspection_cpp.dir/rosidl_typesupport_introspection_cpp/pedsim_msgs/msg/detail/agent_state__type_support.cpp.o[0m
[ 29%] [32mBuilding CXX object CMakeFiles/pedsim_msgs__rosidl_typesupport_introspection_cpp.dir/rosidl_typesupport_introspection_cpp/pedsim_msgs/msg/detail/agent_states__type_support.cpp.o[0m
[ 30%] [32mBuilding CXX object CMakeFiles/pedsim_msgs__rosidl_typesupport_introspection_cpp.dir/rosidl_typesupport_introspection_cpp/pedsim_msgs/msg/detail/agent_groups__type_support.cpp.o[0m
[ 30%] [32mBuilding CXX object CMakeFiles/pedsim_msgs__rosidl_typesupport_introspection_cpp.dir/rosidl_typesupport_introspection_cpp/pedsim_msgs/msg/detail/agent_group__type_support.cpp.o[0m
[ 31%] [32mBuilding CXX object CMakeFiles/pedsim_msgs__rosidl_typesupport_introspection_cpp.dir/rosidl_typesupport_introspection_cpp/pedsim_msgs/msg/detail/agent_force__type_support.cpp.o[0m
[ 32%] [32mBuilding CXX object CMakeFiles/pedsim_msgs__rosidl_typesupport_introspection_cpp.dir/rosidl_typesupport_introspection_cpp/pedsim_msgs/msg/detail/line_obstacle__type_support.cpp.o[0m
[ 33%] [32mBuilding CXX object CMakeFiles/pedsim_msgs__rosidl_typesupport_introspection_cpp.dir/rosidl_typesupport_introspection_cpp/pedsim_msgs/msg/detail/tracked_person__type_support.cpp.o[0m
[ 33%] [32mBuilding CXX object CMakeFiles/pedsim_msgs__rosidl_typesupport_introspection_cpp.dir/rosidl_typesupport_introspection_cpp/pedsim_msgs/msg/detail/line_obstacles__type_support.cpp.o[0m
[ 33%] [32mBuilding CXX object CMakeFiles/pedsim_msgs__rosidl_typesupport_c.dir/rosidl_typesupport_c/pedsim_msgs/msg/agent_state__type_support.cpp.o[0m
[ 34%] [32mBuilding CXX object CMakeFiles/pedsim_msgs__rosidl_typesupport_fastrtps_cpp.dir/rosidl_typesupport_fastrtps_cpp/pedsim_msgs/msg/detail/dds_fastrtps/agent_state__type_support.cpp.o[0m
[ 35%] [32mBuilding CXX object CMakeFiles/pedsim_msgs__rosidl_typesupport_c.dir/rosidl_typesupport_c/pedsim_msgs/msg/agent_states__type_support.cpp.o[0m
[ 36%] [32mBuilding CXX object CMakeFiles/pedsim_msgs__rosidl_typesupport_c.dir/rosidl_typesupport_c/pedsim_msgs/msg/agent_group__type_support.cpp.o[0m
[ 36%] [32mBuilding CXX object CMakeFiles/pedsim_msgs__rosidl_typesupport_c.dir/rosidl_typesupport_c/pedsim_msgs/msg/agent_groups__type_support.cpp.o[0m
[ 37%] [32mBuilding CXX object CMakeFiles/pedsim_msgs__rosidl_typesupport_c.dir/rosidl_typesupport_c/pedsim_msgs/msg/agent_force__type_support.cpp.o[0m
[ 38%] [32mBuilding CXX object CMakeFiles/pedsim_msgs__rosidl_typesupport_fastrtps_cpp.dir/rosidl_typesupport_fastrtps_cpp/pedsim_msgs/msg/detail/dds_fastrtps/agent_states__type_support.cpp.o[0m
[ 39%] [32mBuilding CXX object CMakeFiles/pedsim_msgs__rosidl_typesupport_c.dir/rosidl_typesupport_c/pedsim_msgs/msg/line_obstacle__type_support.cpp.o[0m
[ 39%] [32mBuilding CXX object CMakeFiles/pedsim_msgs__rosidl_typesupport_fastrtps_cpp.dir/rosidl_typesupport_fastrtps_cpp/pedsim_msgs/msg/detail/dds_fastrtps/agent_group__type_support.cpp.o[0m
[ 40%] [32m[1mLinking CXX shared library libpedsim_msgs__rosidl_typesupport_cpp.so[0m
[ 41%] [32mBuilding CXX object CMakeFiles/pedsim_msgs__rosidl_typesupport_fastrtps_cpp.dir/rosidl_typesupport_fastrtps_cpp/pedsim_msgs/msg/detail/dds_fastrtps/agent_groups__type_support.cpp.o[0m
[ 42%] [32mBuilding CXX object CMakeFiles/pedsim_msgs__rosidl_typesupport_c.dir/rosidl_typesupport_c/pedsim_msgs/msg/line_obstacles__type_support.cpp.o[0m
[ 42%] Built target pedsim_msgs__rosidl_typesupport_cpp
[ 42%] [32mBuilding CXX object CMakeFiles/pedsim_msgs__rosidl_typesupport_c.dir/rosidl_typesupport_c/pedsim_msgs/msg/tracked_person__type_support.cpp.o[0m
[ 43%] [32mBuilding CXX object CMakeFiles/pedsim_msgs__rosidl_typesupport_fastrtps_cpp.dir/rosidl_typesupport_fastrtps_cpp/pedsim_msgs/msg/detail/dds_fastrtps/agent_force__type_support.cpp.o[0m
[ 43%] [32mBuilding CXX object CMakeFiles/pedsim_msgs__rosidl_typesupport_fastrtps_cpp.dir/rosidl_typesupport_fastrtps_cpp/pedsim_msgs/msg/detail/dds_fastrtps/line_obstacle__type_support.cpp.o[0m
[ 44%] [32mBuilding CXX object CMakeFiles/pedsim_msgs__rosidl_typesupport_c.dir/rosidl_typesupport_c/pedsim_msgs/msg/tracked_persons__type_support.cpp.o[0m
[ 45%] [32mBuilding CXX object CMakeFiles/pedsim_msgs__rosidl_typesupport_introspection_cpp.dir/rosidl_typesupport_introspection_cpp/pedsim_msgs/msg/detail/tracked_persons__type_support.cpp.o[0m
[ 45%] [32mBuilding CXX object CMakeFiles/pedsim_msgs__rosidl_typesupport_introspection_cpp.dir/rosidl_typesupport_introspection_cpp/pedsim_msgs/msg/detail/tracked_group__type_support.cpp.o[0m
[ 46%] [32mBuilding CXX object CMakeFiles/pedsim_msgs__rosidl_typesupport_introspection_cpp.dir/rosidl_typesupport_introspection_cpp/pedsim_msgs/msg/detail/tracked_groups__type_support.cpp.o[0m
[ 47%] [32mBuilding C object CMakeFiles/pedsim_msgs__rosidl_typesupport_introspection_c.dir/rosidl_typesupport_introspection_c/pedsim_msgs/msg/detail/agent_state__type_support.c.o[0m
[ 48%] [32mBuilding CXX object CMakeFiles/pedsim_msgs__rosidl_typesupport_c.dir/rosidl_typesupport_c/pedsim_msgs/msg/tracked_group__type_support.cpp.o[0m
[ 48%] [32mBuilding C object CMakeFiles/pedsim_msgs__rosidl_typesupport_introspection_c.dir/rosidl_typesupport_introspection_c/pedsim_msgs/msg/detail/agent_states__type_support.c.o[0m
[ 49%] [32mBuilding C object CMakeFiles/pedsim_msgs__rosidl_typesupport_introspection_c.dir/rosidl_typesupport_introspection_c/pedsim_msgs/msg/detail/agent_group__type_support.c.o[0m
[ 50%] [32mBuilding CXX object CMakeFiles/pedsim_msgs__rosidl_typesupport_fastrtps_cpp.dir/rosidl_typesupport_fastrtps_cpp/pedsim_msgs/msg/detail/dds_fastrtps/line_obstacles__type_support.cpp.o[0m
[ 51%] [32mBuilding C object CMakeFiles/pedsim_msgs__rosidl_typesupport_introspection_c.dir/rosidl_typesupport_introspection_c/pedsim_msgs/msg/detail/agent_groups__type_support.c.o[0m
[ 51%] [32mBuilding CXX object CMakeFiles/pedsim_msgs__rosidl_typesupport_c.dir/rosidl_typesupport_c/pedsim_msgs/msg/tracked_groups__type_support.cpp.o[0m
[ 52%] [32mBuilding C object CMakeFiles/pedsim_msgs__rosidl_typesupport_introspection_c.dir/rosidl_typesupport_introspection_c/pedsim_msgs/msg/detail/agent_force__type_support.c.o[0m
[ 53%] [32mBuilding CXX object CMakeFiles/pedsim_msgs__rosidl_typesupport_c.dir/rosidl_typesupport_c/pedsim_msgs/msg/social_relation__type_support.cpp.o[0m
[ 54%] [32mBuilding CXX object CMakeFiles/pedsim_msgs__rosidl_typesupport_c.dir/rosidl_typesupport_c/pedsim_msgs/msg/social_relations__type_support.cpp.o[0m
[ 55%] [32mBuilding CXX object CMakeFiles/pedsim_msgs__rosidl_typesupport_fastrtps_c.dir/rosidl_typesupport_fastrtps_c/pedsim_msgs/msg/detail/agent_state__type_support_c.cpp.o[0m
[ 55%] [32mBuilding CXX object CMakeFiles/pedsim_msgs__rosidl_typesupport_c.dir/rosidl_typesupport_c/pedsim_msgs/msg/social_activity__type_support.cpp.o[0m
[ 55%] [32mBuilding CXX object CMakeFiles/pedsim_msgs__rosidl_typesupport_fastrtps_c.dir/rosidl_typesupport_fastrtps_c/pedsim_msgs/msg/detail/agent_states__type_support_c.cpp.o[0m
[ 57%] [32mBuilding CXX object CMakeFiles/pedsim_msgs__rosidl_typesupport_fastrtps_c.dir/rosidl_typesupport_fastrtps_c/pedsim_msgs/msg/detail/agent_groups__type_support_c.cpp.o[0m
[ 57%] [32mBuilding CXX object CMakeFiles/pedsim_msgs__rosidl_typesupport_fastrtps_c.dir/rosidl_typesupport_fastrtps_c/pedsim_msgs/msg/detail/agent_group__type_support_c.cpp.o[0m
[ 57%] [32mBuilding C object CMakeFiles/pedsim_msgs__rosidl_typesupport_introspection_c.dir/rosidl_typesupport_introspection_c/pedsim_msgs/msg/detail/line_obstacle__type_support.c.o[0m
[ 57%] [32mBuilding CXX object CMakeFiles/pedsim_msgs__rosidl_typesupport_fastrtps_c.dir/rosidl_typesupport_fastrtps_c/pedsim_msgs/msg/detail/agent_force__type_support_c.cpp.o[0m
[ 58%] [32mBuilding CXX object CMakeFiles/pedsim_msgs__rosidl_typesupport_c.dir/rosidl_typesupport_c/pedsim_msgs/msg/social_activities__type_support.cpp.o[0m
[ 59%] [32mBuilding C object CMakeFiles/pedsim_msgs__rosidl_typesupport_introspection_c.dir/rosidl_typesupport_introspection_c/pedsim_msgs/msg/detail/line_obstacles__type_support.c.o[0m
[ 60%] [32m[1mLinking CXX shared library libpedsim_msgs__rosidl_typesupport_c.so[0m
[ 61%] [32mBuilding C object CMakeFiles/pedsim_msgs__rosidl_typesupport_introspection_c.dir/rosidl_typesupport_introspection_c/pedsim_msgs/msg/detail/tracked_person__type_support.c.o[0m
[ 61%] Built target pedsim_msgs__rosidl_typesupport_c
[ 61%] [32mBuilding C object CMakeFiles/pedsim_msgs__rosidl_typesupport_introspection_c.dir/rosidl_typesupport_introspection_c/pedsim_msgs/msg/detail/tracked_persons__type_support.c.o[0m
[ 62%] [32mBuilding CXX object CMakeFiles/pedsim_msgs__rosidl_typesupport_introspection_cpp.dir/rosidl_typesupport_introspection_cpp/pedsim_msgs/msg/detail/social_relation__type_support.cpp.o[0m
[ 63%] [32mBuilding C object CMakeFiles/pedsim_msgs__rosidl_typesupport_introspection_c.dir/rosidl_typesupport_introspection_c/pedsim_msgs/msg/detail/tracked_group__type_support.c.o[0m
[ 63%] [32mBuilding CXX object CMakeFiles/pedsim_msgs__rosidl_typesupport_introspection_cpp.dir/rosidl_typesupport_introspection_cpp/pedsim_msgs/msg/detail/social_relations__type_support.cpp.o[0m
[ 64%] [32mBuilding CXX object CMakeFiles/pedsim_msgs__rosidl_typesupport_introspection_cpp.dir/rosidl_typesupport_introspection_cpp/pedsim_msgs/msg/detail/social_activity__type_support.cpp.o[0m
[ 65%] [32mBuilding C object CMakeFiles/pedsim_msgs__rosidl_typesupport_introspection_c.dir/rosidl_typesupport_introspection_c/pedsim_msgs/msg/detail/tracked_groups__type_support.c.o[0m
[ 65%] [32mBuilding C object CMakeFiles/pedsim_msgs__rosidl_typesupport_introspection_c.dir/rosidl_typesupport_introspection_c/pedsim_msgs/msg/detail/social_relation__type_support.c.o[0m
[ 66%] [32mBuilding CXX object CMakeFiles/pedsim_msgs__rosidl_typesupport_introspection_cpp.dir/rosidl_typesupport_introspection_cpp/pedsim_msgs/msg/detail/social_activities__type_support.cpp.o[0m
[ 67%] [32mBuilding CXX object CMakeFiles/pedsim_msgs__rosidl_typesupport_fastrtps_c.dir/rosidl_typesupport_fastrtps_c/pedsim_msgs/msg/detail/line_obstacle__type_support_c.cpp.o[0m
[ 68%] [32mBuilding C object CMakeFiles/pedsim_msgs__rosidl_typesupport_introspection_c.dir/rosidl_typesupport_introspection_c/pedsim_msgs/msg/detail/social_relations__type_support.c.o[0m
[ 69%] [32mBuilding C object CMakeFiles/pedsim_msgs__rosidl_typesupport_introspection_c.dir/rosidl_typesupport_introspection_c/pedsim_msgs/msg/detail/social_activity__type_support.c.o[0m
[ 70%] [32mBuilding CXX object CMakeFiles/pedsim_msgs__rosidl_typesupport_fastrtps_cpp.dir/rosidl_typesupport_fastrtps_cpp/pedsim_msgs/msg/detail/dds_fastrtps/tracked_person__type_support.cpp.o[0m
[ 70%] [32mBuilding CXX object CMakeFiles/pedsim_msgs__rosidl_typesupport_fastrtps_cpp.dir/rosidl_typesupport_fastrtps_cpp/pedsim_msgs/msg/detail/dds_fastrtps/tracked_persons__type_support.cpp.o[0m
[ 71%] [32mBuilding CXX object CMakeFiles/pedsim_msgs__rosidl_typesupport_fastrtps_cpp.dir/rosidl_typesupport_fastrtps_cpp/pedsim_msgs/msg/detail/dds_fastrtps/tracked_group__type_support.cpp.o[0m
[ 72%] [32mBuilding CXX object CMakeFiles/pedsim_msgs__rosidl_typesupport_fastrtps_cpp.dir/rosidl_typesupport_fastrtps_cpp/pedsim_msgs/msg/detail/dds_fastrtps/tracked_groups__type_support.cpp.o[0m
[ 73%] [32mBuilding CXX object CMakeFiles/pedsim_msgs__rosidl_typesupport_fastrtps_c.dir/rosidl_typesupport_fastrtps_c/pedsim_msgs/msg/detail/line_obstacles__type_support_c.cpp.o[0m
[ 74%] [32mBuilding C object CMakeFiles/pedsim_msgs__rosidl_typesupport_introspection_c.dir/rosidl_typesupport_introspection_c/pedsim_msgs/msg/detail/social_activities__type_support.c.o[0m
[ 74%] [32mBuilding CXX object CMakeFiles/pedsim_msgs__rosidl_typesupport_fastrtps_c.dir/rosidl_typesupport_fastrtps_c/pedsim_msgs/msg/detail/tracked_person__type_support_c.cpp.o[0m
[ 75%] [32mBuilding CXX object CMakeFiles/pedsim_msgs__rosidl_typesupport_fastrtps_cpp.dir/rosidl_typesupport_fastrtps_cpp/pedsim_msgs/msg/detail/dds_fastrtps/social_relation__type_support.cpp.o[0m
[ 75%] [32mBuilding CXX object CMakeFiles/pedsim_msgs__rosidl_typesupport_fastrtps_cpp.dir/rosidl_typesupport_fastrtps_cpp/pedsim_msgs/msg/detail/dds_fastrtps/social_relations__type_support.cpp.o[0m
[ 76%] [32mBuilding CXX object CMakeFiles/pedsim_msgs__rosidl_typesupport_fastrtps_cpp.dir/rosidl_typesupport_fastrtps_cpp/pedsim_msgs/msg/detail/dds_fastrtps/social_activity__type_support.cpp.o[0m
[ 77%] [32mBuilding CXX object CMakeFiles/pedsim_msgs__rosidl_typesupport_fastrtps_cpp.dir/rosidl_typesupport_fastrtps_cpp/pedsim_msgs/msg/detail/dds_fastrtps/social_activities__type_support.cpp.o[0m
[ 77%] [32m[1mLinking C shared library libpedsim_msgs__rosidl_typesupport_introspection_c.so[0m
[ 77%] Built target pedsim_msgs__rosidl_typesupport_introspection_c
[ 78%] [32mBuilding CXX object CMakeFiles/pedsim_msgs__rosidl_typesupport_fastrtps_c.dir/rosidl_typesupport_fastrtps_c/pedsim_msgs/msg/detail/tracked_persons__type_support_c.cpp.o[0m
[ 79%] [32mBuilding CXX object CMakeFiles/pedsim_msgs__rosidl_typesupport_fastrtps_c.dir/rosidl_typesupport_fastrtps_c/pedsim_msgs/msg/detail/tracked_group__type_support_c.cpp.o[0m
[ 80%] [32mBuilding CXX object CMakeFiles/pedsim_msgs__rosidl_typesupport_fastrtps_c.dir/rosidl_typesupport_fastrtps_c/pedsim_msgs/msg/detail/tracked_groups__type_support_c.cpp.o[0m
[ 80%] [32mBuilding CXX object CMakeFiles/pedsim_msgs__rosidl_typesupport_fastrtps_c.dir/rosidl_typesupport_fastrtps_c/pedsim_msgs/msg/detail/social_relation__type_support_c.cpp.o[0m
[ 81%] [32mBuilding CXX object CMakeFiles/pedsim_msgs__rosidl_typesupport_fastrtps_c.dir/rosidl_typesupport_fastrtps_c/pedsim_msgs/msg/detail/social_relations__type_support_c.cpp.o[0m
[ 82%] [32mBuilding CXX object CMakeFiles/pedsim_msgs__rosidl_typesupport_fastrtps_c.dir/rosidl_typesupport_fastrtps_c/pedsim_msgs/msg/detail/social_activity__type_support_c.cpp.o[0m
[ 82%] [32mBuilding CXX object CMakeFiles/pedsim_msgs__rosidl_typesupport_fastrtps_c.dir/rosidl_typesupport_fastrtps_c/pedsim_msgs/msg/detail/social_activities__type_support_c.cpp.o[0m
[ 83%] [32m[1mLinking CXX shared library libpedsim_msgs__rosidl_typesupport_introspection_cpp.so[0m
[ 83%] [32m[1mLinking CXX shared library libpedsim_msgs__rosidl_typesupport_fastrtps_cpp.so[0m
[ 83%] Built target pedsim_msgs__rosidl_typesupport_introspection_cpp
[ 83%] Built target pedsim_msgs__rosidl_typesupport_fastrtps_cpp
[ 84%] [32m[1mLinking CXX shared library libpedsim_msgs__rosidl_typesupport_fastrtps_c.so[0m
[ 84%] Built target pedsim_msgs__rosidl_typesupport_fastrtps_c
[ 84%] Built target pedsim_msgs
[ 85%] [34m[1mGenerating Python code for ROS interfaces[0m
[ 85%] Built target pedsim_msgs__py
[ 86%] [32mBuilding C object CMakeFiles/pedsim_msgs__rosidl_generator_py.dir/rosidl_generator_py/pedsim_msgs/msg/_agent_states_s.c.o[0m
[ 86%] [32mBuilding C object CMakeFiles/pedsim_msgs__rosidl_generator_py.dir/rosidl_generator_py/pedsim_msgs/msg/_agent_state_s.c.o[0m
[ 87%] [32mBuilding C object CMakeFiles/pedsim_msgs__rosidl_generator_py.dir/rosidl_generator_py/pedsim_msgs/msg/_agent_group_s.c.o[0m
[ 88%] [32mBuilding C object CMakeFiles/pedsim_msgs__rosidl_generator_py.dir/rosidl_generator_py/pedsim_msgs/msg/_agent_groups_s.c.o[0m
[ 89%] [32mBuilding C object CMakeFiles/pedsim_msgs__rosidl_generator_py.dir/rosidl_generator_py/pedsim_msgs/msg/_line_obstacle_s.c.o[0m
[ 89%] [32mBuilding C object CMakeFiles/pedsim_msgs__rosidl_generator_py.dir/rosidl_generator_py/pedsim_msgs/msg/_agent_force_s.c.o[0m
[ 89%] [32mBuilding C object CMakeFiles/pedsim_msgs__rosidl_generator_py.dir/rosidl_generator_py/pedsim_msgs/msg/_tracked_person_s.c.o[0m
[ 90%] [32mBuilding C object CMakeFiles/pedsim_msgs__rosidl_generator_py.dir/rosidl_generator_py/pedsim_msgs/msg/_line_obstacles_s.c.o[0m
[ 90%] [32mBuilding C object CMakeFiles/pedsim_msgs__rosidl_generator_py.dir/rosidl_generator_py/pedsim_msgs/msg/_tracked_groups_s.c.o[0m
[ 91%] [32mBuilding C object CMakeFiles/pedsim_msgs__rosidl_generator_py.dir/rosidl_generator_py/pedsim_msgs/msg/_social_activity_s.c.o[0m
[ 92%] [32mBuilding C object CMakeFiles/pedsim_msgs__rosidl_generator_py.dir/rosidl_generator_py/pedsim_msgs/msg/_social_relations_s.c.o[0m
[ 93%] [32mBuilding C object CMakeFiles/pedsim_msgs__rosidl_generator_py.dir/rosidl_generator_py/pedsim_msgs/msg/_tracked_persons_s.c.o[0m
[ 94%] [32mBuilding C object CMakeFiles/pedsim_msgs__rosidl_generator_py.dir/rosidl_generator_py/pedsim_msgs/msg/_social_relation_s.c.o[0m
[ 95%] [32mBuilding C object CMakeFiles/pedsim_msgs__rosidl_generator_py.dir/rosidl_generator_py/pedsim_msgs/msg/_tracked_group_s.c.o[0m
[ 95%] [32mBuilding C object CMakeFiles/pedsim_msgs__rosidl_generator_py.dir/rosidl_generator_py/pedsim_msgs/msg/_social_activities_s.c.o[0m
[ 96%] [32m[1mLinking C shared library rosidl_generator_py/pedsim_msgs/libpedsim_msgs__rosidl_generator_py.so[0m
[ 96%] Built target pedsim_msgs__rosidl_generator_py
[ 98%] [32mBuilding C object CMakeFiles/pedsim_msgs__rosidl_typesupport_introspection_c__pyext.dir/rosidl_generator_py/pedsim_msgs/_pedsim_msgs_s.ep.rosidl_typesupport_introspection_c.c.o[0m
[ 98%] [32mBuilding C object CMakeFiles/pedsim_msgs__rosidl_typesupport_c__pyext.dir/rosidl_generator_py/pedsim_msgs/_pedsim_msgs_s.ep.rosidl_typesupport_c.c.o[0m
[ 99%] [32mBuilding C object CMakeFiles/pedsim_msgs__rosidl_typesupport_fastrtps_c__pyext.dir/rosidl_generator_py/pedsim_msgs/_pedsim_msgs_s.ep.rosidl_typesupport_fastrtps_c.c.o[0m
[100%] [32m[1mLinking C shared library rosidl_generator_py/pedsim_msgs/pedsim_msgs_s__rosidl_typesupport_c.cpython-310-x86_64-linux-gnu.so[0m
[100%] [32m[1mLinking C shared library rosidl_generator_py/pedsim_msgs/pedsim_msgs_s__rosidl_typesupport_fastrtps_c.cpython-310-x86_64-linux-gnu.so[0m
[100%] [32m[1mLinking C shared library rosidl_generator_py/pedsim_msgs/pedsim_msgs_s__rosidl_typesupport_introspection_c.cpython-310-x86_64-linux-gnu.so[0m
[100%] Built target pedsim_msgs__rosidl_typesupport_fastrtps_c__pyext
[100%] Built target pedsim_msgs__rosidl_typesupport_c__pyext
[100%] Built target pedsim_msgs__rosidl_typesupport_introspection_c__pyext
-- Install configuration: ""
-- Installing: /home/anlh/pedsim_ros2/install/pedsim_msgs/share/ament_index/resource_index/rosidl_interfaces/pedsim_msgs
-- Installing: /home/anlh/pedsim_ros2/install/pedsim_msgs/include/pedsim_msgs/pedsim_msgs
-- Installing: /home/anlh/pedsim_ros2/install/pedsim_msgs/include/pedsim_msgs/pedsim_msgs/msg
-- Installing: /home/anlh/pedsim_ros2/install/pedsim_msgs/include/pedsim_msgs/pedsim_msgs/msg/social_activity.h
-- Installing: /home/anlh/pedsim_ros2/install/pedsim_msgs/include/pedsim_msgs/pedsim_msgs/msg/tracked_groups.h
-- Installing: /home/anlh/pedsim_ros2/install/pedsim_msgs/include/pedsim_msgs/pedsim_msgs/msg/social_relation.h
-- Installing: /home/anlh/pedsim_ros2/install/pedsim_msgs/include/pedsim_msgs/pedsim_msgs/msg/rosidl_generator_c__visibility_control.h
-- Installing: /home/anlh/pedsim_ros2/install/pedsim_msgs/include/pedsim_msgs/pedsim_msgs/msg/tracked_persons.h
-- Installing: /home/anlh/pedsim_ros2/install/pedsim_msgs/include/pedsim_msgs/pedsim_msgs/msg/tracked_person.h
-- Installing: /home/anlh/pedsim_ros2/install/pedsim_msgs/include/pedsim_msgs/pedsim_msgs/msg/tracked_group.h
-- Installing: /home/anlh/pedsim_ros2/install/pedsim_msgs/include/pedsim_msgs/pedsim_msgs/msg/line_obstacle.h
-- Installing: /home/anlh/pedsim_ros2/install/pedsim_msgs/include/pedsim_msgs/pedsim_msgs/msg/social_relations.h
-- Installing: /home/anlh/pedsim_ros2/install/pedsim_msgs/include/pedsim_msgs/pedsim_msgs/msg/agent_groups.h
-- Installing: /home/anlh/pedsim_ros2/install/pedsim_msgs/include/pedsim_msgs/pedsim_msgs/msg/social_activities.h
-- Installing: /home/anlh/pedsim_ros2/install/pedsim_msgs/include/pedsim_msgs/pedsim_msgs/msg/detail
-- Installing: /home/anlh/pedsim_ros2/install/pedsim_msgs/include/pedsim_msgs/pedsim_msgs/msg/detail/social_relations__type_support.h
-- Installing: /home/anlh/pedsim_ros2/install/pedsim_msgs/include/pedsim_msgs/pedsim_msgs/msg/detail/tracked_groups__type_support.h
-- Installing: /home/anlh/pedsim_ros2/install/pedsim_msgs/include/pedsim_msgs/pedsim_msgs/msg/detail/agent_state__functions.h
-- Installing: /home/anlh/pedsim_ros2/install/pedsim_msgs/include/pedsim_msgs/pedsim_msgs/msg/detail/social_activity__struct.h
-- Installing: /home/anlh/pedsim_ros2/install/pedsim_msgs/include/pedsim_msgs/pedsim_msgs/msg/detail/agent_groups__functions.c
-- Installing: /home/anlh/pedsim_ros2/install/pedsim_msgs/include/pedsim_msgs/pedsim_msgs/msg/detail/social_relation__struct.h
-- Installing: /home/anlh/pedsim_ros2/install/pedsim_msgs/include/pedsim_msgs/pedsim_msgs/msg/detail/agent_group__struct.h
-- Installing: /home/anlh/pedsim_ros2/install/pedsim_msgs/include/pedsim_msgs/pedsim_msgs/msg/detail/agent_groups__type_support.h
-- Installing: /home/anlh/pedsim_ros2/install/pedsim_msgs/include/pedsim_msgs/pedsim_msgs/msg/detail/line_obstacles__type_support.h
-- Installing: /home/anlh/pedsim_ros2/install/pedsim_msgs/include/pedsim_msgs/pedsim_msgs/msg/detail/agent_states__functions.h
-- Installing: /home/anlh/pedsim_ros2/install/pedsim_msgs/include/pedsim_msgs/pedsim_msgs/msg/detail/agent_state__struct.h
-- Installing: /home/anlh/pedsim_ros2/install/pedsim_msgs/include/pedsim_msgs/pedsim_msgs/msg/detail/line_obstacle__functions.c
-- Installing: /home/anlh/pedsim_ros2/install/pedsim_msgs/include/pedsim_msgs/pedsim_msgs/msg/detail/tracked_group__functions.h
-- Installing: /home/anlh/pedsim_ros2/install/pedsim_msgs/include/pedsim_msgs/pedsim_msgs/msg/detail/social_activities__functions.h
-- Installing: /home/anlh/pedsim_ros2/install/pedsim_msgs/include/pedsim_msgs/pedsim_msgs/msg/detail/social_activities__struct.h
-- Installing: /home/anlh/pedsim_ros2/install/pedsim_msgs/include/pedsim_msgs/pedsim_msgs/msg/detail/agent_group__functions.c
-- Installing: /home/anlh/pedsim_ros2/install/pedsim_msgs/include/pedsim_msgs/pedsim_msgs/msg/detail/social_activity__functions.h
-- Installing: /home/anlh/pedsim_ros2/install/pedsim_msgs/include/pedsim_msgs/pedsim_msgs/msg/detail/tracked_persons__functions.c
-- Installing: /home/anlh/pedsim_ros2/install/pedsim_msgs/include/pedsim_msgs/pedsim_msgs/msg/detail/tracked_groups__functions.c
-- Installing: /home/anlh/pedsim_ros2/install/pedsim_msgs/include/pedsim_msgs/pedsim_msgs/msg/detail/tracked_group__struct.h
-- Installing: /home/anlh/pedsim_ros2/install/pedsim_msgs/include/pedsim_msgs/pedsim_msgs/msg/detail/tracked_person__struct.h
-- Installing: /home/anlh/pedsim_ros2/install/pedsim_msgs/include/pedsim_msgs/pedsim_msgs/msg/detail/tracked_groups__functions.h
-- Installing: /home/anlh/pedsim_ros2/install/pedsim_msgs/include/pedsim_msgs/pedsim_msgs/msg/detail/agent_state__type_support.h
-- Installing: /home/anlh/pedsim_ros2/install/pedsim_msgs/include/pedsim_msgs/pedsim_msgs/msg/detail/tracked_persons__struct.h
-- Installing: /home/anlh/pedsim_ros2/install/pedsim_msgs/include/pedsim_msgs/pedsim_msgs/msg/detail/line_obstacles__struct.h
-- Installing: /home/anlh/pedsim_ros2/install/pedsim_msgs/include/pedsim_msgs/pedsim_msgs/msg/detail/tracked_person__functions.h
-- Installing: /home/anlh/pedsim_ros2/install/pedsim_msgs/include/pedsim_msgs/pedsim_msgs/msg/detail/agent_force__functions.c
-- Installing: /home/anlh/pedsim_ros2/install/pedsim_msgs/include/pedsim_msgs/pedsim_msgs/msg/detail/tracked_group__type_support.h
-- Installing: /home/anlh/pedsim_ros2/install/pedsim_msgs/include/pedsim_msgs/pedsim_msgs/msg/detail/social_relation__type_support.h
-- Installing: /home/anlh/pedsim_ros2/install/pedsim_msgs/include/pedsim_msgs/pedsim_msgs/msg/detail/social_activity__functions.c
-- Installing: /home/anlh/pedsim_ros2/install/pedsim_msgs/include/pedsim_msgs/pedsim_msgs/msg/detail/tracked_person__type_support.h
-- Installing: /home/anlh/pedsim_ros2/install/pedsim_msgs/include/pedsim_msgs/pedsim_msgs/msg/detail/agent_states__functions.c
-- Installing: /home/anlh/pedsim_ros2/install/pedsim_msgs/include/pedsim_msgs/pedsim_msgs/msg/detail/agent_group__type_support.h
-- Installing: /home/anlh/pedsim_ros2/install/pedsim_msgs/include/pedsim_msgs/pedsim_msgs/msg/detail/tracked_groups__struct.h
-- Installing: /home/anlh/pedsim_ros2/install/pedsim_msgs/include/pedsim_msgs/pedsim_msgs/msg/detail/social_relation__functions.h
-- Installing: /home/anlh/pedsim_ros2/install/pedsim_msgs/include/pedsim_msgs/pedsim_msgs/msg/detail/line_obstacle__struct.h
-- Installing: /home/anlh/pedsim_ros2/install/pedsim_msgs/include/pedsim_msgs/pedsim_msgs/msg/detail/agent_group__functions.h
-- Installing: /home/anlh/pedsim_ros2/install/pedsim_msgs/include/pedsim_msgs/pedsim_msgs/msg/detail/agent_state__functions.c
-- Installing: /home/anlh/pedsim_ros2/install/pedsim_msgs/include/pedsim_msgs/pedsim_msgs/msg/detail/tracked_person__functions.c
-- Installing: /home/anlh/pedsim_ros2/install/pedsim_msgs/include/pedsim_msgs/pedsim_msgs/msg/detail/agent_states__type_support.h
-- Installing: /home/anlh/pedsim_ros2/install/pedsim_msgs/include/pedsim_msgs/pedsim_msgs/msg/detail/agent_groups__functions.h
-- Installing: /home/anlh/pedsim_ros2/install/pedsim_msgs/include/pedsim_msgs/pedsim_msgs/msg/detail/tracked_group__functions.c
-- Installing: /home/anlh/pedsim_ros2/install/pedsim_msgs/include/pedsim_msgs/pedsim_msgs/msg/detail/agent_groups__struct.h
-- Installing: /home/anlh/pedsim_ros2/install/pedsim_msgs/include/pedsim_msgs/pedsim_msgs/msg/detail/agent_force__struct.h
-- Installing: /home/anlh/pedsim_ros2/install/pedsim_msgs/include/pedsim_msgs/pedsim_msgs/msg/detail/social_relations__functions.c
-- Installing: /home/anlh/pedsim_ros2/install/pedsim_msgs/include/pedsim_msgs/pedsim_msgs/msg/detail/social_activities__functions.c
-- Installing: /home/anlh/pedsim_ros2/install/pedsim_msgs/include/pedsim_msgs/pedsim_msgs/msg/detail/social_relations__struct.h
-- Installing: /home/anlh/pedsim_ros2/install/pedsim_msgs/include/pedsim_msgs/pedsim_msgs/msg/detail/agent_states__struct.h
-- Installing: /home/anlh/pedsim_ros2/install/pedsim_msgs/include/pedsim_msgs/pedsim_msgs/msg/detail/social_activities__type_support.h
-- Installing: /home/anlh/pedsim_ros2/install/pedsim_msgs/include/pedsim_msgs/pedsim_msgs/msg/detail/social_relation__functions.c
-- Installing: /home/anlh/pedsim_ros2/install/pedsim_msgs/include/pedsim_msgs/pedsim_msgs/msg/detail/social_relations__functions.h
-- Installing: /home/anlh/pedsim_ros2/install/pedsim_msgs/include/pedsim_msgs/pedsim_msgs/msg/detail/tracked_persons__functions.h
-- Installing: /home/anlh/pedsim_ros2/install/pedsim_msgs/include/pedsim_msgs/pedsim_msgs/msg/detail/line_obstacles__functions.c
-- Installing: /home/anlh/pedsim_ros2/install/pedsim_msgs/include/pedsim_msgs/pedsim_msgs/msg/detail/agent_force__type_support.h
-- Installing: /home/anlh/pedsim_ros2/install/pedsim_msgs/include/pedsim_msgs/pedsim_msgs/msg/detail/line_obstacles__functions.h
-- Installing: /home/anlh/pedsim_ros2/install/pedsim_msgs/include/pedsim_msgs/pedsim_msgs/msg/detail/line_obstacle__functions.h
-- Installing: /home/anlh/pedsim_ros2/install/pedsim_msgs/include/pedsim_msgs/pedsim_msgs/msg/detail/social_activity__type_support.h
-- Installing: /home/anlh/pedsim_ros2/install/pedsim_msgs/include/pedsim_msgs/pedsim_msgs/msg/detail/line_obstacle__type_support.h
-- Installing: /home/anlh/pedsim_ros2/install/pedsim_msgs/include/pedsim_msgs/pedsim_msgs/msg/detail/tracked_persons__type_support.h
-- Installing: /home/anlh/pedsim_ros2/install/pedsim_msgs/include/pedsim_msgs/pedsim_msgs/msg/detail/agent_force__functions.h
-- Installing: /home/anlh/pedsim_ros2/install/pedsim_msgs/include/pedsim_msgs/pedsim_msgs/msg/line_obstacles.h
-- Installing: /home/anlh/pedsim_ros2/install/pedsim_msgs/include/pedsim_msgs/pedsim_msgs/msg/agent_force.h
-- Installing: /home/anlh/pedsim_ros2/install/pedsim_msgs/include/pedsim_msgs/pedsim_msgs/msg/agent_states.h
-- Installing: /home/anlh/pedsim_ros2/install/pedsim_msgs/include/pedsim_msgs/pedsim_msgs/msg/agent_group.h
-- Installing: /home/anlh/pedsim_ros2/install/pedsim_msgs/include/pedsim_msgs/pedsim_msgs/msg/agent_state.h
-- Installing: /home/anlh/pedsim_ros2/install/pedsim_msgs/share/pedsim_msgs/environment/library_path.sh
-- Installing: /home/anlh/pedsim_ros2/install/pedsim_msgs/share/pedsim_msgs/environment/library_path.dsv
-- Installing: /home/anlh/pedsim_ros2/install/pedsim_msgs/lib/libpedsim_msgs__rosidl_generator_c.so
-- Set non-toolchain portion of runtime path of "/home/anlh/pedsim_ros2/install/pedsim_msgs/lib/libpedsim_msgs__rosidl_generator_c.so" to ""
-- Up-to-date: /home/anlh/pedsim_ros2/install/pedsim_msgs/include/pedsim_msgs/pedsim_msgs
-- Up-to-date: /home/anlh/pedsim_ros2/install/pedsim_msgs/include/pedsim_msgs/pedsim_msgs/msg
-- Installing: /home/anlh/pedsim_ros2/install/pedsim_msgs/include/pedsim_msgs/pedsim_msgs/msg/rosidl_typesupport_fastrtps_c__visibility_control.h
-- Up-to-date: /home/anlh/pedsim_ros2/install/pedsim_msgs/include/pedsim_msgs/pedsim_msgs/msg/detail
-- Installing: /home/anlh/pedsim_ros2/install/pedsim_msgs/include/pedsim_msgs/pedsim_msgs/msg/detail/line_obstacle__rosidl_typesupport_fastrtps_c.h
-- Installing: /home/anlh/pedsim_ros2/install/pedsim_msgs/include/pedsim_msgs/pedsim_msgs/msg/detail/social_relations__rosidl_typesupport_fastrtps_c.h
-- Installing: /home/anlh/pedsim_ros2/install/pedsim_msgs/include/pedsim_msgs/pedsim_msgs/msg/detail/tracked_persons__rosidl_typesupport_fastrtps_c.h
-- Installing: /home/anlh/pedsim_ros2/install/pedsim_msgs/include/pedsim_msgs/pedsim_msgs/msg/detail/agent_state__rosidl_typesupport_fastrtps_c.h
-- Installing: /home/anlh/pedsim_ros2/install/pedsim_msgs/include/pedsim_msgs/pedsim_msgs/msg/detail/social_relation__rosidl_typesupport_fastrtps_c.h
-- Installing: /home/anlh/pedsim_ros2/install/pedsim_msgs/include/pedsim_msgs/pedsim_msgs/msg/detail/agent_groups__rosidl_typesupport_fastrtps_c.h
-- Installing: /home/anlh/pedsim_ros2/install/pedsim_msgs/include/pedsim_msgs/pedsim_msgs/msg/detail/tracked_group__rosidl_typesupport_fastrtps_c.h
-- Installing: /home/anlh/pedsim_ros2/install/pedsim_msgs/include/pedsim_msgs/pedsim_msgs/msg/detail/social_activity__rosidl_typesupport_fastrtps_c.h
-- Installing: /home/anlh/pedsim_ros2/install/pedsim_msgs/include/pedsim_msgs/pedsim_msgs/msg/detail/agent_force__rosidl_typesupport_fastrtps_c.h
-- Installing: /home/anlh/pedsim_ros2/install/pedsim_msgs/include/pedsim_msgs/pedsim_msgs/msg/detail/agent_states__rosidl_typesupport_fastrtps_c.h
-- Installing: /home/anlh/pedsim_ros2/install/pedsim_msgs/include/pedsim_msgs/pedsim_msgs/msg/detail/tracked_groups__rosidl_typesupport_fastrtps_c.h
-- Installing: /home/anlh/pedsim_ros2/install/pedsim_msgs/include/pedsim_msgs/pedsim_msgs/msg/detail/agent_group__rosidl_typesupport_fastrtps_c.h
-- Installing: /home/anlh/pedsim_ros2/install/pedsim_msgs/include/pedsim_msgs/pedsim_msgs/msg/detail/social_activities__rosidl_typesupport_fastrtps_c.h
-- Installing: /home/anlh/pedsim_ros2/install/pedsim_msgs/include/pedsim_msgs/pedsim_msgs/msg/detail/tracked_person__rosidl_typesupport_fastrtps_c.h
-- Installing: /home/anlh/pedsim_ros2/install/pedsim_msgs/include/pedsim_msgs/pedsim_msgs/msg/detail/line_obstacles__rosidl_typesupport_fastrtps_c.h
-- Installing: /home/anlh/pedsim_ros2/install/pedsim_msgs/lib/libpedsim_msgs__rosidl_typesupport_fastrtps_c.so
-- Set non-toolchain portion of runtime path of "/home/anlh/pedsim_ros2/install/pedsim_msgs/lib/libpedsim_msgs__rosidl_typesupport_fastrtps_c.so" to ""
-- Up-to-date: /home/anlh/pedsim_ros2/install/pedsim_msgs/include/pedsim_msgs/pedsim_msgs
-- Up-to-date: /home/anlh/pedsim_ros2/install/pedsim_msgs/include/pedsim_msgs/pedsim_msgs/msg
-- Installing: /home/anlh/pedsim_ros2/install/pedsim_msgs/include/pedsim_msgs/pedsim_msgs/msg/tracked_person.hpp
-- Installing: /home/anlh/pedsim_ros2/install/pedsim_msgs/include/pedsim_msgs/pedsim_msgs/msg/agent_group.hpp
-- Installing: /home/anlh/pedsim_ros2/install/pedsim_msgs/include/pedsim_msgs/pedsim_msgs/msg/agent_state.hpp
-- Installing: /home/anlh/pedsim_ros2/install/pedsim_msgs/include/pedsim_msgs/pedsim_msgs/msg/line_obstacles.hpp
-- Installing: /home/anlh/pedsim_ros2/install/pedsim_msgs/include/pedsim_msgs/pedsim_msgs/msg/agent_states.hpp
-- Installing: /home/anlh/pedsim_ros2/install/pedsim_msgs/include/pedsim_msgs/pedsim_msgs/msg/tracked_persons.hpp
-- Up-to-date: /home/anlh/pedsim_ros2/install/pedsim_msgs/include/pedsim_msgs/pedsim_msgs/msg/detail
-- Installing: /home/anlh/pedsim_ros2/install/pedsim_msgs/include/pedsim_msgs/pedsim_msgs/msg/detail/line_obstacles__traits.hpp
-- Installing: /home/anlh/pedsim_ros2/install/pedsim_msgs/include/pedsim_msgs/pedsim_msgs/msg/detail/social_activities__traits.hpp
-- Installing: /home/anlh/pedsim_ros2/install/pedsim_msgs/include/pedsim_msgs/pedsim_msgs/msg/detail/agent_force__traits.hpp
-- Installing: /home/anlh/pedsim_ros2/install/pedsim_msgs/include/pedsim_msgs/pedsim_msgs/msg/detail/tracked_group__struct.hpp
-- Installing: /home/anlh/pedsim_ros2/install/pedsim_msgs/include/pedsim_msgs/pedsim_msgs/msg/detail/agent_states__struct.hpp
-- Installing: /home/anlh/pedsim_ros2/install/pedsim_msgs/include/pedsim_msgs/pedsim_msgs/msg/detail/tracked_persons__traits.hpp
-- Installing: /home/anlh/pedsim_ros2/install/pedsim_msgs/include/pedsim_msgs/pedsim_msgs/msg/detail/agent_states__traits.hpp
-- Installing: /home/anlh/pedsim_ros2/install/pedsim_msgs/include/pedsim_msgs/pedsim_msgs/msg/detail/tracked_group__traits.hpp
-- Installing: /home/anlh/pedsim_ros2/install/pedsim_msgs/include/pedsim_msgs/pedsim_msgs/msg/detail/agent_groups__builder.hpp
-- Installing: /home/anlh/pedsim_ros2/install/pedsim_msgs/include/pedsim_msgs/pedsim_msgs/msg/detail/social_activities__struct.hpp
-- Installing: /home/anlh/pedsim_ros2/install/pedsim_msgs/include/pedsim_msgs/pedsim_msgs/msg/detail/line_obstacles__struct.hpp
-- Installing: /home/anlh/pedsim_ros2/install/pedsim_msgs/include/pedsim_msgs/pedsim_msgs/msg/detail/tracked_person__struct.hpp
-- Installing: /home/anlh/pedsim_ros2/install/pedsim_msgs/include/pedsim_msgs/pedsim_msgs/msg/detail/tracked_persons__builder.hpp
-- Installing: /home/anlh/pedsim_ros2/install/pedsim_msgs/include/pedsim_msgs/pedsim_msgs/msg/detail/line_obstacles__builder.hpp
-- Installing: /home/anlh/pedsim_ros2/install/pedsim_msgs/include/pedsim_msgs/pedsim_msgs/msg/detail/agent_state__traits.hpp
-- Installing: /home/anlh/pedsim_ros2/install/pedsim_msgs/include/pedsim_msgs/pedsim_msgs/msg/detail/agent_state__builder.hpp
-- Installing: /home/anlh/pedsim_ros2/install/pedsim_msgs/include/pedsim_msgs/pedsim_msgs/msg/detail/agent_states__builder.hpp
-- Installing: /home/anlh/pedsim_ros2/install/pedsim_msgs/include/pedsim_msgs/pedsim_msgs/msg/detail/agent_group__struct.hpp
-- Installing: /home/anlh/pedsim_ros2/install/pedsim_msgs/include/pedsim_msgs/pedsim_msgs/msg/detail/tracked_groups__traits.hpp
-- Installing: /home/anlh/pedsim_ros2/install/pedsim_msgs/include/pedsim_msgs/pedsim_msgs/msg/detail/social_relations__builder.hpp
-- Installing: /home/anlh/pedsim_ros2/install/pedsim_msgs/include/pedsim_msgs/pedsim_msgs/msg/detail/social_activity__struct.hpp
-- Installing: /home/anlh/pedsim_ros2/install/pedsim_msgs/include/pedsim_msgs/pedsim_msgs/msg/detail/line_obstacle__builder.hpp
-- Installing: /home/anlh/pedsim_ros2/install/pedsim_msgs/include/pedsim_msgs/pedsim_msgs/msg/detail/agent_force__builder.hpp
-- Installing: /home/anlh/pedsim_ros2/install/pedsim_msgs/include/pedsim_msgs/pedsim_msgs/msg/detail/social_activity__traits.hpp
-- Installing: /home/anlh/pedsim_ros2/install/pedsim_msgs/include/pedsim_msgs/pedsim_msgs/msg/detail/agent_groups__traits.hpp
-- Installing: /home/anlh/pedsim_ros2/install/pedsim_msgs/include/pedsim_msgs/pedsim_msgs/msg/detail/tracked_persons__struct.hpp
-- Installing: /home/anlh/pedsim_ros2/install/pedsim_msgs/include/pedsim_msgs/pedsim_msgs/msg/detail/agent_groups__struct.hpp
-- Installing: /home/anlh/pedsim_ros2/install/pedsim_msgs/include/pedsim_msgs/pedsim_msgs/msg/detail/agent_group__traits.hpp
-- Installing: /home/anlh/pedsim_ros2/install/pedsim_msgs/include/pedsim_msgs/pedsim_msgs/msg/detail/social_relations__struct.hpp
-- Installing: /home/anlh/pedsim_ros2/install/pedsim_msgs/include/pedsim_msgs/pedsim_msgs/msg/detail/agent_force__struct.hpp
-- Installing: /home/anlh/pedsim_ros2/install/pedsim_msgs/include/pedsim_msgs/pedsim_msgs/msg/detail/tracked_groups__builder.hpp
-- Installing: /home/anlh/pedsim_ros2/install/pedsim_msgs/include/pedsim_msgs/pedsim_msgs/msg/detail/agent_group__builder.hpp
-- Installing: /home/anlh/pedsim_ros2/install/pedsim_msgs/include/pedsim_msgs/pedsim_msgs/msg/detail/social_activities__builder.hpp
-- Installing: /home/anlh/pedsim_ros2/install/pedsim_msgs/include/pedsim_msgs/pedsim_msgs/msg/detail/social_relations__traits.hpp
-- Installing: /home/anlh/pedsim_ros2/install/pedsim_msgs/include/pedsim_msgs/pedsim_msgs/msg/detail/line_obstacle__traits.hpp
-- Installing: /home/anlh/pedsim_ros2/install/pedsim_msgs/include/pedsim_msgs/pedsim_msgs/msg/detail/social_relation__traits.hpp
-- Installing: /home/anlh/pedsim_ros2/install/pedsim_msgs/include/pedsim_msgs/pedsim_msgs/msg/detail/tracked_person__traits.hpp
-- Installing: /home/anlh/pedsim_ros2/install/pedsim_msgs/include/pedsim_msgs/pedsim_msgs/msg/detail/social_relation__struct.hpp
-- Installing: /home/anlh/pedsim_ros2/install/pedsim_msgs/include/pedsim_msgs/pedsim_msgs/msg/detail/social_relation__builder.hpp
-- Installing: /home/anlh/pedsim_ros2/install/pedsim_msgs/include/pedsim_msgs/pedsim_msgs/msg/detail/line_obstacle__struct.hpp
-- Installing: /home/anlh/pedsim_ros2/install/pedsim_msgs/include/pedsim_msgs/pedsim_msgs/msg/detail/tracked_group__builder.hpp
-- Installing: /home/anlh/pedsim_ros2/install/pedsim_msgs/include/pedsim_msgs/pedsim_msgs/msg/detail/social_activity__builder.hpp
-- Installing: /home/anlh/pedsim_ros2/install/pedsim_msgs/include/pedsim_msgs/pedsim_msgs/msg/detail/agent_state__struct.hpp
-- Installing: /home/anlh/pedsim_ros2/install/pedsim_msgs/include/pedsim_msgs/pedsim_msgs/msg/detail/tracked_groups__struct.hpp
-- Installing: /home/anlh/pedsim_ros2/install/pedsim_msgs/include/pedsim_msgs/pedsim_msgs/msg/detail/tracked_person__builder.hpp
-- Installing: /home/anlh/pedsim_ros2/install/pedsim_msgs/include/pedsim_msgs/pedsim_msgs/msg/agent_groups.hpp
-- Installing: /home/anlh/pedsim_ros2/install/pedsim_msgs/include/pedsim_msgs/pedsim_msgs/msg/social_relations.hpp
-- Installing: /home/anlh/pedsim_ros2/install/pedsim_msgs/include/pedsim_msgs/pedsim_msgs/msg/social_relation.hpp
-- Installing: /home/anlh/pedsim_ros2/install/pedsim_msgs/include/pedsim_msgs/pedsim_msgs/msg/line_obstacle.hpp
-- Installing: /home/anlh/pedsim_ros2/install/pedsim_msgs/include/pedsim_msgs/pedsim_msgs/msg/tracked_groups.hpp
-- Installing: /home/anlh/pedsim_ros2/install/pedsim_msgs/include/pedsim_msgs/pedsim_msgs/msg/social_activities.hpp
-- Installing: /home/anlh/pedsim_ros2/install/pedsim_msgs/include/pedsim_msgs/pedsim_msgs/msg/social_activity.hpp
-- Installing: /home/anlh/pedsim_ros2/install/pedsim_msgs/include/pedsim_msgs/pedsim_msgs/msg/agent_force.hpp
-- Installing: /home/anlh/pedsim_ros2/install/pedsim_msgs/include/pedsim_msgs/pedsim_msgs/msg/tracked_group.hpp
-- Up-to-date: /home/anlh/pedsim_ros2/install/pedsim_msgs/include/pedsim_msgs/pedsim_msgs
-- Up-to-date: /home/anlh/pedsim_ros2/install/pedsim_msgs/include/pedsim_msgs/pedsim_msgs/msg
-- Installing: /home/anlh/pedsim_ros2/install/pedsim_msgs/include/pedsim_msgs/pedsim_msgs/msg/rosidl_typesupport_fastrtps_cpp__visibility_control.h
-- Up-to-date: /home/anlh/pedsim_ros2/install/pedsim_msgs/include/pedsim_msgs/pedsim_msgs/msg/detail
-- Installing: /home/anlh/pedsim_ros2/install/pedsim_msgs/include/pedsim_msgs/pedsim_msgs/msg/detail/tracked_person__rosidl_typesupport_fastrtps_cpp.hpp
-- Installing: /home/anlh/pedsim_ros2/install/pedsim_msgs/include/pedsim_msgs/pedsim_msgs/msg/detail/dds_fastrtps
-- Installing: /home/anlh/pedsim_ros2/install/pedsim_msgs/include/pedsim_msgs/pedsim_msgs/msg/detail/tracked_groups__rosidl_typesupport_fastrtps_cpp.hpp
-- Installing: /home/anlh/pedsim_ros2/install/pedsim_msgs/include/pedsim_msgs/pedsim_msgs/msg/detail/social_activities__rosidl_typesupport_fastrtps_cpp.hpp
-- Installing: /home/anlh/pedsim_ros2/install/pedsim_msgs/include/pedsim_msgs/pedsim_msgs/msg/detail/agent_groups__rosidl_typesupport_fastrtps_cpp.hpp
-- Installing: /home/anlh/pedsim_ros2/install/pedsim_msgs/include/pedsim_msgs/pedsim_msgs/msg/detail/line_obstacle__rosidl_typesupport_fastrtps_cpp.hpp
-- Installing: /home/anlh/pedsim_ros2/install/pedsim_msgs/include/pedsim_msgs/pedsim_msgs/msg/detail/agent_states__rosidl_typesupport_fastrtps_cpp.hpp
-- Installing: /home/anlh/pedsim_ros2/install/pedsim_msgs/include/pedsim_msgs/pedsim_msgs/msg/detail/agent_state__rosidl_typesupport_fastrtps_cpp.hpp
-- Installing: /home/anlh/pedsim_ros2/install/pedsim_msgs/include/pedsim_msgs/pedsim_msgs/msg/detail/line_obstacles__rosidl_typesupport_fastrtps_cpp.hpp
-- Installing: /home/anlh/pedsim_ros2/install/pedsim_msgs/include/pedsim_msgs/pedsim_msgs/msg/detail/social_relation__rosidl_typesupport_fastrtps_cpp.hpp
-- Installing: /home/anlh/pedsim_ros2/install/pedsim_msgs/include/pedsim_msgs/pedsim_msgs/msg/detail/social_activity__rosidl_typesupport_fastrtps_cpp.hpp
-- Installing: /home/anlh/pedsim_ros2/install/pedsim_msgs/include/pedsim_msgs/pedsim_msgs/msg/detail/agent_group__rosidl_typesupport_fastrtps_cpp.hpp
-- Installing: /home/anlh/pedsim_ros2/install/pedsim_msgs/include/pedsim_msgs/pedsim_msgs/msg/detail/tracked_persons__rosidl_typesupport_fastrtps_cpp.hpp
-- Installing: /home/anlh/pedsim_ros2/install/pedsim_msgs/include/pedsim_msgs/pedsim_msgs/msg/detail/agent_force__rosidl_typesupport_fastrtps_cpp.hpp
-- Installing: /home/anlh/pedsim_ros2/install/pedsim_msgs/include/pedsim_msgs/pedsim_msgs/msg/detail/social_relations__rosidl_typesupport_fastrtps_cpp.hpp
-- Installing: /home/anlh/pedsim_ros2/install/pedsim_msgs/include/pedsim_msgs/pedsim_msgs/msg/detail/tracked_group__rosidl_typesupport_fastrtps_cpp.hpp
-- Installing: /home/anlh/pedsim_ros2/install/pedsim_msgs/lib/libpedsim_msgs__rosidl_typesupport_fastrtps_cpp.so
-- Set non-toolchain portion of runtime path of "/home/anlh/pedsim_ros2/install/pedsim_msgs/lib/libpedsim_msgs__rosidl_typesupport_fastrtps_cpp.so" to ""
-- Up-to-date: /home/anlh/pedsim_ros2/install/pedsim_msgs/include/pedsim_msgs/pedsim_msgs
-- Up-to-date: /home/anlh/pedsim_ros2/install/pedsim_msgs/include/pedsim_msgs/pedsim_msgs/msg
-- Up-to-date: /home/anlh/pedsim_ros2/install/pedsim_msgs/include/pedsim_msgs/pedsim_msgs/msg/detail
-- Installing: /home/anlh/pedsim_ros2/install/pedsim_msgs/include/pedsim_msgs/pedsim_msgs/msg/detail/social_activity__type_support.c
-- Installing: /home/anlh/pedsim_ros2/install/pedsim_msgs/include/pedsim_msgs/pedsim_msgs/msg/detail/tracked_group__type_support.c
-- Installing: /home/anlh/pedsim_ros2/install/pedsim_msgs/include/pedsim_msgs/pedsim_msgs/msg/detail/social_relations__type_support.c
-- Installing: /home/anlh/pedsim_ros2/install/pedsim_msgs/include/pedsim_msgs/pedsim_msgs/msg/detail/agent_group__rosidl_typesupport_introspection_c.h
-- Installing: /home/anlh/pedsim_ros2/install/pedsim_msgs/include/pedsim_msgs/pedsim_msgs/msg/detail/social_relations__rosidl_typesupport_introspection_c.h
-- Installing: /home/anlh/pedsim_ros2/install/pedsim_msgs/include/pedsim_msgs/pedsim_msgs/msg/detail/agent_state__type_support.c
-- Installing: /home/anlh/pedsim_ros2/install/pedsim_msgs/include/pedsim_msgs/pedsim_msgs/msg/detail/agent_force__type_support.c
-- Installing: /home/anlh/pedsim_ros2/install/pedsim_msgs/include/pedsim_msgs/pedsim_msgs/msg/detail/social_activities__rosidl_typesupport_introspection_c.h
-- Installing: /home/anlh/pedsim_ros2/install/pedsim_msgs/include/pedsim_msgs/pedsim_msgs/msg/detail/tracked_person__rosidl_typesupport_introspection_c.h
-- Installing: /home/anlh/pedsim_ros2/install/pedsim_msgs/include/pedsim_msgs/pedsim_msgs/msg/detail/agent_groups__type_support.c
-- Installing: /home/anlh/pedsim_ros2/install/pedsim_msgs/include/pedsim_msgs/pedsim_msgs/msg/detail/social_relation__rosidl_typesupport_introspection_c.h
-- Installing: /home/anlh/pedsim_ros2/install/pedsim_msgs/include/pedsim_msgs/pedsim_msgs/msg/detail/agent_states__type_support.c
-- Installing: /home/anlh/pedsim_ros2/install/pedsim_msgs/include/pedsim_msgs/pedsim_msgs/msg/detail/social_activities__type_support.c
-- Installing: /home/anlh/pedsim_ros2/install/pedsim_msgs/include/pedsim_msgs/pedsim_msgs/msg/detail/tracked_persons__rosidl_typesupport_introspection_c.h
-- Installing: /home/anlh/pedsim_ros2/install/pedsim_msgs/include/pedsim_msgs/pedsim_msgs/msg/detail/tracked_groups__rosidl_typesupport_introspection_c.h
-- Installing: /home/anlh/pedsim_ros2/install/pedsim_msgs/include/pedsim_msgs/pedsim_msgs/msg/detail/line_obstacles__type_support.c
-- Installing: /home/anlh/pedsim_ros2/install/pedsim_msgs/include/pedsim_msgs/pedsim_msgs/msg/detail/agent_state__rosidl_typesupport_introspection_c.h
-- Installing: /home/anlh/pedsim_ros2/install/pedsim_msgs/include/pedsim_msgs/pedsim_msgs/msg/detail/line_obstacle__type_support.c
-- Installing: /home/anlh/pedsim_ros2/install/pedsim_msgs/include/pedsim_msgs/pedsim_msgs/msg/detail/tracked_group__rosidl_typesupport_introspection_c.h
-- Installing: /home/anlh/pedsim_ros2/install/pedsim_msgs/include/pedsim_msgs/pedsim_msgs/msg/detail/social_activity__rosidl_typesupport_introspection_c.h
-- Installing: /home/anlh/pedsim_ros2/install/pedsim_msgs/include/pedsim_msgs/pedsim_msgs/msg/detail/agent_states__rosidl_typesupport_introspection_c.h
-- Installing: /home/anlh/pedsim_ros2/install/pedsim_msgs/include/pedsim_msgs/pedsim_msgs/msg/detail/agent_groups__rosidl_typesupport_introspection_c.h
-- Installing: /home/anlh/pedsim_ros2/install/pedsim_msgs/include/pedsim_msgs/pedsim_msgs/msg/detail/social_relation__type_support.c
-- Installing: /home/anlh/pedsim_ros2/install/pedsim_msgs/include/pedsim_msgs/pedsim_msgs/msg/detail/line_obstacle__rosidl_typesupport_introspection_c.h
-- Installing: /home/anlh/pedsim_ros2/install/pedsim_msgs/include/pedsim_msgs/pedsim_msgs/msg/detail/agent_force__rosidl_typesupport_introspection_c.h
-- Installing: /home/anlh/pedsim_ros2/install/pedsim_msgs/include/pedsim_msgs/pedsim_msgs/msg/detail/agent_group__type_support.c
-- Installing: /home/anlh/pedsim_ros2/install/pedsim_msgs/include/pedsim_msgs/pedsim_msgs/msg/detail/line_obstacles__rosidl_typesupport_introspection_c.h
-- Installing: /home/anlh/pedsim_ros2/install/pedsim_msgs/include/pedsim_msgs/pedsim_msgs/msg/detail/tracked_person__type_support.c
-- Installing: /home/anlh/pedsim_ros2/install/pedsim_msgs/include/pedsim_msgs/pedsim_msgs/msg/detail/tracked_persons__type_support.c
-- Installing: /home/anlh/pedsim_ros2/install/pedsim_msgs/include/pedsim_msgs/pedsim_msgs/msg/detail/tracked_groups__type_support.c
-- Installing: /home/anlh/pedsim_ros2/install/pedsim_msgs/include/pedsim_msgs/pedsim_msgs/msg/rosidl_typesupport_introspection_c__visibility_control.h
-- Installing: /home/anlh/pedsim_ros2/install/pedsim_msgs/lib/libpedsim_msgs__rosidl_typesupport_introspection_c.so
-- Set non-toolchain portion of runtime path of "/home/anlh/pedsim_ros2/install/pedsim_msgs/lib/libpedsim_msgs__rosidl_typesupport_introspection_c.so" to ""
-- Installing: /home/anlh/pedsim_ros2/install/pedsim_msgs/lib/libpedsim_msgs__rosidl_typesupport_c.so
-- Set non-toolchain portion of runtime path of "/home/anlh/pedsim_ros2/install/pedsim_msgs/lib/libpedsim_msgs__rosidl_typesupport_c.so" to ""
-- Up-to-date: /home/anlh/pedsim_ros2/install/pedsim_msgs/include/pedsim_msgs/pedsim_msgs
-- Up-to-date: /home/anlh/pedsim_ros2/install/pedsim_msgs/include/pedsim_msgs/pedsim_msgs/msg
-- Up-to-date: /home/anlh/pedsim_ros2/install/pedsim_msgs/include/pedsim_msgs/pedsim_msgs/msg/detail
-- Installing: /home/anlh/pedsim_ros2/install/pedsim_msgs/include/pedsim_msgs/pedsim_msgs/msg/detail/social_relation__type_support.cpp
-- Installing: /home/anlh/pedsim_ros2/install/pedsim_msgs/include/pedsim_msgs/pedsim_msgs/msg/detail/agent_groups__rosidl_typesupport_introspection_cpp.hpp
-- Installing: /home/anlh/pedsim_ros2/install/pedsim_msgs/include/pedsim_msgs/pedsim_msgs/msg/detail/social_relation__rosidl_typesupport_introspection_cpp.hpp
-- Installing: /home/anlh/pedsim_ros2/install/pedsim_msgs/include/pedsim_msgs/pedsim_msgs/msg/detail/line_obstacles__rosidl_typesupport_introspection_cpp.hpp
-- Installing: /home/anlh/pedsim_ros2/install/pedsim_msgs/include/pedsim_msgs/pedsim_msgs/msg/detail/line_obstacle__type_support.cpp
-- Installing: /home/anlh/pedsim_ros2/install/pedsim_msgs/include/pedsim_msgs/pedsim_msgs/msg/detail/agent_group__type_support.cpp
-- Installing: /home/anlh/pedsim_ros2/install/pedsim_msgs/include/pedsim_msgs/pedsim_msgs/msg/detail/agent_groups__type_support.cpp
-- Installing: /home/anlh/pedsim_ros2/install/pedsim_msgs/include/pedsim_msgs/pedsim_msgs/msg/detail/tracked_person__type_support.cpp
-- Installing: /home/anlh/pedsim_ros2/install/pedsim_msgs/include/pedsim_msgs/pedsim_msgs/msg/detail/agent_force__type_support.cpp
-- Installing: /home/anlh/pedsim_ros2/install/pedsim_msgs/include/pedsim_msgs/pedsim_msgs/msg/detail/agent_state__type_support.cpp
-- Installing: /home/anlh/pedsim_ros2/install/pedsim_msgs/include/pedsim_msgs/pedsim_msgs/msg/detail/social_activities__rosidl_typesupport_introspection_cpp.hpp
-- Installing: /home/anlh/pedsim_ros2/install/pedsim_msgs/include/pedsim_msgs/pedsim_msgs/msg/detail/tracked_persons__type_support.cpp
-- Installing: /home/anlh/pedsim_ros2/install/pedsim_msgs/include/pedsim_msgs/pedsim_msgs/msg/detail/tracked_person__rosidl_typesupport_introspection_cpp.hpp
-- Installing: /home/anlh/pedsim_ros2/install/pedsim_msgs/include/pedsim_msgs/pedsim_msgs/msg/detail/tracked_groups__rosidl_typesupport_introspection_cpp.hpp
-- Installing: /home/anlh/pedsim_ros2/install/pedsim_msgs/include/pedsim_msgs/pedsim_msgs/msg/detail/agent_states__type_support.cpp
-- Installing: /home/anlh/pedsim_ros2/install/pedsim_msgs/include/pedsim_msgs/pedsim_msgs/msg/detail/tracked_persons__rosidl_typesupport_introspection_cpp.hpp
-- Installing: /home/anlh/pedsim_ros2/install/pedsim_msgs/include/pedsim_msgs/pedsim_msgs/msg/detail/social_activity__rosidl_typesupport_introspection_cpp.hpp
-- Installing: /home/anlh/pedsim_ros2/install/pedsim_msgs/include/pedsim_msgs/pedsim_msgs/msg/detail/tracked_groups__type_support.cpp
-- Installing: /home/anlh/pedsim_ros2/install/pedsim_msgs/include/pedsim_msgs/pedsim_msgs/msg/detail/social_relations__type_support.cpp
-- Installing: /home/anlh/pedsim_ros2/install/pedsim_msgs/include/pedsim_msgs/pedsim_msgs/msg/detail/tracked_group__rosidl_typesupport_introspection_cpp.hpp
-- Installing: /home/anlh/pedsim_ros2/install/pedsim_msgs/include/pedsim_msgs/pedsim_msgs/msg/detail/agent_state__rosidl_typesupport_introspection_cpp.hpp
-- Installing: /home/anlh/pedsim_ros2/install/pedsim_msgs/include/pedsim_msgs/pedsim_msgs/msg/detail/agent_states__rosidl_typesupport_introspection_cpp.hpp
-- Installing: /home/anlh/pedsim_ros2/install/pedsim_msgs/include/pedsim_msgs/pedsim_msgs/msg/detail/social_relations__rosidl_typesupport_introspection_cpp.hpp
-- Installing: /home/anlh/pedsim_ros2/install/pedsim_msgs/include/pedsim_msgs/pedsim_msgs/msg/detail/social_activity__type_support.cpp
-- Installing: /home/anlh/pedsim_ros2/install/pedsim_msgs/include/pedsim_msgs/pedsim_msgs/msg/detail/line_obstacles__type_support.cpp
-- Installing: /home/anlh/pedsim_ros2/install/pedsim_msgs/include/pedsim_msgs/pedsim_msgs/msg/detail/tracked_group__type_support.cpp
-- Installing: /home/anlh/pedsim_ros2/install/pedsim_msgs/include/pedsim_msgs/pedsim_msgs/msg/detail/social_activities__type_support.cpp
-- Installing: /home/anlh/pedsim_ros2/install/pedsim_msgs/include/pedsim_msgs/pedsim_msgs/msg/detail/agent_force__rosidl_typesupport_introspection_cpp.hpp
-- Installing: /home/anlh/pedsim_ros2/install/pedsim_msgs/include/pedsim_msgs/pedsim_msgs/msg/detail/agent_group__rosidl_typesupport_introspection_cpp.hpp
-- Installing: /home/anlh/pedsim_ros2/install/pedsim_msgs/include/pedsim_msgs/pedsim_msgs/msg/detail/line_obstacle__rosidl_typesupport_introspection_cpp.hpp
-- Installing: /home/anlh/pedsim_ros2/install/pedsim_msgs/lib/libpedsim_msgs__rosidl_typesupport_introspection_cpp.so
-- Set non-toolchain portion of runtime path of "/home/anlh/pedsim_ros2/install/pedsim_msgs/lib/libpedsim_msgs__rosidl_typesupport_introspection_cpp.so" to ""
-- Installing: /home/anlh/pedsim_ros2/install/pedsim_msgs/lib/libpedsim_msgs__rosidl_typesupport_cpp.so
-- Set non-toolchain portion of runtime path of "/home/anlh/pedsim_ros2/install/pedsim_msgs/lib/libpedsim_msgs__rosidl_typesupport_cpp.so" to ""
-- Installing: /home/anlh/pedsim_ros2/install/pedsim_msgs/share/pedsim_msgs/environment/pythonpath.sh
-- Installing: /home/anlh/pedsim_ros2/install/pedsim_msgs/share/pedsim_msgs/environment/pythonpath.dsv
-- Installing: /home/anlh/pedsim_ros2/install/pedsim_msgs/local/lib/python3.10/dist-packages/pedsim_msgs-0.0.1-py3.10.egg-info
-- Installing: /home/anlh/pedsim_ros2/install/pedsim_msgs/local/lib/python3.10/dist-packages/pedsim_msgs-0.0.1-py3.10.egg-info/dependency_links.txt
-- Installing: /home/anlh/pedsim_ros2/install/pedsim_msgs/local/lib/python3.10/dist-packages/pedsim_msgs-0.0.1-py3.10.egg-info/PKG-INFO
-- Installing: /home/anlh/pedsim_ros2/install/pedsim_msgs/local/lib/python3.10/dist-packages/pedsim_msgs-0.0.1-py3.10.egg-info/SOURCES.txt
-- Installing: /home/anlh/pedsim_ros2/install/pedsim_msgs/local/lib/python3.10/dist-packages/pedsim_msgs-0.0.1-py3.10.egg-info/top_level.txt
-- Installing: /home/anlh/pedsim_ros2/install/pedsim_msgs/local/lib/python3.10/dist-packages/pedsim_msgs
-- Installing: /home/anlh/pedsim_ros2/install/pedsim_msgs/local/lib/python3.10/dist-packages/pedsim_msgs/_pedsim_msgs_s.ep.rosidl_typesupport_fastrtps_c.c
-- Installing: /home/anlh/pedsim_ros2/install/pedsim_msgs/local/lib/python3.10/dist-packages/pedsim_msgs/pedsim_msgs_s__rosidl_typesupport_fastrtps_c.cpython-310-x86_64-linux-gnu.so
-- Installing: /home/anlh/pedsim_ros2/install/pedsim_msgs/local/lib/python3.10/dist-packages/pedsim_msgs/libpedsim_msgs__rosidl_generator_py.so
-- Installing: /home/anlh/pedsim_ros2/install/pedsim_msgs/local/lib/python3.10/dist-packages/pedsim_msgs/_pedsim_msgs_s.ep.rosidl_typesupport_introspection_c.c
-- Installing: /home/anlh/pedsim_ros2/install/pedsim_msgs/local/lib/python3.10/dist-packages/pedsim_msgs/__init__.py
-- Installing: /home/anlh/pedsim_ros2/install/pedsim_msgs/local/lib/python3.10/dist-packages/pedsim_msgs/pedsim_msgs_s__rosidl_typesupport_introspection_c.cpython-310-x86_64-linux-gnu.so
-- Installing: /home/anlh/pedsim_ros2/install/pedsim_msgs/local/lib/python3.10/dist-packages/pedsim_msgs/pedsim_msgs_s__rosidl_typesupport_c.cpython-310-x86_64-linux-gnu.so
-- Installing: /home/anlh/pedsim_ros2/install/pedsim_msgs/local/lib/python3.10/dist-packages/pedsim_msgs/msg
-- Installing: /home/anlh/pedsim_ros2/install/pedsim_msgs/local/lib/python3.10/dist-packages/pedsim_msgs/msg/_agent_groups.py
-- Installing: /home/anlh/pedsim_ros2/install/pedsim_msgs/local/lib/python3.10/dist-packages/pedsim_msgs/msg/_tracked_group_s.c
-- Installing: /home/anlh/pedsim_ros2/install/pedsim_msgs/local/lib/python3.10/dist-packages/pedsim_msgs/msg/_social_relation_s.c
-- Installing: /home/anlh/pedsim_ros2/install/pedsim_msgs/local/lib/python3.10/dist-packages/pedsim_msgs/msg/_tracked_group.py
-- Installing: /home/anlh/pedsim_ros2/install/pedsim_msgs/local/lib/python3.10/dist-packages/pedsim_msgs/msg/__init__.py
-- Installing: /home/anlh/pedsim_ros2/install/pedsim_msgs/local/lib/python3.10/dist-packages/pedsim_msgs/msg/_agent_state.py
-- Installing: /home/anlh/pedsim_ros2/install/pedsim_msgs/local/lib/python3.10/dist-packages/pedsim_msgs/msg/_social_relation.py
-- Installing: /home/anlh/pedsim_ros2/install/pedsim_msgs/local/lib/python3.10/dist-packages/pedsim_msgs/msg/_social_relations_s.c
-- Installing: /home/anlh/pedsim_ros2/install/pedsim_msgs/local/lib/python3.10/dist-packages/pedsim_msgs/msg/_agent_groups_s.c
-- Installing: /home/anlh/pedsim_ros2/install/pedsim_msgs/local/lib/python3.10/dist-packages/pedsim_msgs/msg/_line_obstacles.py
-- Installing: /home/anlh/pedsim_ros2/install/pedsim_msgs/local/lib/python3.10/dist-packages/pedsim_msgs/msg/_agent_states.py
-- Installing: /home/anlh/pedsim_ros2/install/pedsim_msgs/local/lib/python3.10/dist-packages/pedsim_msgs/msg/_agent_group.py
-- Installing: /home/anlh/pedsim_ros2/install/pedsim_msgs/local/lib/python3.10/dist-packages/pedsim_msgs/msg/_tracked_person_s.c
-- Installing: /home/anlh/pedsim_ros2/install/pedsim_msgs/local/lib/python3.10/dist-packages/pedsim_msgs/msg/_tracked_persons_s.c
-- Installing: /home/anlh/pedsim_ros2/install/pedsim_msgs/local/lib/python3.10/dist-packages/pedsim_msgs/msg/_tracked_persons.py
-- Installing: /home/anlh/pedsim_ros2/install/pedsim_msgs/local/lib/python3.10/dist-packages/pedsim_msgs/msg/_agent_force.py
-- Installing: /home/anlh/pedsim_ros2/install/pedsim_msgs/local/lib/python3.10/dist-packages/pedsim_msgs/msg/_tracked_person.py
-- Installing: /home/anlh/pedsim_ros2/install/pedsim_msgs/local/lib/python3.10/dist-packages/pedsim_msgs/msg/_agent_state_s.c
-- Installing: /home/anlh/pedsim_ros2/install/pedsim_msgs/local/lib/python3.10/dist-packages/pedsim_msgs/msg/_agent_states_s.c
-- Installing: /home/anlh/pedsim_ros2/install/pedsim_msgs/local/lib/python3.10/dist-packages/pedsim_msgs/msg/_agent_force_s.c
-- Installing: /home/anlh/pedsim_ros2/install/pedsim_msgs/local/lib/python3.10/dist-packages/pedsim_msgs/msg/_social_activities_s.c
-- Installing: /home/anlh/pedsim_ros2/install/pedsim_msgs/local/lib/python3.10/dist-packages/pedsim_msgs/msg/_agent_group_s.c
-- Installing: /home/anlh/pedsim_ros2/install/pedsim_msgs/local/lib/python3.10/dist-packages/pedsim_msgs/msg/_social_activity.py
-- Installing: /home/anlh/pedsim_ros2/install/pedsim_msgs/local/lib/python3.10/dist-packages/pedsim_msgs/msg/_line_obstacle_s.c
-- Installing: /home/anlh/pedsim_ros2/install/pedsim_msgs/local/lib/python3.10/dist-packages/pedsim_msgs/msg/_line_obstacle.py
-- Installing: /home/anlh/pedsim_ros2/install/pedsim_msgs/local/lib/python3.10/dist-packages/pedsim_msgs/msg/_social_activity_s.c
-- Installing: /home/anlh/pedsim_ros2/install/pedsim_msgs/local/lib/python3.10/dist-packages/pedsim_msgs/msg/_tracked_groups.py
-- Installing: /home/anlh/pedsim_ros2/install/pedsim_msgs/local/lib/python3.10/dist-packages/pedsim_msgs/msg/_tracked_groups_s.c
-- Installing: /home/anlh/pedsim_ros2/install/pedsim_msgs/local/lib/python3.10/dist-packages/pedsim_msgs/msg/_social_relations.py
-- Installing: /home/anlh/pedsim_ros2/install/pedsim_msgs/local/lib/python3.10/dist-packages/pedsim_msgs/msg/_social_activities.py
-- Installing: /home/anlh/pedsim_ros2/install/pedsim_msgs/local/lib/python3.10/dist-packages/pedsim_msgs/msg/_line_obstacles_s.c
-- Installing: /home/anlh/pedsim_ros2/install/pedsim_msgs/local/lib/python3.10/dist-packages/pedsim_msgs/_pedsim_msgs_s.ep.rosidl_typesupport_c.c
Listing '/home/anlh/pedsim_ros2/install/pedsim_msgs/local/lib/python3.10/dist-packages/pedsim_msgs'...
Compiling '/home/anlh/pedsim_ros2/install/pedsim_msgs/local/lib/python3.10/dist-packages/pedsim_msgs/__init__.py'...
Listing '/home/anlh/pedsim_ros2/install/pedsim_msgs/local/lib/python3.10/dist-packages/pedsim_msgs/msg'...
Compiling '/home/anlh/pedsim_ros2/install/pedsim_msgs/local/lib/python3.10/dist-packages/pedsim_msgs/msg/__init__.py'...
Compiling '/home/anlh/pedsim_ros2/install/pedsim_msgs/local/lib/python3.10/dist-packages/pedsim_msgs/msg/_agent_force.py'...
Compiling '/home/anlh/pedsim_ros2/install/pedsim_msgs/local/lib/python3.10/dist-packages/pedsim_msgs/msg/_agent_group.py'...
Compiling '/home/anlh/pedsim_ros2/install/pedsim_msgs/local/lib/python3.10/dist-packages/pedsim_msgs/msg/_agent_groups.py'...
Compiling '/home/anlh/pedsim_ros2/install/pedsim_msgs/local/lib/python3.10/dist-packages/pedsim_msgs/msg/_agent_state.py'...
Compiling '/home/anlh/pedsim_ros2/install/pedsim_msgs/local/lib/python3.10/dist-packages/pedsim_msgs/msg/_agent_states.py'...
Compiling '/home/anlh/pedsim_ros2/install/pedsim_msgs/local/lib/python3.10/dist-packages/pedsim_msgs/msg/_line_obstacle.py'...
Compiling '/home/anlh/pedsim_ros2/install/pedsim_msgs/local/lib/python3.10/dist-packages/pedsim_msgs/msg/_line_obstacles.py'...
Compiling '/home/anlh/pedsim_ros2/install/pedsim_msgs/local/lib/python3.10/dist-packages/pedsim_msgs/msg/_social_activities.py'...
Compiling '/home/anlh/pedsim_ros2/install/pedsim_msgs/local/lib/python3.10/dist-packages/pedsim_msgs/msg/_social_activity.py'...
Compiling '/home/anlh/pedsim_ros2/install/pedsim_msgs/local/lib/python3.10/dist-packages/pedsim_msgs/msg/_social_relation.py'...
Compiling '/home/anlh/pedsim_ros2/install/pedsim_msgs/local/lib/python3.10/dist-packages/pedsim_msgs/msg/_social_relations.py'...
Compiling '/home/anlh/pedsim_ros2/install/pedsim_msgs/local/lib/python3.10/dist-packages/pedsim_msgs/msg/_tracked_group.py'...
Compiling '/home/anlh/pedsim_ros2/install/pedsim_msgs/local/lib/python3.10/dist-packages/pedsim_msgs/msg/_tracked_groups.py'...
Compiling '/home/anlh/pedsim_ros2/install/pedsim_msgs/local/lib/python3.10/dist-packages/pedsim_msgs/msg/_tracked_person.py'...
Compiling '/home/anlh/pedsim_ros2/install/pedsim_msgs/local/lib/python3.10/dist-packages/pedsim_msgs/msg/_tracked_persons.py'...
-- Installing: /home/anlh/pedsim_ros2/install/pedsim_msgs/local/lib/python3.10/dist-packages/pedsim_msgs/pedsim_msgs_s__rosidl_typesupport_fastrtps_c.cpython-310-x86_64-linux-gnu.so
-- Set non-toolchain portion of runtime path of "/home/anlh/pedsim_ros2/install/pedsim_msgs/local/lib/python3.10/dist-packages/pedsim_msgs/pedsim_msgs_s__rosidl_typesupport_fastrtps_c.cpython-310-x86_64-linux-gnu.so" to ""
-- Installing: /home/anlh/pedsim_ros2/install/pedsim_msgs/local/lib/python3.10/dist-packages/pedsim_msgs/pedsim_msgs_s__rosidl_typesupport_introspection_c.cpython-310-x86_64-linux-gnu.so
-- Set non-toolchain portion of runtime path of "/home/anlh/pedsim_ros2/install/pedsim_msgs/local/lib/python3.10/dist-packages/pedsim_msgs/pedsim_msgs_s__rosidl_typesupport_introspection_c.cpython-310-x86_64-linux-gnu.so" to ""
-- Installing: /home/anlh/pedsim_ros2/install/pedsim_msgs/local/lib/python3.10/dist-packages/pedsim_msgs/pedsim_msgs_s__rosidl_typesupport_c.cpython-310-x86_64-linux-gnu.so
-- Set non-toolchain portion of runtime path of "/home/anlh/pedsim_ros2/install/pedsim_msgs/local/lib/python3.10/dist-packages/pedsim_msgs/pedsim_msgs_s__rosidl_typesupport_c.cpython-310-x86_64-linux-gnu.so" to ""
-- Installing: /home/anlh/pedsim_ros2/install/pedsim_msgs/lib/libpedsim_msgs__rosidl_generator_py.so
-- Set non-toolchain portion of runtime path of "/home/anlh/pedsim_ros2/install/pedsim_msgs/lib/libpedsim_msgs__rosidl_generator_py.so" to ""
-- Installing: /home/anlh/pedsim_ros2/install/pedsim_msgs/share/pedsim_msgs/msg/AgentState.idl
-- Installing: /home/anlh/pedsim_ros2/install/pedsim_msgs/share/pedsim_msgs/msg/AgentStates.idl
-- Installing: /home/anlh/pedsim_ros2/install/pedsim_msgs/share/pedsim_msgs/msg/AgentGroup.idl
-- Installing: /home/anlh/pedsim_ros2/install/pedsim_msgs/share/pedsim_msgs/msg/AgentGroups.idl
-- Installing: /home/anlh/pedsim_ros2/install/pedsim_msgs/share/pedsim_msgs/msg/AgentForce.idl
-- Installing: /home/anlh/pedsim_ros2/install/pedsim_msgs/share/pedsim_msgs/msg/LineObstacle.idl
-- Installing: /home/anlh/pedsim_ros2/install/pedsim_msgs/share/pedsim_msgs/msg/LineObstacles.idl
-- Installing: /home/anlh/pedsim_ros2/install/pedsim_msgs/share/pedsim_msgs/msg/TrackedPerson.idl
-- Installing: /home/anlh/pedsim_ros2/install/pedsim_msgs/share/pedsim_msgs/msg/TrackedPersons.idl
-- Installing: /home/anlh/pedsim_ros2/install/pedsim_msgs/share/pedsim_msgs/msg/TrackedGroup.idl
-- Installing: /home/anlh/pedsim_ros2/install/pedsim_msgs/share/pedsim_msgs/msg/TrackedGroups.idl
-- Installing: /home/anlh/pedsim_ros2/install/pedsim_msgs/share/pedsim_msgs/msg/SocialRelation.idl
-- Installing: /home/anlh/pedsim_ros2/install/pedsim_msgs/share/pedsim_msgs/msg/SocialRelations.idl
-- Installing: /home/anlh/pedsim_ros2/install/pedsim_msgs/share/pedsim_msgs/msg/SocialActivity.idl
-- Installing: /home/anlh/pedsim_ros2/install/pedsim_msgs/share/pedsim_msgs/msg/SocialActivities.idl
-- Installing: /home/anlh/pedsim_ros2/install/pedsim_msgs/share/pedsim_msgs/msg/AgentState.msg
-- Installing: /home/anlh/pedsim_ros2/install/pedsim_msgs/share/pedsim_msgs/msg/AgentStates.msg
-- Installing: /home/anlh/pedsim_ros2/install/pedsim_msgs/share/pedsim_msgs/msg/AgentGroup.msg
-- Installing: /home/anlh/pedsim_ros2/install/pedsim_msgs/share/pedsim_msgs/msg/AgentGroups.msg
-- Installing: /home/anlh/pedsim_ros2/install/pedsim_msgs/share/pedsim_msgs/msg/AgentForce.msg
-- Installing: /home/anlh/pedsim_ros2/install/pedsim_msgs/share/pedsim_msgs/msg/LineObstacle.msg
-- Installing: /home/anlh/pedsim_ros2/install/pedsim_msgs/share/pedsim_msgs/msg/LineObstacles.msg
-- Installing: /home/anlh/pedsim_ros2/install/pedsim_msgs/share/pedsim_msgs/msg/TrackedPerson.msg
-- Installing: /home/anlh/pedsim_ros2/install/pedsim_msgs/share/pedsim_msgs/msg/TrackedPersons.msg
-- Installing: /home/anlh/pedsim_ros2/install/pedsim_msgs/share/pedsim_msgs/msg/TrackedGroup.msg
-- Installing: /home/anlh/pedsim_ros2/install/pedsim_msgs/share/pedsim_msgs/msg/TrackedGroups.msg
-- Installing: /home/anlh/pedsim_ros2/install/pedsim_msgs/share/pedsim_msgs/msg/SocialRelation.msg
-- Installing: /home/anlh/pedsim_ros2/install/pedsim_msgs/share/pedsim_msgs/msg/SocialRelations.msg
-- Installing: /home/anlh/pedsim_ros2/install/pedsim_msgs/share/pedsim_msgs/msg/SocialActivity.msg
-- Installing: /home/anlh/pedsim_ros2/install/pedsim_msgs/share/pedsim_msgs/msg/SocialActivities.msg
-- Installing: /home/anlh/pedsim_ros2/install/pedsim_msgs/share/ament_index/resource_index/package_run_dependencies/pedsim_msgs
-- Installing: /home/anlh/pedsim_ros2/install/pedsim_msgs/share/ament_index/resource_index/parent_prefix_path/pedsim_msgs
-- Installing: /home/anlh/pedsim_ros2/install/pedsim_msgs/share/pedsim_msgs/environment/ament_prefix_path.sh
-- Installing: /home/anlh/pedsim_ros2/install/pedsim_msgs/share/pedsim_msgs/environment/ament_prefix_path.dsv
-- Installing: /home/anlh/pedsim_ros2/install/pedsim_msgs/share/pedsim_msgs/environment/path.sh
-- Installing: /home/anlh/pedsim_ros2/install/pedsim_msgs/share/pedsim_msgs/environment/path.dsv
-- Installing: /home/anlh/pedsim_ros2/install/pedsim_msgs/share/pedsim_msgs/local_setup.bash
-- Installing: /home/anlh/pedsim_ros2/install/pedsim_msgs/share/pedsim_msgs/local_setup.sh
-- Installing: /home/anlh/pedsim_ros2/install/pedsim_msgs/share/pedsim_msgs/local_setup.zsh
-- Installing: /home/anlh/pedsim_ros2/install/pedsim_msgs/share/pedsim_msgs/local_setup.dsv
-- Installing: /home/anlh/pedsim_ros2/install/pedsim_msgs/share/pedsim_msgs/package.dsv
-- Installing: /home/anlh/pedsim_ros2/install/pedsim_msgs/share/ament_index/resource_index/packages/pedsim_msgs
-- Installing: /home/anlh/pedsim_ros2/install/pedsim_msgs/share/pedsim_msgs/cmake/export_pedsim_msgs__rosidl_generator_cExport.cmake
-- Installing: /home/anlh/pedsim_ros2/install/pedsim_msgs/share/pedsim_msgs/cmake/export_pedsim_msgs__rosidl_generator_cExport-noconfig.cmake
-- Installing: /home/anlh/pedsim_ros2/install/pedsim_msgs/share/pedsim_msgs/cmake/export_pedsim_msgs__rosidl_typesupport_fastrtps_cExport.cmake
-- Installing: /home/anlh/pedsim_ros2/install/pedsim_msgs/share/pedsim_msgs/cmake/export_pedsim_msgs__rosidl_typesupport_fastrtps_cExport-noconfig.cmake
-- Installing: /home/anlh/pedsim_ros2/install/pedsim_msgs/share/pedsim_msgs/cmake/export_pedsim_msgs__rosidl_generator_cppExport.cmake
-- Installing: /home/anlh/pedsim_ros2/install/pedsim_msgs/share/pedsim_msgs/cmake/export_pedsim_msgs__rosidl_typesupport_fastrtps_cppExport.cmake
-- Installing: /home/anlh/pedsim_ros2/install/pedsim_msgs/share/pedsim_msgs/cmake/export_pedsim_msgs__rosidl_typesupport_fastrtps_cppExport-noconfig.cmake
-- Installing: /home/anlh/pedsim_ros2/install/pedsim_msgs/share/pedsim_msgs/cmake/pedsim_msgs__rosidl_typesupport_introspection_cExport.cmake
-- Installing: /home/anlh/pedsim_ros2/install/pedsim_msgs/share/pedsim_msgs/cmake/pedsim_msgs__rosidl_typesupport_introspection_cExport-noconfig.cmake
-- Installing: /home/anlh/pedsim_ros2/install/pedsim_msgs/share/pedsim_msgs/cmake/pedsim_msgs__rosidl_typesupport_cExport.cmake
-- Installing: /home/anlh/pedsim_ros2/install/pedsim_msgs/share/pedsim_msgs/cmake/pedsim_msgs__rosidl_typesupport_cExport-noconfig.cmake
-- Installing: /home/anlh/pedsim_ros2/install/pedsim_msgs/share/pedsim_msgs/cmake/pedsim_msgs__rosidl_typesupport_introspection_cppExport.cmake
-- Installing: /home/anlh/pedsim_ros2/install/pedsim_msgs/share/pedsim_msgs/cmake/pedsim_msgs__rosidl_typesupport_introspection_cppExport-noconfig.cmake
-- Installing: /home/anlh/pedsim_ros2/install/pedsim_msgs/share/pedsim_msgs/cmake/pedsim_msgs__rosidl_typesupport_cppExport.cmake
-- Installing: /home/anlh/pedsim_ros2/install/pedsim_msgs/share/pedsim_msgs/cmake/pedsim_msgs__rosidl_typesupport_cppExport-noconfig.cmake
-- Installing: /home/anlh/pedsim_ros2/install/pedsim_msgs/share/pedsim_msgs/cmake/export_pedsim_msgs__rosidl_generator_pyExport.cmake
-- Installing: /home/anlh/pedsim_ros2/install/pedsim_msgs/share/pedsim_msgs/cmake/export_pedsim_msgs__rosidl_generator_pyExport-noconfig.cmake
-- Installing: /home/anlh/pedsim_ros2/install/pedsim_msgs/share/pedsim_msgs/cmake/rosidl_cmake-extras.cmake
-- Installing: /home/anlh/pedsim_ros2/install/pedsim_msgs/share/pedsim_msgs/cmake/ament_cmake_export_dependencies-extras.cmake
-- Installing: /home/anlh/pedsim_ros2/install/pedsim_msgs/share/pedsim_msgs/cmake/ament_cmake_export_include_directories-extras.cmake
-- Installing: /home/anlh/pedsim_ros2/install/pedsim_msgs/share/pedsim_msgs/cmake/ament_cmake_export_libraries-extras.cmake
-- Installing: /home/anlh/pedsim_ros2/install/pedsim_msgs/share/pedsim_msgs/cmake/ament_cmake_export_targets-extras.cmake
-- Installing: /home/anlh/pedsim_ros2/install/pedsim_msgs/share/pedsim_msgs/cmake/rosidl_cmake_export_typesupport_targets-extras.cmake
-- Installing: /home/anlh/pedsim_ros2/install/pedsim_msgs/share/pedsim_msgs/cmake/rosidl_cmake_export_typesupport_libraries-extras.cmake
-- Installing: /home/anlh/pedsim_ros2/install/pedsim_msgs/share/pedsim_msgs/cmake/pedsim_msgsConfig.cmake
-- Installing: /home/anlh/pedsim_ros2/install/pedsim_msgs/share/pedsim_msgs/cmake/pedsim_msgsConfig-version.cmake
-- Installing: /home/anlh/pedsim_ros2/install/pedsim_msgs/share/pedsim_msgs/package.xml
