[  0%] Built target pedsim_msgs__cpp
[ 12%] Built target pedsim_msgs__rosidl_generator_c
[ 12%] Built target ament_cmake_python_copy_pedsim_msgs
[ 36%] Built target pedsim_msgs__rosidl_typesupport_introspection_cpp
[ 36%] Built target pedsim_msgs__rosidl_typesupport_introspection_c
[ 50%] Built target pedsim_msgs__rosidl_typesupport_cpp
[ 60%] Built target pedsim_msgs__rosidl_typesupport_c
[ 72%] Built target pedsim_msgs__rosidl_typesupport_fastrtps_cpp
[ 84%] Built target pedsim_msgs__rosidl_typesupport_fastrtps_c
[ 84%] Built target pedsim_msgs
[ 85%] Built target pedsim_msgs__py
[ 96%] Built target pedsim_msgs__rosidl_generator_py
[100%] Built target pedsim_msgs__rosidl_typesupport_c__pyext
[100%] Built target pedsim_msgs__rosidl_typesupport_introspection_c__pyext
[100%] Built target pedsim_msgs__rosidl_typesupport_fastrtps_c__pyext
running egg_info
writing pedsim_msgs.egg-info/PKG-INFO
writing dependency_links to pedsim_msgs.egg-info/dependency_links.txt
writing top-level names to pedsim_msgs.egg-info/top_level.txt
reading manifest file 'pedsim_msgs.egg-info/SOURCES.txt'
writing manifest file 'pedsim_msgs.egg-info/SOURCES.txt'
[100%] Built target ament_cmake_python_build_pedsim_msgs_egg
-- Install configuration: ""
-- Up-to-date: /home/anlh/pedsim_ros2/install/pedsim_msgs/share/ament_index/resource_index/rosidl_interfaces/pedsim_msgs
-- Up-to-date: /home/anlh/pedsim_ros2/install/pedsim_msgs/include/pedsim_msgs/pedsim_msgs
-- Up-to-date: /home/anlh/pedsim_ros2/install/pedsim_msgs/include/pedsim_msgs/pedsim_msgs/msg
-- Up-to-date: /home/anlh/pedsim_ros2/install/pedsim_msgs/include/pedsim_msgs/pedsim_msgs/msg/social_activity.h
-- Up-to-date: /home/anlh/pedsim_ros2/install/pedsim_msgs/include/pedsim_msgs/pedsim_msgs/msg/tracked_groups.h
-- Up-to-date: /home/anlh/pedsim_ros2/install/pedsim_msgs/include/pedsim_msgs/pedsim_msgs/msg/social_relation.h
-- Up-to-date: /home/anlh/pedsim_ros2/install/pedsim_msgs/include/pedsim_msgs/pedsim_msgs/msg/rosidl_generator_c__visibility_control.h
-- Up-to-date: /home/anlh/pedsim_ros2/install/pedsim_msgs/include/pedsim_msgs/pedsim_msgs/msg/tracked_persons.h
-- Up-to-date: /home/anlh/pedsim_ros2/install/pedsim_msgs/include/pedsim_msgs/pedsim_msgs/msg/tracked_person.h
-- Up-to-date: /home/anlh/pedsim_ros2/install/pedsim_msgs/include/pedsim_msgs/pedsim_msgs/msg/tracked_group.h
-- Up-to-date: /home/anlh/pedsim_ros2/install/pedsim_msgs/include/pedsim_msgs/pedsim_msgs/msg/line_obstacle.h
-- Up-to-date: /home/anlh/pedsim_ros2/install/pedsim_msgs/include/pedsim_msgs/pedsim_msgs/msg/social_relations.h
-- Up-to-date: /home/anlh/pedsim_ros2/install/pedsim_msgs/include/pedsim_msgs/pedsim_msgs/msg/agent_groups.h
-- Up-to-date: /home/anlh/pedsim_ros2/install/pedsim_msgs/include/pedsim_msgs/pedsim_msgs/msg/social_activities.h
-- Up-to-date: /home/anlh/pedsim_ros2/install/pedsim_msgs/include/pedsim_msgs/pedsim_msgs/msg/detail
-- Up-to-date: /home/anlh/pedsim_ros2/install/pedsim_msgs/include/pedsim_msgs/pedsim_msgs/msg/detail/social_relations__type_support.h
-- Up-to-date: /home/anlh/pedsim_ros2/install/pedsim_msgs/include/pedsim_msgs/pedsim_msgs/msg/detail/tracked_groups__type_support.h
-- Up-to-date: /home/anlh/pedsim_ros2/install/pedsim_msgs/include/pedsim_msgs/pedsim_msgs/msg/detail/agent_state__functions.h
-- Up-to-date: /home/anlh/pedsim_ros2/install/pedsim_msgs/include/pedsim_msgs/pedsim_msgs/msg/detail/social_activity__struct.h
-- Up-to-date: /home/anlh/pedsim_ros2/install/pedsim_msgs/include/pedsim_msgs/pedsim_msgs/msg/detail/agent_groups__functions.c
-- Up-to-date: /home/anlh/pedsim_ros2/install/pedsim_msgs/include/pedsim_msgs/pedsim_msgs/msg/detail/social_relation__struct.h
-- Up-to-date: /home/anlh/pedsim_ros2/install/pedsim_msgs/include/pedsim_msgs/pedsim_msgs/msg/detail/agent_group__struct.h
-- Up-to-date: /home/anlh/pedsim_ros2/install/pedsim_msgs/include/pedsim_msgs/pedsim_msgs/msg/detail/agent_groups__type_support.h
-- Up-to-date: /home/anlh/pedsim_ros2/install/pedsim_msgs/include/pedsim_msgs/pedsim_msgs/msg/detail/line_obstacles__type_support.h
-- Up-to-date: /home/anlh/pedsim_ros2/install/pedsim_msgs/include/pedsim_msgs/pedsim_msgs/msg/detail/agent_states__functions.h
-- Up-to-date: /home/anlh/pedsim_ros2/install/pedsim_msgs/include/pedsim_msgs/pedsim_msgs/msg/detail/agent_state__struct.h
-- Up-to-date: /home/anlh/pedsim_ros2/install/pedsim_msgs/include/pedsim_msgs/pedsim_msgs/msg/detail/line_obstacle__functions.c
-- Up-to-date: /home/anlh/pedsim_ros2/install/pedsim_msgs/include/pedsim_msgs/pedsim_msgs/msg/detail/tracked_group__functions.h
-- Up-to-date: /home/anlh/pedsim_ros2/install/pedsim_msgs/include/pedsim_msgs/pedsim_msgs/msg/detail/social_activities__functions.h
-- Up-to-date: /home/anlh/pedsim_ros2/install/pedsim_msgs/include/pedsim_msgs/pedsim_msgs/msg/detail/social_activities__struct.h
-- Up-to-date: /home/anlh/pedsim_ros2/install/pedsim_msgs/include/pedsim_msgs/pedsim_msgs/msg/detail/agent_group__functions.c
-- Up-to-date: /home/anlh/pedsim_ros2/install/pedsim_msgs/include/pedsim_msgs/pedsim_msgs/msg/detail/social_activity__functions.h
-- Up-to-date: /home/anlh/pedsim_ros2/install/pedsim_msgs/include/pedsim_msgs/pedsim_msgs/msg/detail/tracked_persons__functions.c
-- Up-to-date: /home/anlh/pedsim_ros2/install/pedsim_msgs/include/pedsim_msgs/pedsim_msgs/msg/detail/tracked_groups__functions.c
-- Up-to-date: /home/anlh/pedsim_ros2/install/pedsim_msgs/include/pedsim_msgs/pedsim_msgs/msg/detail/tracked_group__struct.h
-- Up-to-date: /home/anlh/pedsim_ros2/install/pedsim_msgs/include/pedsim_msgs/pedsim_msgs/msg/detail/tracked_person__struct.h
-- Up-to-date: /home/anlh/pedsim_ros2/install/pedsim_msgs/include/pedsim_msgs/pedsim_msgs/msg/detail/tracked_groups__functions.h
-- Up-to-date: /home/anlh/pedsim_ros2/install/pedsim_msgs/include/pedsim_msgs/pedsim_msgs/msg/detail/agent_state__type_support.h
-- Up-to-date: /home/anlh/pedsim_ros2/install/pedsim_msgs/include/pedsim_msgs/pedsim_msgs/msg/detail/tracked_persons__struct.h
-- Up-to-date: /home/anlh/pedsim_ros2/install/pedsim_msgs/include/pedsim_msgs/pedsim_msgs/msg/detail/line_obstacles__struct.h
-- Up-to-date: /home/anlh/pedsim_ros2/install/pedsim_msgs/include/pedsim_msgs/pedsim_msgs/msg/detail/tracked_person__functions.h
-- Up-to-date: /home/anlh/pedsim_ros2/install/pedsim_msgs/include/pedsim_msgs/pedsim_msgs/msg/detail/agent_force__functions.c
-- Up-to-date: /home/anlh/pedsim_ros2/install/pedsim_msgs/include/pedsim_msgs/pedsim_msgs/msg/detail/tracked_group__type_support.h
-- Up-to-date: /home/anlh/pedsim_ros2/install/pedsim_msgs/include/pedsim_msgs/pedsim_msgs/msg/detail/social_relation__type_support.h
-- Up-to-date: /home/anlh/pedsim_ros2/install/pedsim_msgs/include/pedsim_msgs/pedsim_msgs/msg/detail/social_activity__functions.c
-- Up-to-date: /home/anlh/pedsim_ros2/install/pedsim_msgs/include/pedsim_msgs/pedsim_msgs/msg/detail/tracked_person__type_support.h
-- Up-to-date: /home/anlh/pedsim_ros2/install/pedsim_msgs/include/pedsim_msgs/pedsim_msgs/msg/detail/agent_states__functions.c
-- Up-to-date: /home/anlh/pedsim_ros2/install/pedsim_msgs/include/pedsim_msgs/pedsim_msgs/msg/detail/agent_group__type_support.h
-- Up-to-date: /home/anlh/pedsim_ros2/install/pedsim_msgs/include/pedsim_msgs/pedsim_msgs/msg/detail/tracked_groups__struct.h
-- Up-to-date: /home/anlh/pedsim_ros2/install/pedsim_msgs/include/pedsim_msgs/pedsim_msgs/msg/detail/social_relation__functions.h
-- Up-to-date: /home/anlh/pedsim_ros2/install/pedsim_msgs/include/pedsim_msgs/pedsim_msgs/msg/detail/line_obstacle__struct.h
-- Up-to-date: /home/anlh/pedsim_ros2/install/pedsim_msgs/include/pedsim_msgs/pedsim_msgs/msg/detail/agent_group__functions.h
-- Up-to-date: /home/anlh/pedsim_ros2/install/pedsim_msgs/include/pedsim_msgs/pedsim_msgs/msg/detail/agent_state__functions.c
-- Up-to-date: /home/anlh/pedsim_ros2/install/pedsim_msgs/include/pedsim_msgs/pedsim_msgs/msg/detail/tracked_person__functions.c
-- Up-to-date: /home/anlh/pedsim_ros2/install/pedsim_msgs/include/pedsim_msgs/pedsim_msgs/msg/detail/agent_states__type_support.h
-- Up-to-date: /home/anlh/pedsim_ros2/install/pedsim_msgs/include/pedsim_msgs/pedsim_msgs/msg/detail/agent_groups__functions.h
-- Up-to-date: /home/anlh/pedsim_ros2/install/pedsim_msgs/include/pedsim_msgs/pedsim_msgs/msg/detail/tracked_group__functions.c
-- Up-to-date: /home/anlh/pedsim_ros2/install/pedsim_msgs/include/pedsim_msgs/pedsim_msgs/msg/detail/agent_groups__struct.h
-- Up-to-date: /home/anlh/pedsim_ros2/install/pedsim_msgs/include/pedsim_msgs/pedsim_msgs/msg/detail/agent_force__struct.h
-- Up-to-date: /home/anlh/pedsim_ros2/install/pedsim_msgs/include/pedsim_msgs/pedsim_msgs/msg/detail/social_relations__functions.c
-- Up-to-date: /home/anlh/pedsim_ros2/install/pedsim_msgs/include/pedsim_msgs/pedsim_msgs/msg/detail/social_activities__functions.c
-- Up-to-date: /home/anlh/pedsim_ros2/install/pedsim_msgs/include/pedsim_msgs/pedsim_msgs/msg/detail/social_relations__struct.h
-- Up-to-date: /home/anlh/pedsim_ros2/install/pedsim_msgs/include/pedsim_msgs/pedsim_msgs/msg/detail/agent_states__struct.h
-- Up-to-date: /home/anlh/pedsim_ros2/install/pedsim_msgs/include/pedsim_msgs/pedsim_msgs/msg/detail/social_activities__type_support.h
-- Up-to-date: /home/anlh/pedsim_ros2/install/pedsim_msgs/include/pedsim_msgs/pedsim_msgs/msg/detail/social_relation__functions.c
-- Up-to-date: /home/anlh/pedsim_ros2/install/pedsim_msgs/include/pedsim_msgs/pedsim_msgs/msg/detail/social_relations__functions.h
-- Up-to-date: /home/anlh/pedsim_ros2/install/pedsim_msgs/include/pedsim_msgs/pedsim_msgs/msg/detail/tracked_persons__functions.h
-- Up-to-date: /home/anlh/pedsim_ros2/install/pedsim_msgs/include/pedsim_msgs/pedsim_msgs/msg/detail/line_obstacles__functions.c
-- Up-to-date: /home/anlh/pedsim_ros2/install/pedsim_msgs/include/pedsim_msgs/pedsim_msgs/msg/detail/agent_force__type_support.h
-- Up-to-date: /home/anlh/pedsim_ros2/install/pedsim_msgs/include/pedsim_msgs/pedsim_msgs/msg/detail/line_obstacles__functions.h
-- Up-to-date: /home/anlh/pedsim_ros2/install/pedsim_msgs/include/pedsim_msgs/pedsim_msgs/msg/detail/line_obstacle__functions.h
-- Up-to-date: /home/anlh/pedsim_ros2/install/pedsim_msgs/include/pedsim_msgs/pedsim_msgs/msg/detail/social_activity__type_support.h
-- Up-to-date: /home/anlh/pedsim_ros2/install/pedsim_msgs/include/pedsim_msgs/pedsim_msgs/msg/detail/line_obstacle__type_support.h
-- Up-to-date: /home/anlh/pedsim_ros2/install/pedsim_msgs/include/pedsim_msgs/pedsim_msgs/msg/detail/tracked_persons__type_support.h
-- Up-to-date: /home/anlh/pedsim_ros2/install/pedsim_msgs/include/pedsim_msgs/pedsim_msgs/msg/detail/agent_force__functions.h
-- Up-to-date: /home/anlh/pedsim_ros2/install/pedsim_msgs/include/pedsim_msgs/pedsim_msgs/msg/line_obstacles.h
-- Up-to-date: /home/anlh/pedsim_ros2/install/pedsim_msgs/include/pedsim_msgs/pedsim_msgs/msg/agent_force.h
-- Up-to-date: /home/anlh/pedsim_ros2/install/pedsim_msgs/include/pedsim_msgs/pedsim_msgs/msg/agent_states.h
-- Up-to-date: /home/anlh/pedsim_ros2/install/pedsim_msgs/include/pedsim_msgs/pedsim_msgs/msg/agent_group.h
-- Up-to-date: /home/anlh/pedsim_ros2/install/pedsim_msgs/include/pedsim_msgs/pedsim_msgs/msg/agent_state.h
-- Up-to-date: /home/anlh/pedsim_ros2/install/pedsim_msgs/share/pedsim_msgs/environment/library_path.sh
-- Up-to-date: /home/anlh/pedsim_ros2/install/pedsim_msgs/share/pedsim_msgs/environment/library_path.dsv
-- Up-to-date: /home/anlh/pedsim_ros2/install/pedsim_msgs/lib/libpedsim_msgs__rosidl_generator_c.so
-- Up-to-date: /home/anlh/pedsim_ros2/install/pedsim_msgs/include/pedsim_msgs/pedsim_msgs
-- Up-to-date: /home/anlh/pedsim_ros2/install/pedsim_msgs/include/pedsim_msgs/pedsim_msgs/msg
-- Up-to-date: /home/anlh/pedsim_ros2/install/pedsim_msgs/include/pedsim_msgs/pedsim_msgs/msg/rosidl_typesupport_fastrtps_c__visibility_control.h
-- Up-to-date: /home/anlh/pedsim_ros2/install/pedsim_msgs/include/pedsim_msgs/pedsim_msgs/msg/detail
-- Up-to-date: /home/anlh/pedsim_ros2/install/pedsim_msgs/include/pedsim_msgs/pedsim_msgs/msg/detail/line_obstacle__rosidl_typesupport_fastrtps_c.h
-- Up-to-date: /home/anlh/pedsim_ros2/install/pedsim_msgs/include/pedsim_msgs/pedsim_msgs/msg/detail/social_relations__rosidl_typesupport_fastrtps_c.h
-- Up-to-date: /home/anlh/pedsim_ros2/install/pedsim_msgs/include/pedsim_msgs/pedsim_msgs/msg/detail/tracked_persons__rosidl_typesupport_fastrtps_c.h
-- Up-to-date: /home/anlh/pedsim_ros2/install/pedsim_msgs/include/pedsim_msgs/pedsim_msgs/msg/detail/agent_state__rosidl_typesupport_fastrtps_c.h
-- Up-to-date: /home/anlh/pedsim_ros2/install/pedsim_msgs/include/pedsim_msgs/pedsim_msgs/msg/detail/social_relation__rosidl_typesupport_fastrtps_c.h
-- Up-to-date: /home/anlh/pedsim_ros2/install/pedsim_msgs/include/pedsim_msgs/pedsim_msgs/msg/detail/agent_groups__rosidl_typesupport_fastrtps_c.h
-- Up-to-date: /home/anlh/pedsim_ros2/install/pedsim_msgs/include/pedsim_msgs/pedsim_msgs/msg/detail/tracked_group__rosidl_typesupport_fastrtps_c.h
-- Up-to-date: /home/anlh/pedsim_ros2/install/pedsim_msgs/include/pedsim_msgs/pedsim_msgs/msg/detail/social_activity__rosidl_typesupport_fastrtps_c.h
-- Up-to-date: /home/anlh/pedsim_ros2/install/pedsim_msgs/include/pedsim_msgs/pedsim_msgs/msg/detail/agent_force__rosidl_typesupport_fastrtps_c.h
-- Up-to-date: /home/anlh/pedsim_ros2/install/pedsim_msgs/include/pedsim_msgs/pedsim_msgs/msg/detail/agent_states__rosidl_typesupport_fastrtps_c.h
-- Up-to-date: /home/anlh/pedsim_ros2/install/pedsim_msgs/include/pedsim_msgs/pedsim_msgs/msg/detail/tracked_groups__rosidl_typesupport_fastrtps_c.h
-- Up-to-date: /home/anlh/pedsim_ros2/install/pedsim_msgs/include/pedsim_msgs/pedsim_msgs/msg/detail/agent_group__rosidl_typesupport_fastrtps_c.h
-- Up-to-date: /home/anlh/pedsim_ros2/install/pedsim_msgs/include/pedsim_msgs/pedsim_msgs/msg/detail/social_activities__rosidl_typesupport_fastrtps_c.h
-- Up-to-date: /home/anlh/pedsim_ros2/install/pedsim_msgs/include/pedsim_msgs/pedsim_msgs/msg/detail/tracked_person__rosidl_typesupport_fastrtps_c.h
-- Up-to-date: /home/anlh/pedsim_ros2/install/pedsim_msgs/include/pedsim_msgs/pedsim_msgs/msg/detail/line_obstacles__rosidl_typesupport_fastrtps_c.h
-- Up-to-date: /home/anlh/pedsim_ros2/install/pedsim_msgs/lib/libpedsim_msgs__rosidl_typesupport_fastrtps_c.so
-- Up-to-date: /home/anlh/pedsim_ros2/install/pedsim_msgs/include/pedsim_msgs/pedsim_msgs
-- Up-to-date: /home/anlh/pedsim_ros2/install/pedsim_msgs/include/pedsim_msgs/pedsim_msgs/msg
-- Up-to-date: /home/anlh/pedsim_ros2/install/pedsim_msgs/include/pedsim_msgs/pedsim_msgs/msg/tracked_person.hpp
-- Up-to-date: /home/anlh/pedsim_ros2/install/pedsim_msgs/include/pedsim_msgs/pedsim_msgs/msg/agent_group.hpp
-- Up-to-date: /home/anlh/pedsim_ros2/install/pedsim_msgs/include/pedsim_msgs/pedsim_msgs/msg/agent_state.hpp
-- Up-to-date: /home/anlh/pedsim_ros2/install/pedsim_msgs/include/pedsim_msgs/pedsim_msgs/msg/line_obstacles.hpp
-- Up-to-date: /home/anlh/pedsim_ros2/install/pedsim_msgs/include/pedsim_msgs/pedsim_msgs/msg/agent_states.hpp
-- Up-to-date: /home/anlh/pedsim_ros2/install/pedsim_msgs/include/pedsim_msgs/pedsim_msgs/msg/tracked_persons.hpp
-- Up-to-date: /home/anlh/pedsim_ros2/install/pedsim_msgs/include/pedsim_msgs/pedsim_msgs/msg/detail
-- Up-to-date: /home/anlh/pedsim_ros2/install/pedsim_msgs/include/pedsim_msgs/pedsim_msgs/msg/detail/line_obstacles__traits.hpp
-- Up-to-date: /home/anlh/pedsim_ros2/install/pedsim_msgs/include/pedsim_msgs/pedsim_msgs/msg/detail/social_activities__traits.hpp
-- Up-to-date: /home/anlh/pedsim_ros2/install/pedsim_msgs/include/pedsim_msgs/pedsim_msgs/msg/detail/agent_force__traits.hpp
-- Up-to-date: /home/anlh/pedsim_ros2/install/pedsim_msgs/include/pedsim_msgs/pedsim_msgs/msg/detail/tracked_group__struct.hpp
-- Up-to-date: /home/anlh/pedsim_ros2/install/pedsim_msgs/include/pedsim_msgs/pedsim_msgs/msg/detail/agent_states__struct.hpp
-- Up-to-date: /home/anlh/pedsim_ros2/install/pedsim_msgs/include/pedsim_msgs/pedsim_msgs/msg/detail/tracked_persons__traits.hpp
-- Up-to-date: /home/anlh/pedsim_ros2/install/pedsim_msgs/include/pedsim_msgs/pedsim_msgs/msg/detail/agent_states__traits.hpp
-- Up-to-date: /home/anlh/pedsim_ros2/install/pedsim_msgs/include/pedsim_msgs/pedsim_msgs/msg/detail/tracked_group__traits.hpp
-- Up-to-date: /home/anlh/pedsim_ros2/install/pedsim_msgs/include/pedsim_msgs/pedsim_msgs/msg/detail/agent_groups__builder.hpp
-- Up-to-date: /home/anlh/pedsim_ros2/install/pedsim_msgs/include/pedsim_msgs/pedsim_msgs/msg/detail/social_activities__struct.hpp
-- Up-to-date: /home/anlh/pedsim_ros2/install/pedsim_msgs/include/pedsim_msgs/pedsim_msgs/msg/detail/line_obstacles__struct.hpp
-- Up-to-date: /home/anlh/pedsim_ros2/install/pedsim_msgs/include/pedsim_msgs/pedsim_msgs/msg/detail/tracked_person__struct.hpp
-- Up-to-date: /home/anlh/pedsim_ros2/install/pedsim_msgs/include/pedsim_msgs/pedsim_msgs/msg/detail/tracked_persons__builder.hpp
-- Up-to-date: /home/anlh/pedsim_ros2/install/pedsim_msgs/include/pedsim_msgs/pedsim_msgs/msg/detail/line_obstacles__builder.hpp
-- Up-to-date: /home/anlh/pedsim_ros2/install/pedsim_msgs/include/pedsim_msgs/pedsim_msgs/msg/detail/agent_state__traits.hpp
-- Up-to-date: /home/anlh/pedsim_ros2/install/pedsim_msgs/include/pedsim_msgs/pedsim_msgs/msg/detail/agent_state__builder.hpp
-- Up-to-date: /home/anlh/pedsim_ros2/install/pedsim_msgs/include/pedsim_msgs/pedsim_msgs/msg/detail/agent_states__builder.hpp
-- Up-to-date: /home/anlh/pedsim_ros2/install/pedsim_msgs/include/pedsim_msgs/pedsim_msgs/msg/detail/agent_group__struct.hpp
-- Up-to-date: /home/anlh/pedsim_ros2/install/pedsim_msgs/include/pedsim_msgs/pedsim_msgs/msg/detail/tracked_groups__traits.hpp
-- Up-to-date: /home/anlh/pedsim_ros2/install/pedsim_msgs/include/pedsim_msgs/pedsim_msgs/msg/detail/social_relations__builder.hpp
-- Up-to-date: /home/anlh/pedsim_ros2/install/pedsim_msgs/include/pedsim_msgs/pedsim_msgs/msg/detail/social_activity__struct.hpp
-- Up-to-date: /home/anlh/pedsim_ros2/install/pedsim_msgs/include/pedsim_msgs/pedsim_msgs/msg/detail/line_obstacle__builder.hpp
-- Up-to-date: /home/anlh/pedsim_ros2/install/pedsim_msgs/include/pedsim_msgs/pedsim_msgs/msg/detail/agent_force__builder.hpp
-- Up-to-date: /home/anlh/pedsim_ros2/install/pedsim_msgs/include/pedsim_msgs/pedsim_msgs/msg/detail/social_activity__traits.hpp
-- Up-to-date: /home/anlh/pedsim_ros2/install/pedsim_msgs/include/pedsim_msgs/pedsim_msgs/msg/detail/agent_groups__traits.hpp
-- Up-to-date: /home/anlh/pedsim_ros2/install/pedsim_msgs/include/pedsim_msgs/pedsim_msgs/msg/detail/tracked_persons__struct.hpp
-- Up-to-date: /home/anlh/pedsim_ros2/install/pedsim_msgs/include/pedsim_msgs/pedsim_msgs/msg/detail/agent_groups__struct.hpp
-- Up-to-date: /home/anlh/pedsim_ros2/install/pedsim_msgs/include/pedsim_msgs/pedsim_msgs/msg/detail/agent_group__traits.hpp
-- Up-to-date: /home/anlh/pedsim_ros2/install/pedsim_msgs/include/pedsim_msgs/pedsim_msgs/msg/detail/social_relations__struct.hpp
-- Up-to-date: /home/anlh/pedsim_ros2/install/pedsim_msgs/include/pedsim_msgs/pedsim_msgs/msg/detail/agent_force__struct.hpp
-- Up-to-date: /home/anlh/pedsim_ros2/install/pedsim_msgs/include/pedsim_msgs/pedsim_msgs/msg/detail/tracked_groups__builder.hpp
-- Up-to-date: /home/anlh/pedsim_ros2/install/pedsim_msgs/include/pedsim_msgs/pedsim_msgs/msg/detail/agent_group__builder.hpp
-- Up-to-date: /home/anlh/pedsim_ros2/install/pedsim_msgs/include/pedsim_msgs/pedsim_msgs/msg/detail/social_activities__builder.hpp
-- Up-to-date: /home/anlh/pedsim_ros2/install/pedsim_msgs/include/pedsim_msgs/pedsim_msgs/msg/detail/social_relations__traits.hpp
-- Up-to-date: /home/anlh/pedsim_ros2/install/pedsim_msgs/include/pedsim_msgs/pedsim_msgs/msg/detail/line_obstacle__traits.hpp
-- Up-to-date: /home/anlh/pedsim_ros2/install/pedsim_msgs/include/pedsim_msgs/pedsim_msgs/msg/detail/social_relation__traits.hpp
-- Up-to-date: /home/anlh/pedsim_ros2/install/pedsim_msgs/include/pedsim_msgs/pedsim_msgs/msg/detail/tracked_person__traits.hpp
-- Up-to-date: /home/anlh/pedsim_ros2/install/pedsim_msgs/include/pedsim_msgs/pedsim_msgs/msg/detail/social_relation__struct.hpp
-- Up-to-date: /home/anlh/pedsim_ros2/install/pedsim_msgs/include/pedsim_msgs/pedsim_msgs/msg/detail/social_relation__builder.hpp
-- Up-to-date: /home/anlh/pedsim_ros2/install/pedsim_msgs/include/pedsim_msgs/pedsim_msgs/msg/detail/line_obstacle__struct.hpp
-- Up-to-date: /home/anlh/pedsim_ros2/install/pedsim_msgs/include/pedsim_msgs/pedsim_msgs/msg/detail/tracked_group__builder.hpp
-- Up-to-date: /home/anlh/pedsim_ros2/install/pedsim_msgs/include/pedsim_msgs/pedsim_msgs/msg/detail/social_activity__builder.hpp
-- Up-to-date: /home/anlh/pedsim_ros2/install/pedsim_msgs/include/pedsim_msgs/pedsim_msgs/msg/detail/agent_state__struct.hpp
-- Up-to-date: /home/anlh/pedsim_ros2/install/pedsim_msgs/include/pedsim_msgs/pedsim_msgs/msg/detail/tracked_groups__struct.hpp
-- Up-to-date: /home/anlh/pedsim_ros2/install/pedsim_msgs/include/pedsim_msgs/pedsim_msgs/msg/detail/tracked_person__builder.hpp
-- Up-to-date: /home/anlh/pedsim_ros2/install/pedsim_msgs/include/pedsim_msgs/pedsim_msgs/msg/agent_groups.hpp
-- Up-to-date: /home/anlh/pedsim_ros2/install/pedsim_msgs/include/pedsim_msgs/pedsim_msgs/msg/social_relations.hpp
-- Up-to-date: /home/anlh/pedsim_ros2/install/pedsim_msgs/include/pedsim_msgs/pedsim_msgs/msg/social_relation.hpp
-- Up-to-date: /home/anlh/pedsim_ros2/install/pedsim_msgs/include/pedsim_msgs/pedsim_msgs/msg/line_obstacle.hpp
-- Up-to-date: /home/anlh/pedsim_ros2/install/pedsim_msgs/include/pedsim_msgs/pedsim_msgs/msg/tracked_groups.hpp
-- Up-to-date: /home/anlh/pedsim_ros2/install/pedsim_msgs/include/pedsim_msgs/pedsim_msgs/msg/social_activities.hpp
-- Up-to-date: /home/anlh/pedsim_ros2/install/pedsim_msgs/include/pedsim_msgs/pedsim_msgs/msg/social_activity.hpp
-- Up-to-date: /home/anlh/pedsim_ros2/install/pedsim_msgs/include/pedsim_msgs/pedsim_msgs/msg/agent_force.hpp
-- Up-to-date: /home/anlh/pedsim_ros2/install/pedsim_msgs/include/pedsim_msgs/pedsim_msgs/msg/tracked_group.hpp
-- Up-to-date: /home/anlh/pedsim_ros2/install/pedsim_msgs/include/pedsim_msgs/pedsim_msgs
-- Up-to-date: /home/anlh/pedsim_ros2/install/pedsim_msgs/include/pedsim_msgs/pedsim_msgs/msg
-- Up-to-date: /home/anlh/pedsim_ros2/install/pedsim_msgs/include/pedsim_msgs/pedsim_msgs/msg/rosidl_typesupport_fastrtps_cpp__visibility_control.h
-- Up-to-date: /home/anlh/pedsim_ros2/install/pedsim_msgs/include/pedsim_msgs/pedsim_msgs/msg/detail
-- Up-to-date: /home/anlh/pedsim_ros2/install/pedsim_msgs/include/pedsim_msgs/pedsim_msgs/msg/detail/tracked_person__rosidl_typesupport_fastrtps_cpp.hpp
-- Up-to-date: /home/anlh/pedsim_ros2/install/pedsim_msgs/include/pedsim_msgs/pedsim_msgs/msg/detail/dds_fastrtps
-- Up-to-date: /home/anlh/pedsim_ros2/install/pedsim_msgs/include/pedsim_msgs/pedsim_msgs/msg/detail/tracked_groups__rosidl_typesupport_fastrtps_cpp.hpp
-- Up-to-date: /home/anlh/pedsim_ros2/install/pedsim_msgs/include/pedsim_msgs/pedsim_msgs/msg/detail/social_activities__rosidl_typesupport_fastrtps_cpp.hpp
-- Up-to-date: /home/anlh/pedsim_ros2/install/pedsim_msgs/include/pedsim_msgs/pedsim_msgs/msg/detail/agent_groups__rosidl_typesupport_fastrtps_cpp.hpp
-- Up-to-date: /home/anlh/pedsim_ros2/install/pedsim_msgs/include/pedsim_msgs/pedsim_msgs/msg/detail/line_obstacle__rosidl_typesupport_fastrtps_cpp.hpp
-- Up-to-date: /home/anlh/pedsim_ros2/install/pedsim_msgs/include/pedsim_msgs/pedsim_msgs/msg/detail/agent_states__rosidl_typesupport_fastrtps_cpp.hpp
-- Up-to-date: /home/anlh/pedsim_ros2/install/pedsim_msgs/include/pedsim_msgs/pedsim_msgs/msg/detail/agent_state__rosidl_typesupport_fastrtps_cpp.hpp
-- Up-to-date: /home/anlh/pedsim_ros2/install/pedsim_msgs/include/pedsim_msgs/pedsim_msgs/msg/detail/line_obstacles__rosidl_typesupport_fastrtps_cpp.hpp
-- Up-to-date: /home/anlh/pedsim_ros2/install/pedsim_msgs/include/pedsim_msgs/pedsim_msgs/msg/detail/social_relation__rosidl_typesupport_fastrtps_cpp.hpp
-- Up-to-date: /home/anlh/pedsim_ros2/install/pedsim_msgs/include/pedsim_msgs/pedsim_msgs/msg/detail/social_activity__rosidl_typesupport_fastrtps_cpp.hpp
-- Up-to-date: /home/anlh/pedsim_ros2/install/pedsim_msgs/include/pedsim_msgs/pedsim_msgs/msg/detail/agent_group__rosidl_typesupport_fastrtps_cpp.hpp
-- Up-to-date: /home/anlh/pedsim_ros2/install/pedsim_msgs/include/pedsim_msgs/pedsim_msgs/msg/detail/tracked_persons__rosidl_typesupport_fastrtps_cpp.hpp
-- Up-to-date: /home/anlh/pedsim_ros2/install/pedsim_msgs/include/pedsim_msgs/pedsim_msgs/msg/detail/agent_force__rosidl_typesupport_fastrtps_cpp.hpp
-- Up-to-date: /home/anlh/pedsim_ros2/install/pedsim_msgs/include/pedsim_msgs/pedsim_msgs/msg/detail/social_relations__rosidl_typesupport_fastrtps_cpp.hpp
-- Up-to-date: /home/anlh/pedsim_ros2/install/pedsim_msgs/include/pedsim_msgs/pedsim_msgs/msg/detail/tracked_group__rosidl_typesupport_fastrtps_cpp.hpp
-- Up-to-date: /home/anlh/pedsim_ros2/install/pedsim_msgs/lib/libpedsim_msgs__rosidl_typesupport_fastrtps_cpp.so
-- Up-to-date: /home/anlh/pedsim_ros2/install/pedsim_msgs/include/pedsim_msgs/pedsim_msgs
-- Up-to-date: /home/anlh/pedsim_ros2/install/pedsim_msgs/include/pedsim_msgs/pedsim_msgs/msg
-- Up-to-date: /home/anlh/pedsim_ros2/install/pedsim_msgs/include/pedsim_msgs/pedsim_msgs/msg/detail
-- Up-to-date: /home/anlh/pedsim_ros2/install/pedsim_msgs/include/pedsim_msgs/pedsim_msgs/msg/detail/social_activity__type_support.c
-- Up-to-date: /home/anlh/pedsim_ros2/install/pedsim_msgs/include/pedsim_msgs/pedsim_msgs/msg/detail/tracked_group__type_support.c
-- Up-to-date: /home/anlh/pedsim_ros2/install/pedsim_msgs/include/pedsim_msgs/pedsim_msgs/msg/detail/social_relations__type_support.c
-- Up-to-date: /home/anlh/pedsim_ros2/install/pedsim_msgs/include/pedsim_msgs/pedsim_msgs/msg/detail/agent_group__rosidl_typesupport_introspection_c.h
-- Up-to-date: /home/anlh/pedsim_ros2/install/pedsim_msgs/include/pedsim_msgs/pedsim_msgs/msg/detail/social_relations__rosidl_typesupport_introspection_c.h
-- Up-to-date: /home/anlh/pedsim_ros2/install/pedsim_msgs/include/pedsim_msgs/pedsim_msgs/msg/detail/agent_state__type_support.c
-- Up-to-date: /home/anlh/pedsim_ros2/install/pedsim_msgs/include/pedsim_msgs/pedsim_msgs/msg/detail/agent_force__type_support.c
-- Up-to-date: /home/anlh/pedsim_ros2/install/pedsim_msgs/include/pedsim_msgs/pedsim_msgs/msg/detail/social_activities__rosidl_typesupport_introspection_c.h
-- Up-to-date: /home/anlh/pedsim_ros2/install/pedsim_msgs/include/pedsim_msgs/pedsim_msgs/msg/detail/tracked_person__rosidl_typesupport_introspection_c.h
-- Up-to-date: /home/anlh/pedsim_ros2/install/pedsim_msgs/include/pedsim_msgs/pedsim_msgs/msg/detail/agent_groups__type_support.c
-- Up-to-date: /home/anlh/pedsim_ros2/install/pedsim_msgs/include/pedsim_msgs/pedsim_msgs/msg/detail/social_relation__rosidl_typesupport_introspection_c.h
-- Up-to-date: /home/anlh/pedsim_ros2/install/pedsim_msgs/include/pedsim_msgs/pedsim_msgs/msg/detail/agent_states__type_support.c
-- Up-to-date: /home/anlh/pedsim_ros2/install/pedsim_msgs/include/pedsim_msgs/pedsim_msgs/msg/detail/social_activities__type_support.c
-- Up-to-date: /home/anlh/pedsim_ros2/install/pedsim_msgs/include/pedsim_msgs/pedsim_msgs/msg/detail/tracked_persons__rosidl_typesupport_introspection_c.h
-- Up-to-date: /home/anlh/pedsim_ros2/install/pedsim_msgs/include/pedsim_msgs/pedsim_msgs/msg/detail/tracked_groups__rosidl_typesupport_introspection_c.h
-- Up-to-date: /home/anlh/pedsim_ros2/install/pedsim_msgs/include/pedsim_msgs/pedsim_msgs/msg/detail/line_obstacles__type_support.c
-- Up-to-date: /home/anlh/pedsim_ros2/install/pedsim_msgs/include/pedsim_msgs/pedsim_msgs/msg/detail/agent_state__rosidl_typesupport_introspection_c.h
-- Up-to-date: /home/anlh/pedsim_ros2/install/pedsim_msgs/include/pedsim_msgs/pedsim_msgs/msg/detail/line_obstacle__type_support.c
-- Up-to-date: /home/anlh/pedsim_ros2/install/pedsim_msgs/include/pedsim_msgs/pedsim_msgs/msg/detail/tracked_group__rosidl_typesupport_introspection_c.h
-- Up-to-date: /home/anlh/pedsim_ros2/install/pedsim_msgs/include/pedsim_msgs/pedsim_msgs/msg/detail/social_activity__rosidl_typesupport_introspection_c.h
-- Up-to-date: /home/anlh/pedsim_ros2/install/pedsim_msgs/include/pedsim_msgs/pedsim_msgs/msg/detail/agent_states__rosidl_typesupport_introspection_c.h
-- Up-to-date: /home/anlh/pedsim_ros2/install/pedsim_msgs/include/pedsim_msgs/pedsim_msgs/msg/detail/agent_groups__rosidl_typesupport_introspection_c.h
-- Up-to-date: /home/anlh/pedsim_ros2/install/pedsim_msgs/include/pedsim_msgs/pedsim_msgs/msg/detail/social_relation__type_support.c
-- Up-to-date: /home/anlh/pedsim_ros2/install/pedsim_msgs/include/pedsim_msgs/pedsim_msgs/msg/detail/line_obstacle__rosidl_typesupport_introspection_c.h
-- Up-to-date: /home/anlh/pedsim_ros2/install/pedsim_msgs/include/pedsim_msgs/pedsim_msgs/msg/detail/agent_force__rosidl_typesupport_introspection_c.h
-- Up-to-date: /home/anlh/pedsim_ros2/install/pedsim_msgs/include/pedsim_msgs/pedsim_msgs/msg/detail/agent_group__type_support.c
-- Up-to-date: /home/anlh/pedsim_ros2/install/pedsim_msgs/include/pedsim_msgs/pedsim_msgs/msg/detail/line_obstacles__rosidl_typesupport_introspection_c.h
-- Up-to-date: /home/anlh/pedsim_ros2/install/pedsim_msgs/include/pedsim_msgs/pedsim_msgs/msg/detail/tracked_person__type_support.c
-- Up-to-date: /home/anlh/pedsim_ros2/install/pedsim_msgs/include/pedsim_msgs/pedsim_msgs/msg/detail/tracked_persons__type_support.c
-- Up-to-date: /home/anlh/pedsim_ros2/install/pedsim_msgs/include/pedsim_msgs/pedsim_msgs/msg/detail/tracked_groups__type_support.c
-- Up-to-date: /home/anlh/pedsim_ros2/install/pedsim_msgs/include/pedsim_msgs/pedsim_msgs/msg/rosidl_typesupport_introspection_c__visibility_control.h
-- Up-to-date: /home/anlh/pedsim_ros2/install/pedsim_msgs/lib/libpedsim_msgs__rosidl_typesupport_introspection_c.so
-- Up-to-date: /home/anlh/pedsim_ros2/install/pedsim_msgs/lib/libpedsim_msgs__rosidl_typesupport_c.so
-- Up-to-date: /home/anlh/pedsim_ros2/install/pedsim_msgs/include/pedsim_msgs/pedsim_msgs
-- Up-to-date: /home/anlh/pedsim_ros2/install/pedsim_msgs/include/pedsim_msgs/pedsim_msgs/msg
-- Up-to-date: /home/anlh/pedsim_ros2/install/pedsim_msgs/include/pedsim_msgs/pedsim_msgs/msg/detail
-- Up-to-date: /home/anlh/pedsim_ros2/install/pedsim_msgs/include/pedsim_msgs/pedsim_msgs/msg/detail/social_relation__type_support.cpp
-- Up-to-date: /home/anlh/pedsim_ros2/install/pedsim_msgs/include/pedsim_msgs/pedsim_msgs/msg/detail/agent_groups__rosidl_typesupport_introspection_cpp.hpp
-- Up-to-date: /home/anlh/pedsim_ros2/install/pedsim_msgs/include/pedsim_msgs/pedsim_msgs/msg/detail/social_relation__rosidl_typesupport_introspection_cpp.hpp
-- Up-to-date: /home/anlh/pedsim_ros2/install/pedsim_msgs/include/pedsim_msgs/pedsim_msgs/msg/detail/line_obstacles__rosidl_typesupport_introspection_cpp.hpp
-- Up-to-date: /home/anlh/pedsim_ros2/install/pedsim_msgs/include/pedsim_msgs/pedsim_msgs/msg/detail/line_obstacle__type_support.cpp
-- Up-to-date: /home/anlh/pedsim_ros2/install/pedsim_msgs/include/pedsim_msgs/pedsim_msgs/msg/detail/agent_group__type_support.cpp
-- Up-to-date: /home/anlh/pedsim_ros2/install/pedsim_msgs/include/pedsim_msgs/pedsim_msgs/msg/detail/agent_groups__type_support.cpp
-- Up-to-date: /home/anlh/pedsim_ros2/install/pedsim_msgs/include/pedsim_msgs/pedsim_msgs/msg/detail/tracked_person__type_support.cpp
-- Up-to-date: /home/anlh/pedsim_ros2/install/pedsim_msgs/include/pedsim_msgs/pedsim_msgs/msg/detail/agent_force__type_support.cpp
-- Up-to-date: /home/anlh/pedsim_ros2/install/pedsim_msgs/include/pedsim_msgs/pedsim_msgs/msg/detail/agent_state__type_support.cpp
-- Up-to-date: /home/anlh/pedsim_ros2/install/pedsim_msgs/include/pedsim_msgs/pedsim_msgs/msg/detail/social_activities__rosidl_typesupport_introspection_cpp.hpp
-- Up-to-date: /home/anlh/pedsim_ros2/install/pedsim_msgs/include/pedsim_msgs/pedsim_msgs/msg/detail/tracked_persons__type_support.cpp
-- Up-to-date: /home/anlh/pedsim_ros2/install/pedsim_msgs/include/pedsim_msgs/pedsim_msgs/msg/detail/tracked_person__rosidl_typesupport_introspection_cpp.hpp
-- Up-to-date: /home/anlh/pedsim_ros2/install/pedsim_msgs/include/pedsim_msgs/pedsim_msgs/msg/detail/tracked_groups__rosidl_typesupport_introspection_cpp.hpp
-- Up-to-date: /home/anlh/pedsim_ros2/install/pedsim_msgs/include/pedsim_msgs/pedsim_msgs/msg/detail/agent_states__type_support.cpp
-- Up-to-date: /home/anlh/pedsim_ros2/install/pedsim_msgs/include/pedsim_msgs/pedsim_msgs/msg/detail/tracked_persons__rosidl_typesupport_introspection_cpp.hpp
-- Up-to-date: /home/anlh/pedsim_ros2/install/pedsim_msgs/include/pedsim_msgs/pedsim_msgs/msg/detail/social_activity__rosidl_typesupport_introspection_cpp.hpp
-- Up-to-date: /home/anlh/pedsim_ros2/install/pedsim_msgs/include/pedsim_msgs/pedsim_msgs/msg/detail/tracked_groups__type_support.cpp
-- Up-to-date: /home/anlh/pedsim_ros2/install/pedsim_msgs/include/pedsim_msgs/pedsim_msgs/msg/detail/social_relations__type_support.cpp
-- Up-to-date: /home/anlh/pedsim_ros2/install/pedsim_msgs/include/pedsim_msgs/pedsim_msgs/msg/detail/tracked_group__rosidl_typesupport_introspection_cpp.hpp
-- Up-to-date: /home/anlh/pedsim_ros2/install/pedsim_msgs/include/pedsim_msgs/pedsim_msgs/msg/detail/agent_state__rosidl_typesupport_introspection_cpp.hpp
-- Up-to-date: /home/anlh/pedsim_ros2/install/pedsim_msgs/include/pedsim_msgs/pedsim_msgs/msg/detail/agent_states__rosidl_typesupport_introspection_cpp.hpp
-- Up-to-date: /home/anlh/pedsim_ros2/install/pedsim_msgs/include/pedsim_msgs/pedsim_msgs/msg/detail/social_relations__rosidl_typesupport_introspection_cpp.hpp
-- Up-to-date: /home/anlh/pedsim_ros2/install/pedsim_msgs/include/pedsim_msgs/pedsim_msgs/msg/detail/social_activity__type_support.cpp
-- Up-to-date: /home/anlh/pedsim_ros2/install/pedsim_msgs/include/pedsim_msgs/pedsim_msgs/msg/detail/line_obstacles__type_support.cpp
-- Up-to-date: /home/anlh/pedsim_ros2/install/pedsim_msgs/include/pedsim_msgs/pedsim_msgs/msg/detail/tracked_group__type_support.cpp
-- Up-to-date: /home/anlh/pedsim_ros2/install/pedsim_msgs/include/pedsim_msgs/pedsim_msgs/msg/detail/social_activities__type_support.cpp
-- Up-to-date: /home/anlh/pedsim_ros2/install/pedsim_msgs/include/pedsim_msgs/pedsim_msgs/msg/detail/agent_force__rosidl_typesupport_introspection_cpp.hpp
-- Up-to-date: /home/anlh/pedsim_ros2/install/pedsim_msgs/include/pedsim_msgs/pedsim_msgs/msg/detail/agent_group__rosidl_typesupport_introspection_cpp.hpp
-- Up-to-date: /home/anlh/pedsim_ros2/install/pedsim_msgs/include/pedsim_msgs/pedsim_msgs/msg/detail/line_obstacle__rosidl_typesupport_introspection_cpp.hpp
-- Up-to-date: /home/anlh/pedsim_ros2/install/pedsim_msgs/lib/libpedsim_msgs__rosidl_typesupport_introspection_cpp.so
-- Up-to-date: /home/anlh/pedsim_ros2/install/pedsim_msgs/lib/libpedsim_msgs__rosidl_typesupport_cpp.so
-- Up-to-date: /home/anlh/pedsim_ros2/install/pedsim_msgs/share/pedsim_msgs/environment/pythonpath.sh
-- Up-to-date: /home/anlh/pedsim_ros2/install/pedsim_msgs/share/pedsim_msgs/environment/pythonpath.dsv
-- Up-to-date: /home/anlh/pedsim_ros2/install/pedsim_msgs/local/lib/python3.10/dist-packages/pedsim_msgs-0.0.1-py3.10.egg-info
-- Installing: /home/anlh/pedsim_ros2/install/pedsim_msgs/local/lib/python3.10/dist-packages/pedsim_msgs-0.0.1-py3.10.egg-info/dependency_links.txt
-- Installing: /home/anlh/pedsim_ros2/install/pedsim_msgs/local/lib/python3.10/dist-packages/pedsim_msgs-0.0.1-py3.10.egg-info/PKG-INFO
-- Installing: /home/anlh/pedsim_ros2/install/pedsim_msgs/local/lib/python3.10/dist-packages/pedsim_msgs-0.0.1-py3.10.egg-info/SOURCES.txt
-- Installing: /home/anlh/pedsim_ros2/install/pedsim_msgs/local/lib/python3.10/dist-packages/pedsim_msgs-0.0.1-py3.10.egg-info/top_level.txt
-- Up-to-date: /home/anlh/pedsim_ros2/install/pedsim_msgs/local/lib/python3.10/dist-packages/pedsim_msgs
-- Up-to-date: /home/anlh/pedsim_ros2/install/pedsim_msgs/local/lib/python3.10/dist-packages/pedsim_msgs/_pedsim_msgs_s.ep.rosidl_typesupport_fastrtps_c.c
-- Up-to-date: /home/anlh/pedsim_ros2/install/pedsim_msgs/local/lib/python3.10/dist-packages/pedsim_msgs/pedsim_msgs_s__rosidl_typesupport_fastrtps_c.cpython-310-x86_64-linux-gnu.so
-- Up-to-date: /home/anlh/pedsim_ros2/install/pedsim_msgs/local/lib/python3.10/dist-packages/pedsim_msgs/libpedsim_msgs__rosidl_generator_py.so
-- Up-to-date: /home/anlh/pedsim_ros2/install/pedsim_msgs/local/lib/python3.10/dist-packages/pedsim_msgs/_pedsim_msgs_s.ep.rosidl_typesupport_introspection_c.c
-- Up-to-date: /home/anlh/pedsim_ros2/install/pedsim_msgs/local/lib/python3.10/dist-packages/pedsim_msgs/__init__.py
-- Up-to-date: /home/anlh/pedsim_ros2/install/pedsim_msgs/local/lib/python3.10/dist-packages/pedsim_msgs/pedsim_msgs_s__rosidl_typesupport_introspection_c.cpython-310-x86_64-linux-gnu.so
-- Up-to-date: /home/anlh/pedsim_ros2/install/pedsim_msgs/local/lib/python3.10/dist-packages/pedsim_msgs/pedsim_msgs_s__rosidl_typesupport_c.cpython-310-x86_64-linux-gnu.so
-- Up-to-date: /home/anlh/pedsim_ros2/install/pedsim_msgs/local/lib/python3.10/dist-packages/pedsim_msgs/msg
-- Up-to-date: /home/anlh/pedsim_ros2/install/pedsim_msgs/local/lib/python3.10/dist-packages/pedsim_msgs/msg/_agent_groups.py
-- Up-to-date: /home/anlh/pedsim_ros2/install/pedsim_msgs/local/lib/python3.10/dist-packages/pedsim_msgs/msg/_tracked_group_s.c
-- Up-to-date: /home/anlh/pedsim_ros2/install/pedsim_msgs/local/lib/python3.10/dist-packages/pedsim_msgs/msg/_social_relation_s.c
-- Up-to-date: /home/anlh/pedsim_ros2/install/pedsim_msgs/local/lib/python3.10/dist-packages/pedsim_msgs/msg/_tracked_group.py
-- Up-to-date: /home/anlh/pedsim_ros2/install/pedsim_msgs/local/lib/python3.10/dist-packages/pedsim_msgs/msg/__init__.py
-- Up-to-date: /home/anlh/pedsim_ros2/install/pedsim_msgs/local/lib/python3.10/dist-packages/pedsim_msgs/msg/_agent_state.py
-- Up-to-date: /home/anlh/pedsim_ros2/install/pedsim_msgs/local/lib/python3.10/dist-packages/pedsim_msgs/msg/_social_relation.py
-- Up-to-date: /home/anlh/pedsim_ros2/install/pedsim_msgs/local/lib/python3.10/dist-packages/pedsim_msgs/msg/_social_relations_s.c
-- Up-to-date: /home/anlh/pedsim_ros2/install/pedsim_msgs/local/lib/python3.10/dist-packages/pedsim_msgs/msg/_agent_groups_s.c
-- Up-to-date: /home/anlh/pedsim_ros2/install/pedsim_msgs/local/lib/python3.10/dist-packages/pedsim_msgs/msg/_line_obstacles.py
-- Up-to-date: /home/anlh/pedsim_ros2/install/pedsim_msgs/local/lib/python3.10/dist-packages/pedsim_msgs/msg/_agent_states.py
-- Up-to-date: /home/anlh/pedsim_ros2/install/pedsim_msgs/local/lib/python3.10/dist-packages/pedsim_msgs/msg/_agent_group.py
-- Up-to-date: /home/anlh/pedsim_ros2/install/pedsim_msgs/local/lib/python3.10/dist-packages/pedsim_msgs/msg/_tracked_person_s.c
-- Up-to-date: /home/anlh/pedsim_ros2/install/pedsim_msgs/local/lib/python3.10/dist-packages/pedsim_msgs/msg/_tracked_persons_s.c
-- Up-to-date: /home/anlh/pedsim_ros2/install/pedsim_msgs/local/lib/python3.10/dist-packages/pedsim_msgs/msg/_tracked_persons.py
-- Up-to-date: /home/anlh/pedsim_ros2/install/pedsim_msgs/local/lib/python3.10/dist-packages/pedsim_msgs/msg/_agent_force.py
-- Up-to-date: /home/anlh/pedsim_ros2/install/pedsim_msgs/local/lib/python3.10/dist-packages/pedsim_msgs/msg/_tracked_person.py
-- Up-to-date: /home/anlh/pedsim_ros2/install/pedsim_msgs/local/lib/python3.10/dist-packages/pedsim_msgs/msg/_agent_state_s.c
-- Up-to-date: /home/anlh/pedsim_ros2/install/pedsim_msgs/local/lib/python3.10/dist-packages/pedsim_msgs/msg/_agent_states_s.c
-- Up-to-date: /home/anlh/pedsim_ros2/install/pedsim_msgs/local/lib/python3.10/dist-packages/pedsim_msgs/msg/_agent_force_s.c
-- Up-to-date: /home/anlh/pedsim_ros2/install/pedsim_msgs/local/lib/python3.10/dist-packages/pedsim_msgs/msg/_social_activities_s.c
-- Up-to-date: /home/anlh/pedsim_ros2/install/pedsim_msgs/local/lib/python3.10/dist-packages/pedsim_msgs/msg/_agent_group_s.c
-- Up-to-date: /home/anlh/pedsim_ros2/install/pedsim_msgs/local/lib/python3.10/dist-packages/pedsim_msgs/msg/_social_activity.py
-- Up-to-date: /home/anlh/pedsim_ros2/install/pedsim_msgs/local/lib/python3.10/dist-packages/pedsim_msgs/msg/_line_obstacle_s.c
-- Up-to-date: /home/anlh/pedsim_ros2/install/pedsim_msgs/local/lib/python3.10/dist-packages/pedsim_msgs/msg/_line_obstacle.py
-- Up-to-date: /home/anlh/pedsim_ros2/install/pedsim_msgs/local/lib/python3.10/dist-packages/pedsim_msgs/msg/_social_activity_s.c
-- Up-to-date: /home/anlh/pedsim_ros2/install/pedsim_msgs/local/lib/python3.10/dist-packages/pedsim_msgs/msg/_tracked_groups.py
-- Up-to-date: /home/anlh/pedsim_ros2/install/pedsim_msgs/local/lib/python3.10/dist-packages/pedsim_msgs/msg/_tracked_groups_s.c
-- Up-to-date: /home/anlh/pedsim_ros2/install/pedsim_msgs/local/lib/python3.10/dist-packages/pedsim_msgs/msg/_social_relations.py
-- Up-to-date: /home/anlh/pedsim_ros2/install/pedsim_msgs/local/lib/python3.10/dist-packages/pedsim_msgs/msg/_social_activities.py
-- Up-to-date: /home/anlh/pedsim_ros2/install/pedsim_msgs/local/lib/python3.10/dist-packages/pedsim_msgs/msg/_line_obstacles_s.c
-- Up-to-date: /home/anlh/pedsim_ros2/install/pedsim_msgs/local/lib/python3.10/dist-packages/pedsim_msgs/_pedsim_msgs_s.ep.rosidl_typesupport_c.c
Listing '/home/anlh/pedsim_ros2/install/pedsim_msgs/local/lib/python3.10/dist-packages/pedsim_msgs'...
Listing '/home/anlh/pedsim_ros2/install/pedsim_msgs/local/lib/python3.10/dist-packages/pedsim_msgs/msg'...
-- Up-to-date: /home/anlh/pedsim_ros2/install/pedsim_msgs/local/lib/python3.10/dist-packages/pedsim_msgs/pedsim_msgs_s__rosidl_typesupport_fastrtps_c.cpython-310-x86_64-linux-gnu.so
-- Up-to-date: /home/anlh/pedsim_ros2/install/pedsim_msgs/local/lib/python3.10/dist-packages/pedsim_msgs/pedsim_msgs_s__rosidl_typesupport_introspection_c.cpython-310-x86_64-linux-gnu.so
-- Up-to-date: /home/anlh/pedsim_ros2/install/pedsim_msgs/local/lib/python3.10/dist-packages/pedsim_msgs/pedsim_msgs_s__rosidl_typesupport_c.cpython-310-x86_64-linux-gnu.so
-- Up-to-date: /home/anlh/pedsim_ros2/install/pedsim_msgs/lib/libpedsim_msgs__rosidl_generator_py.so
-- Up-to-date: /home/anlh/pedsim_ros2/install/pedsim_msgs/share/pedsim_msgs/msg/AgentState.idl
-- Up-to-date: /home/anlh/pedsim_ros2/install/pedsim_msgs/share/pedsim_msgs/msg/AgentStates.idl
-- Up-to-date: /home/anlh/pedsim_ros2/install/pedsim_msgs/share/pedsim_msgs/msg/AgentGroup.idl
-- Up-to-date: /home/anlh/pedsim_ros2/install/pedsim_msgs/share/pedsim_msgs/msg/AgentGroups.idl
-- Up-to-date: /home/anlh/pedsim_ros2/install/pedsim_msgs/share/pedsim_msgs/msg/AgentForce.idl
-- Up-to-date: /home/anlh/pedsim_ros2/install/pedsim_msgs/share/pedsim_msgs/msg/LineObstacle.idl
-- Up-to-date: /home/anlh/pedsim_ros2/install/pedsim_msgs/share/pedsim_msgs/msg/LineObstacles.idl
-- Up-to-date: /home/anlh/pedsim_ros2/install/pedsim_msgs/share/pedsim_msgs/msg/TrackedPerson.idl
-- Up-to-date: /home/anlh/pedsim_ros2/install/pedsim_msgs/share/pedsim_msgs/msg/TrackedPersons.idl
-- Up-to-date: /home/anlh/pedsim_ros2/install/pedsim_msgs/share/pedsim_msgs/msg/TrackedGroup.idl
-- Up-to-date: /home/anlh/pedsim_ros2/install/pedsim_msgs/share/pedsim_msgs/msg/TrackedGroups.idl
-- Up-to-date: /home/anlh/pedsim_ros2/install/pedsim_msgs/share/pedsim_msgs/msg/SocialRelation.idl
-- Up-to-date: /home/anlh/pedsim_ros2/install/pedsim_msgs/share/pedsim_msgs/msg/SocialRelations.idl
-- Up-to-date: /home/anlh/pedsim_ros2/install/pedsim_msgs/share/pedsim_msgs/msg/SocialActivity.idl
-- Up-to-date: /home/anlh/pedsim_ros2/install/pedsim_msgs/share/pedsim_msgs/msg/SocialActivities.idl
-- Up-to-date: /home/anlh/pedsim_ros2/install/pedsim_msgs/share/pedsim_msgs/msg/AgentState.msg
-- Up-to-date: /home/anlh/pedsim_ros2/install/pedsim_msgs/share/pedsim_msgs/msg/AgentStates.msg
-- Up-to-date: /home/anlh/pedsim_ros2/install/pedsim_msgs/share/pedsim_msgs/msg/AgentGroup.msg
-- Up-to-date: /home/anlh/pedsim_ros2/install/pedsim_msgs/share/pedsim_msgs/msg/AgentGroups.msg
-- Up-to-date: /home/anlh/pedsim_ros2/install/pedsim_msgs/share/pedsim_msgs/msg/AgentForce.msg
-- Up-to-date: /home/anlh/pedsim_ros2/install/pedsim_msgs/share/pedsim_msgs/msg/LineObstacle.msg
-- Up-to-date: /home/anlh/pedsim_ros2/install/pedsim_msgs/share/pedsim_msgs/msg/LineObstacles.msg
-- Up-to-date: /home/anlh/pedsim_ros2/install/pedsim_msgs/share/pedsim_msgs/msg/TrackedPerson.msg
-- Up-to-date: /home/anlh/pedsim_ros2/install/pedsim_msgs/share/pedsim_msgs/msg/TrackedPersons.msg
-- Up-to-date: /home/anlh/pedsim_ros2/install/pedsim_msgs/share/pedsim_msgs/msg/TrackedGroup.msg
-- Up-to-date: /home/anlh/pedsim_ros2/install/pedsim_msgs/share/pedsim_msgs/msg/TrackedGroups.msg
-- Up-to-date: /home/anlh/pedsim_ros2/install/pedsim_msgs/share/pedsim_msgs/msg/SocialRelation.msg
-- Up-to-date: /home/anlh/pedsim_ros2/install/pedsim_msgs/share/pedsim_msgs/msg/SocialRelations.msg
-- Up-to-date: /home/anlh/pedsim_ros2/install/pedsim_msgs/share/pedsim_msgs/msg/SocialActivity.msg
-- Up-to-date: /home/anlh/pedsim_ros2/install/pedsim_msgs/share/pedsim_msgs/msg/SocialActivities.msg
-- Up-to-date: /home/anlh/pedsim_ros2/install/pedsim_msgs/share/ament_index/resource_index/package_run_dependencies/pedsim_msgs
-- Up-to-date: /home/anlh/pedsim_ros2/install/pedsim_msgs/share/ament_index/resource_index/parent_prefix_path/pedsim_msgs
-- Up-to-date: /home/anlh/pedsim_ros2/install/pedsim_msgs/share/pedsim_msgs/environment/ament_prefix_path.dsv
-- Up-to-date: /home/anlh/pedsim_ros2/install/pedsim_msgs/share/pedsim_msgs/environment/path.dsv
-- Up-to-date: /home/anlh/pedsim_ros2/install/pedsim_msgs/share/pedsim_msgs/local_setup.bash
-- Up-to-date: /home/anlh/pedsim_ros2/install/pedsim_msgs/share/pedsim_msgs/local_setup.sh
-- Up-to-date: /home/anlh/pedsim_ros2/install/pedsim_msgs/share/pedsim_msgs/local_setup.zsh
-- Up-to-date: /home/anlh/pedsim_ros2/install/pedsim_msgs/share/pedsim_msgs/local_setup.dsv
-- Installing: /home/anlh/pedsim_ros2/install/pedsim_msgs/share/pedsim_msgs/package.dsv
-- Up-to-date: /home/anlh/pedsim_ros2/install/pedsim_msgs/share/ament_index/resource_index/packages/pedsim_msgs
-- Up-to-date: /home/anlh/pedsim_ros2/install/pedsim_msgs/share/pedsim_msgs/cmake/export_pedsim_msgs__rosidl_generator_cExport.cmake
-- Up-to-date: /home/anlh/pedsim_ros2/install/pedsim_msgs/share/pedsim_msgs/cmake/export_pedsim_msgs__rosidl_generator_cExport-noconfig.cmake
-- Up-to-date: /home/anlh/pedsim_ros2/install/pedsim_msgs/share/pedsim_msgs/cmake/export_pedsim_msgs__rosidl_typesupport_fastrtps_cExport.cmake
-- Up-to-date: /home/anlh/pedsim_ros2/install/pedsim_msgs/share/pedsim_msgs/cmake/export_pedsim_msgs__rosidl_typesupport_fastrtps_cExport-noconfig.cmake
-- Up-to-date: /home/anlh/pedsim_ros2/install/pedsim_msgs/share/pedsim_msgs/cmake/export_pedsim_msgs__rosidl_generator_cppExport.cmake
-- Up-to-date: /home/anlh/pedsim_ros2/install/pedsim_msgs/share/pedsim_msgs/cmake/export_pedsim_msgs__rosidl_typesupport_fastrtps_cppExport.cmake
-- Up-to-date: /home/anlh/pedsim_ros2/install/pedsim_msgs/share/pedsim_msgs/cmake/export_pedsim_msgs__rosidl_typesupport_fastrtps_cppExport-noconfig.cmake
-- Up-to-date: /home/anlh/pedsim_ros2/install/pedsim_msgs/share/pedsim_msgs/cmake/pedsim_msgs__rosidl_typesupport_introspection_cExport.cmake
-- Up-to-date: /home/anlh/pedsim_ros2/install/pedsim_msgs/share/pedsim_msgs/cmake/pedsim_msgs__rosidl_typesupport_introspection_cExport-noconfig.cmake
-- Up-to-date: /home/anlh/pedsim_ros2/install/pedsim_msgs/share/pedsim_msgs/cmake/pedsim_msgs__rosidl_typesupport_cExport.cmake
-- Up-to-date: /home/anlh/pedsim_ros2/install/pedsim_msgs/share/pedsim_msgs/cmake/pedsim_msgs__rosidl_typesupport_cExport-noconfig.cmake
-- Up-to-date: /home/anlh/pedsim_ros2/install/pedsim_msgs/share/pedsim_msgs/cmake/pedsim_msgs__rosidl_typesupport_introspection_cppExport.cmake
-- Up-to-date: /home/anlh/pedsim_ros2/install/pedsim_msgs/share/pedsim_msgs/cmake/pedsim_msgs__rosidl_typesupport_introspection_cppExport-noconfig.cmake
-- Up-to-date: /home/anlh/pedsim_ros2/install/pedsim_msgs/share/pedsim_msgs/cmake/pedsim_msgs__rosidl_typesupport_cppExport.cmake
-- Up-to-date: /home/anlh/pedsim_ros2/install/pedsim_msgs/share/pedsim_msgs/cmake/pedsim_msgs__rosidl_typesupport_cppExport-noconfig.cmake
-- Up-to-date: /home/anlh/pedsim_ros2/install/pedsim_msgs/share/pedsim_msgs/cmake/export_pedsim_msgs__rosidl_generator_pyExport.cmake
-- Up-to-date: /home/anlh/pedsim_ros2/install/pedsim_msgs/share/pedsim_msgs/cmake/export_pedsim_msgs__rosidl_generator_pyExport-noconfig.cmake
-- Up-to-date: /home/anlh/pedsim_ros2/install/pedsim_msgs/share/pedsim_msgs/cmake/rosidl_cmake-extras.cmake
-- Up-to-date: /home/anlh/pedsim_ros2/install/pedsim_msgs/share/pedsim_msgs/cmake/ament_cmake_export_dependencies-extras.cmake
-- Up-to-date: /home/anlh/pedsim_ros2/install/pedsim_msgs/share/pedsim_msgs/cmake/ament_cmake_export_include_directories-extras.cmake
-- Up-to-date: /home/anlh/pedsim_ros2/install/pedsim_msgs/share/pedsim_msgs/cmake/ament_cmake_export_libraries-extras.cmake
-- Up-to-date: /home/anlh/pedsim_ros2/install/pedsim_msgs/share/pedsim_msgs/cmake/ament_cmake_export_targets-extras.cmake
-- Up-to-date: /home/anlh/pedsim_ros2/install/pedsim_msgs/share/pedsim_msgs/cmake/rosidl_cmake_export_typesupport_targets-extras.cmake
-- Up-to-date: /home/anlh/pedsim_ros2/install/pedsim_msgs/share/pedsim_msgs/cmake/rosidl_cmake_export_typesupport_libraries-extras.cmake
-- Up-to-date: /home/anlh/pedsim_ros2/install/pedsim_msgs/share/pedsim_msgs/cmake/pedsim_msgsConfig.cmake
-- Up-to-date: /home/anlh/pedsim_ros2/install/pedsim_msgs/share/pedsim_msgs/cmake/pedsim_msgsConfig-version.cmake
-- Up-to-date: /home/anlh/pedsim_ros2/install/pedsim_msgs/share/pedsim_msgs/package.xml
