-- The C compiler identification is GNU 11.4.0
-- The CXX compiler identification is GNU 11.4.0
-- Detecting C compiler ABI info
-- Detecting C compiler ABI info - done
-- Check for working C compiler: /usr/bin/cc - skipped
-- Detecting C compile features
-- Detecting C compile features - done
-- Detecting CXX compiler ABI info
-- Detecting CXX compiler ABI info - done
-- Check for working CXX compiler: /usr/bin/c++ - skipped
-- Detecting CXX compile features
-- Detecting CXX compile features - done
-- Found ament_cmake: 1.3.10 (/home/anlh/ros2_humble/install/ament_cmake/share/ament_cmake/cmake)
-- Found Python3: /usr/bin/python3 (found version "3.10.12") found components: Interpreter
-- Found rclcpp: 16.0.10 (/home/anlh/ros2_humble/install/rclcpp/share/rclcpp/cmake)
-- Found rosidl_generator_c: 3.1.5 (/home/anlh/ros2_humble/install/rosidl_generator_c/share/rosidl_generator_c/cmake)
-- Found rosidl_adapter: 3.1.5 (/home/anlh/ros2_humble/install/rosidl_adapter/share/rosidl_adapter/cmake)
-- Found rosidl_generator_cpp: 3.1.5 (/home/anlh/ros2_humble/install/rosidl_generator_cpp/share/rosidl_generator_cpp/cmake)
-- Using all available rosidl_typesupport_c: rosidl_typesupport_fastrtps_c;rosidl_typesupport_introspection_c
-- Using all available rosidl_typesupport_cpp: rosidl_typesupport_fastrtps_cpp;rosidl_typesupport_introspection_cpp
-- Found rmw_implementation_cmake: 6.1.2 (/home/anlh/ros2_humble/install/rmw_implementation_cmake/share/rmw_implementation_cmake/cmake)
-- Found rmw_fastrtps_cpp: 6.2.7 (/home/anlh/ros2_humble/install/rmw_fastrtps_cpp/share/rmw_fastrtps_cpp/cmake)
-- Found OpenSSL: /usr/lib/x86_64-linux-gnu/libcrypto.so (found version "3.0.2")
-- Found FastRTPS: /home/anlh/ros2_humble/install/fastrtps/include
-- Using RMW implementation 'rmw_fastrtps_cpp' as default
-- Performing Test CMAKE_HAVE_LIBC_PTHREAD
-- Performing Test CMAKE_HAVE_LIBC_PTHREAD - Success
-- Found Threads: TRUE
-- Found Boost: /usr/lib/x86_64-linux-gnu/cmake/Boost-1.74.0/BoostConfig.cmake (found version "1.74.0")
-- Configuring done (2.0s)
-- Generating done (0.0s)
-- Build files have been written to: /home/anlh/pedsim_ros2/build/pedsim
[ 25%] [32mBuilding CXX object CMakeFiles/pedsim.dir/src/ped_agent.cpp.o[0m
[ 25%] [32mBuilding CXX object CMakeFiles/pedsim.dir/src/ped_angle.cpp.o[0m
[ 37%] [32mBuilding CXX object CMakeFiles/pedsim.dir/src/ped_scene.cpp.o[0m
[ 50%] [32mBuilding CXX object CMakeFiles/pedsim.dir/src/ped_tree.cpp.o[0m
[ 62%] [32mBuilding CXX object CMakeFiles/pedsim.dir/src/ped_obstacle.cpp.o[0m
[ 75%] [32mBuilding CXX object CMakeFiles/pedsim.dir/src/ped_vector.cpp.o[0m
[ 87%] [32mBuilding CXX object CMakeFiles/pedsim.dir/src/ped_waypoint.cpp.o[0m
[100%] [32m[1mLinking CXX static library libpedsim.a[0m
[100%] Built target pedsim
-- Install configuration: ""
-- Installing: /home/anlh/pedsim_ros2/install/pedsim/include/
-- Installing: /home/anlh/pedsim_ros2/install/pedsim/include//pedsim
-- Installing: /home/anlh/pedsim_ros2/install/pedsim/include//pedsim/ped_scene.h
-- Installing: /home/anlh/pedsim_ros2/install/pedsim/include//pedsim/ped_angle.h
-- Installing: /home/anlh/pedsim_ros2/install/pedsim/include//pedsim/ped_waypoint.h
-- Installing: /home/anlh/pedsim_ros2/install/pedsim/include//pedsim/ped_includes.h
-- Installing: /home/anlh/pedsim_ros2/install/pedsim/include//pedsim/ped_vector.h
-- Installing: /home/anlh/pedsim_ros2/install/pedsim/include//pedsim/ped_obstacle.h
-- Installing: /home/anlh/pedsim_ros2/install/pedsim/include//pedsim/ped_agent.h
-- Installing: /home/anlh/pedsim_ros2/install/pedsim/include//pedsim/ped_tree.h
-- Installing: /home/anlh/pedsim_ros2/install/pedsim/lib/libpedsim.a
-- Installing: /home/anlh/pedsim_ros2/install/pedsim/share/pedsim/environment/library_path.sh
-- Installing: /home/anlh/pedsim_ros2/install/pedsim/share/pedsim/environment/library_path.dsv
-- Installing: /home/anlh/pedsim_ros2/install/pedsim/share/ament_index/resource_index/package_run_dependencies/pedsim
-- Installing: /home/anlh/pedsim_ros2/install/pedsim/share/ament_index/resource_index/parent_prefix_path/pedsim
-- Installing: /home/anlh/pedsim_ros2/install/pedsim/share/pedsim/environment/ament_prefix_path.sh
-- Installing: /home/anlh/pedsim_ros2/install/pedsim/share/pedsim/environment/ament_prefix_path.dsv
-- Installing: /home/anlh/pedsim_ros2/install/pedsim/share/pedsim/environment/path.sh
-- Installing: /home/anlh/pedsim_ros2/install/pedsim/share/pedsim/environment/path.dsv
-- Installing: /home/anlh/pedsim_ros2/install/pedsim/share/pedsim/local_setup.bash
-- Installing: /home/anlh/pedsim_ros2/install/pedsim/share/pedsim/local_setup.sh
-- Installing: /home/anlh/pedsim_ros2/install/pedsim/share/pedsim/local_setup.zsh
-- Installing: /home/anlh/pedsim_ros2/install/pedsim/share/pedsim/local_setup.dsv
-- Installing: /home/anlh/pedsim_ros2/install/pedsim/share/pedsim/package.dsv
-- Installing: /home/anlh/pedsim_ros2/install/pedsim/share/ament_index/resource_index/packages/pedsim
-- Installing: /home/anlh/pedsim_ros2/install/pedsim/share/pedsim/cmake/ament_cmake_export_include_directories-extras.cmake
-- Installing: /home/anlh/pedsim_ros2/install/pedsim/share/pedsim/cmake/ament_cmake_export_libraries-extras.cmake
-- Installing: /home/anlh/pedsim_ros2/install/pedsim/share/pedsim/cmake/ament_cmake_export_dependencies-extras.cmake
-- Installing: /home/anlh/pedsim_ros2/install/pedsim/share/pedsim/cmake/pedsimConfig.cmake
-- Installing: /home/anlh/pedsim_ros2/install/pedsim/share/pedsim/cmake/pedsimConfig-version.cmake
-- Installing: /home/anlh/pedsim_ros2/install/pedsim/share/pedsim/package.xml
