[100%] Built target pedsim_visualizer_node
-- Install configuration: "DEBUG"
-- Up-to-date: /home/anlh/pedsim_ros2/install/pedsim_visualizer/share/pedsim_visualizer/launch
-- Up-to-date: /home/anlh/pedsim_ros2/install/pedsim_visualizer/share/pedsim_visualizer/launch/visualizer_launch.py
-- Up-to-date: /home/anlh/pedsim_ros2/install/pedsim_visualizer/lib/pedsim_visualizer/pedsim_visualizer_node
-- Up-to-date: /home/anlh/pedsim_ros2/install/pedsim_visualizer/share/ament_index/resource_index/package_run_dependencies/pedsim_visualizer
-- Up-to-date: /home/anlh/pedsim_ros2/install/pedsim_visualizer/share/ament_index/resource_index/parent_prefix_path/pedsim_visualizer
-- Up-to-date: /home/anlh/pedsim_ros2/install/pedsim_visualizer/share/pedsim_visualizer/environment/ament_prefix_path.dsv
-- Up-to-date: /home/anlh/pedsim_ros2/install/pedsim_visualizer/share/pedsim_visualizer/environment/path.dsv
-- Up-to-date: /home/anlh/pedsim_ros2/install/pedsim_visualizer/share/pedsim_visualizer/local_setup.bash
-- Up-to-date: /home/anlh/pedsim_ros2/install/pedsim_visualizer/share/pedsim_visualizer/local_setup.sh
-- Up-to-date: /home/anlh/pedsim_ros2/install/pedsim_visualizer/share/pedsim_visualizer/local_setup.zsh
-- Up-to-date: /home/anlh/pedsim_ros2/install/pedsim_visualizer/share/pedsim_visualizer/local_setup.dsv
-- Installing: /home/anlh/pedsim_ros2/install/pedsim_visualizer/share/pedsim_visualizer/package.dsv
-- Up-to-date: /home/anlh/pedsim_ros2/install/pedsim_visualizer/share/ament_index/resource_index/packages/pedsim_visualizer
-- Up-to-date: /home/anlh/pedsim_ros2/install/pedsim_visualizer/share/pedsim_visualizer/cmake/ament_cmake_export_include_directories-extras.cmake
-- Up-to-date: /home/anlh/pedsim_ros2/install/pedsim_visualizer/share/pedsim_visualizer/cmake/ament_cmake_export_dependencies-extras.cmake
-- Up-to-date: /home/anlh/pedsim_ros2/install/pedsim_visualizer/share/pedsim_visualizer/cmake/pedsim_visualizerConfig.cmake
-- Up-to-date: /home/anlh/pedsim_ros2/install/pedsim_visualizer/share/pedsim_visualizer/cmake/pedsim_visualizerConfig-version.cmake
-- Up-to-date: /home/anlh/pedsim_ros2/install/pedsim_visualizer/share/pedsim_visualizer/package.xml
