-- Found ament_cmake: 1.3.10 (/home/anlh/ros2_humble/install/ament_cmake/share/ament_cmake/cmake)
-- Found builtin_interfaces: 1.2.1 (/home/anlh/ros2_humble/install/builtin_interfaces/share/builtin_interfaces/cmake)
-- Found rosidl_generator_c: 3.1.5 (/home/anlh/ros2_humble/install/rosidl_generator_c/share/rosidl_generator_c/cmake)
-- Found rosidl_adapter: 3.1.5 (/home/anlh/ros2_humble/install/rosidl_adapter/share/rosidl_adapter/cmake)
-- Found rosidl_generator_cpp: 3.1.5 (/home/anlh/ros2_humble/install/rosidl_generator_cpp/share/rosidl_generator_cpp/cmake)
-- Using all available rosidl_typesupport_c: rosidl_typesupport_fastrtps_c;rosidl_typesupport_introspection_c
-- Using all available rosidl_typesupport_cpp: rosidl_typesupport_fastrtps_cpp;rosidl_typesupport_introspection_cpp
-- Found rosidl_default_generators: 1.2.0 (/home/anlh/ros2_humble/install/rosidl_default_generators/share/rosidl_default_generators/cmake)
-- Found rclcpp: 16.0.10 (/home/anlh/ros2_humble/install/rclcpp/share/rclcpp/cmake)
-- Found rmw_implementation_cmake: 6.1.2 (/home/anlh/ros2_humble/install/rmw_implementation_cmake/share/rmw_implementation_cmake/cmake)
-- Found rmw_fastrtps_cpp: 6.2.7 (/home/anlh/ros2_humble/install/rmw_fastrtps_cpp/share/rmw_fastrtps_cpp/cmake)
-- Using RMW implementation 'rmw_fastrtps_cpp' as default
-- Found rclpy: 3.3.14 (/home/anlh/ros2_humble/install/rclpy/share/rclpy/cmake)
-- Found pedsim_msgs: 0.0.1 (/home/anlh/pedsim_ros2/install/pedsim_msgs/share/pedsim_msgs/cmake)
-- Found ament_cmake_ros: 0.10.0 (/home/anlh/ros2_humble/install/ament_cmake_ros/share/ament_cmake_ros/cmake)
-- Using all available rosidl_typesupport_c: rosidl_typesupport_fastrtps_c;rosidl_typesupport_introspection_c
-- Using all available rosidl_typesupport_cpp: rosidl_typesupport_fastrtps_cpp;rosidl_typesupport_introspection_cpp
[33mCMake Warning (dev) at /home/anlh/ros2_humble/install/rosidl_generator_py/share/rosidl_generator_py/cmake/rosidl_generator_py_generate_interfaces.cmake:20 (find_package):
  Policy CMP0148 is not set: The FindPythonInterp and FindPythonLibs modules
  are removed.  Run "cmake --help-policy CMP0148" for policy details.  Use
  the cmake_policy command to set the policy and suppress this warning.

Call Stack (most recent call first):
  /home/anlh/ros2_humble/install/ament_cmake_core/share/ament_cmake_core/cmake/core/ament_execute_extensions.cmake:48 (include)
  /home/anlh/ros2_humble/install/rosidl_cmake/share/rosidl_cmake/cmake/rosidl_generate_interfaces.cmake:286 (ament_execute_extensions)
  CMakeLists.txt:15 (rosidl_generate_interfaces)
This warning is for project developers.  Use -Wno-dev to suppress it.
[0m
-- Found python_cmake_module: 0.10.0 (/home/anlh/ros2_humble/install/python_cmake_module/share/python_cmake_module/cmake)
[33mCMake Warning (dev) at /home/anlh/ros2_humble/install/python_cmake_module/share/python_cmake_module/cmake/Modules/FindPythonExtra.cmake:52 (find_package):
  Policy CMP0148 is not set: The FindPythonInterp and FindPythonLibs modules
  are removed.  Run "cmake --help-policy CMP0148" for policy details.  Use
  the cmake_policy command to set the policy and suppress this warning.

Call Stack (most recent call first):
  /home/anlh/ros2_humble/install/rosidl_generator_py/share/rosidl_generator_py/cmake/rosidl_generator_py_generate_interfaces.cmake:23 (find_package)
  /home/anlh/ros2_humble/install/ament_cmake_core/share/ament_cmake_core/cmake/core/ament_execute_extensions.cmake:48 (include)
  /home/anlh/ros2_humble/install/rosidl_cmake/share/rosidl_cmake/cmake/rosidl_generate_interfaces.cmake:286 (ament_execute_extensions)
  CMakeLists.txt:15 (rosidl_generate_interfaces)
This warning is for project developers.  Use -Wno-dev to suppress it.
[0m
[33mCMake Warning (dev) at /home/anlh/ros2_humble/install/python_cmake_module/share/python_cmake_module/cmake/Modules/FindPythonExtra.cmake:140 (find_package):
  Policy CMP0148 is not set: The FindPythonInterp and FindPythonLibs modules
  are removed.  Run "cmake --help-policy CMP0148" for policy details.  Use
  the cmake_policy command to set the policy and suppress this warning.

Call Stack (most recent call first):
  /home/anlh/ros2_humble/install/rosidl_generator_py/share/rosidl_generator_py/cmake/rosidl_generator_py_generate_interfaces.cmake:23 (find_package)
  /home/anlh/ros2_humble/install/ament_cmake_core/share/ament_cmake_core/cmake/core/ament_execute_extensions.cmake:48 (include)
  /home/anlh/ros2_humble/install/rosidl_cmake/share/rosidl_cmake/cmake/rosidl_generate_interfaces.cmake:286 (ament_execute_extensions)
  CMakeLists.txt:15 (rosidl_generate_interfaces)
This warning is for project developers.  Use -Wno-dev to suppress it.
[0m
-- Using PYTHON_EXECUTABLE: /usr/bin/python3
-- Using PYTHON_INCLUDE_DIRS: /usr/include/python3.10
-- Using PYTHON_LIBRARIES: /usr/lib/x86_64-linux-gnu/libpython3.10.so
-- Configuring done (7.0s)
-- Generating done (0.0s)
-- Build files have been written to: /home/anlh/pedsim_ros2/build/pedsim_srvs
[  1%] [34m[1mGenerating C code for ROS interfaces[0m
[  3%] [34m[1mGenerating C++ code for ROS interfaces[0m
[  3%] Built target ament_cmake_python_copy_pedsim_srvs
[  3%] Built target pedsim_srvs__cpp
[  5%] [34m[1mGenerating C++ type support dispatch for ROS interfaces[0m
[  7%] [34m[1mGenerating C++ introspection for ROS interfaces[0m
[  9%] [34m[1mGenerating C++ type support for eProsima Fast-RTPS[0m
running egg_info
writing pedsim_srvs.egg-info/PKG-INFO
writing dependency_links to pedsim_srvs.egg-info/dependency_links.txt
writing top-level names to pedsim_srvs.egg-info/top_level.txt
reading manifest file 'pedsim_srvs.egg-info/SOURCES.txt'
writing manifest file 'pedsim_srvs.egg-info/SOURCES.txt'
[  9%] Built target ament_cmake_python_build_pedsim_srvs_egg
[ 14%] [32mBuilding C object CMakeFiles/pedsim_srvs__rosidl_generator_c.dir/rosidl_generator_c/pedsim_srvs/srv/detail/set_agent_state__functions.c.o[0m
[ 14%] [32mBuilding C object CMakeFiles/pedsim_srvs__rosidl_generator_c.dir/rosidl_generator_c/pedsim_srvs/srv/detail/get_all_agents_state__functions.c.o[0m
[ 14%] [32mBuilding C object CMakeFiles/pedsim_srvs__rosidl_generator_c.dir/rosidl_generator_c/pedsim_srvs/srv/detail/get_agent_state__functions.c.o[0m
[ 16%] [32mBuilding C object CMakeFiles/pedsim_srvs__rosidl_generator_c.dir/rosidl_generator_c/pedsim_srvs/srv/detail/set_all_agents_state__functions.c.o[0m
[ 18%] [32m[1mLinking C shared library libpedsim_srvs__rosidl_generator_c.so[0m
[ 18%] Built target pedsim_srvs__rosidl_generator_c
[ 23%] [34m[1mGenerating C type support dispatch for ROS interfaces[0m
[ 23%] [34m[1mGenerating C introspection for ROS interfaces[0m
[ 23%] [34m[1mGenerating C type support for eProsima Fast-RTPS[0m
[ 29%] [32mBuilding CXX object CMakeFiles/pedsim_srvs__rosidl_typesupport_cpp.dir/rosidl_typesupport_cpp/pedsim_srvs/srv/get_all_agents_state__type_support.cpp.o[0m
[ 29%] [32mBuilding CXX object CMakeFiles/pedsim_srvs__rosidl_typesupport_cpp.dir/rosidl_typesupport_cpp/pedsim_srvs/srv/get_agent_state__type_support.cpp.o[0m
[ 29%] [32mBuilding CXX object CMakeFiles/pedsim_srvs__rosidl_typesupport_cpp.dir/rosidl_typesupport_cpp/pedsim_srvs/srv/set_agent_state__type_support.cpp.o[0m
[ 30%] [32mBuilding CXX object CMakeFiles/pedsim_srvs__rosidl_typesupport_cpp.dir/rosidl_typesupport_cpp/pedsim_srvs/srv/set_all_agents_state__type_support.cpp.o[0m
[ 32%] [32mBuilding CXX object CMakeFiles/pedsim_srvs__rosidl_typesupport_introspection_cpp.dir/rosidl_typesupport_introspection_cpp/pedsim_srvs/srv/detail/get_agent_state__type_support.cpp.o[0m
[ 34%] [32mBuilding CXX object CMakeFiles/pedsim_srvs__rosidl_typesupport_introspection_cpp.dir/rosidl_typesupport_introspection_cpp/pedsim_srvs/srv/detail/get_all_agents_state__type_support.cpp.o[0m
[ 36%] [32mBuilding CXX object CMakeFiles/pedsim_srvs__rosidl_typesupport_introspection_cpp.dir/rosidl_typesupport_introspection_cpp/pedsim_srvs/srv/detail/set_all_agents_state__type_support.cpp.o[0m
[ 38%] [32mBuilding CXX object CMakeFiles/pedsim_srvs__rosidl_typesupport_introspection_cpp.dir/rosidl_typesupport_introspection_cpp/pedsim_srvs/srv/detail/set_agent_state__type_support.cpp.o[0m
[ 40%] [32mBuilding CXX object CMakeFiles/pedsim_srvs__rosidl_typesupport_fastrtps_cpp.dir/rosidl_typesupport_fastrtps_cpp/pedsim_srvs/srv/detail/dds_fastrtps/get_agent_state__type_support.cpp.o[0m
[ 43%] [32mBuilding CXX object CMakeFiles/pedsim_srvs__rosidl_typesupport_fastrtps_cpp.dir/rosidl_typesupport_fastrtps_cpp/pedsim_srvs/srv/detail/dds_fastrtps/set_agent_state__type_support.cpp.o[0m
[ 43%] [32mBuilding CXX object CMakeFiles/pedsim_srvs__rosidl_typesupport_fastrtps_cpp.dir/rosidl_typesupport_fastrtps_cpp/pedsim_srvs/srv/detail/dds_fastrtps/get_all_agents_state__type_support.cpp.o[0m
[ 45%] [32mBuilding CXX object CMakeFiles/pedsim_srvs__rosidl_typesupport_fastrtps_cpp.dir/rosidl_typesupport_fastrtps_cpp/pedsim_srvs/srv/detail/dds_fastrtps/set_all_agents_state__type_support.cpp.o[0m
[ 47%] [32m[1mLinking CXX shared library libpedsim_srvs__rosidl_typesupport_cpp.so[0m
[ 47%] Built target pedsim_srvs__rosidl_typesupport_cpp
[ 49%] [32mBuilding CXX object CMakeFiles/pedsim_srvs__rosidl_typesupport_c.dir/rosidl_typesupport_c/pedsim_srvs/srv/get_all_agents_state__type_support.cpp.o[0m
[ 52%] [32mBuilding CXX object CMakeFiles/pedsim_srvs__rosidl_typesupport_c.dir/rosidl_typesupport_c/pedsim_srvs/srv/set_agent_state__type_support.cpp.o[0m
[ 52%] [32mBuilding CXX object CMakeFiles/pedsim_srvs__rosidl_typesupport_c.dir/rosidl_typesupport_c/pedsim_srvs/srv/set_all_agents_state__type_support.cpp.o[0m
[ 54%] [32mBuilding CXX object CMakeFiles/pedsim_srvs__rosidl_typesupport_c.dir/rosidl_typesupport_c/pedsim_srvs/srv/get_agent_state__type_support.cpp.o[0m
[ 58%] [32mBuilding CXX object CMakeFiles/pedsim_srvs__rosidl_typesupport_fastrtps_c.dir/rosidl_typesupport_fastrtps_c/pedsim_srvs/srv/detail/get_all_agents_state__type_support_c.cpp.o[0m
[ 58%] [32mBuilding CXX object CMakeFiles/pedsim_srvs__rosidl_typesupport_fastrtps_c.dir/rosidl_typesupport_fastrtps_c/pedsim_srvs/srv/detail/get_agent_state__type_support_c.cpp.o[0m
[ 60%] [32mBuilding CXX object CMakeFiles/pedsim_srvs__rosidl_typesupport_fastrtps_c.dir/rosidl_typesupport_fastrtps_c/pedsim_srvs/srv/detail/set_agent_state__type_support_c.cpp.o[0m
[ 61%] [32mBuilding CXX object CMakeFiles/pedsim_srvs__rosidl_typesupport_fastrtps_c.dir/rosidl_typesupport_fastrtps_c/pedsim_srvs/srv/detail/set_all_agents_state__type_support_c.cpp.o[0m
[ 63%] [32m[1mLinking CXX shared library libpedsim_srvs__rosidl_typesupport_c.so[0m
[ 63%] Built target pedsim_srvs__rosidl_typesupport_c
[ 65%] [32m[1mLinking CXX shared library libpedsim_srvs__rosidl_typesupport_introspection_cpp.so[0m
[ 67%] [32mBuilding C object CMakeFiles/pedsim_srvs__rosidl_typesupport_introspection_c.dir/rosidl_typesupport_introspection_c/pedsim_srvs/srv/detail/get_agent_state__type_support.c.o[0m
[ 69%] [32mBuilding C object CMakeFiles/pedsim_srvs__rosidl_typesupport_introspection_c.dir/rosidl_typesupport_introspection_c/pedsim_srvs/srv/detail/set_agent_state__type_support.c.o[0m
[ 70%] [32mBuilding C object CMakeFiles/pedsim_srvs__rosidl_typesupport_introspection_c.dir/rosidl_typesupport_introspection_c/pedsim_srvs/srv/detail/get_all_agents_state__type_support.c.o[0m
[ 72%] [32mBuilding C object CMakeFiles/pedsim_srvs__rosidl_typesupport_introspection_c.dir/rosidl_typesupport_introspection_c/pedsim_srvs/srv/detail/set_all_agents_state__type_support.c.o[0m
[ 74%] [32m[1mLinking C shared library libpedsim_srvs__rosidl_typesupport_introspection_c.so[0m
[ 74%] Built target pedsim_srvs__rosidl_typesupport_introspection_cpp
[ 74%] Built target pedsim_srvs__rosidl_typesupport_introspection_c
[ 76%] [32m[1mLinking CXX shared library libpedsim_srvs__rosidl_typesupport_fastrtps_cpp.so[0m
[ 76%] Built target pedsim_srvs__rosidl_typesupport_fastrtps_cpp
[ 78%] [32m[1mLinking CXX shared library libpedsim_srvs__rosidl_typesupport_fastrtps_c.so[0m
[ 78%] Built target pedsim_srvs__rosidl_typesupport_fastrtps_c
[ 78%] Built target pedsim_srvs
[ 80%] [34m[1mGenerating Python code for ROS interfaces[0m
[ 80%] Built target pedsim_srvs__py
[ 81%] [32mBuilding C object CMakeFiles/pedsim_srvs__rosidl_generator_py.dir/rosidl_generator_py/pedsim_srvs/srv/_get_agent_state_s.c.o[0m
[ 85%] [32mBuilding C object CMakeFiles/pedsim_srvs__rosidl_generator_py.dir/rosidl_generator_py/pedsim_srvs/srv/_set_all_agents_state_s.c.o[0m
[ 85%] [32mBuilding C object CMakeFiles/pedsim_srvs__rosidl_generator_py.dir/rosidl_generator_py/pedsim_srvs/srv/_get_all_agents_state_s.c.o[0m
[ 87%] [32mBuilding C object CMakeFiles/pedsim_srvs__rosidl_generator_py.dir/rosidl_generator_py/pedsim_srvs/srv/_set_agent_state_s.c.o[0m
[ 89%] [32m[1mLinking C shared library rosidl_generator_py/pedsim_srvs/libpedsim_srvs__rosidl_generator_py.so[0m
[ 89%] Built target pedsim_srvs__rosidl_generator_py
[ 90%] [32mBuilding C object CMakeFiles/pedsim_srvs__rosidl_typesupport_c__pyext.dir/rosidl_generator_py/pedsim_srvs/_pedsim_srvs_s.ep.rosidl_typesupport_c.c.o[0m
[ 92%] [32mBuilding C object CMakeFiles/pedsim_srvs__rosidl_typesupport_fastrtps_c__pyext.dir/rosidl_generator_py/pedsim_srvs/_pedsim_srvs_s.ep.rosidl_typesupport_fastrtps_c.c.o[0m
[ 94%] [32mBuilding C object CMakeFiles/pedsim_srvs__rosidl_typesupport_introspection_c__pyext.dir/rosidl_generator_py/pedsim_srvs/_pedsim_srvs_s.ep.rosidl_typesupport_introspection_c.c.o[0m
[ 98%] [32m[1mLinking C shared library rosidl_generator_py/pedsim_srvs/pedsim_srvs_s__rosidl_typesupport_fastrtps_c.cpython-310-x86_64-linux-gnu.so[0m
[ 98%] [32m[1mLinking C shared library rosidl_generator_py/pedsim_srvs/pedsim_srvs_s__rosidl_typesupport_introspection_c.cpython-310-x86_64-linux-gnu.so[0m
[ 98%] Built target pedsim_srvs__rosidl_typesupport_fastrtps_c__pyext
[ 98%] Built target pedsim_srvs__rosidl_typesupport_introspection_c__pyext
[100%] [32m[1mLinking C shared library rosidl_generator_py/pedsim_srvs/pedsim_srvs_s__rosidl_typesupport_c.cpython-310-x86_64-linux-gnu.so[0m
[100%] Built target pedsim_srvs__rosidl_typesupport_c__pyext
-- Install configuration: "DEBUG"
-- Up-to-date: /home/anlh/pedsim_ros2/install/pedsim_srvs/share/ament_index/resource_index/rosidl_interfaces/pedsim_srvs
-- Up-to-date: /home/anlh/pedsim_ros2/install/pedsim_srvs/include/pedsim_srvs/pedsim_srvs
-- Up-to-date: /home/anlh/pedsim_ros2/install/pedsim_srvs/include/pedsim_srvs/pedsim_srvs/msg
-- Up-to-date: /home/anlh/pedsim_ros2/install/pedsim_srvs/include/pedsim_srvs/pedsim_srvs/msg/rosidl_generator_c__visibility_control.h
-- Up-to-date: /home/anlh/pedsim_ros2/install/pedsim_srvs/include/pedsim_srvs/pedsim_srvs/srv
-- Installing: /home/anlh/pedsim_ros2/install/pedsim_srvs/include/pedsim_srvs/pedsim_srvs/srv/set_all_agents_state.h
-- Installing: /home/anlh/pedsim_ros2/install/pedsim_srvs/include/pedsim_srvs/pedsim_srvs/srv/get_all_agents_state.h
-- Up-to-date: /home/anlh/pedsim_ros2/install/pedsim_srvs/include/pedsim_srvs/pedsim_srvs/srv/detail
-- Installing: /home/anlh/pedsim_ros2/install/pedsim_srvs/include/pedsim_srvs/pedsim_srvs/srv/detail/set_agent_state__type_support.h
-- Installing: /home/anlh/pedsim_ros2/install/pedsim_srvs/include/pedsim_srvs/pedsim_srvs/srv/detail/get_all_agents_state__struct.h
-- Installing: /home/anlh/pedsim_ros2/install/pedsim_srvs/include/pedsim_srvs/pedsim_srvs/srv/detail/get_agent_state__struct.h
-- Installing: /home/anlh/pedsim_ros2/install/pedsim_srvs/include/pedsim_srvs/pedsim_srvs/srv/detail/set_all_agents_state__functions.h
-- Installing: /home/anlh/pedsim_ros2/install/pedsim_srvs/include/pedsim_srvs/pedsim_srvs/srv/detail/set_agent_state__functions.c
-- Installing: /home/anlh/pedsim_ros2/install/pedsim_srvs/include/pedsim_srvs/pedsim_srvs/srv/detail/get_agent_state__functions.h
-- Installing: /home/anlh/pedsim_ros2/install/pedsim_srvs/include/pedsim_srvs/pedsim_srvs/srv/detail/set_agent_state__functions.h
-- Installing: /home/anlh/pedsim_ros2/install/pedsim_srvs/include/pedsim_srvs/pedsim_srvs/srv/detail/get_all_agents_state__functions.h
-- Installing: /home/anlh/pedsim_ros2/install/pedsim_srvs/include/pedsim_srvs/pedsim_srvs/srv/detail/set_all_agents_state__type_support.h
-- Installing: /home/anlh/pedsim_ros2/install/pedsim_srvs/include/pedsim_srvs/pedsim_srvs/srv/detail/set_all_agents_state__struct.h
-- Installing: /home/anlh/pedsim_ros2/install/pedsim_srvs/include/pedsim_srvs/pedsim_srvs/srv/detail/get_all_agents_state__type_support.h
-- Installing: /home/anlh/pedsim_ros2/install/pedsim_srvs/include/pedsim_srvs/pedsim_srvs/srv/detail/set_agent_state__struct.h
-- Installing: /home/anlh/pedsim_ros2/install/pedsim_srvs/include/pedsim_srvs/pedsim_srvs/srv/detail/set_all_agents_state__functions.c
-- Installing: /home/anlh/pedsim_ros2/install/pedsim_srvs/include/pedsim_srvs/pedsim_srvs/srv/detail/get_all_agents_state__functions.c
-- Installing: /home/anlh/pedsim_ros2/install/pedsim_srvs/include/pedsim_srvs/pedsim_srvs/srv/detail/get_agent_state__type_support.h
-- Installing: /home/anlh/pedsim_ros2/install/pedsim_srvs/include/pedsim_srvs/pedsim_srvs/srv/detail/get_agent_state__functions.c
-- Installing: /home/anlh/pedsim_ros2/install/pedsim_srvs/include/pedsim_srvs/pedsim_srvs/srv/set_agent_state.h
-- Installing: /home/anlh/pedsim_ros2/install/pedsim_srvs/include/pedsim_srvs/pedsim_srvs/srv/get_agent_state.h
-- Installing: /home/anlh/pedsim_ros2/install/pedsim_srvs/share/pedsim_srvs/environment/library_path.sh
-- Installing: /home/anlh/pedsim_ros2/install/pedsim_srvs/share/pedsim_srvs/environment/library_path.dsv
-- Installing: /home/anlh/pedsim_ros2/install/pedsim_srvs/lib/libpedsim_srvs__rosidl_generator_c.so
-- Set non-toolchain portion of runtime path of "/home/anlh/pedsim_ros2/install/pedsim_srvs/lib/libpedsim_srvs__rosidl_generator_c.so" to ""
-- Up-to-date: /home/anlh/pedsim_ros2/install/pedsim_srvs/include/pedsim_srvs/pedsim_srvs
-- Up-to-date: /home/anlh/pedsim_ros2/install/pedsim_srvs/include/pedsim_srvs/pedsim_srvs/msg
-- Up-to-date: /home/anlh/pedsim_ros2/install/pedsim_srvs/include/pedsim_srvs/pedsim_srvs/msg/rosidl_typesupport_fastrtps_c__visibility_control.h
-- Up-to-date: /home/anlh/pedsim_ros2/install/pedsim_srvs/include/pedsim_srvs/pedsim_srvs/srv
-- Up-to-date: /home/anlh/pedsim_ros2/install/pedsim_srvs/include/pedsim_srvs/pedsim_srvs/srv/detail
-- Installing: /home/anlh/pedsim_ros2/install/pedsim_srvs/include/pedsim_srvs/pedsim_srvs/srv/detail/get_agent_state__rosidl_typesupport_fastrtps_c.h
-- Installing: /home/anlh/pedsim_ros2/install/pedsim_srvs/include/pedsim_srvs/pedsim_srvs/srv/detail/get_all_agents_state__rosidl_typesupport_fastrtps_c.h
-- Installing: /home/anlh/pedsim_ros2/install/pedsim_srvs/include/pedsim_srvs/pedsim_srvs/srv/detail/set_all_agents_state__rosidl_typesupport_fastrtps_c.h
-- Installing: /home/anlh/pedsim_ros2/install/pedsim_srvs/include/pedsim_srvs/pedsim_srvs/srv/detail/set_agent_state__rosidl_typesupport_fastrtps_c.h
-- Installing: /home/anlh/pedsim_ros2/install/pedsim_srvs/lib/libpedsim_srvs__rosidl_typesupport_fastrtps_c.so
-- Set non-toolchain portion of runtime path of "/home/anlh/pedsim_ros2/install/pedsim_srvs/lib/libpedsim_srvs__rosidl_typesupport_fastrtps_c.so" to ""
-- Up-to-date: /home/anlh/pedsim_ros2/install/pedsim_srvs/include/pedsim_srvs/pedsim_srvs
-- Up-to-date: /home/anlh/pedsim_ros2/install/pedsim_srvs/include/pedsim_srvs/pedsim_srvs/srv
-- Up-to-date: /home/anlh/pedsim_ros2/install/pedsim_srvs/include/pedsim_srvs/pedsim_srvs/srv/detail
-- Installing: /home/anlh/pedsim_ros2/install/pedsim_srvs/include/pedsim_srvs/pedsim_srvs/srv/detail/get_all_agents_state__struct.hpp
-- Installing: /home/anlh/pedsim_ros2/install/pedsim_srvs/include/pedsim_srvs/pedsim_srvs/srv/detail/get_agent_state__traits.hpp
-- Installing: /home/anlh/pedsim_ros2/install/pedsim_srvs/include/pedsim_srvs/pedsim_srvs/srv/detail/set_agent_state__traits.hpp
-- Installing: /home/anlh/pedsim_ros2/install/pedsim_srvs/include/pedsim_srvs/pedsim_srvs/srv/detail/set_all_agents_state__builder.hpp
-- Installing: /home/anlh/pedsim_ros2/install/pedsim_srvs/include/pedsim_srvs/pedsim_srvs/srv/detail/get_all_agents_state__traits.hpp
-- Installing: /home/anlh/pedsim_ros2/install/pedsim_srvs/include/pedsim_srvs/pedsim_srvs/srv/detail/get_agent_state__struct.hpp
-- Installing: /home/anlh/pedsim_ros2/install/pedsim_srvs/include/pedsim_srvs/pedsim_srvs/srv/detail/get_agent_state__builder.hpp
-- Installing: /home/anlh/pedsim_ros2/install/pedsim_srvs/include/pedsim_srvs/pedsim_srvs/srv/detail/set_agent_state__struct.hpp
-- Installing: /home/anlh/pedsim_ros2/install/pedsim_srvs/include/pedsim_srvs/pedsim_srvs/srv/detail/get_all_agents_state__builder.hpp
-- Installing: /home/anlh/pedsim_ros2/install/pedsim_srvs/include/pedsim_srvs/pedsim_srvs/srv/detail/set_all_agents_state__traits.hpp
-- Installing: /home/anlh/pedsim_ros2/install/pedsim_srvs/include/pedsim_srvs/pedsim_srvs/srv/detail/set_all_agents_state__struct.hpp
-- Installing: /home/anlh/pedsim_ros2/install/pedsim_srvs/include/pedsim_srvs/pedsim_srvs/srv/detail/set_agent_state__builder.hpp
-- Installing: /home/anlh/pedsim_ros2/install/pedsim_srvs/include/pedsim_srvs/pedsim_srvs/srv/get_all_agents_state.hpp
-- Installing: /home/anlh/pedsim_ros2/install/pedsim_srvs/include/pedsim_srvs/pedsim_srvs/srv/set_agent_state.hpp
-- Installing: /home/anlh/pedsim_ros2/install/pedsim_srvs/include/pedsim_srvs/pedsim_srvs/srv/set_all_agents_state.hpp
-- Installing: /home/anlh/pedsim_ros2/install/pedsim_srvs/include/pedsim_srvs/pedsim_srvs/srv/get_agent_state.hpp
-- Up-to-date: /home/anlh/pedsim_ros2/install/pedsim_srvs/include/pedsim_srvs/pedsim_srvs
-- Up-to-date: /home/anlh/pedsim_ros2/install/pedsim_srvs/include/pedsim_srvs/pedsim_srvs/msg
-- Up-to-date: /home/anlh/pedsim_ros2/install/pedsim_srvs/include/pedsim_srvs/pedsim_srvs/msg/rosidl_typesupport_fastrtps_cpp__visibility_control.h
-- Up-to-date: /home/anlh/pedsim_ros2/install/pedsim_srvs/include/pedsim_srvs/pedsim_srvs/srv
-- Up-to-date: /home/anlh/pedsim_ros2/install/pedsim_srvs/include/pedsim_srvs/pedsim_srvs/srv/detail
-- Installing: /home/anlh/pedsim_ros2/install/pedsim_srvs/include/pedsim_srvs/pedsim_srvs/srv/detail/dds_fastrtps
-- Installing: /home/anlh/pedsim_ros2/install/pedsim_srvs/include/pedsim_srvs/pedsim_srvs/srv/detail/set_agent_state__rosidl_typesupport_fastrtps_cpp.hpp
-- Installing: /home/anlh/pedsim_ros2/install/pedsim_srvs/include/pedsim_srvs/pedsim_srvs/srv/detail/get_agent_state__rosidl_typesupport_fastrtps_cpp.hpp
-- Installing: /home/anlh/pedsim_ros2/install/pedsim_srvs/include/pedsim_srvs/pedsim_srvs/srv/detail/set_all_agents_state__rosidl_typesupport_fastrtps_cpp.hpp
-- Installing: /home/anlh/pedsim_ros2/install/pedsim_srvs/include/pedsim_srvs/pedsim_srvs/srv/detail/get_all_agents_state__rosidl_typesupport_fastrtps_cpp.hpp
-- Installing: /home/anlh/pedsim_ros2/install/pedsim_srvs/lib/libpedsim_srvs__rosidl_typesupport_fastrtps_cpp.so
-- Set non-toolchain portion of runtime path of "/home/anlh/pedsim_ros2/install/pedsim_srvs/lib/libpedsim_srvs__rosidl_typesupport_fastrtps_cpp.so" to ""
-- Up-to-date: /home/anlh/pedsim_ros2/install/pedsim_srvs/include/pedsim_srvs/pedsim_srvs
-- Up-to-date: /home/anlh/pedsim_ros2/install/pedsim_srvs/include/pedsim_srvs/pedsim_srvs/msg
-- Up-to-date: /home/anlh/pedsim_ros2/install/pedsim_srvs/include/pedsim_srvs/pedsim_srvs/msg/rosidl_typesupport_introspection_c__visibility_control.h
-- Up-to-date: /home/anlh/pedsim_ros2/install/pedsim_srvs/include/pedsim_srvs/pedsim_srvs/srv
-- Up-to-date: /home/anlh/pedsim_ros2/install/pedsim_srvs/include/pedsim_srvs/pedsim_srvs/srv/detail
-- Installing: /home/anlh/pedsim_ros2/install/pedsim_srvs/include/pedsim_srvs/pedsim_srvs/srv/detail/get_all_agents_state__type_support.c
-- Installing: /home/anlh/pedsim_ros2/install/pedsim_srvs/include/pedsim_srvs/pedsim_srvs/srv/detail/set_agent_state__rosidl_typesupport_introspection_c.h
-- Installing: /home/anlh/pedsim_ros2/install/pedsim_srvs/include/pedsim_srvs/pedsim_srvs/srv/detail/get_agent_state__rosidl_typesupport_introspection_c.h
-- Installing: /home/anlh/pedsim_ros2/install/pedsim_srvs/include/pedsim_srvs/pedsim_srvs/srv/detail/set_agent_state__type_support.c
-- Installing: /home/anlh/pedsim_ros2/install/pedsim_srvs/include/pedsim_srvs/pedsim_srvs/srv/detail/set_all_agents_state__type_support.c
-- Installing: /home/anlh/pedsim_ros2/install/pedsim_srvs/include/pedsim_srvs/pedsim_srvs/srv/detail/get_agent_state__type_support.c
-- Installing: /home/anlh/pedsim_ros2/install/pedsim_srvs/include/pedsim_srvs/pedsim_srvs/srv/detail/set_all_agents_state__rosidl_typesupport_introspection_c.h
-- Installing: /home/anlh/pedsim_ros2/install/pedsim_srvs/include/pedsim_srvs/pedsim_srvs/srv/detail/get_all_agents_state__rosidl_typesupport_introspection_c.h
-- Installing: /home/anlh/pedsim_ros2/install/pedsim_srvs/lib/libpedsim_srvs__rosidl_typesupport_introspection_c.so
-- Set non-toolchain portion of runtime path of "/home/anlh/pedsim_ros2/install/pedsim_srvs/lib/libpedsim_srvs__rosidl_typesupport_introspection_c.so" to ""
-- Installing: /home/anlh/pedsim_ros2/install/pedsim_srvs/lib/libpedsim_srvs__rosidl_typesupport_c.so
-- Set non-toolchain portion of runtime path of "/home/anlh/pedsim_ros2/install/pedsim_srvs/lib/libpedsim_srvs__rosidl_typesupport_c.so" to ""
-- Up-to-date: /home/anlh/pedsim_ros2/install/pedsim_srvs/include/pedsim_srvs/pedsim_srvs
-- Up-to-date: /home/anlh/pedsim_ros2/install/pedsim_srvs/include/pedsim_srvs/pedsim_srvs/srv
-- Up-to-date: /home/anlh/pedsim_ros2/install/pedsim_srvs/include/pedsim_srvs/pedsim_srvs/srv/detail
-- Installing: /home/anlh/pedsim_ros2/install/pedsim_srvs/include/pedsim_srvs/pedsim_srvs/srv/detail/get_agent_state__type_support.cpp
-- Installing: /home/anlh/pedsim_ros2/install/pedsim_srvs/include/pedsim_srvs/pedsim_srvs/srv/detail/get_all_agents_state__type_support.cpp
-- Installing: /home/anlh/pedsim_ros2/install/pedsim_srvs/include/pedsim_srvs/pedsim_srvs/srv/detail/set_all_agents_state__rosidl_typesupport_introspection_cpp.hpp
-- Installing: /home/anlh/pedsim_ros2/install/pedsim_srvs/include/pedsim_srvs/pedsim_srvs/srv/detail/set_all_agents_state__type_support.cpp
-- Installing: /home/anlh/pedsim_ros2/install/pedsim_srvs/include/pedsim_srvs/pedsim_srvs/srv/detail/set_agent_state__rosidl_typesupport_introspection_cpp.hpp
-- Installing: /home/anlh/pedsim_ros2/install/pedsim_srvs/include/pedsim_srvs/pedsim_srvs/srv/detail/get_agent_state__rosidl_typesupport_introspection_cpp.hpp
-- Installing: /home/anlh/pedsim_ros2/install/pedsim_srvs/include/pedsim_srvs/pedsim_srvs/srv/detail/get_all_agents_state__rosidl_typesupport_introspection_cpp.hpp
-- Installing: /home/anlh/pedsim_ros2/install/pedsim_srvs/include/pedsim_srvs/pedsim_srvs/srv/detail/set_agent_state__type_support.cpp
-- Installing: /home/anlh/pedsim_ros2/install/pedsim_srvs/lib/libpedsim_srvs__rosidl_typesupport_introspection_cpp.so
-- Set non-toolchain portion of runtime path of "/home/anlh/pedsim_ros2/install/pedsim_srvs/lib/libpedsim_srvs__rosidl_typesupport_introspection_cpp.so" to ""
-- Installing: /home/anlh/pedsim_ros2/install/pedsim_srvs/lib/libpedsim_srvs__rosidl_typesupport_cpp.so
-- Set non-toolchain portion of runtime path of "/home/anlh/pedsim_ros2/install/pedsim_srvs/lib/libpedsim_srvs__rosidl_typesupport_cpp.so" to ""
-- Up-to-date: /home/anlh/pedsim_ros2/install/pedsim_srvs/share/pedsim_srvs/environment/pythonpath.sh
-- Installing: /home/anlh/pedsim_ros2/install/pedsim_srvs/share/pedsim_srvs/environment/pythonpath.dsv
-- Up-to-date: /home/anlh/pedsim_ros2/install/pedsim_srvs/local/lib/python3.10/dist-packages/pedsim_srvs-0.0.1-py3.10.egg-info
-- Installing: /home/anlh/pedsim_ros2/install/pedsim_srvs/local/lib/python3.10/dist-packages/pedsim_srvs-0.0.1-py3.10.egg-info/dependency_links.txt
-- Installing: /home/anlh/pedsim_ros2/install/pedsim_srvs/local/lib/python3.10/dist-packages/pedsim_srvs-0.0.1-py3.10.egg-info/PKG-INFO
-- Installing: /home/anlh/pedsim_ros2/install/pedsim_srvs/local/lib/python3.10/dist-packages/pedsim_srvs-0.0.1-py3.10.egg-info/SOURCES.txt
-- Installing: /home/anlh/pedsim_ros2/install/pedsim_srvs/local/lib/python3.10/dist-packages/pedsim_srvs-0.0.1-py3.10.egg-info/top_level.txt
-- Up-to-date: /home/anlh/pedsim_ros2/install/pedsim_srvs/local/lib/python3.10/dist-packages/pedsim_srvs
-- Installing: /home/anlh/pedsim_ros2/install/pedsim_srvs/local/lib/python3.10/dist-packages/pedsim_srvs/_pedsim_srvs_s.ep.rosidl_typesupport_fastrtps_c.c
-- Installing: /home/anlh/pedsim_ros2/install/pedsim_srvs/local/lib/python3.10/dist-packages/pedsim_srvs/__init__.py
-- Installing: /home/anlh/pedsim_ros2/install/pedsim_srvs/local/lib/python3.10/dist-packages/pedsim_srvs/pedsim_srvs_s__rosidl_typesupport_c.cpython-310-x86_64-linux-gnu.so
-- Installing: /home/anlh/pedsim_ros2/install/pedsim_srvs/local/lib/python3.10/dist-packages/pedsim_srvs/_pedsim_srvs_s.ep.rosidl_typesupport_introspection_c.c
-- Installing: /home/anlh/pedsim_ros2/install/pedsim_srvs/local/lib/python3.10/dist-packages/pedsim_srvs/libpedsim_srvs__rosidl_generator_py.so
-- Installing: /home/anlh/pedsim_ros2/install/pedsim_srvs/local/lib/python3.10/dist-packages/pedsim_srvs/_pedsim_srvs_s.ep.rosidl_typesupport_c.c
-- Installing: /home/anlh/pedsim_ros2/install/pedsim_srvs/local/lib/python3.10/dist-packages/pedsim_srvs/pedsim_srvs_s__rosidl_typesupport_fastrtps_c.cpython-310-x86_64-linux-gnu.so
-- Up-to-date: /home/anlh/pedsim_ros2/install/pedsim_srvs/local/lib/python3.10/dist-packages/pedsim_srvs/srv
-- Installing: /home/anlh/pedsim_ros2/install/pedsim_srvs/local/lib/python3.10/dist-packages/pedsim_srvs/srv/_get_all_agents_state.py
-- Installing: /home/anlh/pedsim_ros2/install/pedsim_srvs/local/lib/python3.10/dist-packages/pedsim_srvs/srv/__init__.py
-- Installing: /home/anlh/pedsim_ros2/install/pedsim_srvs/local/lib/python3.10/dist-packages/pedsim_srvs/srv/_set_agent_state.py
-- Installing: /home/anlh/pedsim_ros2/install/pedsim_srvs/local/lib/python3.10/dist-packages/pedsim_srvs/srv/_set_agent_state_s.c
-- Installing: /home/anlh/pedsim_ros2/install/pedsim_srvs/local/lib/python3.10/dist-packages/pedsim_srvs/srv/_set_all_agents_state.py
-- Installing: /home/anlh/pedsim_ros2/install/pedsim_srvs/local/lib/python3.10/dist-packages/pedsim_srvs/srv/_get_agent_state.py
-- Installing: /home/anlh/pedsim_ros2/install/pedsim_srvs/local/lib/python3.10/dist-packages/pedsim_srvs/srv/_get_agent_state_s.c
-- Installing: /home/anlh/pedsim_ros2/install/pedsim_srvs/local/lib/python3.10/dist-packages/pedsim_srvs/srv/_set_all_agents_state_s.c
-- Installing: /home/anlh/pedsim_ros2/install/pedsim_srvs/local/lib/python3.10/dist-packages/pedsim_srvs/srv/_get_all_agents_state_s.c
-- Installing: /home/anlh/pedsim_ros2/install/pedsim_srvs/local/lib/python3.10/dist-packages/pedsim_srvs/pedsim_srvs_s__rosidl_typesupport_introspection_c.cpython-310-x86_64-linux-gnu.so
Listing '/home/anlh/pedsim_ros2/install/pedsim_srvs/local/lib/python3.10/dist-packages/pedsim_srvs'...
Compiling '/home/anlh/pedsim_ros2/install/pedsim_srvs/local/lib/python3.10/dist-packages/pedsim_srvs/__init__.py'...
Listing '/home/anlh/pedsim_ros2/install/pedsim_srvs/local/lib/python3.10/dist-packages/pedsim_srvs/srv'...
Compiling '/home/anlh/pedsim_ros2/install/pedsim_srvs/local/lib/python3.10/dist-packages/pedsim_srvs/srv/__init__.py'...
Compiling '/home/anlh/pedsim_ros2/install/pedsim_srvs/local/lib/python3.10/dist-packages/pedsim_srvs/srv/_get_agent_state.py'...
Compiling '/home/anlh/pedsim_ros2/install/pedsim_srvs/local/lib/python3.10/dist-packages/pedsim_srvs/srv/_get_all_agents_state.py'...
Compiling '/home/anlh/pedsim_ros2/install/pedsim_srvs/local/lib/python3.10/dist-packages/pedsim_srvs/srv/_set_agent_state.py'...
Compiling '/home/anlh/pedsim_ros2/install/pedsim_srvs/local/lib/python3.10/dist-packages/pedsim_srvs/srv/_set_all_agents_state.py'...
-- Installing: /home/anlh/pedsim_ros2/install/pedsim_srvs/local/lib/python3.10/dist-packages/pedsim_srvs/pedsim_srvs_s__rosidl_typesupport_fastrtps_c.cpython-310-x86_64-linux-gnu.so
-- Set non-toolchain portion of runtime path of "/home/anlh/pedsim_ros2/install/pedsim_srvs/local/lib/python3.10/dist-packages/pedsim_srvs/pedsim_srvs_s__rosidl_typesupport_fastrtps_c.cpython-310-x86_64-linux-gnu.so" to ""
-- Installing: /home/anlh/pedsim_ros2/install/pedsim_srvs/local/lib/python3.10/dist-packages/pedsim_srvs/pedsim_srvs_s__rosidl_typesupport_introspection_c.cpython-310-x86_64-linux-gnu.so
-- Set non-toolchain portion of runtime path of "/home/anlh/pedsim_ros2/install/pedsim_srvs/local/lib/python3.10/dist-packages/pedsim_srvs/pedsim_srvs_s__rosidl_typesupport_introspection_c.cpython-310-x86_64-linux-gnu.so" to ""
-- Installing: /home/anlh/pedsim_ros2/install/pedsim_srvs/local/lib/python3.10/dist-packages/pedsim_srvs/pedsim_srvs_s__rosidl_typesupport_c.cpython-310-x86_64-linux-gnu.so
-- Set non-toolchain portion of runtime path of "/home/anlh/pedsim_ros2/install/pedsim_srvs/local/lib/python3.10/dist-packages/pedsim_srvs/pedsim_srvs_s__rosidl_typesupport_c.cpython-310-x86_64-linux-gnu.so" to ""
-- Installing: /home/anlh/pedsim_ros2/install/pedsim_srvs/lib/libpedsim_srvs__rosidl_generator_py.so
-- Set non-toolchain portion of runtime path of "/home/anlh/pedsim_ros2/install/pedsim_srvs/lib/libpedsim_srvs__rosidl_generator_py.so" to ""
-- Up-to-date: /home/anlh/pedsim_ros2/install/pedsim_srvs/share/pedsim_srvs/srv/GetAgentState.idl
-- Up-to-date: /home/anlh/pedsim_ros2/install/pedsim_srvs/share/pedsim_srvs/srv/GetAllAgentsState.idl
-- Up-to-date: /home/anlh/pedsim_ros2/install/pedsim_srvs/share/pedsim_srvs/srv/SetAgentState.idl
-- Up-to-date: /home/anlh/pedsim_ros2/install/pedsim_srvs/share/pedsim_srvs/srv/SetAllAgentsState.idl
-- Up-to-date: /home/anlh/pedsim_ros2/install/pedsim_srvs/share/pedsim_srvs/srv/GetAgentState.srv
-- Up-to-date: /home/anlh/pedsim_ros2/install/pedsim_srvs/share/pedsim_srvs/srv/GetAgentState_Request.msg
-- Up-to-date: /home/anlh/pedsim_ros2/install/pedsim_srvs/share/pedsim_srvs/srv/GetAgentState_Response.msg
-- Up-to-date: /home/anlh/pedsim_ros2/install/pedsim_srvs/share/pedsim_srvs/srv/GetAllAgentsState.srv
-- Up-to-date: /home/anlh/pedsim_ros2/install/pedsim_srvs/share/pedsim_srvs/srv/GetAllAgentsState_Request.msg
-- Up-to-date: /home/anlh/pedsim_ros2/install/pedsim_srvs/share/pedsim_srvs/srv/GetAllAgentsState_Response.msg
-- Up-to-date: /home/anlh/pedsim_ros2/install/pedsim_srvs/share/pedsim_srvs/srv/SetAgentState.srv
-- Up-to-date: /home/anlh/pedsim_ros2/install/pedsim_srvs/share/pedsim_srvs/srv/SetAgentState_Request.msg
-- Up-to-date: /home/anlh/pedsim_ros2/install/pedsim_srvs/share/pedsim_srvs/srv/SetAgentState_Response.msg
-- Up-to-date: /home/anlh/pedsim_ros2/install/pedsim_srvs/share/pedsim_srvs/srv/SetAllAgentsState.srv
-- Up-to-date: /home/anlh/pedsim_ros2/install/pedsim_srvs/share/pedsim_srvs/srv/SetAllAgentsState_Request.msg
-- Up-to-date: /home/anlh/pedsim_ros2/install/pedsim_srvs/share/pedsim_srvs/srv/SetAllAgentsState_Response.msg
-- Up-to-date: /home/anlh/pedsim_ros2/install/pedsim_srvs/share/ament_index/resource_index/package_run_dependencies/pedsim_srvs
-- Installing: /home/anlh/pedsim_ros2/install/pedsim_srvs/share/ament_index/resource_index/parent_prefix_path/pedsim_srvs
-- Installing: /home/anlh/pedsim_ros2/install/pedsim_srvs/share/pedsim_srvs/environment/ament_prefix_path.dsv
-- Installing: /home/anlh/pedsim_ros2/install/pedsim_srvs/share/pedsim_srvs/environment/path.dsv
-- Up-to-date: /home/anlh/pedsim_ros2/install/pedsim_srvs/share/pedsim_srvs/local_setup.bash
-- Up-to-date: /home/anlh/pedsim_ros2/install/pedsim_srvs/share/pedsim_srvs/local_setup.sh
-- Up-to-date: /home/anlh/pedsim_ros2/install/pedsim_srvs/share/pedsim_srvs/local_setup.zsh
-- Installing: /home/anlh/pedsim_ros2/install/pedsim_srvs/share/pedsim_srvs/local_setup.dsv
-- Installing: /home/anlh/pedsim_ros2/install/pedsim_srvs/share/pedsim_srvs/package.dsv
-- Up-to-date: /home/anlh/pedsim_ros2/install/pedsim_srvs/share/ament_index/resource_index/packages/pedsim_srvs
-- Up-to-date: /home/anlh/pedsim_ros2/install/pedsim_srvs/share/pedsim_srvs/cmake/export_pedsim_srvs__rosidl_generator_cExport.cmake
-- Up-to-date: /home/anlh/pedsim_ros2/install/pedsim_srvs/share/pedsim_srvs/cmake/export_pedsim_srvs__rosidl_generator_cExport-debug.cmake
-- Up-to-date: /home/anlh/pedsim_ros2/install/pedsim_srvs/share/pedsim_srvs/cmake/export_pedsim_srvs__rosidl_typesupport_fastrtps_cExport.cmake
-- Up-to-date: /home/anlh/pedsim_ros2/install/pedsim_srvs/share/pedsim_srvs/cmake/export_pedsim_srvs__rosidl_typesupport_fastrtps_cExport-debug.cmake
-- Up-to-date: /home/anlh/pedsim_ros2/install/pedsim_srvs/share/pedsim_srvs/cmake/export_pedsim_srvs__rosidl_generator_cppExport.cmake
-- Up-to-date: /home/anlh/pedsim_ros2/install/pedsim_srvs/share/pedsim_srvs/cmake/export_pedsim_srvs__rosidl_typesupport_fastrtps_cppExport.cmake
-- Up-to-date: /home/anlh/pedsim_ros2/install/pedsim_srvs/share/pedsim_srvs/cmake/export_pedsim_srvs__rosidl_typesupport_fastrtps_cppExport-debug.cmake
-- Up-to-date: /home/anlh/pedsim_ros2/install/pedsim_srvs/share/pedsim_srvs/cmake/pedsim_srvs__rosidl_typesupport_introspection_cExport.cmake
-- Up-to-date: /home/anlh/pedsim_ros2/install/pedsim_srvs/share/pedsim_srvs/cmake/pedsim_srvs__rosidl_typesupport_introspection_cExport-debug.cmake
-- Up-to-date: /home/anlh/pedsim_ros2/install/pedsim_srvs/share/pedsim_srvs/cmake/pedsim_srvs__rosidl_typesupport_cExport.cmake
-- Up-to-date: /home/anlh/pedsim_ros2/install/pedsim_srvs/share/pedsim_srvs/cmake/pedsim_srvs__rosidl_typesupport_cExport-debug.cmake
-- Up-to-date: /home/anlh/pedsim_ros2/install/pedsim_srvs/share/pedsim_srvs/cmake/pedsim_srvs__rosidl_typesupport_introspection_cppExport.cmake
-- Up-to-date: /home/anlh/pedsim_ros2/install/pedsim_srvs/share/pedsim_srvs/cmake/pedsim_srvs__rosidl_typesupport_introspection_cppExport-debug.cmake
-- Up-to-date: /home/anlh/pedsim_ros2/install/pedsim_srvs/share/pedsim_srvs/cmake/pedsim_srvs__rosidl_typesupport_cppExport.cmake
-- Up-to-date: /home/anlh/pedsim_ros2/install/pedsim_srvs/share/pedsim_srvs/cmake/pedsim_srvs__rosidl_typesupport_cppExport-debug.cmake
-- Up-to-date: /home/anlh/pedsim_ros2/install/pedsim_srvs/share/pedsim_srvs/cmake/export_pedsim_srvs__rosidl_generator_pyExport.cmake
-- Up-to-date: /home/anlh/pedsim_ros2/install/pedsim_srvs/share/pedsim_srvs/cmake/export_pedsim_srvs__rosidl_generator_pyExport-debug.cmake
-- Up-to-date: /home/anlh/pedsim_ros2/install/pedsim_srvs/share/pedsim_srvs/cmake/rosidl_cmake-extras.cmake
-- Up-to-date: /home/anlh/pedsim_ros2/install/pedsim_srvs/share/pedsim_srvs/cmake/ament_cmake_export_dependencies-extras.cmake
-- Up-to-date: /home/anlh/pedsim_ros2/install/pedsim_srvs/share/pedsim_srvs/cmake/ament_cmake_export_include_directories-extras.cmake
-- Up-to-date: /home/anlh/pedsim_ros2/install/pedsim_srvs/share/pedsim_srvs/cmake/ament_cmake_export_libraries-extras.cmake
-- Up-to-date: /home/anlh/pedsim_ros2/install/pedsim_srvs/share/pedsim_srvs/cmake/ament_cmake_export_targets-extras.cmake
-- Up-to-date: /home/anlh/pedsim_ros2/install/pedsim_srvs/share/pedsim_srvs/cmake/rosidl_cmake_export_typesupport_targets-extras.cmake
-- Up-to-date: /home/anlh/pedsim_ros2/install/pedsim_srvs/share/pedsim_srvs/cmake/rosidl_cmake_export_typesupport_libraries-extras.cmake
-- Up-to-date: /home/anlh/pedsim_ros2/install/pedsim_srvs/share/pedsim_srvs/cmake/pedsim_srvsConfig.cmake
-- Up-to-date: /home/anlh/pedsim_ros2/install/pedsim_srvs/share/pedsim_srvs/cmake/pedsim_srvsConfig-version.cmake
-- Up-to-date: /home/anlh/pedsim_ros2/install/pedsim_srvs/share/pedsim_srvs/package.xml
