-- The C compiler identification is GNU 11.4.0
-- The CXX compiler identification is GNU 11.4.0
-- Detecting C compiler ABI info
-- Detecting C compiler ABI info - done
-- Check for working C compiler: /usr/bin/cc - skipped
-- Detecting C compile features
-- Detecting C compile features - done
-- Detecting CXX compiler ABI info
-- Detecting CXX compiler ABI info - done
-- Check for working CXX compiler: /usr/bin/c++ - skipped
-- Detecting CXX compile features
-- Detecting CXX compile features - done
-- Found ament_cmake: 1.3.10 (/home/anlh/ros2_humble/install/ament_cmake/share/ament_cmake/cmake)
-- Found Python3: /usr/bin/python3 (found version "3.10.12") found components: Interpreter
-- Configuring done (0.9s)
-- Generating done (0.0s)
-- Build files have been written to: /home/anlh/pedsim_ros2/build/pedsim_ros
-- Install configuration: ""
-- Up-to-date: /home/anlh/pedsim_ros2/install/pedsim_ros/share/ament_index/resource_index/package_run_dependencies/pedsim_ros
-- Up-to-date: /home/anlh/pedsim_ros2/install/pedsim_ros/share/ament_index/resource_index/parent_prefix_path/pedsim_ros
-- Installing: /home/anlh/pedsim_ros2/install/pedsim_ros/share/pedsim_ros/environment/ament_prefix_path.dsv
-- Installing: /home/anlh/pedsim_ros2/install/pedsim_ros/share/pedsim_ros/environment/path.dsv
-- Up-to-date: /home/anlh/pedsim_ros2/install/pedsim_ros/share/pedsim_ros/local_setup.bash
-- Up-to-date: /home/anlh/pedsim_ros2/install/pedsim_ros/share/pedsim_ros/local_setup.sh
-- Up-to-date: /home/anlh/pedsim_ros2/install/pedsim_ros/share/pedsim_ros/local_setup.zsh
-- Installing: /home/anlh/pedsim_ros2/install/pedsim_ros/share/pedsim_ros/local_setup.dsv
-- Installing: /home/anlh/pedsim_ros2/install/pedsim_ros/share/pedsim_ros/package.dsv
-- Up-to-date: /home/anlh/pedsim_ros2/install/pedsim_ros/share/ament_index/resource_index/packages/pedsim_ros
-- Up-to-date: /home/anlh/pedsim_ros2/install/pedsim_ros/share/pedsim_ros/cmake/pedsim_rosConfig.cmake
-- Up-to-date: /home/anlh/pedsim_ros2/install/pedsim_ros/share/pedsim_ros/cmake/pedsim_rosConfig-version.cmake
-- Up-to-date: /home/anlh/pedsim_ros2/install/pedsim_ros/share/pedsim_ros/package.xml
