[  1%] Built target pedsim_srvs__cpp
[ 12%] Built target pedsim_srvs__rosidl_generator_c
[ 12%] Built target ament_cmake_python_copy_pedsim_srvs
[ 23%] Built target pedsim_srvs__rosidl_typesupport_cpp
[ 34%] Built target pedsim_srvs__rosidl_typesupport_introspection_cpp
[ 56%] Built target pedsim_srvs__rosidl_typesupport_fastrtps_c
[ 56%] Built target pedsim_srvs__rosidl_typesupport_fastrtps_cpp
[ 67%] Built target pedsim_srvs__rosidl_typesupport_c
[ 78%] Built target pedsim_srvs__rosidl_typesupport_introspection_c
[ 78%] Built target pedsim_srvs
[ 80%] Built target pedsim_srvs__py
[ 89%] Built target pedsim_srvs__rosidl_generator_py
[ 92%] Built target pedsim_srvs__rosidl_typesupport_c__pyext
[ 96%] Built target pedsim_srvs__rosidl_typesupport_fastrtps_c__pyext
[100%] Built target pedsim_srvs__rosidl_typesupport_introspection_c__pyext
running egg_info
writing pedsim_srvs.egg-info/PKG-INFO
writing dependency_links to pedsim_srvs.egg-info/dependency_links.txt
writing top-level names to pedsim_srvs.egg-info/top_level.txt
reading manifest file 'pedsim_srvs.egg-info/SOURCES.txt'
writing manifest file 'pedsim_srvs.egg-info/SOURCES.txt'
[100%] Built target ament_cmake_python_build_pedsim_srvs_egg
-- Install configuration: "DEBUG"
-- Up-to-date: /home/anlh/pedsim_ros2/install/pedsim_srvs/share/ament_index/resource_index/rosidl_interfaces/pedsim_srvs
-- Up-to-date: /home/anlh/pedsim_ros2/install/pedsim_srvs/include/pedsim_srvs/pedsim_srvs
-- Up-to-date: /home/anlh/pedsim_ros2/install/pedsim_srvs/include/pedsim_srvs/pedsim_srvs/msg
-- Up-to-date: /home/anlh/pedsim_ros2/install/pedsim_srvs/include/pedsim_srvs/pedsim_srvs/msg/rosidl_generator_c__visibility_control.h
-- Up-to-date: /home/anlh/pedsim_ros2/install/pedsim_srvs/include/pedsim_srvs/pedsim_srvs/srv
-- Up-to-date: /home/anlh/pedsim_ros2/install/pedsim_srvs/include/pedsim_srvs/pedsim_srvs/srv/set_all_agents_state.h
-- Up-to-date: /home/anlh/pedsim_ros2/install/pedsim_srvs/include/pedsim_srvs/pedsim_srvs/srv/get_all_agents_state.h
-- Up-to-date: /home/anlh/pedsim_ros2/install/pedsim_srvs/include/pedsim_srvs/pedsim_srvs/srv/detail
-- Up-to-date: /home/anlh/pedsim_ros2/install/pedsim_srvs/include/pedsim_srvs/pedsim_srvs/srv/detail/set_agent_state__type_support.h
-- Up-to-date: /home/anlh/pedsim_ros2/install/pedsim_srvs/include/pedsim_srvs/pedsim_srvs/srv/detail/get_all_agents_state__struct.h
-- Up-to-date: /home/anlh/pedsim_ros2/install/pedsim_srvs/include/pedsim_srvs/pedsim_srvs/srv/detail/get_agent_state__struct.h
-- Up-to-date: /home/anlh/pedsim_ros2/install/pedsim_srvs/include/pedsim_srvs/pedsim_srvs/srv/detail/set_all_agents_state__functions.h
-- Up-to-date: /home/anlh/pedsim_ros2/install/pedsim_srvs/include/pedsim_srvs/pedsim_srvs/srv/detail/set_agent_state__functions.c
-- Up-to-date: /home/anlh/pedsim_ros2/install/pedsim_srvs/include/pedsim_srvs/pedsim_srvs/srv/detail/get_agent_state__functions.h
-- Up-to-date: /home/anlh/pedsim_ros2/install/pedsim_srvs/include/pedsim_srvs/pedsim_srvs/srv/detail/set_agent_state__functions.h
-- Up-to-date: /home/anlh/pedsim_ros2/install/pedsim_srvs/include/pedsim_srvs/pedsim_srvs/srv/detail/get_all_agents_state__functions.h
-- Up-to-date: /home/anlh/pedsim_ros2/install/pedsim_srvs/include/pedsim_srvs/pedsim_srvs/srv/detail/set_all_agents_state__type_support.h
-- Up-to-date: /home/anlh/pedsim_ros2/install/pedsim_srvs/include/pedsim_srvs/pedsim_srvs/srv/detail/set_all_agents_state__struct.h
-- Up-to-date: /home/anlh/pedsim_ros2/install/pedsim_srvs/include/pedsim_srvs/pedsim_srvs/srv/detail/get_all_agents_state__type_support.h
-- Up-to-date: /home/anlh/pedsim_ros2/install/pedsim_srvs/include/pedsim_srvs/pedsim_srvs/srv/detail/set_agent_state__struct.h
-- Up-to-date: /home/anlh/pedsim_ros2/install/pedsim_srvs/include/pedsim_srvs/pedsim_srvs/srv/detail/set_all_agents_state__functions.c
-- Up-to-date: /home/anlh/pedsim_ros2/install/pedsim_srvs/include/pedsim_srvs/pedsim_srvs/srv/detail/get_all_agents_state__functions.c
-- Up-to-date: /home/anlh/pedsim_ros2/install/pedsim_srvs/include/pedsim_srvs/pedsim_srvs/srv/detail/get_agent_state__type_support.h
-- Up-to-date: /home/anlh/pedsim_ros2/install/pedsim_srvs/include/pedsim_srvs/pedsim_srvs/srv/detail/get_agent_state__functions.c
-- Up-to-date: /home/anlh/pedsim_ros2/install/pedsim_srvs/include/pedsim_srvs/pedsim_srvs/srv/set_agent_state.h
-- Up-to-date: /home/anlh/pedsim_ros2/install/pedsim_srvs/include/pedsim_srvs/pedsim_srvs/srv/get_agent_state.h
-- Up-to-date: /home/anlh/pedsim_ros2/install/pedsim_srvs/share/pedsim_srvs/environment/library_path.sh
-- Up-to-date: /home/anlh/pedsim_ros2/install/pedsim_srvs/share/pedsim_srvs/environment/library_path.dsv
-- Up-to-date: /home/anlh/pedsim_ros2/install/pedsim_srvs/lib/libpedsim_srvs__rosidl_generator_c.so
-- Up-to-date: /home/anlh/pedsim_ros2/install/pedsim_srvs/include/pedsim_srvs/pedsim_srvs
-- Up-to-date: /home/anlh/pedsim_ros2/install/pedsim_srvs/include/pedsim_srvs/pedsim_srvs/msg
-- Up-to-date: /home/anlh/pedsim_ros2/install/pedsim_srvs/include/pedsim_srvs/pedsim_srvs/msg/rosidl_typesupport_fastrtps_c__visibility_control.h
-- Up-to-date: /home/anlh/pedsim_ros2/install/pedsim_srvs/include/pedsim_srvs/pedsim_srvs/srv
-- Up-to-date: /home/anlh/pedsim_ros2/install/pedsim_srvs/include/pedsim_srvs/pedsim_srvs/srv/detail
-- Up-to-date: /home/anlh/pedsim_ros2/install/pedsim_srvs/include/pedsim_srvs/pedsim_srvs/srv/detail/get_agent_state__rosidl_typesupport_fastrtps_c.h
-- Up-to-date: /home/anlh/pedsim_ros2/install/pedsim_srvs/include/pedsim_srvs/pedsim_srvs/srv/detail/get_all_agents_state__rosidl_typesupport_fastrtps_c.h
-- Up-to-date: /home/anlh/pedsim_ros2/install/pedsim_srvs/include/pedsim_srvs/pedsim_srvs/srv/detail/set_all_agents_state__rosidl_typesupport_fastrtps_c.h
-- Up-to-date: /home/anlh/pedsim_ros2/install/pedsim_srvs/include/pedsim_srvs/pedsim_srvs/srv/detail/set_agent_state__rosidl_typesupport_fastrtps_c.h
-- Up-to-date: /home/anlh/pedsim_ros2/install/pedsim_srvs/lib/libpedsim_srvs__rosidl_typesupport_fastrtps_c.so
-- Up-to-date: /home/anlh/pedsim_ros2/install/pedsim_srvs/include/pedsim_srvs/pedsim_srvs
-- Up-to-date: /home/anlh/pedsim_ros2/install/pedsim_srvs/include/pedsim_srvs/pedsim_srvs/srv
-- Up-to-date: /home/anlh/pedsim_ros2/install/pedsim_srvs/include/pedsim_srvs/pedsim_srvs/srv/detail
-- Up-to-date: /home/anlh/pedsim_ros2/install/pedsim_srvs/include/pedsim_srvs/pedsim_srvs/srv/detail/get_all_agents_state__struct.hpp
-- Up-to-date: /home/anlh/pedsim_ros2/install/pedsim_srvs/include/pedsim_srvs/pedsim_srvs/srv/detail/get_agent_state__traits.hpp
-- Up-to-date: /home/anlh/pedsim_ros2/install/pedsim_srvs/include/pedsim_srvs/pedsim_srvs/srv/detail/set_agent_state__traits.hpp
-- Up-to-date: /home/anlh/pedsim_ros2/install/pedsim_srvs/include/pedsim_srvs/pedsim_srvs/srv/detail/set_all_agents_state__builder.hpp
-- Up-to-date: /home/anlh/pedsim_ros2/install/pedsim_srvs/include/pedsim_srvs/pedsim_srvs/srv/detail/get_all_agents_state__traits.hpp
-- Up-to-date: /home/anlh/pedsim_ros2/install/pedsim_srvs/include/pedsim_srvs/pedsim_srvs/srv/detail/get_agent_state__struct.hpp
-- Up-to-date: /home/anlh/pedsim_ros2/install/pedsim_srvs/include/pedsim_srvs/pedsim_srvs/srv/detail/get_agent_state__builder.hpp
-- Up-to-date: /home/anlh/pedsim_ros2/install/pedsim_srvs/include/pedsim_srvs/pedsim_srvs/srv/detail/set_agent_state__struct.hpp
-- Up-to-date: /home/anlh/pedsim_ros2/install/pedsim_srvs/include/pedsim_srvs/pedsim_srvs/srv/detail/get_all_agents_state__builder.hpp
-- Up-to-date: /home/anlh/pedsim_ros2/install/pedsim_srvs/include/pedsim_srvs/pedsim_srvs/srv/detail/set_all_agents_state__traits.hpp
-- Up-to-date: /home/anlh/pedsim_ros2/install/pedsim_srvs/include/pedsim_srvs/pedsim_srvs/srv/detail/set_all_agents_state__struct.hpp
-- Up-to-date: /home/anlh/pedsim_ros2/install/pedsim_srvs/include/pedsim_srvs/pedsim_srvs/srv/detail/set_agent_state__builder.hpp
-- Up-to-date: /home/anlh/pedsim_ros2/install/pedsim_srvs/include/pedsim_srvs/pedsim_srvs/srv/get_all_agents_state.hpp
-- Up-to-date: /home/anlh/pedsim_ros2/install/pedsim_srvs/include/pedsim_srvs/pedsim_srvs/srv/set_agent_state.hpp
-- Up-to-date: /home/anlh/pedsim_ros2/install/pedsim_srvs/include/pedsim_srvs/pedsim_srvs/srv/set_all_agents_state.hpp
-- Up-to-date: /home/anlh/pedsim_ros2/install/pedsim_srvs/include/pedsim_srvs/pedsim_srvs/srv/get_agent_state.hpp
-- Up-to-date: /home/anlh/pedsim_ros2/install/pedsim_srvs/include/pedsim_srvs/pedsim_srvs
-- Up-to-date: /home/anlh/pedsim_ros2/install/pedsim_srvs/include/pedsim_srvs/pedsim_srvs/msg
-- Up-to-date: /home/anlh/pedsim_ros2/install/pedsim_srvs/include/pedsim_srvs/pedsim_srvs/msg/rosidl_typesupport_fastrtps_cpp__visibility_control.h
-- Up-to-date: /home/anlh/pedsim_ros2/install/pedsim_srvs/include/pedsim_srvs/pedsim_srvs/srv
-- Up-to-date: /home/anlh/pedsim_ros2/install/pedsim_srvs/include/pedsim_srvs/pedsim_srvs/srv/detail
-- Up-to-date: /home/anlh/pedsim_ros2/install/pedsim_srvs/include/pedsim_srvs/pedsim_srvs/srv/detail/dds_fastrtps
-- Up-to-date: /home/anlh/pedsim_ros2/install/pedsim_srvs/include/pedsim_srvs/pedsim_srvs/srv/detail/set_agent_state__rosidl_typesupport_fastrtps_cpp.hpp
-- Up-to-date: /home/anlh/pedsim_ros2/install/pedsim_srvs/include/pedsim_srvs/pedsim_srvs/srv/detail/get_agent_state__rosidl_typesupport_fastrtps_cpp.hpp
-- Up-to-date: /home/anlh/pedsim_ros2/install/pedsim_srvs/include/pedsim_srvs/pedsim_srvs/srv/detail/set_all_agents_state__rosidl_typesupport_fastrtps_cpp.hpp
-- Up-to-date: /home/anlh/pedsim_ros2/install/pedsim_srvs/include/pedsim_srvs/pedsim_srvs/srv/detail/get_all_agents_state__rosidl_typesupport_fastrtps_cpp.hpp
-- Up-to-date: /home/anlh/pedsim_ros2/install/pedsim_srvs/lib/libpedsim_srvs__rosidl_typesupport_fastrtps_cpp.so
-- Up-to-date: /home/anlh/pedsim_ros2/install/pedsim_srvs/include/pedsim_srvs/pedsim_srvs
-- Up-to-date: /home/anlh/pedsim_ros2/install/pedsim_srvs/include/pedsim_srvs/pedsim_srvs/msg
-- Up-to-date: /home/anlh/pedsim_ros2/install/pedsim_srvs/include/pedsim_srvs/pedsim_srvs/msg/rosidl_typesupport_introspection_c__visibility_control.h
-- Up-to-date: /home/anlh/pedsim_ros2/install/pedsim_srvs/include/pedsim_srvs/pedsim_srvs/srv
-- Up-to-date: /home/anlh/pedsim_ros2/install/pedsim_srvs/include/pedsim_srvs/pedsim_srvs/srv/detail
-- Up-to-date: /home/anlh/pedsim_ros2/install/pedsim_srvs/include/pedsim_srvs/pedsim_srvs/srv/detail/get_all_agents_state__type_support.c
-- Up-to-date: /home/anlh/pedsim_ros2/install/pedsim_srvs/include/pedsim_srvs/pedsim_srvs/srv/detail/set_agent_state__rosidl_typesupport_introspection_c.h
-- Up-to-date: /home/anlh/pedsim_ros2/install/pedsim_srvs/include/pedsim_srvs/pedsim_srvs/srv/detail/get_agent_state__rosidl_typesupport_introspection_c.h
-- Up-to-date: /home/anlh/pedsim_ros2/install/pedsim_srvs/include/pedsim_srvs/pedsim_srvs/srv/detail/set_agent_state__type_support.c
-- Up-to-date: /home/anlh/pedsim_ros2/install/pedsim_srvs/include/pedsim_srvs/pedsim_srvs/srv/detail/set_all_agents_state__type_support.c
-- Up-to-date: /home/anlh/pedsim_ros2/install/pedsim_srvs/include/pedsim_srvs/pedsim_srvs/srv/detail/get_agent_state__type_support.c
-- Up-to-date: /home/anlh/pedsim_ros2/install/pedsim_srvs/include/pedsim_srvs/pedsim_srvs/srv/detail/set_all_agents_state__rosidl_typesupport_introspection_c.h
-- Up-to-date: /home/anlh/pedsim_ros2/install/pedsim_srvs/include/pedsim_srvs/pedsim_srvs/srv/detail/get_all_agents_state__rosidl_typesupport_introspection_c.h
-- Up-to-date: /home/anlh/pedsim_ros2/install/pedsim_srvs/lib/libpedsim_srvs__rosidl_typesupport_introspection_c.so
-- Up-to-date: /home/anlh/pedsim_ros2/install/pedsim_srvs/lib/libpedsim_srvs__rosidl_typesupport_c.so
-- Up-to-date: /home/anlh/pedsim_ros2/install/pedsim_srvs/include/pedsim_srvs/pedsim_srvs
-- Up-to-date: /home/anlh/pedsim_ros2/install/pedsim_srvs/include/pedsim_srvs/pedsim_srvs/srv
-- Up-to-date: /home/anlh/pedsim_ros2/install/pedsim_srvs/include/pedsim_srvs/pedsim_srvs/srv/detail
-- Up-to-date: /home/anlh/pedsim_ros2/install/pedsim_srvs/include/pedsim_srvs/pedsim_srvs/srv/detail/get_agent_state__type_support.cpp
-- Up-to-date: /home/anlh/pedsim_ros2/install/pedsim_srvs/include/pedsim_srvs/pedsim_srvs/srv/detail/get_all_agents_state__type_support.cpp
-- Up-to-date: /home/anlh/pedsim_ros2/install/pedsim_srvs/include/pedsim_srvs/pedsim_srvs/srv/detail/set_all_agents_state__rosidl_typesupport_introspection_cpp.hpp
-- Up-to-date: /home/anlh/pedsim_ros2/install/pedsim_srvs/include/pedsim_srvs/pedsim_srvs/srv/detail/set_all_agents_state__type_support.cpp
-- Up-to-date: /home/anlh/pedsim_ros2/install/pedsim_srvs/include/pedsim_srvs/pedsim_srvs/srv/detail/set_agent_state__rosidl_typesupport_introspection_cpp.hpp
-- Up-to-date: /home/anlh/pedsim_ros2/install/pedsim_srvs/include/pedsim_srvs/pedsim_srvs/srv/detail/get_agent_state__rosidl_typesupport_introspection_cpp.hpp
-- Up-to-date: /home/anlh/pedsim_ros2/install/pedsim_srvs/include/pedsim_srvs/pedsim_srvs/srv/detail/get_all_agents_state__rosidl_typesupport_introspection_cpp.hpp
-- Up-to-date: /home/anlh/pedsim_ros2/install/pedsim_srvs/include/pedsim_srvs/pedsim_srvs/srv/detail/set_agent_state__type_support.cpp
-- Up-to-date: /home/anlh/pedsim_ros2/install/pedsim_srvs/lib/libpedsim_srvs__rosidl_typesupport_introspection_cpp.so
-- Up-to-date: /home/anlh/pedsim_ros2/install/pedsim_srvs/lib/libpedsim_srvs__rosidl_typesupport_cpp.so
-- Up-to-date: /home/anlh/pedsim_ros2/install/pedsim_srvs/share/pedsim_srvs/environment/pythonpath.sh
-- Up-to-date: /home/anlh/pedsim_ros2/install/pedsim_srvs/share/pedsim_srvs/environment/pythonpath.dsv
-- Up-to-date: /home/anlh/pedsim_ros2/install/pedsim_srvs/local/lib/python3.10/dist-packages/pedsim_srvs-0.0.1-py3.10.egg-info
-- Installing: /home/anlh/pedsim_ros2/install/pedsim_srvs/local/lib/python3.10/dist-packages/pedsim_srvs-0.0.1-py3.10.egg-info/dependency_links.txt
-- Installing: /home/anlh/pedsim_ros2/install/pedsim_srvs/local/lib/python3.10/dist-packages/pedsim_srvs-0.0.1-py3.10.egg-info/PKG-INFO
-- Installing: /home/anlh/pedsim_ros2/install/pedsim_srvs/local/lib/python3.10/dist-packages/pedsim_srvs-0.0.1-py3.10.egg-info/SOURCES.txt
-- Installing: /home/anlh/pedsim_ros2/install/pedsim_srvs/local/lib/python3.10/dist-packages/pedsim_srvs-0.0.1-py3.10.egg-info/top_level.txt
-- Up-to-date: /home/anlh/pedsim_ros2/install/pedsim_srvs/local/lib/python3.10/dist-packages/pedsim_srvs
-- Up-to-date: /home/anlh/pedsim_ros2/install/pedsim_srvs/local/lib/python3.10/dist-packages/pedsim_srvs/_pedsim_srvs_s.ep.rosidl_typesupport_fastrtps_c.c
-- Up-to-date: /home/anlh/pedsim_ros2/install/pedsim_srvs/local/lib/python3.10/dist-packages/pedsim_srvs/__init__.py
-- Up-to-date: /home/anlh/pedsim_ros2/install/pedsim_srvs/local/lib/python3.10/dist-packages/pedsim_srvs/pedsim_srvs_s__rosidl_typesupport_c.cpython-310-x86_64-linux-gnu.so
-- Up-to-date: /home/anlh/pedsim_ros2/install/pedsim_srvs/local/lib/python3.10/dist-packages/pedsim_srvs/_pedsim_srvs_s.ep.rosidl_typesupport_introspection_c.c
-- Up-to-date: /home/anlh/pedsim_ros2/install/pedsim_srvs/local/lib/python3.10/dist-packages/pedsim_srvs/libpedsim_srvs__rosidl_generator_py.so
-- Up-to-date: /home/anlh/pedsim_ros2/install/pedsim_srvs/local/lib/python3.10/dist-packages/pedsim_srvs/_pedsim_srvs_s.ep.rosidl_typesupport_c.c
-- Up-to-date: /home/anlh/pedsim_ros2/install/pedsim_srvs/local/lib/python3.10/dist-packages/pedsim_srvs/pedsim_srvs_s__rosidl_typesupport_fastrtps_c.cpython-310-x86_64-linux-gnu.so
-- Up-to-date: /home/anlh/pedsim_ros2/install/pedsim_srvs/local/lib/python3.10/dist-packages/pedsim_srvs/srv
-- Up-to-date: /home/anlh/pedsim_ros2/install/pedsim_srvs/local/lib/python3.10/dist-packages/pedsim_srvs/srv/_get_all_agents_state.py
-- Up-to-date: /home/anlh/pedsim_ros2/install/pedsim_srvs/local/lib/python3.10/dist-packages/pedsim_srvs/srv/__init__.py
-- Up-to-date: /home/anlh/pedsim_ros2/install/pedsim_srvs/local/lib/python3.10/dist-packages/pedsim_srvs/srv/_set_agent_state.py
-- Up-to-date: /home/anlh/pedsim_ros2/install/pedsim_srvs/local/lib/python3.10/dist-packages/pedsim_srvs/srv/_set_agent_state_s.c
-- Up-to-date: /home/anlh/pedsim_ros2/install/pedsim_srvs/local/lib/python3.10/dist-packages/pedsim_srvs/srv/_set_all_agents_state.py
-- Up-to-date: /home/anlh/pedsim_ros2/install/pedsim_srvs/local/lib/python3.10/dist-packages/pedsim_srvs/srv/_get_agent_state.py
-- Up-to-date: /home/anlh/pedsim_ros2/install/pedsim_srvs/local/lib/python3.10/dist-packages/pedsim_srvs/srv/_get_agent_state_s.c
-- Up-to-date: /home/anlh/pedsim_ros2/install/pedsim_srvs/local/lib/python3.10/dist-packages/pedsim_srvs/srv/_set_all_agents_state_s.c
-- Up-to-date: /home/anlh/pedsim_ros2/install/pedsim_srvs/local/lib/python3.10/dist-packages/pedsim_srvs/srv/_get_all_agents_state_s.c
-- Up-to-date: /home/anlh/pedsim_ros2/install/pedsim_srvs/local/lib/python3.10/dist-packages/pedsim_srvs/pedsim_srvs_s__rosidl_typesupport_introspection_c.cpython-310-x86_64-linux-gnu.so
Listing '/home/anlh/pedsim_ros2/install/pedsim_srvs/local/lib/python3.10/dist-packages/pedsim_srvs'...
Listing '/home/anlh/pedsim_ros2/install/pedsim_srvs/local/lib/python3.10/dist-packages/pedsim_srvs/srv'...
-- Up-to-date: /home/anlh/pedsim_ros2/install/pedsim_srvs/local/lib/python3.10/dist-packages/pedsim_srvs/pedsim_srvs_s__rosidl_typesupport_fastrtps_c.cpython-310-x86_64-linux-gnu.so
-- Up-to-date: /home/anlh/pedsim_ros2/install/pedsim_srvs/local/lib/python3.10/dist-packages/pedsim_srvs/pedsim_srvs_s__rosidl_typesupport_introspection_c.cpython-310-x86_64-linux-gnu.so
-- Up-to-date: /home/anlh/pedsim_ros2/install/pedsim_srvs/local/lib/python3.10/dist-packages/pedsim_srvs/pedsim_srvs_s__rosidl_typesupport_c.cpython-310-x86_64-linux-gnu.so
-- Up-to-date: /home/anlh/pedsim_ros2/install/pedsim_srvs/lib/libpedsim_srvs__rosidl_generator_py.so
-- Up-to-date: /home/anlh/pedsim_ros2/install/pedsim_srvs/share/pedsim_srvs/srv/GetAgentState.idl
-- Up-to-date: /home/anlh/pedsim_ros2/install/pedsim_srvs/share/pedsim_srvs/srv/GetAllAgentsState.idl
-- Up-to-date: /home/anlh/pedsim_ros2/install/pedsim_srvs/share/pedsim_srvs/srv/SetAgentState.idl
-- Up-to-date: /home/anlh/pedsim_ros2/install/pedsim_srvs/share/pedsim_srvs/srv/SetAllAgentsState.idl
-- Up-to-date: /home/anlh/pedsim_ros2/install/pedsim_srvs/share/pedsim_srvs/srv/GetAgentState.srv
-- Up-to-date: /home/anlh/pedsim_ros2/install/pedsim_srvs/share/pedsim_srvs/srv/GetAgentState_Request.msg
-- Up-to-date: /home/anlh/pedsim_ros2/install/pedsim_srvs/share/pedsim_srvs/srv/GetAgentState_Response.msg
-- Up-to-date: /home/anlh/pedsim_ros2/install/pedsim_srvs/share/pedsim_srvs/srv/GetAllAgentsState.srv
-- Up-to-date: /home/anlh/pedsim_ros2/install/pedsim_srvs/share/pedsim_srvs/srv/GetAllAgentsState_Request.msg
-- Up-to-date: /home/anlh/pedsim_ros2/install/pedsim_srvs/share/pedsim_srvs/srv/GetAllAgentsState_Response.msg
-- Up-to-date: /home/anlh/pedsim_ros2/install/pedsim_srvs/share/pedsim_srvs/srv/SetAgentState.srv
-- Up-to-date: /home/anlh/pedsim_ros2/install/pedsim_srvs/share/pedsim_srvs/srv/SetAgentState_Request.msg
-- Up-to-date: /home/anlh/pedsim_ros2/install/pedsim_srvs/share/pedsim_srvs/srv/SetAgentState_Response.msg
-- Up-to-date: /home/anlh/pedsim_ros2/install/pedsim_srvs/share/pedsim_srvs/srv/SetAllAgentsState.srv
-- Up-to-date: /home/anlh/pedsim_ros2/install/pedsim_srvs/share/pedsim_srvs/srv/SetAllAgentsState_Request.msg
-- Up-to-date: /home/anlh/pedsim_ros2/install/pedsim_srvs/share/pedsim_srvs/srv/SetAllAgentsState_Response.msg
-- Up-to-date: /home/anlh/pedsim_ros2/install/pedsim_srvs/share/ament_index/resource_index/package_run_dependencies/pedsim_srvs
-- Up-to-date: /home/anlh/pedsim_ros2/install/pedsim_srvs/share/ament_index/resource_index/parent_prefix_path/pedsim_srvs
-- Up-to-date: /home/anlh/pedsim_ros2/install/pedsim_srvs/share/pedsim_srvs/environment/ament_prefix_path.dsv
-- Up-to-date: /home/anlh/pedsim_ros2/install/pedsim_srvs/share/pedsim_srvs/environment/path.dsv
-- Up-to-date: /home/anlh/pedsim_ros2/install/pedsim_srvs/share/pedsim_srvs/local_setup.bash
-- Up-to-date: /home/anlh/pedsim_ros2/install/pedsim_srvs/share/pedsim_srvs/local_setup.sh
-- Up-to-date: /home/anlh/pedsim_ros2/install/pedsim_srvs/share/pedsim_srvs/local_setup.zsh
-- Up-to-date: /home/anlh/pedsim_ros2/install/pedsim_srvs/share/pedsim_srvs/local_setup.dsv
-- Installing: /home/anlh/pedsim_ros2/install/pedsim_srvs/share/pedsim_srvs/package.dsv
-- Up-to-date: /home/anlh/pedsim_ros2/install/pedsim_srvs/share/ament_index/resource_index/packages/pedsim_srvs
-- Up-to-date: /home/anlh/pedsim_ros2/install/pedsim_srvs/share/pedsim_srvs/cmake/export_pedsim_srvs__rosidl_generator_cExport.cmake
-- Up-to-date: /home/anlh/pedsim_ros2/install/pedsim_srvs/share/pedsim_srvs/cmake/export_pedsim_srvs__rosidl_generator_cExport-debug.cmake
-- Up-to-date: /home/anlh/pedsim_ros2/install/pedsim_srvs/share/pedsim_srvs/cmake/export_pedsim_srvs__rosidl_typesupport_fastrtps_cExport.cmake
-- Up-to-date: /home/anlh/pedsim_ros2/install/pedsim_srvs/share/pedsim_srvs/cmake/export_pedsim_srvs__rosidl_typesupport_fastrtps_cExport-debug.cmake
-- Up-to-date: /home/anlh/pedsim_ros2/install/pedsim_srvs/share/pedsim_srvs/cmake/export_pedsim_srvs__rosidl_generator_cppExport.cmake
-- Up-to-date: /home/anlh/pedsim_ros2/install/pedsim_srvs/share/pedsim_srvs/cmake/export_pedsim_srvs__rosidl_typesupport_fastrtps_cppExport.cmake
-- Up-to-date: /home/anlh/pedsim_ros2/install/pedsim_srvs/share/pedsim_srvs/cmake/export_pedsim_srvs__rosidl_typesupport_fastrtps_cppExport-debug.cmake
-- Up-to-date: /home/anlh/pedsim_ros2/install/pedsim_srvs/share/pedsim_srvs/cmake/pedsim_srvs__rosidl_typesupport_introspection_cExport.cmake
-- Up-to-date: /home/anlh/pedsim_ros2/install/pedsim_srvs/share/pedsim_srvs/cmake/pedsim_srvs__rosidl_typesupport_introspection_cExport-debug.cmake
-- Up-to-date: /home/anlh/pedsim_ros2/install/pedsim_srvs/share/pedsim_srvs/cmake/pedsim_srvs__rosidl_typesupport_cExport.cmake
-- Up-to-date: /home/anlh/pedsim_ros2/install/pedsim_srvs/share/pedsim_srvs/cmake/pedsim_srvs__rosidl_typesupport_cExport-debug.cmake
-- Up-to-date: /home/anlh/pedsim_ros2/install/pedsim_srvs/share/pedsim_srvs/cmake/pedsim_srvs__rosidl_typesupport_introspection_cppExport.cmake
-- Up-to-date: /home/anlh/pedsim_ros2/install/pedsim_srvs/share/pedsim_srvs/cmake/pedsim_srvs__rosidl_typesupport_introspection_cppExport-debug.cmake
-- Up-to-date: /home/anlh/pedsim_ros2/install/pedsim_srvs/share/pedsim_srvs/cmake/pedsim_srvs__rosidl_typesupport_cppExport.cmake
-- Up-to-date: /home/anlh/pedsim_ros2/install/pedsim_srvs/share/pedsim_srvs/cmake/pedsim_srvs__rosidl_typesupport_cppExport-debug.cmake
-- Up-to-date: /home/anlh/pedsim_ros2/install/pedsim_srvs/share/pedsim_srvs/cmake/export_pedsim_srvs__rosidl_generator_pyExport.cmake
-- Up-to-date: /home/anlh/pedsim_ros2/install/pedsim_srvs/share/pedsim_srvs/cmake/export_pedsim_srvs__rosidl_generator_pyExport-debug.cmake
-- Up-to-date: /home/anlh/pedsim_ros2/install/pedsim_srvs/share/pedsim_srvs/cmake/rosidl_cmake-extras.cmake
-- Up-to-date: /home/anlh/pedsim_ros2/install/pedsim_srvs/share/pedsim_srvs/cmake/ament_cmake_export_dependencies-extras.cmake
-- Up-to-date: /home/anlh/pedsim_ros2/install/pedsim_srvs/share/pedsim_srvs/cmake/ament_cmake_export_include_directories-extras.cmake
-- Up-to-date: /home/anlh/pedsim_ros2/install/pedsim_srvs/share/pedsim_srvs/cmake/ament_cmake_export_libraries-extras.cmake
-- Up-to-date: /home/anlh/pedsim_ros2/install/pedsim_srvs/share/pedsim_srvs/cmake/ament_cmake_export_targets-extras.cmake
-- Up-to-date: /home/anlh/pedsim_ros2/install/pedsim_srvs/share/pedsim_srvs/cmake/rosidl_cmake_export_typesupport_targets-extras.cmake
-- Up-to-date: /home/anlh/pedsim_ros2/install/pedsim_srvs/share/pedsim_srvs/cmake/rosidl_cmake_export_typesupport_libraries-extras.cmake
-- Up-to-date: /home/anlh/pedsim_ros2/install/pedsim_srvs/share/pedsim_srvs/cmake/pedsim_srvsConfig.cmake
-- Up-to-date: /home/anlh/pedsim_ros2/install/pedsim_srvs/share/pedsim_srvs/cmake/pedsim_srvsConfig-version.cmake
-- Up-to-date: /home/anlh/pedsim_ros2/install/pedsim_srvs/share/pedsim_srvs/package.xml
