[100%] Built target pedsim_utils
-- Install configuration: "DEBUG"
-- Up-to-date: /home/anlh/pedsim_ros2/install/pedsim_utils/include/
-- Up-to-date: /home/anlh/pedsim_ros2/install/pedsim_utils/include//pedsim_utils
-- Up-to-date: /home/anlh/pedsim_ros2/install/pedsim_utils/include//pedsim_utils/geometry.hpp
-- Up-to-date: /home/anlh/pedsim_ros2/install/pedsim_utils/lib/libpedsim_utils.a
-- Up-to-date: /home/anlh/pedsim_ros2/install/pedsim_utils/share/pedsim_utils/environment/library_path.sh
-- Up-to-date: /home/anlh/pedsim_ros2/install/pedsim_utils/share/pedsim_utils/environment/library_path.dsv
-- Up-to-date: /home/anlh/pedsim_ros2/install/pedsim_utils/share/ament_index/resource_index/package_run_dependencies/pedsim_utils
-- Up-to-date: /home/anlh/pedsim_ros2/install/pedsim_utils/share/ament_index/resource_index/parent_prefix_path/pedsim_utils
-- Up-to-date: /home/anlh/pedsim_ros2/install/pedsim_utils/share/pedsim_utils/environment/ament_prefix_path.dsv
-- Up-to-date: /home/anlh/pedsim_ros2/install/pedsim_utils/share/pedsim_utils/environment/path.dsv
-- Up-to-date: /home/anlh/pedsim_ros2/install/pedsim_utils/share/pedsim_utils/local_setup.bash
-- Up-to-date: /home/anlh/pedsim_ros2/install/pedsim_utils/share/pedsim_utils/local_setup.sh
-- Up-to-date: /home/anlh/pedsim_ros2/install/pedsim_utils/share/pedsim_utils/local_setup.zsh
-- Up-to-date: /home/anlh/pedsim_ros2/install/pedsim_utils/share/pedsim_utils/local_setup.dsv
-- Up-to-date: /home/anlh/pedsim_ros2/install/pedsim_utils/share/pedsim_utils/package.dsv
-- Up-to-date: /home/anlh/pedsim_ros2/install/pedsim_utils/share/ament_index/resource_index/packages/pedsim_utils
-- Up-to-date: /home/anlh/pedsim_ros2/install/pedsim_utils/share/pedsim_utils/cmake/ament_cmake_export_include_directories-extras.cmake
-- Up-to-date: /home/anlh/pedsim_ros2/install/pedsim_utils/share/pedsim_utils/cmake/ament_cmake_export_libraries-extras.cmake
-- Up-to-date: /home/anlh/pedsim_ros2/install/pedsim_utils/share/pedsim_utils/cmake/ament_cmake_export_dependencies-extras.cmake
-- Up-to-date: /home/anlh/pedsim_ros2/install/pedsim_utils/share/pedsim_utils/cmake/pedsim_utilsConfig.cmake
-- Up-to-date: /home/anlh/pedsim_ros2/install/pedsim_utils/share/pedsim_utils/cmake/pedsim_utilsConfig-version.cmake
-- Up-to-date: /home/anlh/pedsim_ros2/install/pedsim_utils/share/pedsim_utils/package.xml
