[0.130s] DEBUG:colcon:Command line arguments: ['/usr/bin/colcon', 'build', '--packages-select', 'turtlebot3_gazebo']
[0.130s] DEBUG:colcon:Parsed command line arguments: Namespace(log_base=None, log_level=None, verb_name='build', build_base='build', install_base='install', merge_install=False, symlink_install=False, test_result_base=None, continue_on_error=False, executor='parallel', parallel_workers=16, event_handlers=None, ignore_user_meta=False, metas=['./colcon.meta'], base_paths=['.'], packages_ignore=None, packages_ignore_regex=None, paths=None, packages_up_to=None, packages_up_to_regex=None, packages_above=None, packages_above_and_dependencies=None, packages_above_depth=None, packages_select_by_dep=None, packages_skip_by_dep=None, packages_skip_up_to=None, packages_select_build_failed=False, packages_skip_build_finished=False, packages_select_test_failures=False, packages_skip_test_passed=False, packages_select=['turtlebot3_gazebo'], packages_skip=None, packages_select_regex=None, packages_skip_regex=None, packages_start=None, packages_end=None, allow_overriding=[], cmake_args=None, cmake_target=None, cmake_target_skip_unavailable=False, cmake_clean_cache=False, cmake_clean_first=False, cmake_force_configure=False, ament_cmake_args=None, catkin_cmake_args=None, catkin_skip_building_tests=False, verb_parser=<colcon_defaults.argument_parser.defaults.DefaultArgumentsDecorator object at 0x7db143b53f70>, verb_extension=<colcon_core.verb.build.BuildVerb object at 0x7db143ca8af0>, main=<bound method BuildVerb.main of <colcon_core.verb.build.BuildVerb object at 0x7db143ca8af0>>)
[0.277s] Level 1:colcon.colcon_core.package_discovery:discover_packages(colcon_meta) check parameters
[0.278s] Level 1:colcon.colcon_core.package_discovery:discover_packages(recursive) check parameters
[0.278s] Level 1:colcon.colcon_core.package_discovery:discover_packages(ignore) check parameters
[0.278s] Level 1:colcon.colcon_core.package_discovery:discover_packages(path) check parameters
[0.278s] Level 1:colcon.colcon_core.package_discovery:discover_packages(colcon_meta) discover
[0.278s] Level 1:colcon.colcon_core.package_discovery:discover_packages(recursive) discover
[0.278s] INFO:colcon.colcon_core.package_discovery:Crawling recursively for packages in '/home/anlh/pedsim_ros2'
[0.278s] Level 1:colcon.colcon_core.package_identification:_identify(.) by extensions ['ignore', 'ignore_ament_install']
[0.278s] Level 1:colcon.colcon_core.package_identification:_identify(.) by extension 'ignore'
[0.278s] Level 1:colcon.colcon_core.package_identification:_identify(.) by extension 'ignore_ament_install'
[0.278s] Level 1:colcon.colcon_core.package_identification:_identify(.) by extensions ['colcon_pkg']
[0.278s] Level 1:colcon.colcon_core.package_identification:_identify(.) by extension 'colcon_pkg'
[0.278s] Level 1:colcon.colcon_core.package_identification:_identify(.) by extensions ['colcon_meta']
[0.278s] Level 1:colcon.colcon_core.package_identification:_identify(.) by extension 'colcon_meta'
[0.278s] Level 1:colcon.colcon_core.package_identification:_identify(.) by extensions ['ros']
[0.278s] Level 1:colcon.colcon_core.package_identification:_identify(.) by extension 'ros'
[0.285s] Level 1:colcon.colcon_core.package_identification:_identify(.) by extensions ['cmake', 'python']
[0.285s] Level 1:colcon.colcon_core.package_identification:_identify(.) by extension 'cmake'
[0.285s] Level 1:colcon.colcon_core.package_identification:_identify(.) by extension 'python'
[0.285s] Level 1:colcon.colcon_core.package_identification:_identify(.) by extensions ['python_setup_py']
[0.285s] Level 1:colcon.colcon_core.package_identification:_identify(.) by extension 'python_setup_py'
[0.286s] Level 1:colcon.colcon_core.package_identification:_identify(build) by extensions ['ignore', 'ignore_ament_install']
[0.286s] Level 1:colcon.colcon_core.package_identification:_identify(build) by extension 'ignore'
[0.286s] Level 1:colcon.colcon_core.package_identification:_identify(build) ignored
[0.286s] Level 1:colcon.colcon_core.package_identification:_identify(install) by extensions ['ignore', 'ignore_ament_install']
[0.286s] Level 1:colcon.colcon_core.package_identification:_identify(install) by extension 'ignore'
[0.286s] Level 1:colcon.colcon_core.package_identification:_identify(install) ignored
[0.286s] Level 1:colcon.colcon_core.package_identification:_identify(log) by extensions ['ignore', 'ignore_ament_install']
[0.286s] Level 1:colcon.colcon_core.package_identification:_identify(log) by extension 'ignore'
[0.286s] Level 1:colcon.colcon_core.package_identification:_identify(log) ignored
[0.286s] Level 1:colcon.colcon_core.package_identification:_identify(src) by extensions ['ignore', 'ignore_ament_install']
[0.286s] Level 1:colcon.colcon_core.package_identification:_identify(src) by extension 'ignore'
[0.286s] Level 1:colcon.colcon_core.package_identification:_identify(src) by extension 'ignore_ament_install'
[0.286s] Level 1:colcon.colcon_core.package_identification:_identify(src) by extensions ['colcon_pkg']
[0.286s] Level 1:colcon.colcon_core.package_identification:_identify(src) by extension 'colcon_pkg'
[0.286s] Level 1:colcon.colcon_core.package_identification:_identify(src) by extensions ['colcon_meta']
[0.286s] Level 1:colcon.colcon_core.package_identification:_identify(src) by extension 'colcon_meta'
[0.286s] Level 1:colcon.colcon_core.package_identification:_identify(src) by extensions ['ros']
[0.286s] Level 1:colcon.colcon_core.package_identification:_identify(src) by extension 'ros'
[0.287s] Level 1:colcon.colcon_core.package_identification:_identify(src) by extensions ['cmake', 'python']
[0.287s] Level 1:colcon.colcon_core.package_identification:_identify(src) by extension 'cmake'
[0.287s] Level 1:colcon.colcon_core.package_identification:_identify(src) by extension 'python'
[0.287s] Level 1:colcon.colcon_core.package_identification:_identify(src) by extensions ['python_setup_py']
[0.287s] Level 1:colcon.colcon_core.package_identification:_identify(src) by extension 'python_setup_py'
[0.287s] Level 1:colcon.colcon_core.package_identification:_identify(src/pedsim_ros2) by extensions ['ignore', 'ignore_ament_install']
[0.287s] Level 1:colcon.colcon_core.package_identification:_identify(src/pedsim_ros2) by extension 'ignore'
[0.287s] Level 1:colcon.colcon_core.package_identification:_identify(src/pedsim_ros2) by extension 'ignore_ament_install'
[0.287s] Level 1:colcon.colcon_core.package_identification:_identify(src/pedsim_ros2) by extensions ['colcon_pkg']
[0.287s] Level 1:colcon.colcon_core.package_identification:_identify(src/pedsim_ros2) by extension 'colcon_pkg'
[0.287s] Level 1:colcon.colcon_core.package_identification:_identify(src/pedsim_ros2) by extensions ['colcon_meta']
[0.287s] Level 1:colcon.colcon_core.package_identification:_identify(src/pedsim_ros2) by extension 'colcon_meta'
[0.287s] Level 1:colcon.colcon_core.package_identification:_identify(src/pedsim_ros2) by extensions ['ros']
[0.287s] Level 1:colcon.colcon_core.package_identification:_identify(src/pedsim_ros2) by extension 'ros'
[0.287s] Level 1:colcon.colcon_core.package_identification:_identify(src/pedsim_ros2) by extensions ['cmake', 'python']
[0.287s] Level 1:colcon.colcon_core.package_identification:_identify(src/pedsim_ros2) by extension 'cmake'
[0.287s] Level 1:colcon.colcon_core.package_identification:_identify(src/pedsim_ros2) by extension 'python'
[0.287s] Level 1:colcon.colcon_core.package_identification:_identify(src/pedsim_ros2) by extensions ['python_setup_py']
[0.287s] Level 1:colcon.colcon_core.package_identification:_identify(src/pedsim_ros2) by extension 'python_setup_py'
[0.287s] Level 1:colcon.colcon_core.package_identification:_identify(src/pedsim_ros2/3rdparty) by extensions ['ignore', 'ignore_ament_install']
[0.287s] Level 1:colcon.colcon_core.package_identification:_identify(src/pedsim_ros2/3rdparty) by extension 'ignore'
[0.287s] Level 1:colcon.colcon_core.package_identification:_identify(src/pedsim_ros2/3rdparty) by extension 'ignore_ament_install'
[0.287s] Level 1:colcon.colcon_core.package_identification:_identify(src/pedsim_ros2/3rdparty) by extensions ['colcon_pkg']
[0.287s] Level 1:colcon.colcon_core.package_identification:_identify(src/pedsim_ros2/3rdparty) by extension 'colcon_pkg'
[0.288s] Level 1:colcon.colcon_core.package_identification:_identify(src/pedsim_ros2/3rdparty) by extensions ['colcon_meta']
[0.288s] Level 1:colcon.colcon_core.package_identification:_identify(src/pedsim_ros2/3rdparty) by extension 'colcon_meta'
[0.288s] Level 1:colcon.colcon_core.package_identification:_identify(src/pedsim_ros2/3rdparty) by extensions ['ros']
[0.288s] Level 1:colcon.colcon_core.package_identification:_identify(src/pedsim_ros2/3rdparty) by extension 'ros'
[0.288s] Level 1:colcon.colcon_core.package_identification:_identify(src/pedsim_ros2/3rdparty) by extensions ['cmake', 'python']
[0.288s] Level 1:colcon.colcon_core.package_identification:_identify(src/pedsim_ros2/3rdparty) by extension 'cmake'
[0.288s] Level 1:colcon.colcon_core.package_identification:_identify(src/pedsim_ros2/3rdparty) by extension 'python'
[0.288s] Level 1:colcon.colcon_core.package_identification:_identify(src/pedsim_ros2/3rdparty) by extensions ['python_setup_py']
[0.288s] Level 1:colcon.colcon_core.package_identification:_identify(src/pedsim_ros2/3rdparty) by extension 'python_setup_py'
[0.288s] Level 1:colcon.colcon_core.package_identification:_identify(src/pedsim_ros2/3rdparty/libpedsim) by extensions ['ignore', 'ignore_ament_install']
[0.288s] Level 1:colcon.colcon_core.package_identification:_identify(src/pedsim_ros2/3rdparty/libpedsim) by extension 'ignore'
[0.288s] Level 1:colcon.colcon_core.package_identification:_identify(src/pedsim_ros2/3rdparty/libpedsim) by extension 'ignore_ament_install'
[0.288s] Level 1:colcon.colcon_core.package_identification:_identify(src/pedsim_ros2/3rdparty/libpedsim) by extensions ['colcon_pkg']
[0.288s] Level 1:colcon.colcon_core.package_identification:_identify(src/pedsim_ros2/3rdparty/libpedsim) by extension 'colcon_pkg'
[0.288s] Level 1:colcon.colcon_core.package_identification:_identify(src/pedsim_ros2/3rdparty/libpedsim) by extensions ['colcon_meta']
[0.288s] Level 1:colcon.colcon_core.package_identification:_identify(src/pedsim_ros2/3rdparty/libpedsim) by extension 'colcon_meta'
[0.288s] Level 1:colcon.colcon_core.package_identification:_identify(src/pedsim_ros2/3rdparty/libpedsim) by extensions ['ros']
[0.288s] Level 1:colcon.colcon_core.package_identification:_identify(src/pedsim_ros2/3rdparty/libpedsim) by extension 'ros'
[0.290s] DEBUG:colcon.colcon_core.package_identification:Package 'src/pedsim_ros2/3rdparty/libpedsim' with type 'ros.ament_cmake' and name 'pedsim'
[0.290s] Level 1:colcon.colcon_core.package_identification:_identify(src/pedsim_ros2/pedsim_gazebo_plugin) by extensions ['ignore', 'ignore_ament_install']
[0.290s] Level 1:colcon.colcon_core.package_identification:_identify(src/pedsim_ros2/pedsim_gazebo_plugin) by extension 'ignore'
[0.290s] Level 1:colcon.colcon_core.package_identification:_identify(src/pedsim_ros2/pedsim_gazebo_plugin) by extension 'ignore_ament_install'
[0.290s] Level 1:colcon.colcon_core.package_identification:_identify(src/pedsim_ros2/pedsim_gazebo_plugin) by extensions ['colcon_pkg']
[0.290s] Level 1:colcon.colcon_core.package_identification:_identify(src/pedsim_ros2/pedsim_gazebo_plugin) by extension 'colcon_pkg'
[0.290s] Level 1:colcon.colcon_core.package_identification:_identify(src/pedsim_ros2/pedsim_gazebo_plugin) by extensions ['colcon_meta']
[0.290s] Level 1:colcon.colcon_core.package_identification:_identify(src/pedsim_ros2/pedsim_gazebo_plugin) by extension 'colcon_meta'
[0.290s] Level 1:colcon.colcon_core.package_identification:_identify(src/pedsim_ros2/pedsim_gazebo_plugin) by extensions ['ros']
[0.290s] Level 1:colcon.colcon_core.package_identification:_identify(src/pedsim_ros2/pedsim_gazebo_plugin) by extension 'ros'
[0.291s] DEBUG:colcon.colcon_core.package_identification:Package 'src/pedsim_ros2/pedsim_gazebo_plugin' with type 'ros.ament_cmake' and name 'pedsim_gazebo_plugin'
[0.291s] Level 1:colcon.colcon_core.package_identification:_identify(src/pedsim_ros2/pedsim_msgs) by extensions ['ignore', 'ignore_ament_install']
[0.291s] Level 1:colcon.colcon_core.package_identification:_identify(src/pedsim_ros2/pedsim_msgs) by extension 'ignore'
[0.291s] Level 1:colcon.colcon_core.package_identification:_identify(src/pedsim_ros2/pedsim_msgs) by extension 'ignore_ament_install'
[0.291s] Level 1:colcon.colcon_core.package_identification:_identify(src/pedsim_ros2/pedsim_msgs) by extensions ['colcon_pkg']
[0.291s] Level 1:colcon.colcon_core.package_identification:_identify(src/pedsim_ros2/pedsim_msgs) by extension 'colcon_pkg'
[0.291s] Level 1:colcon.colcon_core.package_identification:_identify(src/pedsim_ros2/pedsim_msgs) by extensions ['colcon_meta']
[0.291s] Level 1:colcon.colcon_core.package_identification:_identify(src/pedsim_ros2/pedsim_msgs) by extension 'colcon_meta'
[0.291s] Level 1:colcon.colcon_core.package_identification:_identify(src/pedsim_ros2/pedsim_msgs) by extensions ['ros']
[0.291s] Level 1:colcon.colcon_core.package_identification:_identify(src/pedsim_ros2/pedsim_msgs) by extension 'ros'
[0.291s] DEBUG:colcon.colcon_core.package_identification:Package 'src/pedsim_ros2/pedsim_msgs' with type 'ros.ament_cmake' and name 'pedsim_msgs'
[0.292s] Level 1:colcon.colcon_core.package_identification:_identify(src/pedsim_ros2/pedsim_ros) by extensions ['ignore', 'ignore_ament_install']
[0.292s] Level 1:colcon.colcon_core.package_identification:_identify(src/pedsim_ros2/pedsim_ros) by extension 'ignore'
[0.292s] Level 1:colcon.colcon_core.package_identification:_identify(src/pedsim_ros2/pedsim_ros) by extension 'ignore_ament_install'
[0.292s] Level 1:colcon.colcon_core.package_identification:_identify(src/pedsim_ros2/pedsim_ros) by extensions ['colcon_pkg']
[0.292s] Level 1:colcon.colcon_core.package_identification:_identify(src/pedsim_ros2/pedsim_ros) by extension 'colcon_pkg'
[0.292s] Level 1:colcon.colcon_core.package_identification:_identify(src/pedsim_ros2/pedsim_ros) by extensions ['colcon_meta']
[0.292s] Level 1:colcon.colcon_core.package_identification:_identify(src/pedsim_ros2/pedsim_ros) by extension 'colcon_meta'
[0.292s] Level 1:colcon.colcon_core.package_identification:_identify(src/pedsim_ros2/pedsim_ros) by extensions ['ros']
[0.292s] Level 1:colcon.colcon_core.package_identification:_identify(src/pedsim_ros2/pedsim_ros) by extension 'ros'
[0.292s] DEBUG:colcon.colcon_core.package_identification:Package 'src/pedsim_ros2/pedsim_ros' with type 'ros.ament_cmake' and name 'pedsim_ros'
[0.292s] Level 1:colcon.colcon_core.package_identification:_identify(src/pedsim_ros2/pedsim_rviz_plugin) by extensions ['ignore', 'ignore_ament_install']
[0.292s] Level 1:colcon.colcon_core.package_identification:_identify(src/pedsim_ros2/pedsim_rviz_plugin) by extension 'ignore'
[0.293s] Level 1:colcon.colcon_core.package_identification:_identify(src/pedsim_ros2/pedsim_rviz_plugin) by extension 'ignore_ament_install'
[0.293s] Level 1:colcon.colcon_core.package_identification:_identify(src/pedsim_ros2/pedsim_rviz_plugin) by extensions ['colcon_pkg']
[0.293s] Level 1:colcon.colcon_core.package_identification:_identify(src/pedsim_ros2/pedsim_rviz_plugin) by extension 'colcon_pkg'
[0.293s] Level 1:colcon.colcon_core.package_identification:_identify(src/pedsim_ros2/pedsim_rviz_plugin) by extensions ['colcon_meta']
[0.293s] Level 1:colcon.colcon_core.package_identification:_identify(src/pedsim_ros2/pedsim_rviz_plugin) by extension 'colcon_meta'
[0.293s] Level 1:colcon.colcon_core.package_identification:_identify(src/pedsim_ros2/pedsim_rviz_plugin) by extensions ['ros']
[0.293s] Level 1:colcon.colcon_core.package_identification:_identify(src/pedsim_ros2/pedsim_rviz_plugin) by extension 'ros'
[0.293s] DEBUG:colcon.colcon_core.package_identification:Package 'src/pedsim_ros2/pedsim_rviz_plugin' with type 'ros.ament_cmake' and name 'pedsim_rviz_plugin'
[0.293s] Level 1:colcon.colcon_core.package_identification:_identify(src/pedsim_ros2/pedsim_simulator) by extensions ['ignore', 'ignore_ament_install']
[0.293s] Level 1:colcon.colcon_core.package_identification:_identify(src/pedsim_ros2/pedsim_simulator) by extension 'ignore'
[0.293s] Level 1:colcon.colcon_core.package_identification:_identify(src/pedsim_ros2/pedsim_simulator) by extension 'ignore_ament_install'
[0.293s] Level 1:colcon.colcon_core.package_identification:_identify(src/pedsim_ros2/pedsim_simulator) by extensions ['colcon_pkg']
[0.293s] Level 1:colcon.colcon_core.package_identification:_identify(src/pedsim_ros2/pedsim_simulator) by extension 'colcon_pkg'
[0.294s] Level 1:colcon.colcon_core.package_identification:_identify(src/pedsim_ros2/pedsim_simulator) by extensions ['colcon_meta']
[0.294s] Level 1:colcon.colcon_core.package_identification:_identify(src/pedsim_ros2/pedsim_simulator) by extension 'colcon_meta'
[0.294s] Level 1:colcon.colcon_core.package_identification:_identify(src/pedsim_ros2/pedsim_simulator) by extensions ['ros']
[0.294s] Level 1:colcon.colcon_core.package_identification:_identify(src/pedsim_ros2/pedsim_simulator) by extension 'ros'
[0.294s] DEBUG:colcon.colcon_core.package_identification:Package 'src/pedsim_ros2/pedsim_simulator' with type 'ros.ament_cmake' and name 'pedsim_simulator'
[0.294s] Level 1:colcon.colcon_core.package_identification:_identify(src/pedsim_ros2/pedsim_srvs) by extensions ['ignore', 'ignore_ament_install']
[0.294s] Level 1:colcon.colcon_core.package_identification:_identify(src/pedsim_ros2/pedsim_srvs) by extension 'ignore'
[0.294s] Level 1:colcon.colcon_core.package_identification:_identify(src/pedsim_ros2/pedsim_srvs) by extension 'ignore_ament_install'
[0.294s] Level 1:colcon.colcon_core.package_identification:_identify(src/pedsim_ros2/pedsim_srvs) by extensions ['colcon_pkg']
[0.294s] Level 1:colcon.colcon_core.package_identification:_identify(src/pedsim_ros2/pedsim_srvs) by extension 'colcon_pkg'
[0.295s] Level 1:colcon.colcon_core.package_identification:_identify(src/pedsim_ros2/pedsim_srvs) by extensions ['colcon_meta']
[0.295s] Level 1:colcon.colcon_core.package_identification:_identify(src/pedsim_ros2/pedsim_srvs) by extension 'colcon_meta'
[0.295s] Level 1:colcon.colcon_core.package_identification:_identify(src/pedsim_ros2/pedsim_srvs) by extensions ['ros']
[0.295s] Level 1:colcon.colcon_core.package_identification:_identify(src/pedsim_ros2/pedsim_srvs) by extension 'ros'
[0.295s] DEBUG:colcon.colcon_core.package_identification:Package 'src/pedsim_ros2/pedsim_srvs' with type 'ros.ament_cmake' and name 'pedsim_srvs'
[0.296s] Level 1:colcon.colcon_core.package_identification:_identify(src/pedsim_ros2/pedsim_tf2) by extensions ['ignore', 'ignore_ament_install']
[0.296s] Level 1:colcon.colcon_core.package_identification:_identify(src/pedsim_ros2/pedsim_tf2) by extension 'ignore'
[0.296s] Level 1:colcon.colcon_core.package_identification:_identify(src/pedsim_ros2/pedsim_tf2) by extension 'ignore_ament_install'
[0.296s] Level 1:colcon.colcon_core.package_identification:_identify(src/pedsim_ros2/pedsim_tf2) by extensions ['colcon_pkg']
[0.296s] Level 1:colcon.colcon_core.package_identification:_identify(src/pedsim_ros2/pedsim_tf2) by extension 'colcon_pkg'
[0.296s] Level 1:colcon.colcon_core.package_identification:_identify(src/pedsim_ros2/pedsim_tf2) by extensions ['colcon_meta']
[0.296s] Level 1:colcon.colcon_core.package_identification:_identify(src/pedsim_ros2/pedsim_tf2) by extension 'colcon_meta'
[0.296s] Level 1:colcon.colcon_core.package_identification:_identify(src/pedsim_ros2/pedsim_tf2) by extensions ['ros']
[0.296s] Level 1:colcon.colcon_core.package_identification:_identify(src/pedsim_ros2/pedsim_tf2) by extension 'ros'
[0.296s] DEBUG:colcon.colcon_core.package_identification:Package 'src/pedsim_ros2/pedsim_tf2' with type 'ros.ament_cmake' and name 'pedsim_tf2'
[0.296s] Level 1:colcon.colcon_core.package_identification:_identify(src/pedsim_ros2/pedsim_utils) by extensions ['ignore', 'ignore_ament_install']
[0.296s] Level 1:colcon.colcon_core.package_identification:_identify(src/pedsim_ros2/pedsim_utils) by extension 'ignore'
[0.296s] Level 1:colcon.colcon_core.package_identification:_identify(src/pedsim_ros2/pedsim_utils) by extension 'ignore_ament_install'
[0.296s] Level 1:colcon.colcon_core.package_identification:_identify(src/pedsim_ros2/pedsim_utils) by extensions ['colcon_pkg']
[0.296s] Level 1:colcon.colcon_core.package_identification:_identify(src/pedsim_ros2/pedsim_utils) by extension 'colcon_pkg'
[0.296s] Level 1:colcon.colcon_core.package_identification:_identify(src/pedsim_ros2/pedsim_utils) by extensions ['colcon_meta']
[0.296s] Level 1:colcon.colcon_core.package_identification:_identify(src/pedsim_ros2/pedsim_utils) by extension 'colcon_meta'
[0.297s] Level 1:colcon.colcon_core.package_identification:_identify(src/pedsim_ros2/pedsim_utils) by extensions ['ros']
[0.297s] Level 1:colcon.colcon_core.package_identification:_identify(src/pedsim_ros2/pedsim_utils) by extension 'ros'
[0.297s] DEBUG:colcon.colcon_core.package_identification:Package 'src/pedsim_ros2/pedsim_utils' with type 'ros.ament_cmake' and name 'pedsim_utils'
[0.297s] Level 1:colcon.colcon_core.package_identification:_identify(src/pedsim_ros2/pedsim_visualizer) by extensions ['ignore', 'ignore_ament_install']
[0.297s] Level 1:colcon.colcon_core.package_identification:_identify(src/pedsim_ros2/pedsim_visualizer) by extension 'ignore'
[0.297s] Level 1:colcon.colcon_core.package_identification:_identify(src/pedsim_ros2/pedsim_visualizer) by extension 'ignore_ament_install'
[0.297s] Level 1:colcon.colcon_core.package_identification:_identify(src/pedsim_ros2/pedsim_visualizer) by extensions ['colcon_pkg']
[0.297s] Level 1:colcon.colcon_core.package_identification:_identify(src/pedsim_ros2/pedsim_visualizer) by extension 'colcon_pkg'
[0.297s] Level 1:colcon.colcon_core.package_identification:_identify(src/pedsim_ros2/pedsim_visualizer) by extensions ['colcon_meta']
[0.297s] Level 1:colcon.colcon_core.package_identification:_identify(src/pedsim_ros2/pedsim_visualizer) by extension 'colcon_meta'
[0.297s] Level 1:colcon.colcon_core.package_identification:_identify(src/pedsim_ros2/pedsim_visualizer) by extensions ['ros']
[0.297s] Level 1:colcon.colcon_core.package_identification:_identify(src/pedsim_ros2/pedsim_visualizer) by extension 'ros'
[0.298s] DEBUG:colcon.colcon_core.package_identification:Package 'src/pedsim_ros2/pedsim_visualizer' with type 'ros.ament_cmake' and name 'pedsim_visualizer'
[0.298s] Level 1:colcon.colcon_core.package_discovery:discover_packages(recursive) using defaults
[0.298s] Level 1:colcon.colcon_core.package_discovery:discover_packages(ignore) discover
[0.298s] Level 1:colcon.colcon_core.package_discovery:discover_packages(ignore) using defaults
[0.298s] Level 1:colcon.colcon_core.package_discovery:discover_packages(path) discover
[0.298s] Level 1:colcon.colcon_core.package_discovery:discover_packages(path) using defaults
[0.298s] WARNING:colcon.colcon_core.package_selection:ignoring unknown package 'turtlebot3_gazebo' in --packages-select
[0.324s] INFO:colcon.colcon_core.package_selection:Skipping not selected package 'pedsim' in 'src/pedsim_ros2/3rdparty/libpedsim'
[0.324s] INFO:colcon.colcon_core.package_selection:Skipping not selected package 'pedsim_msgs' in 'src/pedsim_ros2/pedsim_msgs'
[0.324s] INFO:colcon.colcon_core.package_selection:Skipping not selected package 'pedsim_utils' in 'src/pedsim_ros2/pedsim_utils'
[0.324s] INFO:colcon.colcon_core.package_selection:Skipping not selected package 'pedsim_gazebo_plugin' in 'src/pedsim_ros2/pedsim_gazebo_plugin'
[0.324s] INFO:colcon.colcon_core.package_selection:Skipping not selected package 'pedsim_rviz_plugin' in 'src/pedsim_ros2/pedsim_rviz_plugin'
[0.324s] INFO:colcon.colcon_core.package_selection:Skipping not selected package 'pedsim_srvs' in 'src/pedsim_ros2/pedsim_srvs'
[0.324s] INFO:colcon.colcon_core.package_selection:Skipping not selected package 'pedsim_tf2' in 'src/pedsim_ros2/pedsim_tf2'
[0.324s] INFO:colcon.colcon_core.package_selection:Skipping not selected package 'pedsim_visualizer' in 'src/pedsim_ros2/pedsim_visualizer'
[0.324s] INFO:colcon.colcon_core.package_selection:Skipping not selected package 'pedsim_simulator' in 'src/pedsim_ros2/pedsim_simulator'
[0.324s] INFO:colcon.colcon_core.package_selection:Skipping not selected package 'pedsim_ros' in 'src/pedsim_ros2/pedsim_ros'
[0.324s] Level 1:colcon.colcon_core.package_discovery:discover_packages(prefix_path) check parameters
[0.324s] Level 1:colcon.colcon_core.package_discovery:discover_packages(prefix_path) discover
[0.330s] DEBUG:colcon.colcon_installed_package_information.package_discovery:Found 10 installed packages in /home/anlh/pedsim_ros2/install
[0.331s] DEBUG:colcon.colcon_installed_package_information.package_discovery:Found 15 installed packages in /home/anlh/turtlebot3_ws/install
[0.336s] DEBUG:colcon.colcon_installed_package_information.package_discovery:Found 345 installed packages in /home/anlh/ros2_humble/install
[0.338s] DEBUG:colcon.colcon_installed_package_information.package_discovery:Found 205 installed packages in /opt/ros/humble
[0.341s] Level 1:colcon.colcon_core.package_discovery:discover_packages(prefix_path) using defaults
[0.369s] INFO:colcon.colcon_core.executor:Executing jobs using 'parallel' executor
[0.370s] DEBUG:colcon.colcon_parallel_executor.executor.parallel:run_until_complete
[0.370s] DEBUG:colcon.colcon_parallel_executor.executor.parallel:closing loop
[0.370s] DEBUG:colcon.colcon_parallel_executor.executor.parallel:loop closed
[0.370s] DEBUG:colcon.colcon_parallel_executor.executor.parallel:run_until_complete finished with '0'
[0.370s] DEBUG:colcon.colcon_core.event_reactor:joining thread
[0.377s] INFO:colcon.colcon_core.plugin_system:Skipping extension 'colcon_notification.desktop_notification.terminal_notifier': Not used on non-Darwin systems
[0.377s] INFO:colcon.colcon_core.plugin_system:Skipping extension 'colcon_notification.desktop_notification.win32': Not used on non-Windows systems
[0.377s] INFO:colcon.colcon_notification.desktop_notification:Sending desktop notification using 'notify2'
[0.383s] DEBUG:colcon.colcon_core.event_reactor:joined thread
[0.388s] INFO:colcon.colcon_core.plugin_system:Skipping extension 'colcon_core.shell.bat': Not used on non-Windows systems
[0.388s] INFO:colcon.colcon_core.shell:Creating prefix script '/home/anlh/pedsim_ros2/install/local_setup.ps1'
[0.388s] INFO:colcon.colcon_core.shell:Creating prefix util module '/home/anlh/pedsim_ros2/install/_local_setup_util_ps1.py'
[0.389s] INFO:colcon.colcon_core.shell:Creating prefix chain script '/home/anlh/pedsim_ros2/install/setup.ps1'
[0.395s] INFO:colcon.colcon_core.shell:Creating prefix script '/home/anlh/pedsim_ros2/install/local_setup.sh'
[0.396s] INFO:colcon.colcon_core.shell:Creating prefix util module '/home/anlh/pedsim_ros2/install/_local_setup_util_sh.py'
[0.396s] INFO:colcon.colcon_core.shell:Creating prefix chain script '/home/anlh/pedsim_ros2/install/setup.sh'
[0.403s] INFO:colcon.colcon_core.shell:Creating prefix script '/home/anlh/pedsim_ros2/install/local_setup.bash'
[0.403s] INFO:colcon.colcon_core.shell:Creating prefix chain script '/home/anlh/pedsim_ros2/install/setup.bash'
[0.409s] INFO:colcon.colcon_core.shell:Creating prefix script '/home/anlh/pedsim_ros2/install/local_setup.zsh'
[0.409s] INFO:colcon.colcon_core.shell:Creating prefix chain script '/home/anlh/pedsim_ros2/install/setup.zsh'
